[2025-06-20 10:04:42][INFO] Server started...
[2025-06-20 10:06:53][INFO] Client connected with IP: 0000:0000:0000:0000:0000:ffff:7f00:0001
[2025-06-20 10:06:53][INFO] Client connected with IP: 0000:0000:0000:0000:0000:ffff:7f00:0001
[2025-06-20 10:07:15][ERROR] [json.exception.type_error.302] type must be string, but is null
[2025-06-20 10:07:27][ERROR] [json.exception.type_error.302] type must be string, but is null
[2025-06-20 10:09:36][ERROR] Invalid username: Rutuja
[2025-06-20 10:11:18][INFO] Server started...
[2025-06-20 10:11:29][INFO] Client connected with IP: 0000:0000:0000:0000:0000:ffff:7f00:0001
[2025-06-20 10:11:29][INFO] Client connected with IP: 0000:0000:0000:0000:0000:ffff:7f00:0001
[2025-06-20 10:13:53][INFO] Client disconnected. Code: 1001, Reason: 
[2025-06-20 10:13:53][INFO] Client disconnected. Code: 1001, Reason: 
[2025-06-20 10:13:54][INFO] Client connected with IP: 0000:0000:0000:0000:0000:ffff:7f00:0001
[2025-06-20 10:13:54][INFO] Client connected with IP: 0000:0000:0000:0000:0000:ffff:7f00:0001
[2025-06-20 10:17:27][INFO] Client connected with IP: 0000:0000:0000:0000:0000:ffff:7f00:0001
[2025-06-20 10:17:27][INFO] Client connected with IP: 0000:0000:0000:0000:0000:ffff:7f00:0001
[2025-06-20 10:17:29][INFO] Client disconnected. Code: 1001, Reason: 
[2025-06-20 10:17:29][INFO] Client disconnected. Code: 1001, Reason: 
[2025-06-20 10:17:33][INFO] Client disconnected. Code: 1001, Reason: 
[2025-06-20 10:17:33][INFO] Client disconnected. Code: 1001, Reason: 
[2025-06-20 10:17:33][INFO] Client connected with IP: 0000:0000:0000:0000:0000:ffff:7f00:0001
[2025-06-20 10:17:34][INFO] Client connected with IP: 0000:0000:0000:0000:0000:ffff:7f00:0001
[2025-06-20 10:17:50][INFO] Server started...
[2025-06-20 10:17:54][INFO] Client connected with IP: 0000:0000:0000:0000:0000:ffff:7f00:0001
[2025-06-20 10:17:55][INFO] Client connected with IP: 0000:0000:0000:0000:0000:ffff:7f00:0001
[2025-06-20 10:22:27][INFO] Client disconnected. Code: 1001, Reason: 
[2025-06-20 10:22:27][INFO] Client disconnected. Code: 1001, Reason: 
[2025-06-20 10:22:27][INFO] Client connected with IP: 0000:0000:0000:0000:0000:ffff:7f00:0001
[2025-06-20 10:22:28][INFO] Client connected with IP: 0000:0000:0000:0000:0000:ffff:7f00:0001
[2025-06-20 10:22:42][INFO] Client disconnected. Code: 1001, Reason: 
[2025-06-20 10:22:42][INFO] Client disconnected. Code: 1001, Reason: 
[2025-06-20 10:22:43][INFO] Client connected with IP: 0000:0000:0000:0000:0000:ffff:7f00:0001
[2025-06-20 10:22:43][INFO] Client connected with IP: 0000:0000:0000:0000:0000:ffff:7f00:0001
[2025-06-20 10:22:48][INFO] Client disconnected. Code: 1001, Reason: 
[2025-06-20 10:22:48][INFO] Client disconnected. Code: 1001, Reason: 
[2025-06-20 10:22:48][INFO] Client connected with IP: 0000:0000:0000:0000:0000:ffff:7f00:0001
[2025-06-20 10:22:49][INFO] Client connected with IP: 0000:0000:0000:0000:0000:ffff:7f00:0001
[2025-06-20 10:23:12][INFO] User 'Rutuja' logged in successfully
[2025-06-20 10:23:30][ERROR] Invalid password for user: Rutuja
[2025-06-20 10:24:02][ERROR] Username already exists: Rutuja
[2025-06-20 10:24:02][ERROR] Username already exists: Rutuja
[2025-06-20 10:24:20][ERROR] Email already exists: rutuja04dabhade@gmail.com
[2025-06-20 10:24:41][ERROR] Phone already exists: 9978789089
[2025-06-20 10:25:45][INFO] Client disconnected. Code: 1001, Reason: 
[2025-06-20 10:25:45][INFO] Client disconnected. Code: 1001, Reason: 
[2025-06-20 10:25:46][INFO] Client connected with IP: 0000:0000:0000:0000:0000:ffff:7f00:0001
[2025-06-20 10:25:47][INFO] Client connected with IP: 0000:0000:0000:0000:0000:ffff:7f00:0001
[2025-06-20 10:50:12][INFO] Server started...
[2025-06-20 10:50:27][INFO] Client connected with IP: 0000:0000:0000:0000:0000:ffff:7f00:0001
[2025-06-20 10:50:28][INFO] Client connected with IP: 0000:0000:0000:0000:0000:ffff:7f00:0001
[2025-06-20 10:50:33][INFO] User 'vaibz' logged in successfully
[2025-06-20 10:50:48][INFO] Client disconnected. Code: 1001, Reason: 
[2025-06-20 10:50:48][INFO] Client disconnected. Code: 1001, Reason: 
[2025-06-20 10:50:48][INFO] Client connected with IP: 0000:0000:0000:0000:0000:ffff:7f00:0001
[2025-06-20 10:50:48][INFO] Client connected with IP: 0000:0000:0000:0000:0000:ffff:7f00:0001
[2025-06-20 10:50:57][INFO] Client disconnected. Code: 1001, Reason: 
[2025-06-20 10:50:57][INFO] Client disconnected. Code: 1001, Reason: 
[2025-06-20 10:50:57][INFO] Client connected with IP: 0000:0000:0000:0000:0000:ffff:7f00:0001
[2025-06-20 10:50:57][INFO] Client connected with IP: 0000:0000:0000:0000:0000:ffff:7f00:0001
[2025-06-20 10:51:08][INFO] Client disconnected. Code: 1001, Reason: 
[2025-06-20 10:51:08][INFO] Client disconnected. Code: 1001, Reason: 
[2025-06-20 10:51:08][INFO] Client connected with IP: 0000:0000:0000:0000:0000:ffff:7f00:0001
[2025-06-20 10:51:08][INFO] Client connected with IP: 0000:0000:0000:0000:0000:ffff:7f00:0001
[2025-06-20 10:53:20][INFO] Client disconnected. Code: 1001, Reason: 
[2025-06-20 10:53:20][INFO] Client disconnected. Code: 1001, Reason: 
[2025-06-20 10:53:20][INFO] Client connected with IP: 0000:0000:0000:0000:0000:ffff:7f00:0001
[2025-06-20 10:53:20][INFO] Client connected with IP: 0000:0000:0000:0000:0000:ffff:7f00:0001
[2025-06-20 10:53:21][INFO] Client disconnected. Code: 1001, Reason: 
[2025-06-20 10:53:21][INFO] Client disconnected. Code: 1001, Reason: 
[2025-06-20 10:53:21][INFO] Client connected with IP: 0000:0000:0000:0000:0000:ffff:7f00:0001
[2025-06-20 10:53:22][INFO] Client connected with IP: 0000:0000:0000:0000:0000:ffff:7f00:0001
[2025-06-20 10:53:41][INFO] Client disconnected. Code: 1001, Reason: 
[2025-06-20 10:53:41][INFO] Client disconnected. Code: 1001, Reason: 
[2025-06-20 10:53:41][INFO] Client connected with IP: 0000:0000:0000:0000:0000:ffff:7f00:0001
[2025-06-20 10:53:41][INFO] Client connected with IP: 0000:0000:0000:0000:0000:ffff:7f00:0001
[2025-06-20 10:55:21][INFO] Client disconnected. Code: 1006, Reason: Received TCP FIN before WebSocket close frame
[2025-06-20 10:55:21][INFO] Client disconnected. Code: 1006, Reason: Received TCP FIN before WebSocket close frame
[2025-06-20 11:00:43][INFO] Client connected with IP: 0000:0000:0000:0000:0000:ffff:7f00:0001
[2025-06-20 11:00:43][INFO] Client connected with IP: 0000:0000:0000:0000:0000:ffff:7f00:0001
[2025-06-20 11:00:45][INFO] Client disconnected. Code: 1001, Reason: 
[2025-06-20 11:00:45][INFO] Client disconnected. Code: 1001, Reason: 
[2025-06-20 11:01:14][INFO] Client connected with IP: 0000:0000:0000:0000:0000:ffff:7f00:0001
[2025-06-20 11:01:15][INFO] Client connected with IP: 0000:0000:0000:0000:0000:ffff:7f00:0001
