[2025-07-30 21:26:27][INFO] Server started...
[2025-07-30 21:26:27][INFO] Listening on port: 2121
[2025-07-30 22:18:44][INFO] Server started...
[2025-07-30 22:18:44][INFO] Listening on port: 2121
[2025-07-30 23:31:33][INFO] Server started...
[2025-07-30 23:31:33][INFO] Listening on port: 2121
[2025-07-30 23:32:21][INFO] Client connected with IP: 127.0.0.1
[2025-07-30 23:32:30][DEBUG] Message received from client{"message_type":101,"username":"vaibz","password":"12345","timestamp":"2025-07-30T18:02:25.940Z"}
[2025-07-30 23:32:30][INFO] User 'vaibz' logged in successfully
[2025-07-30 23:32:35][DEBUG] Message received from client{"message_type":110,"sender_id":21,"sender":"vaibz","name_of_sender":"Vaibhav Gaikwad","receiver_id":34,"receiver":"rutuja","name_of_receiver":"Rutuja Dabhade","request_status":1,"timestamp":"2025-07-30T18:02:33.225Z"}
[2025-07-30 23:33:43][INFO] Server started...
[2025-07-30 23:33:43][INFO] Listening on port: 2121
[2025-07-30 23:33:46][INFO] Client connected with IP: 127.0.0.1
[2025-07-30 23:33:48][INFO] Client connected with IP: 127.0.0.1
[2025-07-30 23:33:58][DEBUG] Message received from client{"message_type":105,"user_id":"21","username":"vaibz"}
[2025-07-30 23:33:58][ERROR][logout_message_request] [json.exception.type_error.302] type must be number, but is string
[2025-07-30 23:33:58][ERROR] Failed to log out user 'vaibz'
[2025-07-30 23:34:04][INFO] Client connected with IP: 127.0.0.1
[2025-07-30 23:34:09][DEBUG] Message received from client{"message_type":101,"username":"vaibz","password":"12345","timestamp":"2025-07-30T18:04:04.595Z"}
[2025-07-30 23:34:09][INFO] User 'vaibz' logged in successfully
[2025-07-30 23:34:17][DEBUG] Message received from client{"message_type":110,"sender_id":21,"sender":"vaibz","name_of_sender":"Vaibhav Gaikwad","receiver_id":34,"receiver":"rutuja","name_of_receiver":"Rutuja Dabhade","request_status":1,"timestamp":"2025-07-30T18:04:15.683Z"}
[2025-07-30 23:35:39][INFO] Server started...
[2025-07-30 23:35:39][INFO] Listening on port: 2121
[2025-07-30 23:36:18][INFO] Client connected with IP: 127.0.0.1
[2025-07-30 23:36:24][DEBUG] Message received from client{"message_type":101,"username":"vaibz","password":"12345","timestamp":"2025-07-30T18:06:19.969Z"}
[2025-07-30 23:36:24][INFO] User 'vaibz' logged in successfully
[2025-07-30 23:36:30][DEBUG] Message received from client{"message_type":110,"sender_id":21,"sender":"vaibz","name_of_sender":"Vaibhav Gaikwad","receiver_id":34,"receiver":"rutuja","name_of_receiver":"Rutuja Dabhade","request_status":1,"timestamp":"2025-07-30T18:06:27.311Z"}
[2025-07-30 23:37:57][INFO] Server started...
[2025-07-30 23:37:57][INFO] Listening on port: 2121
[2025-07-30 23:37:59][INFO] Client connected with IP: 127.0.0.1
[2025-07-30 23:38:02][DEBUG] Message received from client{"message_type":101,"username":"vaibz","password":"12345","timestamp":"2025-07-30T18:07:59.129Z"}
[2025-07-30 23:38:02][INFO] User 'vaibz' logged in successfully
[2025-07-30 23:38:14][DEBUG] Message received from client{"message_type":110,"sender_id":21,"sender":"vaibz","name_of_sender":"Vaibhav Gaikwad","receiver_id":34,"receiver":"rutuja","name_of_receiver":"Rutuja Dabhade","request_status":1,"timestamp":"2025-07-30T18:08:13.833Z"}
[2025-07-30 23:38:14][DEBUG] Test
[2025-07-30 23:38:14][DEBUG] Test
[2025-07-30 23:38:52][INFO] Server started...
[2025-07-30 23:38:52][INFO] Listening on port: 2121
[2025-07-30 23:38:55][INFO] Client connected with IP: 127.0.0.1
[2025-07-30 23:38:59][DEBUG] Message received from client{"message_type":101,"username":"vaibz","password":"12345","timestamp":"2025-07-30T18:08:55.515Z"}
[2025-07-30 23:38:59][INFO] User 'vaibz' logged in successfully
[2025-07-30 23:39:03][DEBUG] Message received from client{"message_type":110,"sender_id":21,"sender":"vaibz","name_of_sender":"Vaibhav Gaikwad","receiver_id":34,"receiver":"rutuja","name_of_receiver":"Rutuja Dabhade","request_status":1,"timestamp":"2025-07-30T18:09:02.058Z"}
[2025-07-30 23:39:03][DEBUG] Test
[2025-07-30 23:39:03][DEBUG] Test
[2025-07-30 23:39:49][INFO] Server started...
[2025-07-30 23:39:49][INFO] Listening on port: 2121
[2025-07-30 23:39:51][INFO] Client connected with IP: 127.0.0.1
[2025-07-30 23:39:56][DEBUG] Message received from client{"message_type":101,"username":"vaibz","password":"12345","timestamp":"2025-07-30T18:09:51.577Z"}
[2025-07-30 23:39:56][INFO] User 'vaibz' logged in successfully
[2025-07-30 23:40:09][DEBUG] Message received from client{"message_type":110,"sender_id":21,"sender":"vaibz","name_of_sender":"Vaibhav Gaikwad","receiver_id":34,"receiver":"rutuja","name_of_receiver":"Rutuja Dabhade","request_status":1,"timestamp":"2025-07-30T18:10:08.620Z"}
[2025-07-30 23:40:09][DEBUG] Test
[2025-07-30 23:40:09][DEBUG] Test
[2025-07-30 23:40:09][DEBUG] Test
[2025-07-30 23:40:44][INFO] Server started...
[2025-07-30 23:40:44][INFO] Listening on port: 2121
[2025-07-30 23:40:48][INFO] Client connected with IP: 127.0.0.1
[2025-07-30 23:40:53][DEBUG] Message received from client{"message_type":101,"username":"vaibz","password":"12345","timestamp":"2025-07-30T18:10:48.752Z"}
[2025-07-30 23:40:53][INFO] User 'vaibz' logged in successfully
[2025-07-30 23:40:57][DEBUG] Message received from client{"message_type":110,"sender_id":21,"sender":"vaibz","name_of_sender":"Vaibhav Gaikwad","receiver_id":34,"receiver":"rutuja","name_of_receiver":"Rutuja Dabhade","request_status":1,"timestamp":"2025-07-30T18:10:56.284Z"}
[2025-07-30 23:40:57][DEBUG] Test
[2025-07-30 23:40:57][DEBUG] Test
[2025-07-30 23:40:57][DEBUG] Test
[2025-07-30 23:40:57][DEBUG] Test
[2025-07-30 23:40:57][ERROR] Database error in MessageHandler::friend_req_response: CDK Error: Incorrect integer value: 'rejected' for column 'request_id' at row 1
[2025-07-30 23:42:22][INFO] Server started...
[2025-07-30 23:42:22][INFO] Listening on port: 2121
[2025-07-30 23:42:27][INFO] Client connected with IP: 127.0.0.1
[2025-07-30 23:42:30][DEBUG] Message received from client{"message_type":101,"username":"vaibz","password":"12345","timestamp":"2025-07-30T18:12:27.181Z"}
[2025-07-30 23:42:30][INFO] User 'vaibz' logged in successfully
[2025-07-30 23:42:34][DEBUG] Message received from client{"message_type":110,"sender_id":21,"sender":"vaibz","name_of_sender":"Vaibhav Gaikwad","receiver_id":34,"receiver":"rutuja","name_of_receiver":"Rutuja Dabhade","request_status":1,"timestamp":"2025-07-30T18:12:32.966Z"}
[2025-07-30 23:42:34][DEBUG] Test
[2025-07-30 23:42:34][DEBUG] Test
[2025-07-30 23:42:34][DEBUG] Test
[2025-07-30 23:43:53][INFO] Server started...
[2025-07-30 23:43:53][INFO] Listening on port: 2121
[2025-07-30 23:43:58][INFO] Client connected with IP: 127.0.0.1
[2025-07-30 23:44:03][DEBUG] Message received from client{"message_type":101,"username":"vaibz","password":"12345","timestamp":"2025-07-30T18:13:58.067Z"}
[2025-07-30 23:44:03][INFO] User 'vaibz' logged in successfully
[2025-07-30 23:44:06][DEBUG] Message received from client{"message_type":110,"sender_id":21,"sender":"vaibz","name_of_sender":"Vaibhav Gaikwad","receiver_id":34,"receiver":"rutuja","name_of_receiver":"Rutuja Dabhade","request_status":1,"timestamp":"2025-07-30T18:14:05.344Z"}
[2025-07-30 23:44:06][DEBUG] Test
[2025-07-30 23:44:06][DEBUG] Test
[2025-07-30 23:44:06][DEBUG] Test
[2025-07-30 23:44:06][DEBUG] Test
[2025-07-30 23:44:06][ERROR] Database error in MessageHandler::friend_req_response: CDK Error: Incorrect integer value: 'accepted' for column 'request_id' at row 1
[2025-07-30 23:45:56][INFO] Server started...
[2025-07-30 23:45:56][INFO] Listening on port: 2121
[2025-07-30 23:46:03][INFO] Client connected with IP: 127.0.0.1
[2025-07-30 23:46:04][INFO] Client connected with IP: 127.0.0.1
[2025-07-30 23:46:05][INFO] Client connected with IP: 127.0.0.1
[2025-07-30 23:46:09][DEBUG] Message received from client{"message_type":101,"username":"vaibz","password":"12345","timestamp":"2025-07-30T18:16:05.146Z"}
[2025-07-30 23:46:09][INFO] User 'vaibz' logged in successfully
[2025-07-30 23:46:12][DEBUG] Message received from client{"message_type":110,"sender_id":21,"sender":"vaibz","name_of_sender":"Vaibhav Gaikwad","receiver_id":34,"receiver":"rutuja","name_of_receiver":"Rutuja Dabhade","request_status":1,"timestamp":"2025-07-30T18:16:12.058Z"}
[2025-07-30 23:46:12][DEBUG] Test
[2025-07-30 23:46:12][DEBUG] Test
[2025-07-30 23:46:12][DEBUG] Test
[2025-07-30 23:46:12][DEBUG] Test
[2025-07-30 23:46:37][DEBUG] Message received from client{"message_type":110,"sender_id":21,"sender":"vaibz","name_of_sender":"Vaibhav Gaikwad","receiver_id":35,"receiver":"harsh","name_of_receiver":"Harsh Dabhade","request_status":1,"timestamp":"2025-07-30T18:16:12.900Z"}
[2025-07-30 23:46:37][DEBUG] Test
[2025-07-30 23:46:37][DEBUG] Test
[2025-07-30 23:46:37][DEBUG] Test
[2025-07-30 23:46:37][DEBUG] Test
[2025-07-30 23:46:40][DEBUG] Message received from client{"message_type":110,"sender_id":21,"sender":"vaibz","name_of_sender":"Vaibhav Gaikwad","receiver_id":1247,"receiver":"kuhu","name_of_receiver":"Anvi Dabhade","request_status":1,"timestamp":"2025-07-30T18:16:37.781Z"}
[2025-07-30 23:46:40][DEBUG] Test
[2025-07-30 23:46:40][DEBUG] Test
[2025-07-30 23:46:40][DEBUG] Test
[2025-07-30 23:46:40][DEBUG] Test
[2025-07-30 23:47:04][INFO] Client disconnected. Client is going away, Reason: 
[2025-07-30 23:47:04][INFO] Client connected with IP: 127.0.0.1
[2025-07-30 23:47:12][INFO] Client connected with IP: 127.0.0.1
[2025-07-30 23:47:19][DEBUG] Message received from client{"message_type":101,"username":"vaibz","password":"12345","timestamp":"2025-07-30T18:17:12.777Z"}
[2025-07-30 23:47:19][INFO] User 'vaibz' logged in successfully
[2025-07-30 23:47:23][DEBUG] Message received from client{"message_type":110,"sender_id":21,"sender":"vaibz","name_of_sender":"Vaibhav Gaikwad","receiver_id":1247,"receiver":"kuhu","name_of_receiver":"Anvi Dabhade","request_status":0,"timestamp":"2025-07-30T18:17:21.419Z"}
[2025-07-30 23:47:23][DEBUG] Test
[2025-07-30 23:47:23][DEBUG] Test
[2025-07-30 23:47:23][DEBUG] Test
[2025-07-30 23:47:23][DEBUG] Test
[2025-07-30 23:51:00][INFO] Server started...
[2025-07-30 23:51:00][INFO] Listening on port: 2121
[2025-07-30 23:51:40][INFO] Server started...
[2025-07-30 23:51:40][INFO] Listening on port: 2121
[2025-07-30 23:51:43][INFO] Client connected with IP: 127.0.0.1
[2025-07-30 23:51:47][DEBUG] Message received from client{"message_type":101,"username":"vaibz","password":"123245","timestamp":"2025-07-30T18:21:43.480Z"}
[2025-07-30 23:51:47][ERROR] Password is incorrect for user: vaibz
[2025-07-30 23:51:48][DEBUG] Message received from client{"message_type":101,"username":"vaibz","password":"12324","timestamp":"2025-07-30T18:21:48.384Z"}
[2025-07-30 23:51:48][ERROR] Password is incorrect for user: vaibz
[2025-07-30 23:51:51][DEBUG] Message received from client{"message_type":101,"username":"vaibz","password":"12345","timestamp":"2025-07-30T18:21:49.682Z"}
[2025-07-30 23:51:51][INFO] User 'vaibz' logged in successfully
[2025-07-30 23:51:55][DEBUG] Message received from client{"message_type":110,"sender_id":21,"sender":"vaibz","name_of_sender":"Vaibhav Gaikwad","receiver_id":1247,"receiver":"kuhu","name_of_receiver":"Anvi Dabhade","request_status":0,"timestamp":"2025-07-30T18:21:53.904Z"}
[2025-07-30 23:51:55][DEBUG] Test
[2025-07-30 23:51:55][DEBUG] Test
[2025-07-30 23:51:55][DEBUG] Test
[2025-07-30 23:51:55][DEBUG] Test
[2025-07-30 23:52:18][DEBUG] Message received from client{"message_type":107,"username":"r","requested_by":"vaibz"}
[2025-07-30 23:52:18][DEBUG] Message received from client{"message_type":107,"username":"ru","requested_by":"vaibz"}
[2025-07-30 23:52:20][DEBUG] Message received from client{"message_type":107,"username":"r","requested_by":"vaibz"}
[2025-07-30 23:52:21][DEBUG] Message received from client{"message_type":107,"username":"ru","requested_by":"vaibz"}
[2025-07-30 23:52:23][DEBUG] Message received from client{"message_type":107,"username":"r","requested_by":"vaibz"}
[2025-07-30 23:52:24][DEBUG] Message received from client{"message_type":107,"username":"","requested_by":"vaibz"}
[2025-07-30 23:52:27][DEBUG] Message received from client{"message_type":107,"username":"c","requested_by":"vaibz"}
[2025-07-30 23:52:27][DEBUG] Message received from client{"message_type":107,"username":"ch","requested_by":"vaibz"}
[2025-07-30 23:52:27][DEBUG] Message received from client{"message_type":107,"username":"che","requested_by":"vaibz"}
[2025-07-30 23:52:29][DEBUG] Message received from client{"message_type":107,"username":"ch","requested_by":"vaibz"}
[2025-07-30 23:52:29][DEBUG] Message received from client{"message_type":107,"username":"c","requested_by":"vaibz"}
[2025-07-30 23:52:29][DEBUG] Message received from client{"message_type":107,"username":"","requested_by":"vaibz"}
[2025-07-30 23:52:31][DEBUG] Message received from client{"message_type":107,"username":"m","requested_by":"vaibz"}
[2025-07-30 23:52:34][DEBUG] Message received from client{"message_type":107,"username":"","requested_by":"vaibz"}
[2025-07-30 23:52:35][DEBUG] Message received from client{"message_type":107,"username":"v","requested_by":"vaibz"}
[2025-07-30 23:52:35][DEBUG] Message received from client{"message_type":107,"username":"va","requested_by":"vaibz"}
[2025-07-30 23:52:35][DEBUG] Message received from client{"message_type":107,"username":"vai","requested_by":"vaibz"}
[2025-07-30 23:52:38][DEBUG] Message received from client{"message_type":109,"sender_id":21,"sender":"vaibz","name_of_sender":"Vaibhav Gaikwad","receiver_id":41,"receiver":"vaibz12","name_of_receiver":"vaibhav","timestamp":"2025-07-30T18:22:35.448Z"}
[2025-07-30 23:52:57][DEBUG] Message received from client{"message_type":109,"sender_id":21,"sender":"vaibz","name_of_sender":"Vaibhav Gaikwad","receiver_id":41,"receiver":"vaibz12","name_of_receiver":"vaibhav","timestamp":"2025-07-30T18:22:35.448Z"}
[2025-07-30 23:53:03][DEBUG] Message received from client{"message_type":109,"sender_id":21,"sender":"vaibz","name_of_sender":"Vaibhav Gaikwad","receiver_id":41,"receiver":"vaibz12","name_of_receiver":"vaibhav","timestamp":"2025-07-30T18:22:35.448Z"}
[2025-07-30 23:53:05][DEBUG] Message received from client{"message_type":109,"sender_id":21,"sender":"vaibz","name_of_sender":"Vaibhav Gaikwad","receiver_id":41,"receiver":"vaibz12","name_of_receiver":"vaibhav","timestamp":"2025-07-30T18:22:35.448Z"}
[2025-07-30 23:53:06][DEBUG] Message received from client{"message_type":109,"sender_id":21,"sender":"vaibz","name_of_sender":"Vaibhav Gaikwad","receiver_id":41,"receiver":"vaibz12","name_of_receiver":"vaibhav","timestamp":"2025-07-30T18:22:35.448Z"}
[2025-07-30 23:54:17][DEBUG] Message received from client{"message_type":109,"sender_id":21,"sender":"vaibz","name_of_sender":"Vaibhav Gaikwad","receiver_id":41,"receiver":"vaibz12","name_of_receiver":"vaibhav","timestamp":"2025-07-30T18:22:35.448Z"}
