[2025-11-27 21:21:40][INFO] Server started...
[2025-11-27 21:21:40][INFO] Listening on port: 2121
[2025-11-27 21:21:43][INFO] Server started...
[2025-11-27 21:21:43][INFO] Listening on port: 2121
[2025-11-27 21:21:45][INFO] Client connected with IP: 127.0.0.1
[2025-11-27 21:21:45][INFO] Client connected with IP: 127.0.0.1
[2025-11-27 21:21:45][INFO] Client connected with IP: 127.0.0.1
[2025-11-27 21:21:46][INFO] Client connected with IP: 127.0.0.1
[2025-11-27 21:21:50][DEBUG] Message received from client {"message_type":101,"username":"vaibz","password":"12345","timestamp":"2025-11-27T15:51:46.017Z"}
[2025-11-27 21:21:50][DEBUG][process] in process func: {"message_type":101,"password":"12345","timestamp":"2025-11-27T15:51:46.017Z","username":"vaibz"}
[2025-11-27 21:21:50][INFO][process_login_request] User 'vaibz' logged in successfully
[2025-11-27 21:21:50][DEBUG][send_user_login_payloads] {"dob":"2002-03-20","email":"vaibhav@google.com","fullname":"Vaibhav Gaikwad","gender":"Male","message_type":111,"phone":"7887401312","username":"vaibz"}
[2025-11-27 21:21:50][DEBUG][send_user_login_payloads] {"count":0,"message_type":113,"pending_friend_requests_list":[]}
[2025-11-27 21:21:50][DEBUG][send_user_login_payloads] {"count":4,"friends_list":[{"dob":"2005-01-27","fullname":"Chetana Patil","gender":"Female","user_id":1245,"username":"chetanap"},{"dob":"2025-09-03","fullname":"yashwardhan patil","gender":"Male","user_id":1274,"username":"merayashu"},{"dob":"2004-09-07","fullname":"Sakshi Chavan","gender":"Other","user_id":1244,"username":"so_sasssy"},{"dob":"2003-09-17","fullname":"Om Hanumansahay Sharma","gender":"Male","user_id":1283,"username":"omsharma6"}],"message_type":112}
[2025-11-27 21:22:39][INFO] Client disconnected. Client is going away, Reason: 
[2025-11-27 21:23:41][INFO] Client connected with IP: 127.0.0.1
[2025-11-27 21:24:30][INFO] Client connected with IP: 127.0.0.1
[2025-11-27 21:24:30][DEBUG] Message received from client {"message_type":117,"user_id":21,"auth_token":"af412c26ef4431b0c1143fdb4fb17d67"}
[2025-11-27 21:24:30][DEBUG][process] in process func: {"auth_token":"af412c26ef4431b0c1143fdb4fb17d67","message_type":117,"user_id":21}
[2025-11-27 21:24:30][DEBUG][send_user_login_payloads] {"dob":"2002-03-20","email":"vaibhav@google.com","fullname":"Vaibhav Gaikwad","gender":"Male","message_type":111,"phone":"7887401312","username":"vaibz"}
[2025-11-27 21:24:30][DEBUG][send_user_login_payloads] {"count":0,"message_type":113,"pending_friend_requests_list":[]}
[2025-11-27 21:24:30][DEBUG][send_user_login_payloads] {"count":4,"friends_list":[{"dob":"2005-01-27","fullname":"Chetana Patil","gender":"Female","user_id":1245,"username":"chetanap"},{"dob":"2025-09-03","fullname":"yashwardhan patil","gender":"Male","user_id":1274,"username":"merayashu"},{"dob":"2004-09-07","fullname":"Sakshi Chavan","gender":"Other","user_id":1244,"username":"so_sasssy"},{"dob":"2003-09-17","fullname":"Om Hanumansahay Sharma","gender":"Male","user_id":1283,"username":"omsharma6"}],"message_type":112}
[2025-11-27 21:24:30][INFO][process_reconnect_request] Reconnect successful of user id: 21
[2025-11-27 21:24:38][INFO] Client disconnected. Client is going away, Reason: 
[2025-11-27 21:24:39][INFO] Client connected with IP: 127.0.0.1
[2025-11-27 21:24:39][DEBUG] Message received from client {"message_type":117,"user_id":21,"auth_token":"af412c26ef4431b0c1143fdb4fb17d67"}
[2025-11-27 21:24:39][DEBUG][process] in process func: {"auth_token":"af412c26ef4431b0c1143fdb4fb17d67","message_type":117,"user_id":21}
[2025-11-27 21:24:39][DEBUG][send_user_login_payloads] {"dob":"2002-03-20","email":"vaibhav@google.com","fullname":"Vaibhav Gaikwad","gender":"Male","message_type":111,"phone":"7887401312","username":"vaibz"}
[2025-11-27 21:24:39][DEBUG][send_user_login_payloads] {"count":0,"message_type":113,"pending_friend_requests_list":[]}
[2025-11-27 21:24:39][DEBUG][send_user_login_payloads] {"count":4,"friends_list":[{"dob":"2005-01-27","fullname":"Chetana Patil","gender":"Female","user_id":1245,"username":"chetanap"},{"dob":"2025-09-03","fullname":"yashwardhan patil","gender":"Male","user_id":1274,"username":"merayashu"},{"dob":"2004-09-07","fullname":"Sakshi Chavan","gender":"Other","user_id":1244,"username":"so_sasssy"},{"dob":"2003-09-17","fullname":"Om Hanumansahay Sharma","gender":"Male","user_id":1283,"username":"omsharma6"}],"message_type":112}
[2025-11-27 21:24:39][INFO][process_reconnect_request] Reconnect successful of user id: 21
[2025-11-27 21:24:40][INFO] Client connected with IP: 127.0.0.1
[2025-11-27 21:24:40][DEBUG] Message received from client {"message_type":117,"user_id":21,"auth_token":"af412c26ef4431b0c1143fdb4fb17d67"}
[2025-11-27 21:24:40][DEBUG][process] in process func: {"auth_token":"af412c26ef4431b0c1143fdb4fb17d67","message_type":117,"user_id":21}
[2025-11-27 21:24:40][DEBUG][send_user_login_payloads] {"dob":"2002-03-20","email":"vaibhav@google.com","fullname":"Vaibhav Gaikwad","gender":"Male","message_type":111,"phone":"7887401312","username":"vaibz"}
[2025-11-27 21:24:40][DEBUG][send_user_login_payloads] {"count":0,"message_type":113,"pending_friend_requests_list":[]}
[2025-11-27 21:24:40][DEBUG][send_user_login_payloads] {"count":4,"friends_list":[{"dob":"2005-01-27","fullname":"Chetana Patil","gender":"Female","user_id":1245,"username":"chetanap"},{"dob":"2025-09-03","fullname":"yashwardhan patil","gender":"Male","user_id":1274,"username":"merayashu"},{"dob":"2004-09-07","fullname":"Sakshi Chavan","gender":"Other","user_id":1244,"username":"so_sasssy"},{"dob":"2003-09-17","fullname":"Om Hanumansahay Sharma","gender":"Male","user_id":1283,"username":"omsharma6"}],"message_type":112}
[2025-11-27 21:24:40][INFO][process_reconnect_request] Reconnect successful of user id: 21
[2025-11-27 21:49:20][INFO] Client disconnected. Client is going away, Reason: 
[2025-11-27 23:18:34][INFO] Client connected with IP: 127.0.0.1
[2025-11-27 23:19:22][INFO] Client connected with IP: 127.0.0.1
[2025-11-27 23:19:22][DEBUG] Message received from client {"message_type":117,"user_id":-1,"auth_token":null}
[2025-11-27 23:19:22][DEBUG][process] in process func: {"auth_token":null,"message_type":117,"user_id":-1}
[2025-11-27 23:19:22][ERROR][reconnect_request] [json.exception.type_error.302] type must be string, but is null
[2025-11-27 23:19:22][ERROR][process_reconnect_request] Reconnect unsuccessful of user id: 4294967295
[2025-11-27 23:27:09][INFO] Client connected with IP: 127.0.0.1
[2025-11-27 23:27:20][INFO] Client connected with IP: 127.0.0.1
[2025-11-27 23:27:22][INFO] Client connected with IP: 127.0.0.1
[2025-11-27 23:27:24][INFO] Client connected with IP: 127.0.0.1
[2025-11-27 23:28:27][DEBUG] Message received from client {"message_type":101,"username":"rutuja","password":"1234","timestamp":"2025-11-27T17:58:30.182Z"}
[2025-11-27 23:28:27][DEBUG][process] in process func: {"message_type":101,"password":"1234","timestamp":"2025-11-27T17:58:30.182Z","username":"rutuja"}
[2025-11-27 23:28:27][INFO][process_login_request] User 'rutuja' logged in successfully
[2025-11-27 23:28:27][DEBUG][send_user_login_payloads] {"dob":"2004-05-31","email":"rutuja04dabhade@gmail.com","fullname":"Rutuja Vijay Dabhade","gender":"Female","message_type":111,"phone":"8668470451","username":"rutuja"}
[2025-11-27 23:28:27][DEBUG][send_user_login_payloads] {"count":0,"message_type":113,"pending_friend_requests_list":[]}
[2025-11-27 23:28:27][DEBUG][send_user_login_payloads] {"count":4,"friends_list":[{"dob":"2001-02-11","fullname":"Achal Bhamare","gender":"Female","user_id":1266,"username":"achalb11"},{"dob":"2005-01-27","fullname":"Chetana Patil","gender":"Female","user_id":1245,"username":"chetanap"},{"dob":"2025-06-03","fullname":"Vaishnavi ","gender":"Female","user_id":39,"username":"vaishnavi10"},{"dob":"2017-08-26","fullname":"Anvi Dabhade","gender":"Female","user_id":1247,"username":"kuhu"}],"message_type":112}
[2025-11-27 23:28:44][INFO] Client disconnected. Client is going away, Reason: 
[2025-11-27 23:28:45][INFO] Client connected with IP: 127.0.0.1
[2025-11-27 23:28:45][DEBUG] Message received from client {"message_type":117,"user_id":34,"auth_token":"c81e037d3ad7f57c115e88e7c11deaf4"}
[2025-11-27 23:28:45][DEBUG][process] in process func: {"auth_token":"c81e037d3ad7f57c115e88e7c11deaf4","message_type":117,"user_id":34}
[2025-11-27 23:28:45][DEBUG][send_user_login_payloads] {"dob":"2004-05-31","email":"rutuja04dabhade@gmail.com","fullname":"Rutuja Vijay Dabhade","gender":"Female","message_type":111,"phone":"8668470451","username":"rutuja"}
[2025-11-27 23:28:45][DEBUG][send_user_login_payloads] {"count":0,"message_type":113,"pending_friend_requests_list":[]}
[2025-11-27 23:28:45][DEBUG][send_user_login_payloads] {"count":4,"friends_list":[{"dob":"2001-02-11","fullname":"Achal Bhamare","gender":"Female","user_id":1266,"username":"achalb11"},{"dob":"2005-01-27","fullname":"Chetana Patil","gender":"Female","user_id":1245,"username":"chetanap"},{"dob":"2025-06-03","fullname":"Vaishnavi ","gender":"Female","user_id":39,"username":"vaishnavi10"},{"dob":"2017-08-26","fullname":"Anvi Dabhade","gender":"Female","user_id":1247,"username":"kuhu"}],"message_type":112}
[2025-11-27 23:28:45][INFO][process_reconnect_request] Reconnect successful of user id: 34
[2025-11-27 23:30:32][INFO] Client connected with IP: 127.0.0.1
[2025-11-27 23:30:46][INFO] Client connected with IP: 127.0.0.1
[2025-11-27 23:31:03][DEBUG] Message received from client {"message_type":101,"username":"vaibz","password":"12345","timestamp":"2025-11-27T18:00:45.634Z"}
[2025-11-27 23:31:03][DEBUG][process] in process func: {"message_type":101,"password":"12345","timestamp":"2025-11-27T18:00:45.634Z","username":"vaibz"}
[2025-11-27 23:31:03][INFO][process_login_request] User 'vaibz' logged in successfully
[2025-11-27 23:31:03][DEBUG][send_user_login_payloads] {"dob":"2002-03-20","email":"vaibhav@google.com","fullname":"Vaibhav Gaikwad","gender":"Male","message_type":111,"phone":"7887401312","username":"vaibz"}
[2025-11-27 23:31:03][DEBUG][send_user_login_payloads] {"count":0,"message_type":113,"pending_friend_requests_list":[]}
[2025-11-27 23:31:03][DEBUG][send_user_login_payloads] {"count":4,"friends_list":[{"dob":"2005-01-27","fullname":"Chetana Patil","gender":"Female","user_id":1245,"username":"chetanap"},{"dob":"2025-09-03","fullname":"yashwardhan patil","gender":"Male","user_id":1274,"username":"merayashu"},{"dob":"2004-09-07","fullname":"Sakshi Chavan","gender":"Other","user_id":1244,"username":"so_sasssy"},{"dob":"2003-09-17","fullname":"Om Hanumansahay Sharma","gender":"Male","user_id":1283,"username":"omsharma6"}],"message_type":112}
[2025-11-27 23:31:09][INFO] Client connected with IP: 127.0.0.1
[2025-11-27 23:31:21][DEBUG] Message received from client {"message_type":107,"username":"V","requested_by":"vaibz"}
[2025-11-27 23:31:21][DEBUG][process] in process func: {"message_type":107,"requested_by":"vaibz","username":"V"}
[2025-11-27 23:31:21][DEBUG][process_search_user_request] {"count":30,"message_type":108,"users":[{"display_name":"Rutuja Vijay Dabhade","friendship_status":2,"user_id":34,"username":"rutuja"},{"display_name":"VIjay","friendship_status":2,"user_id":37,"username":"Vijay"},{"display_name":"VIjay","friendship_status":2,"user_id":38,"username":"vijay1234"},{"display_name":"Vaishnavi ","friendship_status":1,"user_id":39,"username":"vaishnavi10"},{"display_name":"vaibhav","friendship_status":1,"user_id":41,"username":"vaibz12"},{"display_name":"Mandar Chavan","friendship_status":1,"user_id":1042,"username":"mchavan882"},{"display_name":"Chinmay Chavan","friendship_status":1,"user_id":1046,"username":"cchavan838"},{"display_name":"Meghna Jadhav","friendship_status":2,"user_id":1047,"username":"mjadhav670"},{"display_name":"Rutuja Jadhav","friendship_status":2,"user_id":1051,"username":"rjadhav009"},{"display_name":"Vishal Pawar","friendship_status":2,"user_id":1053,"username":"vpawar008"},{"display_name":"Vaishnavi Inamdar","friendship_status":2,"user_id":1063,"username":"vinamdar778"},{"display_name":"Shraddha Chavan","friendship_status":2,"user_id":1070,"username":"schavan386"},{"display_name":"Sachin Jadhav","friendship_status":1,"user_id":1076,"username":"sjadhav205"},{"display_name":"Bhagyashree Chavan","friendship_status":2,"user_id":1081,"username":"bchavan171"},{"display_name":"Vaishnavi Apte","friendship_status":2,"user_id":1089,"username":"vapte786"},{"display_name":"Vaishnavi Jadhav","friendship_status":2,"user_id":1092,"username":"vjadhav942"},{"display_name":"Amey Chavan","friendship_status":2,"user_id":1096,"username":"achavan907"},{"display_name":"Vaishnavi Chavan","friendship_status":2,"user_id":1105,"username":"vchavan805"},{"display_name":"Omkar Jadhav","friendship_status":2,"user_id":1119,"username":"ojadhav797"},{"display_name":"Snehal Jadhav","friendship_status":2,"user_id":1130,"username":"sjadhav930"},{"display_name":"Tejas Chavan","friendship_status":2,"user_id":1132,"username":"tchavan152"},{"display_name":"Vaishnavi Kulkarni","friendship_status":2,"user_id":1135,"username":"vkulkarni090"},{"display_name":"Yogesh Chavan","friendship_status":2,"user_id":1137,"username":"ychavan506"},{"display_name":"Aditya Jadhav","friendship_status":2,"user_id":1146,"username":"ajadhav963"},{"display_name":"Amey Jadhav","friendship_status":2,"user_id":1154,"username":"ajadhav446"},{"display_name":"Vaishnavi Lokhande","friendship_status":2,"user_id":1168,"username":"vlokhande789"},{"display_name":"Anuja Chavan","friendship_status":2,"user_id":1169,"username":"achavan428"},{"display_name":"Siddhesh Jadhav","friendship_status":1,"user_id":1180,"username":"sjadhav475"},{"display_name":"Vaishnavi Shinde","friendship_status":2,"user_id":1200,"username":"vshinde770"},{"display_name":"Ruturaj Jadhav","friendship_status":2,"user_id":1207,"username":"rjadhav555"}]}
[2025-11-27 23:31:21][DEBUG] Message received from client {"message_type":107,"username":"Va","requested_by":"vaibz"}
[2025-11-27 23:31:21][DEBUG][process] in process func: {"message_type":107,"requested_by":"vaibz","username":"Va"}
[2025-11-27 23:31:21][DEBUG][process_search_user_request] {"count":30,"message_type":108,"users":[{"display_name":"Vaishnavi ","friendship_status":1,"user_id":39,"username":"vaishnavi10"},{"display_name":"vaibhav","friendship_status":1,"user_id":41,"username":"vaibz12"},{"display_name":"Mandar Chavan","friendship_status":1,"user_id":1042,"username":"mchavan882"},{"display_name":"Chinmay Chavan","friendship_status":1,"user_id":1046,"username":"cchavan838"},{"display_name":"Vaishnavi Inamdar","friendship_status":2,"user_id":1063,"username":"vinamdar778"},{"display_name":"Shraddha Chavan","friendship_status":2,"user_id":1070,"username":"schavan386"},{"display_name":"Bhagyashree Chavan","friendship_status":2,"user_id":1081,"username":"bchavan171"},{"display_name":"Vaishnavi Apte","friendship_status":2,"user_id":1089,"username":"vapte786"},{"display_name":"Vaishnavi Jadhav","friendship_status":2,"user_id":1092,"username":"vjadhav942"},{"display_name":"Amey Chavan","friendship_status":2,"user_id":1096,"username":"achavan907"},{"display_name":"Vaishnavi Chavan","friendship_status":2,"user_id":1105,"username":"vchavan805"},{"display_name":"Tejas Chavan","friendship_status":2,"user_id":1132,"username":"tchavan152"},{"display_name":"Vaishnavi Kulkarni","friendship_status":2,"user_id":1135,"username":"vkulkarni090"},{"display_name":"Yogesh Chavan","friendship_status":2,"user_id":1137,"username":"ychavan506"},{"display_name":"Vaishnavi Lokhande","friendship_status":2,"user_id":1168,"username":"vlokhande789"},{"display_name":"Anuja Chavan","friendship_status":2,"user_id":1169,"username":"achavan428"},{"display_name":"Vaishnavi Shinde","friendship_status":2,"user_id":1200,"username":"vshinde770"},{"display_name":"Vaishnavi Pawar","friendship_status":2,"user_id":1210,"username":"vpawar912"},{"display_name":"Ashwini Chavan","friendship_status":2,"user_id":1230,"username":"achavan019"},{"display_name":"Kajal Chavan","friendship_status":2,"user_id":1239,"username":"kchavan762"},{"display_name":"Vaibhav","friendship_status":1,"user_id":1242,"username":"vaibhav"},{"display_name":"Vaibhav Gaikwad","friendship_status":1,"user_id":1243,"username":"vaibz21"},{"display_name":"Sakshi Chavan","friendship_status":0,"user_id":1244,"username":"so_sasssy"},{"display_name":"om chavan","friendship_status":2,"user_id":1248,"username":"omchavan8"},{"display_name":"sakshi chavan","friendship_status":2,"user_id":1251,"username":"saucy_sakshi"},{"display_name":"Manisha Chavan","friendship_status":2,"user_id":1260,"username":"manisha9"},{"display_name":"om Chavan","friendship_status":2,"user_id":1263,"username":"omchavan"},{"display_name":"Manisha Chavan","friendship_status":2,"user_id":1268,"username":"manisha06"},{"display_name":"om chavan","friendship_status":2,"user_id":1269,"username":"omchavan96"},{"display_name":"Suyash chavan","friendship_status":2,"user_id":1270,"username":"suyashchavan"}]}
[2025-11-27 23:31:21][DEBUG] Message received from client {"message_type":107,"username":"Vaj","requested_by":"vaibz"}
[2025-11-27 23:31:21][DEBUG][process] in process func: {"message_type":107,"requested_by":"vaibz","username":"Vaj"}
[2025-11-27 23:31:21][DEBUG][process_search_user_request] {"count":0,"message_type":108,"users":[]}
[2025-11-27 23:31:21][DEBUG] Message received from client {"message_type":107,"username":"Va","requested_by":"vaibz"}
[2025-11-27 23:31:21][DEBUG][process] in process func: {"message_type":107,"requested_by":"vaibz","username":"Va"}
[2025-11-27 23:31:22][DEBUG][process_search_user_request] {"count":30,"message_type":108,"users":[{"display_name":"Vaishnavi ","friendship_status":1,"user_id":39,"username":"vaishnavi10"},{"display_name":"vaibhav","friendship_status":1,"user_id":41,"username":"vaibz12"},{"display_name":"Mandar Chavan","friendship_status":1,"user_id":1042,"username":"mchavan882"},{"display_name":"Chinmay Chavan","friendship_status":1,"user_id":1046,"username":"cchavan838"},{"display_name":"Vaishnavi Inamdar","friendship_status":2,"user_id":1063,"username":"vinamdar778"},{"display_name":"Shraddha Chavan","friendship_status":2,"user_id":1070,"username":"schavan386"},{"display_name":"Bhagyashree Chavan","friendship_status":2,"user_id":1081,"username":"bchavan171"},{"display_name":"Vaishnavi Apte","friendship_status":2,"user_id":1089,"username":"vapte786"},{"display_name":"Vaishnavi Jadhav","friendship_status":2,"user_id":1092,"username":"vjadhav942"},{"display_name":"Amey Chavan","friendship_status":2,"user_id":1096,"username":"achavan907"},{"display_name":"Vaishnavi Chavan","friendship_status":2,"user_id":1105,"username":"vchavan805"},{"display_name":"Tejas Chavan","friendship_status":2,"user_id":1132,"username":"tchavan152"},{"display_name":"Vaishnavi Kulkarni","friendship_status":2,"user_id":1135,"username":"vkulkarni090"},{"display_name":"Yogesh Chavan","friendship_status":2,"user_id":1137,"username":"ychavan506"},{"display_name":"Vaishnavi Lokhande","friendship_status":2,"user_id":1168,"username":"vlokhande789"},{"display_name":"Anuja Chavan","friendship_status":2,"user_id":1169,"username":"achavan428"},{"display_name":"Vaishnavi Shinde","friendship_status":2,"user_id":1200,"username":"vshinde770"},{"display_name":"Vaishnavi Pawar","friendship_status":2,"user_id":1210,"username":"vpawar912"},{"display_name":"Ashwini Chavan","friendship_status":2,"user_id":1230,"username":"achavan019"},{"display_name":"Kajal Chavan","friendship_status":2,"user_id":1239,"username":"kchavan762"},{"display_name":"Vaibhav","friendship_status":1,"user_id":1242,"username":"vaibhav"},{"display_name":"Vaibhav Gaikwad","friendship_status":1,"user_id":1243,"username":"vaibz21"},{"display_name":"Sakshi Chavan","friendship_status":0,"user_id":1244,"username":"so_sasssy"},{"display_name":"om chavan","friendship_status":2,"user_id":1248,"username":"omchavan8"},{"display_name":"sakshi chavan","friendship_status":2,"user_id":1251,"username":"saucy_sakshi"},{"display_name":"Manisha Chavan","friendship_status":2,"user_id":1260,"username":"manisha9"},{"display_name":"om Chavan","friendship_status":2,"user_id":1263,"username":"omchavan"},{"display_name":"Manisha Chavan","friendship_status":2,"user_id":1268,"username":"manisha06"},{"display_name":"om chavan","friendship_status":2,"user_id":1269,"username":"omchavan96"},{"display_name":"Suyash chavan","friendship_status":2,"user_id":1270,"username":"suyashchavan"}]}
[2025-11-27 23:31:22][DEBUG] Message received from client {"message_type":107,"username":"V","requested_by":"vaibz"}
[2025-11-27 23:31:22][DEBUG][process] in process func: {"message_type":107,"requested_by":"vaibz","username":"V"}
[2025-11-27 23:31:22][DEBUG][process_search_user_request] {"count":30,"message_type":108,"users":[{"display_name":"Rutuja Vijay Dabhade","friendship_status":2,"user_id":34,"username":"rutuja"},{"display_name":"VIjay","friendship_status":2,"user_id":37,"username":"Vijay"},{"display_name":"VIjay","friendship_status":2,"user_id":38,"username":"vijay1234"},{"display_name":"Vaishnavi ","friendship_status":1,"user_id":39,"username":"vaishnavi10"},{"display_name":"vaibhav","friendship_status":1,"user_id":41,"username":"vaibz12"},{"display_name":"Mandar Chavan","friendship_status":1,"user_id":1042,"username":"mchavan882"},{"display_name":"Chinmay Chavan","friendship_status":1,"user_id":1046,"username":"cchavan838"},{"display_name":"Meghna Jadhav","friendship_status":2,"user_id":1047,"username":"mjadhav670"},{"display_name":"Rutuja Jadhav","friendship_status":2,"user_id":1051,"username":"rjadhav009"},{"display_name":"Vishal Pawar","friendship_status":2,"user_id":1053,"username":"vpawar008"},{"display_name":"Vaishnavi Inamdar","friendship_status":2,"user_id":1063,"username":"vinamdar778"},{"display_name":"Shraddha Chavan","friendship_status":2,"user_id":1070,"username":"schavan386"},{"display_name":"Sachin Jadhav","friendship_status":1,"user_id":1076,"username":"sjadhav205"},{"display_name":"Bhagyashree Chavan","friendship_status":2,"user_id":1081,"username":"bchavan171"},{"display_name":"Vaishnavi Apte","friendship_status":2,"user_id":1089,"username":"vapte786"},{"display_name":"Vaishnavi Jadhav","friendship_status":2,"user_id":1092,"username":"vjadhav942"},{"display_name":"Amey Chavan","friendship_status":2,"user_id":1096,"username":"achavan907"},{"display_name":"Vaishnavi Chavan","friendship_status":2,"user_id":1105,"username":"vchavan805"},{"display_name":"Omkar Jadhav","friendship_status":2,"user_id":1119,"username":"ojadhav797"},{"display_name":"Snehal Jadhav","friendship_status":2,"user_id":1130,"username":"sjadhav930"},{"display_name":"Tejas Chavan","friendship_status":2,"user_id":1132,"username":"tchavan152"},{"display_name":"Vaishnavi Kulkarni","friendship_status":2,"user_id":1135,"username":"vkulkarni090"},{"display_name":"Yogesh Chavan","friendship_status":2,"user_id":1137,"username":"ychavan506"},{"display_name":"Aditya Jadhav","friendship_status":2,"user_id":1146,"username":"ajadhav963"},{"display_name":"Amey Jadhav","friendship_status":2,"user_id":1154,"username":"ajadhav446"},{"display_name":"Vaishnavi Lokhande","friendship_status":2,"user_id":1168,"username":"vlokhande789"},{"display_name":"Anuja Chavan","friendship_status":2,"user_id":1169,"username":"achavan428"},{"display_name":"Siddhesh Jadhav","friendship_status":1,"user_id":1180,"username":"sjadhav475"},{"display_name":"Vaishnavi Shinde","friendship_status":2,"user_id":1200,"username":"vshinde770"},{"display_name":"Ruturaj Jadhav","friendship_status":2,"user_id":1207,"username":"rjadhav555"}]}
[2025-11-27 23:31:24][DEBUG] Message received from client {"message_type":107,"username":"","requested_by":"vaibz"}
[2025-11-27 23:31:24][DEBUG][process] in process func: {"message_type":107,"requested_by":"vaibz","username":""}
[2025-11-27 23:31:24][DEBUG][process_search_user_request] {"count":0,"message_type":108,"users":[]}
[2025-11-27 23:31:33][INFO] Client connected with IP: 127.0.0.1
[2025-11-27 23:31:33][DEBUG] Message received from client {"message_type":117,"user_id":-1,"auth_token":null}
[2025-11-27 23:31:33][DEBUG][process] in process func: {"auth_token":null,"message_type":117,"user_id":-1}
[2025-11-27 23:31:33][ERROR][reconnect_request] [json.exception.type_error.302] type must be string, but is null
[2025-11-27 23:31:33][ERROR][process_reconnect_request] Reconnect unsuccessful of user id: 4294967295
[2025-11-27 23:31:38][INFO] Client connected with IP: 127.0.0.1
[2025-11-27 23:31:38][DEBUG] Message received from client {"message_type":117,"user_id":-1,"auth_token":null}
[2025-11-27 23:31:38][DEBUG][process] in process func: {"auth_token":null,"message_type":117,"user_id":-1}
[2025-11-27 23:31:38][ERROR][reconnect_request] [json.exception.type_error.302] type must be string, but is null
[2025-11-27 23:31:38][ERROR][process_reconnect_request] Reconnect unsuccessful of user id: 4294967295
[2025-11-27 23:31:46][DEBUG] Message received from client {"message_type":101,"username":"rutuja","password":"1234","timestamp":"2025-11-27T18:01:39.271Z"}
[2025-11-27 23:31:46][DEBUG][process] in process func: {"message_type":101,"password":"1234","timestamp":"2025-11-27T18:01:39.271Z","username":"rutuja"}
[2025-11-27 23:31:46][INFO][process_login_request] User 'rutuja' logged out forcefully
[2025-11-27 23:31:46][INFO][process_login_request] User 'rutuja' logged in successfully
[2025-11-27 23:31:46][DEBUG][send_user_login_payloads] {"dob":"2004-05-31","email":"rutuja04dabhade@gmail.com","fullname":"Rutuja Vijay Dabhade","gender":"Female","message_type":111,"phone":"8668470451","username":"rutuja"}
[2025-11-27 23:31:46][DEBUG][send_user_login_payloads] {"count":0,"message_type":113,"pending_friend_requests_list":[]}
[2025-11-27 23:31:46][DEBUG][send_user_login_payloads] {"count":4,"friends_list":[{"dob":"2001-02-11","fullname":"Achal Bhamare","gender":"Female","user_id":1266,"username":"achalb11"},{"dob":"2005-01-27","fullname":"Chetana Patil","gender":"Female","user_id":1245,"username":"chetanap"},{"dob":"2025-06-03","fullname":"Vaishnavi ","gender":"Female","user_id":39,"username":"vaishnavi10"},{"dob":"2017-08-26","fullname":"Anvi Dabhade","gender":"Female","user_id":1247,"username":"kuhu"}],"message_type":112}
[2025-11-27 23:31:57][DEBUG] Message received from client {"message_type":119,"user_id":21,"fullname":"Vaibhav Gaikwad","username":"vaibz","dob":"2002-03-19","gender":"Male","email":"vaibhav@google.com","phone":"7887401312"}
[2025-11-27 23:31:57][DEBUG][process] in process func: {"dob":"2002-03-19","email":"vaibhav@google.com","fullname":"Vaibhav Gaikwad","gender":"Male","message_type":119,"phone":"7887401312","user_id":21,"username":"vaibz"}
[2025-11-27 23:31:57][DEBUG][process_update_profile_request] {"dob":"2002-03-19","email":"vaibhav@google.com","fullname":"Vaibhav Gaikwad","gender":"Male","message_type":111,"phone":"7887401312","username":"vaibz"}
[2025-11-27 23:31:57][INFO][process_update_profile_request] Update profile of user 'vaibz' is successful
[2025-11-27 23:32:00][INFO] Client disconnected. Client is going away, Reason: 
[2025-11-27 23:32:02][INFO] Client connected with IP: 127.0.0.1
[2025-11-27 23:32:02][DEBUG] Message received from client {"message_type":117,"user_id":21,"auth_token":"af412c26ef4431b0c1143fdb4fb17d67"}
[2025-11-27 23:32:02][DEBUG][process] in process func: {"auth_token":"af412c26ef4431b0c1143fdb4fb17d67","message_type":117,"user_id":21}
[2025-11-27 23:32:02][DEBUG][send_user_login_payloads] {"dob":"2002-03-19","email":"vaibhav@google.com","fullname":"Vaibhav Gaikwad","gender":"Male","message_type":111,"phone":"7887401312","username":"vaibz"}
[2025-11-27 23:32:02][DEBUG][send_user_login_payloads] {"count":0,"message_type":113,"pending_friend_requests_list":[]}
[2025-11-27 23:32:02][DEBUG][send_user_login_payloads] {"count":4,"friends_list":[{"dob":"2005-01-27","fullname":"Chetana Patil","gender":"Female","user_id":1245,"username":"chetanap"},{"dob":"2025-09-03","fullname":"yashwardhan patil","gender":"Male","user_id":1274,"username":"merayashu"},{"dob":"2004-09-07","fullname":"Sakshi Chavan","gender":"Other","user_id":1244,"username":"so_sasssy"},{"dob":"2003-09-17","fullname":"Om Hanumansahay Sharma","gender":"Male","user_id":1283,"username":"omsharma6"}],"message_type":112}
[2025-11-27 23:32:02][INFO][process_reconnect_request] Reconnect successful of user id: 21
[2025-11-27 23:32:24][DEBUG] Message received from client {"message_type":119,"user_id":21,"fullname":"Vaibhav Gaikwad","username":"vaibz","dob":"2002-03-20","gender":"Male","email":"vaibhav@google.com","phone":"7887401312"}
[2025-11-27 23:32:24][DEBUG][process] in process func: {"dob":"2002-03-20","email":"vaibhav@google.com","fullname":"Vaibhav Gaikwad","gender":"Male","message_type":119,"phone":"7887401312","user_id":21,"username":"vaibz"}
[2025-11-27 23:32:24][DEBUG][process_update_profile_request] {"dob":"2002-03-20","email":"vaibhav@google.com","fullname":"Vaibhav Gaikwad","gender":"Male","message_type":111,"phone":"7887401312","username":"vaibz"}
[2025-11-27 23:32:24][INFO][process_update_profile_request] Update profile of user 'vaibz' is successful
[2025-11-27 23:32:54][DEBUG] Message received from client {"message_type":101,"username":"rutuja","password":"1234","timestamp":"2025-11-27T18:02:52.622Z"}
[2025-11-27 23:32:54][DEBUG][process] in process func: {"message_type":101,"password":"1234","timestamp":"2025-11-27T18:02:52.622Z","username":"rutuja"}
[2025-11-27 23:32:54][INFO][process_login_request] User 'rutuja' logged out forcefully
[2025-11-27 23:32:54][INFO][process_login_request] User 'rutuja' logged in successfully
[2025-11-27 23:32:54][DEBUG][send_user_login_payloads] {"dob":"2004-05-31","email":"rutuja04dabhade@gmail.com","fullname":"Rutuja Vijay Dabhade","gender":"Female","message_type":111,"phone":"8668470451","username":"rutuja"}
[2025-11-27 23:32:54][DEBUG][send_user_login_payloads] {"count":0,"message_type":113,"pending_friend_requests_list":[]}
[2025-11-27 23:32:54][DEBUG][send_user_login_payloads] {"count":4,"friends_list":[{"dob":"2001-02-11","fullname":"Achal Bhamare","gender":"Female","user_id":1266,"username":"achalb11"},{"dob":"2005-01-27","fullname":"Chetana Patil","gender":"Female","user_id":1245,"username":"chetanap"},{"dob":"2025-06-03","fullname":"Vaishnavi ","gender":"Female","user_id":39,"username":"vaishnavi10"},{"dob":"2017-08-26","fullname":"Anvi Dabhade","gender":"Female","user_id":1247,"username":"kuhu"}],"message_type":112}
[2025-11-27 23:33:25][DEBUG] Message received from client {"message_type":105,"user_id":34,"username":"rutuja"}
[2025-11-27 23:33:25][DEBUG][process] in process func: {"message_type":105,"user_id":34,"username":"rutuja"}
[2025-11-27 23:33:25][INFO][process_logout_request] User 'rutuja' failed to logged out. Session not found.
[2025-11-27 23:33:25][INFO][process_logout_request] User 'rutuja' logged out successfully
[2025-11-27 23:33:25][DEBUG][process_logout_request] {"message_type":106,"status":0}
[2025-11-27 23:33:44][DEBUG] Message received from client {"message_type":105,"user_id":21,"username":"vaibz"}
[2025-11-27 23:33:44][DEBUG][process] in process func: {"message_type":105,"user_id":21,"username":"vaibz"}
[2025-11-27 23:33:44][INFO][process_logout_request] User 'vaibz' failed to logged out. Session not found.
[2025-11-27 23:33:44][INFO][process_logout_request] User 'vaibz' logged out successfully
[2025-11-27 23:33:44][DEBUG][process_logout_request] {"message_type":106,"status":0}
[2025-11-27 23:34:11][DEBUG] Message received from client {"message_type":101,"username":"vaibz","password":"12345","timestamp":"2025-11-27T18:03:43.376Z"}
[2025-11-27 23:34:11][DEBUG][process] in process func: {"message_type":101,"password":"12345","timestamp":"2025-11-27T18:03:43.376Z","username":"vaibz"}
[2025-11-27 23:34:11][INFO][process_login_request] User 'vaibz' logged in successfully
[2025-11-27 23:34:11][DEBUG][send_user_login_payloads] {"dob":"2002-03-20","email":"vaibhav@google.com","fullname":"Vaibhav Gaikwad","gender":"Male","message_type":111,"phone":"7887401312","username":"vaibz"}
[2025-11-27 23:34:11][DEBUG][send_user_login_payloads] {"count":0,"message_type":113,"pending_friend_requests_list":[]}
[2025-11-27 23:34:11][DEBUG][send_user_login_payloads] {"count":4,"friends_list":[{"dob":"2005-01-27","fullname":"Chetana Patil","gender":"Female","user_id":1245,"username":"chetanap"},{"dob":"2025-09-03","fullname":"yashwardhan patil","gender":"Male","user_id":1274,"username":"merayashu"},{"dob":"2004-09-07","fullname":"Sakshi Chavan","gender":"Other","user_id":1244,"username":"so_sasssy"},{"dob":"2003-09-17","fullname":"Om Hanumansahay Sharma","gender":"Male","user_id":1283,"username":"omsharma6"}],"message_type":112}
[2025-11-27 23:34:33][INFO] Client disconnected. Client is going away, Reason: 
[2025-11-27 23:34:34][INFO] Client connected with IP: 127.0.0.1
[2025-11-27 23:34:34][DEBUG] Message received from client {"message_type":117,"user_id":21,"auth_token":"af412c26ef4431b0c1143fdb4fb17d67"}
[2025-11-27 23:34:34][DEBUG][process] in process func: {"auth_token":"af412c26ef4431b0c1143fdb4fb17d67","message_type":117,"user_id":21}
[2025-11-27 23:34:34][DEBUG][send_user_login_payloads] {"dob":"2002-03-20","email":"vaibhav@google.com","fullname":"Vaibhav Gaikwad","gender":"Male","message_type":111,"phone":"7887401312","username":"vaibz"}
[2025-11-27 23:34:34][DEBUG][send_user_login_payloads] {"count":0,"message_type":113,"pending_friend_requests_list":[]}
[2025-11-27 23:34:34][DEBUG][send_user_login_payloads] {"count":4,"friends_list":[{"dob":"2005-01-27","fullname":"Chetana Patil","gender":"Female","user_id":1245,"username":"chetanap"},{"dob":"2025-09-03","fullname":"yashwardhan patil","gender":"Male","user_id":1274,"username":"merayashu"},{"dob":"2004-09-07","fullname":"Sakshi Chavan","gender":"Other","user_id":1244,"username":"so_sasssy"},{"dob":"2003-09-17","fullname":"Om Hanumansahay Sharma","gender":"Male","user_id":1283,"username":"omsharma6"}],"message_type":112}
[2025-11-27 23:34:34][INFO][process_reconnect_request] Reconnect successful of user id: 21
[2025-11-27 23:34:56][INFO] Client disconnected. Client is going away, Reason: 
[2025-11-27 23:34:57][INFO] Client connected with IP: 127.0.0.1
[2025-11-27 23:34:57][DEBUG] Message received from client {"message_type":117,"user_id":21,"auth_token":"af412c26ef4431b0c1143fdb4fb17d67"}
[2025-11-27 23:34:57][DEBUG][process] in process func: {"auth_token":"af412c26ef4431b0c1143fdb4fb17d67","message_type":117,"user_id":21}
[2025-11-27 23:34:57][DEBUG][send_user_login_payloads] {"dob":"2002-03-20","email":"vaibhav@google.com","fullname":"Vaibhav Gaikwad","gender":"Male","message_type":111,"phone":"7887401312","username":"vaibz"}
[2025-11-27 23:34:57][DEBUG][send_user_login_payloads] {"count":0,"message_type":113,"pending_friend_requests_list":[]}
[2025-11-27 23:34:57][DEBUG][send_user_login_payloads] {"count":4,"friends_list":[{"dob":"2005-01-27","fullname":"Chetana Patil","gender":"Female","user_id":1245,"username":"chetanap"},{"dob":"2025-09-03","fullname":"yashwardhan patil","gender":"Male","user_id":1274,"username":"merayashu"},{"dob":"2004-09-07","fullname":"Sakshi Chavan","gender":"Other","user_id":1244,"username":"so_sasssy"},{"dob":"2003-09-17","fullname":"Om Hanumansahay Sharma","gender":"Male","user_id":1283,"username":"omsharma6"}],"message_type":112}
[2025-11-27 23:34:57][INFO][process_reconnect_request] Reconnect successful of user id: 21
[2025-11-27 23:35:08][DEBUG] Message received from client {"message_type":105,"user_id":21,"username":"vaibz"}
[2025-11-27 23:35:08][DEBUG][process] in process func: {"message_type":105,"user_id":21,"username":"vaibz"}
[2025-11-27 23:35:08][INFO][process_logout_request] User 'vaibz' failed to logged out. Session not found.
[2025-11-27 23:35:08][INFO][process_logout_request] User 'vaibz' logged out successfully
[2025-11-27 23:35:08][DEBUG][process_logout_request] {"message_type":106,"status":0}
[2025-11-27 23:36:07][DEBUG] Message received from client {"message_type":101,"username":"rutuja","password":"134","timestamp":"2025-11-27T18:03:33.548Z"}
[2025-11-27 23:36:07][DEBUG][process] in process func: {"message_type":101,"password":"134","timestamp":"2025-11-27T18:03:33.548Z","username":"rutuja"}
[2025-11-27 23:36:07][ERROR][process_login_request] Password is incorrect for user: rutuja
[2025-11-27 23:36:11][DEBUG] Message received from client {"message_type":101,"username":"rutuja","password":"1234","timestamp":"2025-11-27T18:06:16.528Z"}
[2025-11-27 23:36:11][DEBUG][process] in process func: {"message_type":101,"password":"1234","timestamp":"2025-11-27T18:06:16.528Z","username":"rutuja"}
[2025-11-27 23:36:11][INFO][process_login_request] User 'rutuja' logged in successfully
[2025-11-27 23:36:11][DEBUG][send_user_login_payloads] {"dob":"2004-05-31","email":"rutuja04dabhade@gmail.com","fullname":"Rutuja Vijay Dabhade","gender":"Female","message_type":111,"phone":"8668470451","username":"rutuja"}
[2025-11-27 23:36:11][DEBUG][send_user_login_payloads] {"count":0,"message_type":113,"pending_friend_requests_list":[]}
[2025-11-27 23:36:11][DEBUG][send_user_login_payloads] {"count":4,"friends_list":[{"dob":"2001-02-11","fullname":"Achal Bhamare","gender":"Female","user_id":1266,"username":"achalb11"},{"dob":"2005-01-27","fullname":"Chetana Patil","gender":"Female","user_id":1245,"username":"chetanap"},{"dob":"2025-06-03","fullname":"Vaishnavi ","gender":"Female","user_id":39,"username":"vaishnavi10"},{"dob":"2017-08-26","fullname":"Anvi Dabhade","gender":"Female","user_id":1247,"username":"kuhu"}],"message_type":112}
[2025-11-27 23:36:22][INFO] Client disconnected. Client is going away, Reason: 
[2025-11-27 23:36:28][INFO] Client connected with IP: 127.0.0.1
[2025-11-27 23:36:28][DEBUG] Message received from client {"message_type":117,"user_id":34,"auth_token":"c81e037d3ad7f57c115e88e7c11deaf4"}
[2025-11-27 23:36:28][DEBUG][process] in process func: {"auth_token":"c81e037d3ad7f57c115e88e7c11deaf4","message_type":117,"user_id":34}
[2025-11-27 23:36:28][DEBUG][send_user_login_payloads] {"dob":"2004-05-31","email":"rutuja04dabhade@gmail.com","fullname":"Rutuja Vijay Dabhade","gender":"Female","message_type":111,"phone":"8668470451","username":"rutuja"}
[2025-11-27 23:36:28][DEBUG][send_user_login_payloads] {"count":0,"message_type":113,"pending_friend_requests_list":[]}
[2025-11-27 23:36:28][DEBUG][send_user_login_payloads] {"count":4,"friends_list":[{"dob":"2001-02-11","fullname":"Achal Bhamare","gender":"Female","user_id":1266,"username":"achalb11"},{"dob":"2005-01-27","fullname":"Chetana Patil","gender":"Female","user_id":1245,"username":"chetanap"},{"dob":"2025-06-03","fullname":"Vaishnavi ","gender":"Female","user_id":39,"username":"vaishnavi10"},{"dob":"2017-08-26","fullname":"Anvi Dabhade","gender":"Female","user_id":1247,"username":"kuhu"}],"message_type":112}
[2025-11-27 23:36:28][INFO][process_reconnect_request] Reconnect successful of user id: 34
[2025-11-27 23:36:45][INFO] Client disconnected. Client is going away, Reason: 
[2025-11-27 23:36:57][INFO] Client connected with IP: 127.0.0.1
[2025-11-27 23:36:58][DEBUG] Message received from client {"message_type":117,"user_id":34,"auth_token":"c81e037d3ad7f57c115e88e7c11deaf4"}
[2025-11-27 23:36:58][DEBUG][process] in process func: {"auth_token":"c81e037d3ad7f57c115e88e7c11deaf4","message_type":117,"user_id":34}
[2025-11-27 23:36:58][DEBUG][send_user_login_payloads] {"dob":"2004-05-31","email":"rutuja04dabhade@gmail.com","fullname":"Rutuja Vijay Dabhade","gender":"Female","message_type":111,"phone":"8668470451","username":"rutuja"}
[2025-11-27 23:36:58][DEBUG][send_user_login_payloads] {"count":0,"message_type":113,"pending_friend_requests_list":[]}
[2025-11-27 23:36:58][DEBUG][send_user_login_payloads] {"count":4,"friends_list":[{"dob":"2001-02-11","fullname":"Achal Bhamare","gender":"Female","user_id":1266,"username":"achalb11"},{"dob":"2005-01-27","fullname":"Chetana Patil","gender":"Female","user_id":1245,"username":"chetanap"},{"dob":"2025-06-03","fullname":"Vaishnavi ","gender":"Female","user_id":39,"username":"vaishnavi10"},{"dob":"2017-08-26","fullname":"Anvi Dabhade","gender":"Female","user_id":1247,"username":"kuhu"}],"message_type":112}
[2025-11-27 23:36:58][INFO][process_reconnect_request] Reconnect successful of user id: 34
[2025-11-27 23:37:11][INFO] Client disconnected. Client is going away, Reason: 
[2025-11-27 23:37:14][INFO] Client connected with IP: 127.0.0.1
[2025-11-27 23:37:15][DEBUG] Message received from client {"message_type":117,"user_id":34,"auth_token":"c81e037d3ad7f57c115e88e7c11deaf4"}
[2025-11-27 23:37:15][DEBUG][process] in process func: {"auth_token":"c81e037d3ad7f57c115e88e7c11deaf4","message_type":117,"user_id":34}
[2025-11-27 23:37:15][DEBUG][send_user_login_payloads] {"dob":"2004-05-31","email":"rutuja04dabhade@gmail.com","fullname":"Rutuja Vijay Dabhade","gender":"Female","message_type":111,"phone":"8668470451","username":"rutuja"}
[2025-11-27 23:37:15][DEBUG][send_user_login_payloads] {"count":0,"message_type":113,"pending_friend_requests_list":[]}
[2025-11-27 23:37:15][DEBUG][send_user_login_payloads] {"count":4,"friends_list":[{"dob":"2001-02-11","fullname":"Achal Bhamare","gender":"Female","user_id":1266,"username":"achalb11"},{"dob":"2005-01-27","fullname":"Chetana Patil","gender":"Female","user_id":1245,"username":"chetanap"},{"dob":"2025-06-03","fullname":"Vaishnavi ","gender":"Female","user_id":39,"username":"vaishnavi10"},{"dob":"2017-08-26","fullname":"Anvi Dabhade","gender":"Female","user_id":1247,"username":"kuhu"}],"message_type":112}
[2025-11-27 23:37:15][INFO][process_reconnect_request] Reconnect successful of user id: 34
[2025-11-27 23:37:27][DEBUG] Message received from client {"message_type":101,"username":"rutuja","password":"1234","timestamp":"2025-11-27T18:05:07.767Z"}
[2025-11-27 23:37:27][DEBUG][process] in process func: {"message_type":101,"password":"1234","timestamp":"2025-11-27T18:05:07.767Z","username":"rutuja"}
[2025-11-27 23:37:27][INFO][process_login_request] User 'rutuja' logged out forcefully
[2025-11-27 23:37:27][INFO][process_login_request] User 'rutuja' logged in successfully
[2025-11-27 23:37:27][DEBUG][send_user_login_payloads] {"dob":"2004-05-31","email":"rutuja04dabhade@gmail.com","fullname":"Rutuja Vijay Dabhade","gender":"Female","message_type":111,"phone":"8668470451","username":"rutuja"}
[2025-11-27 23:37:27][DEBUG][send_user_login_payloads] {"count":0,"message_type":113,"pending_friend_requests_list":[]}
[2025-11-27 23:37:27][DEBUG][send_user_login_payloads] {"count":4,"friends_list":[{"dob":"2001-02-11","fullname":"Achal Bhamare","gender":"Female","user_id":1266,"username":"achalb11"},{"dob":"2005-01-27","fullname":"Chetana Patil","gender":"Female","user_id":1245,"username":"chetanap"},{"dob":"2025-06-03","fullname":"Vaishnavi ","gender":"Female","user_id":39,"username":"vaishnavi10"},{"dob":"2017-08-26","fullname":"Anvi Dabhade","gender":"Female","user_id":1247,"username":"kuhu"}],"message_type":112}
[2025-11-27 23:37:48][DEBUG] Message received from client {"message_type":105,"user_id":34,"username":"rutuja"}
[2025-11-27 23:37:48][DEBUG][process] in process func: {"message_type":105,"user_id":34,"username":"rutuja"}
[2025-11-27 23:37:48][INFO][process_logout_request] User 'rutuja' failed to logged out. Session not found.
[2025-11-27 23:37:48][INFO][process_logout_request] User 'rutuja' logged out successfully
[2025-11-27 23:37:48][DEBUG][process_logout_request] {"message_type":106,"status":0}
[2025-11-27 23:38:15][DEBUG] Message received from client {"message_type":101,"username":"rutuja","password":"1234","timestamp":"2025-11-27T18:07:35.370Z"}
[2025-11-27 23:38:15][DEBUG][process] in process func: {"message_type":101,"password":"1234","timestamp":"2025-11-27T18:07:35.370Z","username":"rutuja"}
[2025-11-27 23:38:15][INFO][process_login_request] User 'rutuja' logged in successfully
[2025-11-27 23:38:15][DEBUG][send_user_login_payloads] {"dob":"2004-05-31","email":"rutuja04dabhade@gmail.com","fullname":"Rutuja Vijay Dabhade","gender":"Female","message_type":111,"phone":"8668470451","username":"rutuja"}
[2025-11-27 23:38:15][DEBUG][send_user_login_payloads] {"count":0,"message_type":113,"pending_friend_requests_list":[]}
[2025-11-27 23:38:15][DEBUG][send_user_login_payloads] {"count":4,"friends_list":[{"dob":"2001-02-11","fullname":"Achal Bhamare","gender":"Female","user_id":1266,"username":"achalb11"},{"dob":"2005-01-27","fullname":"Chetana Patil","gender":"Female","user_id":1245,"username":"chetanap"},{"dob":"2025-06-03","fullname":"Vaishnavi ","gender":"Female","user_id":39,"username":"vaishnavi10"},{"dob":"2017-08-26","fullname":"Anvi Dabhade","gender":"Female","user_id":1247,"username":"kuhu"}],"message_type":112}
[2025-11-27 23:38:22][INFO] Client disconnected. Client is going away, Reason: 
[2025-11-27 23:38:34][INFO] Client connected with IP: 127.0.0.1
[2025-11-27 23:38:35][DEBUG] Message received from client {"message_type":117,"user_id":34,"auth_token":"c81e037d3ad7f57c115e88e7c11deaf4"}
[2025-11-27 23:38:35][DEBUG][process] in process func: {"auth_token":"c81e037d3ad7f57c115e88e7c11deaf4","message_type":117,"user_id":34}
[2025-11-27 23:38:35][DEBUG][send_user_login_payloads] {"dob":"2004-05-31","email":"rutuja04dabhade@gmail.com","fullname":"Rutuja Vijay Dabhade","gender":"Female","message_type":111,"phone":"8668470451","username":"rutuja"}
[2025-11-27 23:38:35][DEBUG][send_user_login_payloads] {"count":0,"message_type":113,"pending_friend_requests_list":[]}
[2025-11-27 23:38:35][DEBUG][send_user_login_payloads] {"count":4,"friends_list":[{"dob":"2001-02-11","fullname":"Achal Bhamare","gender":"Female","user_id":1266,"username":"achalb11"},{"dob":"2005-01-27","fullname":"Chetana Patil","gender":"Female","user_id":1245,"username":"chetanap"},{"dob":"2025-06-03","fullname":"Vaishnavi ","gender":"Female","user_id":39,"username":"vaishnavi10"},{"dob":"2017-08-26","fullname":"Anvi Dabhade","gender":"Female","user_id":1247,"username":"kuhu"}],"message_type":112}
[2025-11-27 23:38:35][INFO][process_reconnect_request] Reconnect successful of user id: 34
[2025-11-27 23:38:38][DEBUG] Message received from client {"message_type":101,"username":"rutuja","password":"1234","timestamp":"2025-11-27T18:07:47.194Z"}
[2025-11-27 23:38:38][DEBUG][process] in process func: {"message_type":101,"password":"1234","timestamp":"2025-11-27T18:07:47.194Z","username":"rutuja"}
[2025-11-27 23:38:38][INFO][process_login_request] User 'rutuja' logged out forcefully
[2025-11-27 23:38:38][INFO][process_login_request] User 'rutuja' logged in successfully
[2025-11-27 23:38:38][DEBUG][send_user_login_payloads] {"dob":"2004-05-31","email":"rutuja04dabhade@gmail.com","fullname":"Rutuja Vijay Dabhade","gender":"Female","message_type":111,"phone":"8668470451","username":"rutuja"}
[2025-11-27 23:38:38][DEBUG][send_user_login_payloads] {"count":0,"message_type":113,"pending_friend_requests_list":[]}
[2025-11-27 23:38:38][DEBUG][send_user_login_payloads] {"count":4,"friends_list":[{"dob":"2001-02-11","fullname":"Achal Bhamare","gender":"Female","user_id":1266,"username":"achalb11"},{"dob":"2005-01-27","fullname":"Chetana Patil","gender":"Female","user_id":1245,"username":"chetanap"},{"dob":"2025-06-03","fullname":"Vaishnavi ","gender":"Female","user_id":39,"username":"vaishnavi10"},{"dob":"2017-08-26","fullname":"Anvi Dabhade","gender":"Female","user_id":1247,"username":"kuhu"}],"message_type":112}
[2025-11-27 23:39:42][DEBUG] Message received from client {"message_type":105,"user_id":34,"username":"rutuja"}
[2025-11-27 23:39:42][DEBUG][process] in process func: {"message_type":105,"user_id":34,"username":"rutuja"}
[2025-11-27 23:39:42][INFO][process_logout_request] User 'rutuja' failed to logged out. Session not found.
[2025-11-27 23:39:42][INFO][process_logout_request] User 'rutuja' logged out successfully
[2025-11-27 23:39:42][DEBUG][process_logout_request] {"message_type":106,"status":0}
[2025-11-27 23:45:26][INFO] Received SIGTERM (Termination request, e.g. 'kill' command). Server terminated.
