[2025-06-27 00:00:45][INFO] Client disconnected. Code: 1001, Reason: 
[2025-06-27 00:00:45][INFO] Client disconnected. Code: 1001, Reason: 
[2025-06-27 00:00:45][INFO] Client disconnected. Code: 1001, Reason: 
[2025-06-27 00:00:45][INFO] Client disconnected. Code: 1001, Reason: 
[2025-06-27 00:00:45][INFO] Client disconnected. Code: 1001, Reason: 
[2025-06-27 00:00:45][INFO] Client disconnected. Code: 1001, Reason: 
[2025-06-27 00:00:45][INFO] Client disconnected. Code: 1001, Reason: 
[2025-06-27 00:00:45][INFO] Client disconnected. Code: 1001, Reason: 
[2025-06-27 00:00:45][INFO] Client disconnected. Code: 1001, Reason: 
[2025-06-27 00:00:45][INFO] Client disconnected. Code: 1001, Reason: 
[2025-06-27 00:00:45][INFO] Client disconnected. Code: 1001, Reason: 
[2025-06-27 00:00:45][INFO] Client disconnected. Code: 1001, Reason: 
[2025-06-27 00:00:45][INFO] Client disconnected. Code: 1001, Reason: 
[2025-06-27 00:00:45][INFO] Client disconnected. Code: 1001, Reason: 
[2025-06-27 00:00:45][INFO] Client disconnected. Code: 1001, Reason: 
[2025-06-27 00:00:45][INFO] Client disconnected. Code: 1001, Reason: 
[2025-06-27 00:00:45][INFO] Client disconnected. Code: 1001, Reason: 
[2025-06-27 00:00:45][INFO] Client disconnected. Code: 1001, Reason: 
[2025-06-27 00:00:45][INFO] Client disconnected. Code: 1001, Reason: 
[2025-06-27 00:00:45][INFO] Client disconnected. Code: 1001, Reason: 
[2025-06-27 00:00:45][INFO] Client disconnected. Code: 1001, Reason: 
[2025-06-27 00:00:45][INFO] Client disconnected. Code: 1001, Reason: 
[2025-06-27 00:00:45][INFO] Client disconnected. Code: 1001, Reason: 
[2025-06-27 00:00:45][INFO] Client disconnected. Code: 1001, Reason: 
[2025-06-27 00:00:45][INFO] Client disconnected. Code: 1001, Reason: 
[2025-06-27 00:00:45][INFO] Client disconnected. Code: 1001, Reason: 
[2025-06-27 00:00:45][INFO] Client disconnected. Code: 1001, Reason: 
[2025-06-27 00:00:45][INFO] Client disconnected. Code: 1001, Reason: 
[2025-06-27 00:00:45][INFO] Client disconnected. Code: 1001, Reason: 
[2025-06-27 00:00:45][INFO] Client disconnected. Code: 1001, Reason: 
[2025-06-27 00:00:46][INFO] Client connected with IP: 0000:0000:0000:0000:0000:ffff:7f00:0001
[2025-06-27 00:00:46][INFO] Client connected with IP: 0000:0000:0000:0000:0000:ffff:7f00:0001
[2025-06-27 00:00:46][INFO] Client connected with IP: 0000:0000:0000:0000:0000:ffff:7f00:0001
[2025-06-27 00:00:47][INFO] Client connected with IP: 0000:0000:0000:0000:0000:ffff:7f00:0001
[2025-06-27 00:00:47][INFO] Client connected with IP: 0000:0000:0000:0000:0000:ffff:7f00:0001
[2025-06-27 00:00:48][INFO] Client connected with IP: 0000:0000:0000:0000:0000:ffff:7f00:0001
[2025-06-27 00:00:48][INFO] Client connected with IP: 0000:0000:0000:0000:0000:ffff:7f00:0001
[2025-06-27 00:00:48][INFO] Client connected with IP: 0000:0000:0000:0000:0000:ffff:7f00:0001
[2025-06-27 00:00:48][INFO] Client connected with IP: 0000:0000:0000:0000:0000:ffff:7f00:0001
[2025-06-27 00:00:49][INFO] Client connected with IP: 0000:0000:0000:0000:0000:ffff:7f00:0001
[2025-06-27 00:00:49][INFO] Client connected with IP: 0000:0000:0000:0000:0000:ffff:7f00:0001
[2025-06-27 00:00:49][INFO] Client connected with IP: 0000:0000:0000:0000:0000:ffff:7f00:0001
[2025-06-27 00:01:03][INFO] Client disconnected. Code: 1001, Reason: 
[2025-06-27 00:01:03][INFO] Client disconnected. Code: 1001, Reason: 
[2025-06-27 00:01:03][INFO] Client disconnected. Code: 1001, Reason: 
[2025-06-27 00:01:03][INFO] Client disconnected. Code: 1001, Reason: 
[2025-06-27 00:01:03][INFO] Client disconnected. Code: 1001, Reason: 
[2025-06-27 00:01:03][INFO] Client disconnected. Code: 1001, Reason: 
[2025-06-27 00:01:03][INFO] Client disconnected. Code: 1001, Reason: 
[2025-06-27 00:01:03][INFO] Client disconnected. Code: 1001, Reason: 
[2025-06-27 00:01:03][INFO] Client disconnected. Code: 1001, Reason: 
[2025-06-27 00:01:03][INFO] Client disconnected. Code: 1001, Reason: 
[2025-06-27 00:01:03][INFO] Client disconnected. Code: 1001, Reason: 
[2025-06-27 00:01:03][INFO] Client disconnected. Code: 1001, Reason: 
[2025-06-27 00:01:03][INFO] Client connected with IP: 0000:0000:0000:0000:0000:ffff:7f00:0001
[2025-06-27 00:01:03][INFO] Client connected with IP: 0000:0000:0000:0000:0000:ffff:7f00:0001
[2025-06-27 00:01:04][INFO] Client connected with IP: 0000:0000:0000:0000:0000:ffff:7f00:0001
[2025-06-27 00:01:04][INFO] Client connected with IP: 0000:0000:0000:0000:0000:ffff:7f00:0001
[2025-06-27 00:01:04][INFO] Client connected with IP: 0000:0000:0000:0000:0000:ffff:7f00:0001
[2025-06-27 00:01:04][INFO] Client connected with IP: 0000:0000:0000:0000:0000:ffff:7f00:0001
[2025-06-27 00:01:05][INFO] Client connected with IP: 0000:0000:0000:0000:0000:ffff:7f00:0001
[2025-06-27 00:01:05][INFO] Client connected with IP: 0000:0000:0000:0000:0000:ffff:7f00:0001
[2025-06-27 00:01:10][INFO] User 'Rutuja' logged in successfully
[2025-06-27 00:01:10][INFO] Client connected with IP: 0000:0000:0000:0000:0000:ffff:7f00:0001
[2025-06-27 00:01:12][INFO] Client connected with IP: 0000:0000:0000:0000:0000:ffff:7f00:0001
[2025-06-27 00:01:12][INFO] Client connected with IP: 0000:0000:0000:0000:0000:ffff:7f00:0001
[2025-06-27 00:01:13][INFO] Client connected with IP: 0000:0000:0000:0000:0000:ffff:7f00:0001
[2025-06-27 00:01:13][INFO] Client connected with IP: 0000:0000:0000:0000:0000:ffff:7f00:0001
[2025-06-27 00:01:13][INFO] Client connected with IP: 0000:0000:0000:0000:0000:ffff:7f00:0001
[2025-06-27 00:01:13][INFO] Client connected with IP: 0000:0000:0000:0000:0000:ffff:7f00:0001
[2025-06-27 00:01:13][INFO] Client connected with IP: 0000:0000:0000:0000:0000:ffff:7f00:0001
[2025-06-27 00:01:14][INFO] Client connected with IP: 0000:0000:0000:0000:0000:ffff:7f00:0001
[2025-06-27 00:01:14][INFO] Client connected with IP: 0000:0000:0000:0000:0000:ffff:7f00:0001
[2025-06-27 00:01:14][INFO] Client connected with IP: 0000:0000:0000:0000:0000:ffff:7f00:0001
[2025-06-27 00:01:14][INFO] Client connected with IP: 0000:0000:0000:0000:0000:ffff:7f00:0001
[2025-06-27 00:01:14][INFO] Client connected with IP: 0000:0000:0000:0000:0000:ffff:7f00:0001
[2025-06-27 00:01:14][INFO] Client connected with IP: 0000:0000:0000:0000:0000:ffff:7f00:0001
[2025-06-27 00:01:14][INFO] Client connected with IP: 0000:0000:0000:0000:0000:ffff:7f00:0001
[2025-06-27 00:01:15][INFO] Client connected with IP: 0000:0000:0000:0000:0000:ffff:7f00:0001
[2025-06-27 00:01:15][INFO] Client connected with IP: 0000:0000:0000:0000:0000:ffff:7f00:0001
[2025-06-27 00:01:15][INFO] Client connected with IP: 0000:0000:0000:0000:0000:ffff:7f00:0001
[2025-06-27 00:02:27][INFO] Client disconnected. Code: 1001, Reason: 
[2025-06-27 00:02:27][INFO] Client disconnected. Code: 1001, Reason: 
[2025-06-27 00:02:27][INFO] Client disconnected. Code: 1001, Reason: 
[2025-06-27 00:02:27][INFO] Client disconnected. Code: 1001, Reason: 
[2025-06-27 00:02:27][INFO] Client disconnected. Code: 1001, Reason: 
[2025-06-27 00:02:27][INFO] Client disconnected. Code: 1001, Reason: 
[2025-06-27 00:02:27][INFO] Client disconnected. Code: 1001, Reason: 
[2025-06-27 00:02:27][INFO] Client disconnected. Code: 1001, Reason: 
[2025-06-27 00:02:27][INFO] Client disconnected. Code: 1001, Reason: 
[2025-06-27 00:02:27][INFO] Client disconnected. Code: 1001, Reason: 
[2025-06-27 00:02:27][INFO] Client disconnected. Code: 1001, Reason: 
[2025-06-27 00:02:27][INFO] Client disconnected. Code: 1001, Reason: 
[2025-06-27 00:02:27][INFO] Client disconnected. Code: 1001, Reason: 
[2025-06-27 00:02:27][INFO] Client disconnected. Code: 1001, Reason: 
[2025-06-27 00:02:27][INFO] Client disconnected. Code: 1001, Reason: 
[2025-06-27 00:02:27][INFO] Client disconnected. Code: 1001, Reason: 
[2025-06-27 00:02:27][INFO] Client disconnected. Code: 1001, Reason: 
[2025-06-27 00:02:27][INFO] Client disconnected. Code: 1001, Reason: 
[2025-06-27 00:02:27][INFO] Client disconnected. Code: 1001, Reason: 
[2025-06-27 00:02:27][INFO] Client disconnected. Code: 1001, Reason: 
[2025-06-27 00:02:27][INFO] Client disconnected. Code: 1001, Reason: 
[2025-06-27 00:02:27][INFO] Client disconnected. Code: 1001, Reason: 
[2025-06-27 00:02:27][INFO] Client disconnected. Code: 1001, Reason: 
[2025-06-27 00:02:27][INFO] Client disconnected. Code: 1001, Reason: 
[2025-06-27 00:02:27][INFO] Client disconnected. Code: 1001, Reason: 
[2025-06-27 00:02:27][INFO] Client disconnected. Code: 1001, Reason: 
[2025-06-27 00:02:28][INFO] Client connected with IP: 0000:0000:0000:0000:0000:ffff:7f00:0001
[2025-06-27 00:02:28][INFO] Client connected with IP: 0000:0000:0000:0000:0000:ffff:7f00:0001
[2025-06-27 00:02:28][INFO] Client connected with IP: 0000:0000:0000:0000:0000:ffff:7f00:0001
[2025-06-27 00:02:28][INFO] Client connected with IP: 0000:0000:0000:0000:0000:ffff:7f00:0001
[2025-06-27 00:02:28][INFO] Client connected with IP: 0000:0000:0000:0000:0000:ffff:7f00:0001
[2025-06-27 00:02:28][INFO] Client connected with IP: 0000:0000:0000:0000:0000:ffff:7f00:0001
[2025-06-27 00:02:29][INFO] Client connected with IP: 0000:0000:0000:0000:0000:ffff:7f00:0001
[2025-06-27 00:02:29][INFO] Client connected with IP: 0000:0000:0000:0000:0000:ffff:7f00:0001
[2025-06-27 00:02:29][INFO] Client connected with IP: 0000:0000:0000:0000:0000:ffff:7f00:0001
[2025-06-27 00:02:30][INFO] Client connected with IP: 0000:0000:0000:0000:0000:ffff:7f00:0001
[2025-06-27 00:02:30][INFO] Client connected with IP: 0000:0000:0000:0000:0000:ffff:7f00:0001
[2025-06-27 00:02:30][INFO] Client connected with IP: 0000:0000:0000:0000:0000:ffff:7f00:0001
[2025-06-27 00:02:35][INFO] User 'Rutuja' logged in successfully
[2025-06-27 00:02:35][INFO] Client connected with IP: 0000:0000:0000:0000:0000:ffff:7f00:0001
[2025-06-27 00:02:35][INFO] Client connected with IP: 0000:0000:0000:0000:0000:ffff:7f00:0001
[2025-06-27 00:02:35][INFO] Client connected with IP: 0000:0000:0000:0000:0000:ffff:7f00:0001
[2025-06-27 00:02:35][INFO] Client connected with IP: 0000:0000:0000:0000:0000:ffff:7f00:0001
[2025-06-27 00:02:35][INFO] Client connected with IP: 0000:0000:0000:0000:0000:ffff:7f00:0001
[2025-06-27 00:02:36][INFO] Client connected with IP: 0000:0000:0000:0000:0000:ffff:7f00:0001
[2025-06-27 00:02:36][INFO] Client connected with IP: 0000:0000:0000:0000:0000:ffff:7f00:0001
[2025-06-27 00:02:36][INFO] Client connected with IP: 0000:0000:0000:0000:0000:ffff:7f00:0001
[2025-06-27 00:02:36][INFO] Client connected with IP: 0000:0000:0000:0000:0000:ffff:7f00:0001
[2025-06-27 00:02:36][INFO] Client connected with IP: 0000:0000:0000:0000:0000:ffff:7f00:0001
[2025-06-27 00:02:36][INFO] Client connected with IP: 0000:0000:0000:0000:0000:ffff:7f00:0001
[2025-06-27 00:02:36][INFO] Client connected with IP: 0000:0000:0000:0000:0000:ffff:7f00:0001
[2025-06-27 00:02:37][INFO] Client connected with IP: 0000:0000:0000:0000:0000:ffff:7f00:0001
[2025-06-27 00:02:37][INFO] Client connected with IP: 0000:0000:0000:0000:0000:ffff:7f00:0001
[2025-06-27 00:02:37][INFO] Client connected with IP: 0000:0000:0000:0000:0000:ffff:7f00:0001
[2025-06-27 00:02:37][INFO] Client connected with IP: 0000:0000:0000:0000:0000:ffff:7f00:0001
[2025-06-27 00:20:41][INFO] Client disconnected. Code: 1001, Reason: 
[2025-06-27 00:20:41][INFO] Client disconnected. Code: 1001, Reason: 
[2025-06-27 00:20:41][INFO] Client disconnected. Code: 1001, Reason: 
[2025-06-27 00:20:41][INFO] Client disconnected. Code: 1001, Reason: 
[2025-06-27 00:20:41][INFO] Client disconnected. Code: 1001, Reason: 
[2025-06-27 00:20:41][INFO] Client disconnected. Code: 1001, Reason: 
[2025-06-27 00:20:41][INFO] Client disconnected. Code: 1001, Reason: 
[2025-06-27 00:20:41][INFO] Client disconnected. Code: 1001, Reason: 
[2025-06-27 00:20:41][INFO] Client disconnected. Code: 1001, Reason: 
[2025-06-27 00:20:41][INFO] Client disconnected. Code: 1001, Reason: 
[2025-06-27 00:20:41][INFO] Client disconnected. Code: 1001, Reason: 
[2025-06-27 00:20:41][INFO] Client disconnected. Code: 1001, Reason: 
[2025-06-27 00:20:41][INFO] Client disconnected. Code: 1001, Reason: 
[2025-06-27 00:20:41][INFO] Client disconnected. Code: 1001, Reason: 
[2025-06-27 00:20:41][INFO] Client disconnected. Code: 1001, Reason: 
[2025-06-27 00:20:41][INFO] Client disconnected. Code: 1001, Reason: 
[2025-06-27 00:20:41][INFO] Client disconnected. Code: 1001, Reason: 
[2025-06-27 00:20:41][INFO] Client disconnected. Code: 1001, Reason: 
[2025-06-27 00:20:41][INFO] Client disconnected. Code: 1001, Reason: 
[2025-06-27 00:20:41][INFO] Client disconnected. Code: 1001, Reason: 
[2025-06-27 00:20:41][INFO] Client disconnected. Code: 1001, Reason: 
[2025-06-27 00:20:41][INFO] Client disconnected. Code: 1001, Reason: 
[2025-06-27 00:20:41][INFO] Client disconnected. Code: 1001, Reason: 
[2025-06-27 00:20:41][INFO] Client disconnected. Code: 1001, Reason: 
[2025-06-27 00:20:41][INFO] Client disconnected. Code: 1001, Reason: 
[2025-06-27 00:20:41][INFO] Client disconnected. Code: 1001, Reason: 
[2025-06-27 00:20:41][INFO] Client disconnected. Code: 1001, Reason: 
[2025-06-27 00:20:41][INFO] Client disconnected. Code: 1001, Reason: 
[2025-06-27 00:20:42][INFO] Client connected with IP: 0000:0000:0000:0000:0000:ffff:7f00:0001
[2025-06-27 00:20:42][INFO] Client connected with IP: 0000:0000:0000:0000:0000:ffff:7f00:0001
[2025-06-27 00:20:42][INFO] Client connected with IP: 0000:0000:0000:0000:0000:ffff:7f00:0001
[2025-06-27 00:20:42][INFO] Client connected with IP: 0000:0000:0000:0000:0000:ffff:7f00:0001
[2025-06-27 00:20:43][INFO] Client connected with IP: 0000:0000:0000:0000:0000:ffff:7f00:0001
[2025-06-27 00:20:43][INFO] Client connected with IP: 0000:0000:0000:0000:0000:ffff:7f00:0001
[2025-06-27 00:20:43][INFO] Client connected with IP: 0000:0000:0000:0000:0000:ffff:7f00:0001
[2025-06-27 00:20:43][INFO] Client connected with IP: 0000:0000:0000:0000:0000:ffff:7f00:0001
[2025-06-27 00:20:43][INFO] Client connected with IP: 0000:0000:0000:0000:0000:ffff:7f00:0001
[2025-06-27 00:20:43][INFO] Client connected with IP: 0000:0000:0000:0000:0000:ffff:7f00:0001
[2025-06-27 00:20:43][INFO] Client connected with IP: 0000:0000:0000:0000:0000:ffff:7f00:0001
[2025-06-27 00:20:43][INFO] Client connected with IP: 0000:0000:0000:0000:0000:ffff:7f00:0001
[2025-06-27 00:22:06][INFO] Client disconnected. Code: 1001, Reason: 
[2025-06-27 00:22:06][INFO] Client disconnected. Code: 1001, Reason: 
[2025-06-27 00:22:06][INFO] Client disconnected. Code: 1001, Reason: 
[2025-06-27 00:22:06][INFO] Client disconnected. Code: 1001, Reason: 
[2025-06-27 00:22:06][INFO] Client disconnected. Code: 1001, Reason: 
[2025-06-27 00:22:06][INFO] Client disconnected. Code: 1001, Reason: 
[2025-06-27 00:22:06][INFO] Client disconnected. Code: 1001, Reason: 
[2025-06-27 00:22:06][INFO] Client disconnected. Code: 1001, Reason: 
[2025-06-27 00:22:06][INFO] Client disconnected. Code: 1001, Reason: 
[2025-06-27 00:22:06][INFO] Client disconnected. Code: 1001, Reason: 
[2025-06-27 00:22:06][INFO] Client disconnected. Code: 1001, Reason: 
[2025-06-27 00:22:06][INFO] Client disconnected. Code: 1001, Reason: 
[2025-06-27 00:22:07][INFO] Client connected with IP: 0000:0000:0000:0000:0000:ffff:7f00:0001
[2025-06-27 00:22:07][INFO] Client connected with IP: 0000:0000:0000:0000:0000:ffff:7f00:0001
[2025-06-27 00:22:07][INFO] Client connected with IP: 0000:0000:0000:0000:0000:ffff:7f00:0001
[2025-06-27 00:22:08][INFO] Client connected with IP: 0000:0000:0000:0000:0000:ffff:7f00:0001
[2025-06-27 00:22:08][INFO] Client connected with IP: 0000:0000:0000:0000:0000:ffff:7f00:0001
[2025-06-27 00:22:08][INFO] Client connected with IP: 0000:0000:0000:0000:0000:ffff:7f00:0001
[2025-06-27 00:22:08][INFO] Client connected with IP: 0000:0000:0000:0000:0000:ffff:7f00:0001
[2025-06-27 00:22:08][INFO] Client connected with IP: 0000:0000:0000:0000:0000:ffff:7f00:0001
[2025-06-27 00:25:49][INFO] Client connected with IP: 0000:0000:0000:0000:0000:ffff:7f00:0001
[2025-06-27 00:25:49][INFO] Client connected with IP: 0000:0000:0000:0000:0000:ffff:7f00:0001
[2025-06-27 00:25:49][INFO] Client connected with IP: 0000:0000:0000:0000:0000:ffff:7f00:0001
[2025-06-27 00:25:49][INFO] Client connected with IP: 0000:0000:0000:0000:0000:ffff:7f00:0001
[2025-06-27 00:25:49][INFO] Client connected with IP: 0000:0000:0000:0000:0000:ffff:7f00:0001
[2025-06-27 00:25:49][INFO] Client connected with IP: 0000:0000:0000:0000:0000:ffff:7f00:0001
[2025-06-27 00:26:06][INFO] Client disconnected. Code: 1001, Reason: 
[2025-06-27 00:26:06][INFO] Client disconnected. Code: 1001, Reason: 
[2025-06-27 00:26:06][INFO] Client disconnected. Code: 1001, Reason: 
[2025-06-27 00:26:06][INFO] Client disconnected. Code: 1001, Reason: 
[2025-06-27 00:26:06][INFO] Client disconnected. Code: 1001, Reason: 
[2025-06-27 00:26:06][INFO] Client disconnected. Code: 1001, Reason: 
[2025-06-27 00:26:06][INFO] Client connected with IP: 0000:0000:0000:0000:0000:ffff:7f00:0001
[2025-06-27 00:26:06][INFO] Client connected with IP: 0000:0000:0000:0000:0000:ffff:7f00:0001
[2025-06-27 00:26:06][INFO] Client connected with IP: 0000:0000:0000:0000:0000:ffff:7f00:0001
[2025-06-27 00:26:06][INFO] Client connected with IP: 0000:0000:0000:0000:0000:ffff:7f00:0001
[2025-06-27 00:26:06][INFO] Client connected with IP: 0000:0000:0000:0000:0000:ffff:7f00:0001
[2025-06-27 00:26:06][INFO] Client connected with IP: 0000:0000:0000:0000:0000:ffff:7f00:0001
[2025-06-27 00:26:15][INFO] Client connected with IP: 0000:0000:0000:0000:0000:ffff:7f00:0001
[2025-06-27 00:26:15][INFO] Client connected with IP: 0000:0000:0000:0000:0000:ffff:7f00:0001
[2025-06-27 00:26:15][INFO] Client connected with IP: 0000:0000:0000:0000:0000:ffff:7f00:0001
[2025-06-27 00:26:15][INFO] Client connected with IP: 0000:0000:0000:0000:0000:ffff:7f00:0001
[2025-06-27 00:26:15][INFO] Client connected with IP: 0000:0000:0000:0000:0000:ffff:7f00:0001
[2025-06-27 00:26:15][INFO] Client connected with IP: 0000:0000:0000:0000:0000:ffff:7f00:0001
[2025-06-27 00:26:20][INFO] User 'vaibz' logged in successfully
[2025-06-27 00:26:20][INFO] Client connected with IP: 0000:0000:0000:0000:0000:ffff:7f00:0001
[2025-06-27 00:26:20][INFO] Client connected with IP: 0000:0000:0000:0000:0000:ffff:7f00:0001
[2025-06-27 00:26:20][INFO] Client connected with IP: 0000:0000:0000:0000:0000:ffff:7f00:0001
[2025-06-27 00:26:20][INFO] Client connected with IP: 0000:0000:0000:0000:0000:ffff:7f00:0001
[2025-06-27 00:26:20][INFO] Client connected with IP: 0000:0000:0000:0000:0000:ffff:7f00:0001
[2025-06-27 00:26:20][INFO] Client connected with IP: 0000:0000:0000:0000:0000:ffff:7f00:0001
[2025-06-27 00:26:20][INFO] Client connected with IP: 0000:0000:0000:0000:0000:ffff:7f00:0001
[2025-06-27 00:26:20][INFO] Client connected with IP: 0000:0000:0000:0000:0000:ffff:7f00:0001
[2025-06-27 00:26:22][INFO] Client connected with IP: 0000:0000:0000:0000:0000:ffff:7f00:0001
[2025-06-27 00:26:22][INFO] Client connected with IP: 0000:0000:0000:0000:0000:ffff:7f00:0001
[2025-06-27 00:27:16][INFO] Client disconnected. Code: 1001, Reason: 
[2025-06-27 00:27:16][INFO] Client disconnected. Code: 1001, Reason: 
[2025-06-27 00:27:16][INFO] Client disconnected. Code: 1001, Reason: 
[2025-06-27 00:27:16][INFO] Client disconnected. Code: 1001, Reason: 
[2025-06-27 00:27:16][INFO] Client disconnected. Code: 1001, Reason: 
[2025-06-27 00:27:16][INFO] Client disconnected. Code: 1001, Reason: 
[2025-06-27 00:27:16][INFO] Client disconnected. Code: 1001, Reason: 
[2025-06-27 00:27:16][INFO] Client disconnected. Code: 1001, Reason: 
[2025-06-27 00:27:22][INFO] Client disconnected. Code: 1001, Reason: 
[2025-06-27 00:27:22][INFO] Client disconnected. Code: 1001, Reason: 
[2025-06-27 00:27:22][INFO] Client disconnected. Code: 1001, Reason: 
[2025-06-27 00:27:22][INFO] Client disconnected. Code: 1001, Reason: 
[2025-06-27 00:27:22][INFO] Client disconnected. Code: 1001, Reason: 
[2025-06-27 00:27:22][INFO] Client disconnected. Code: 1001, Reason: 
[2025-06-27 00:27:22][INFO] Client disconnected. Code: 1001, Reason: 
[2025-06-27 00:27:22][INFO] Client disconnected. Code: 1001, Reason: 
[2025-06-27 00:27:22][INFO] Client disconnected. Code: 1001, Reason: 
[2025-06-27 00:27:22][INFO] Client disconnected. Code: 1001, Reason: 
[2025-06-27 00:27:22][INFO] Client disconnected. Code: 1001, Reason: 
[2025-06-27 00:27:22][INFO] Client disconnected. Code: 1001, Reason: 
[2025-06-27 00:27:22][INFO] Client disconnected. Code: 1001, Reason: 
[2025-06-27 00:27:22][INFO] Client disconnected. Code: 1001, Reason: 
[2025-06-27 00:27:22][INFO] Client disconnected. Code: 1001, Reason: 
[2025-06-27 00:27:22][INFO] Client disconnected. Code: 1001, Reason: 
[2025-06-27 00:27:22][INFO] Client disconnected. Code: 1001, Reason: 
[2025-06-27 00:27:22][INFO] Client disconnected. Code: 1001, Reason: 
[2025-06-27 00:27:22][INFO] Client disconnected. Code: 1001, Reason: 
[2025-06-27 00:27:22][INFO] Client disconnected. Code: 1001, Reason: 
[2025-06-27 00:27:22][INFO] Client disconnected. Code: 1001, Reason: 
[2025-06-27 00:27:22][INFO] Client disconnected. Code: 1001, Reason: 
[2025-06-27 00:27:22][INFO] Client connected with IP: 0000:0000:0000:0000:0000:ffff:7f00:0001
[2025-06-27 00:27:22][INFO] Client connected with IP: 0000:0000:0000:0000:0000:ffff:7f00:0001
[2025-06-27 00:27:22][INFO] Client connected with IP: 0000:0000:0000:0000:0000:ffff:7f00:0001
[2025-06-27 00:27:22][INFO] Client connected with IP: 0000:0000:0000:0000:0000:ffff:7f00:0001
[2025-06-27 00:27:22][INFO] Client connected with IP: 0000:0000:0000:0000:0000:ffff:7f00:0001
[2025-06-27 00:27:22][INFO] Client connected with IP: 0000:0000:0000:0000:0000:ffff:7f00:0001
[2025-06-27 00:27:22][INFO] Client connected with IP: 0000:0000:0000:0000:0000:ffff:7f00:0001
[2025-06-27 00:27:22][INFO] Client connected with IP: 0000:0000:0000:0000:0000:ffff:7f00:0001
[2025-06-27 00:27:22][INFO] Client connected with IP: 0000:0000:0000:0000:0000:ffff:7f00:0001
[2025-06-27 00:27:22][INFO] Client connected with IP: 0000:0000:0000:0000:0000:ffff:7f00:0001
[2025-06-27 00:27:22][INFO] Client connected with IP: 0000:0000:0000:0000:0000:ffff:7f00:0001
[2025-06-27 00:27:22][INFO] Client connected with IP: 0000:0000:0000:0000:0000:ffff:7f00:0001
[2025-06-27 00:27:28][INFO] User 'vaibz' logged in successfully
[2025-06-27 00:27:28][INFO] Client connected with IP: 0000:0000:0000:0000:0000:ffff:7f00:0001
[2025-06-27 00:27:28][INFO] Client connected with IP: 0000:0000:0000:0000:0000:ffff:7f00:0001
[2025-06-27 00:27:28][INFO] Client connected with IP: 0000:0000:0000:0000:0000:ffff:7f00:0001
[2025-06-27 00:27:28][INFO] Client connected with IP: 0000:0000:0000:0000:0000:ffff:7f00:0001
[2025-06-27 00:27:28][INFO] Client connected with IP: 0000:0000:0000:0000:0000:ffff:7f00:0001
[2025-06-27 00:27:28][INFO] Client connected with IP: 0000:0000:0000:0000:0000:ffff:7f00:0001
[2025-06-27 00:27:28][INFO] Client connected with IP: 0000:0000:0000:0000:0000:ffff:7f00:0001
[2025-06-27 00:27:28][INFO] Client connected with IP: 0000:0000:0000:0000:0000:ffff:7f00:0001
[2025-06-27 00:27:30][INFO] Client connected with IP: 0000:0000:0000:0000:0000:ffff:7f00:0001
[2025-06-27 00:27:30][INFO] Client connected with IP: 0000:0000:0000:0000:0000:ffff:7f00:0001
[2025-06-27 00:40:08][INFO] Server started...
[2025-06-27 00:42:18][INFO] Client connected with IP: 0000:0000:0000:0000:0000:ffff:7f00:0001
[2025-06-27 00:42:19][INFO] Client connected with IP: 0000:0000:0000:0000:0000:ffff:7f00:0001
[2025-06-27 00:42:21][INFO] Client disconnected. Code: 1005, Reason: 
[2025-06-27 00:42:21][INFO] Client connected with IP: 0000:0000:0000:0000:0000:ffff:7f00:0001
[2025-06-27 00:42:36][INFO] User 'Rutuja' logged in successfully
[2025-06-27 00:42:36][INFO] Client disconnected. Code: 1005, Reason: 
[2025-06-27 00:42:36][INFO] Client connected with IP: 0000:0000:0000:0000:0000:ffff:7f00:0001
[2025-06-27 00:45:17][INFO] Client disconnected. Code: 1005, Reason: 
[2025-06-27 00:45:24][INFO] Client connected with IP: 0000:0000:0000:0000:0000:ffff:7f00:0001
[2025-06-27 00:45:25][INFO] Client connected with IP: 0000:0000:0000:0000:0000:ffff:7f00:0001
[2025-06-27 00:45:25][INFO] Client connected with IP: 0000:0000:0000:0000:0000:ffff:7f00:0001
[2025-06-27 00:45:25][INFO] Client connected with IP: 0000:0000:0000:0000:0000:ffff:7f00:0001
[2025-06-27 00:45:25][INFO] Client connected with IP: 0000:0000:0000:0000:0000:ffff:7f00:0001
[2025-06-27 00:45:25][INFO] Client connected with IP: 0000:0000:0000:0000:0000:ffff:7f00:0001
[2025-06-27 00:45:25][INFO] Client connected with IP: 0000:0000:0000:0000:0000:ffff:7f00:0001
[2025-06-27 00:45:25][INFO] Client connected with IP: 0000:0000:0000:0000:0000:ffff:7f00:0001
[2025-06-27 00:45:33][INFO] Client connected with IP: 0000:0000:0000:0000:0000:ffff:7f00:0001
[2025-06-27 00:45:33][INFO] Client connected with IP: 0000:0000:0000:0000:0000:ffff:7f00:0001
[2025-06-27 00:45:35][INFO] Client connected with IP: 0000:0000:0000:0000:0000:ffff:7f00:0001
[2025-06-27 00:45:35][INFO] Client connected with IP: 0000:0000:0000:0000:0000:ffff:7f00:0001
[2025-06-27 00:45:35][INFO] Client connected with IP: 0000:0000:0000:0000:0000:ffff:7f00:0001
[2025-06-27 00:45:36][INFO] Client connected with IP: 0000:0000:0000:0000:0000:ffff:7f00:0001
[2025-06-27 00:45:36][INFO] Client connected with IP: 0000:0000:0000:0000:0000:ffff:7f00:0001
[2025-06-27 00:45:36][INFO] Client connected with IP: 0000:0000:0000:0000:0000:ffff:7f00:0001
[2025-06-27 00:45:36][INFO] Client connected with IP: 0000:0000:0000:0000:0000:ffff:7f00:0001
[2025-06-27 00:45:36][INFO] Client connected with IP: 0000:0000:0000:0000:0000:ffff:7f00:0001
[2025-06-27 00:45:36][INFO] Client connected with IP: 0000:0000:0000:0000:0000:ffff:7f00:0001
[2025-06-27 00:45:36][INFO] Client connected with IP: 0000:0000:0000:0000:0000:ffff:7f00:0001
[2025-06-27 00:45:36][INFO] Client connected with IP: 0000:0000:0000:0000:0000:ffff:7f00:0001
[2025-06-27 00:45:36][INFO] Client connected with IP: 0000:0000:0000:0000:0000:ffff:7f00:0001
[2025-06-27 00:45:36][INFO] Client connected with IP: 0000:0000:0000:0000:0000:ffff:7f00:0001
[2025-06-27 00:45:37][INFO] Client connected with IP: 0000:0000:0000:0000:0000:ffff:7f00:0001
[2025-06-27 00:45:37][INFO] Client connected with IP: 0000:0000:0000:0000:0000:ffff:7f00:0001
[2025-06-27 00:45:37][INFO] Client connected with IP: 0000:0000:0000:0000:0000:ffff:7f00:0001
[2025-06-27 00:45:37][INFO] Client connected with IP: 0000:0000:0000:0000:0000:ffff:7f00:0001
[2025-06-27 00:45:37][INFO] Client connected with IP: 0000:0000:0000:0000:0000:ffff:7f00:0001
[2025-06-27 00:45:39][INFO] Client connected with IP: 0000:0000:0000:0000:0000:ffff:7f00:0001
[2025-06-27 00:45:39][INFO] Client connected with IP: 0000:0000:0000:0000:0000:ffff:7f00:0001
[2025-06-27 00:45:40][INFO] Client connected with IP: 0000:0000:0000:0000:0000:ffff:7f00:0001
[2025-06-27 00:45:40][INFO] Client connected with IP: 0000:0000:0000:0000:0000:ffff:7f00:0001
[2025-06-27 00:45:40][INFO] Client connected with IP: 0000:0000:0000:0000:0000:ffff:7f00:0001
[2025-06-27 00:45:40][INFO] Client connected with IP: 0000:0000:0000:0000:0000:ffff:7f00:0001
[2025-06-27 00:45:50][INFO] Client disconnected. Code: 1001, Reason: 
[2025-06-27 00:45:50][INFO] Client disconnected. Code: 1001, Reason: 
[2025-06-27 00:45:50][INFO] Client disconnected. Code: 1001, Reason: 
[2025-06-27 00:45:50][INFO] Client disconnected. Code: 1001, Reason: 
[2025-06-27 00:45:50][INFO] Client disconnected. Code: 1001, Reason: 
[2025-06-27 00:45:50][INFO] Client disconnected. Code: 1001, Reason: 
[2025-06-27 00:45:50][INFO] Client disconnected. Code: 1001, Reason: 
[2025-06-27 00:45:50][INFO] Client disconnected. Code: 1001, Reason: 
[2025-06-27 00:45:50][INFO] Client disconnected. Code: 1001, Reason: 
[2025-06-27 00:45:50][INFO] Client disconnected. Code: 1001, Reason: 
[2025-06-27 00:45:50][INFO] Client disconnected. Code: 1001, Reason: 
[2025-06-27 00:45:50][INFO] Client disconnected. Code: 1001, Reason: 
[2025-06-27 00:45:50][INFO] Client disconnected. Code: 1001, Reason: 
[2025-06-27 00:45:50][INFO] Client disconnected. Code: 1001, Reason: 
[2025-06-27 00:45:50][INFO] Client disconnected. Code: 1001, Reason: 
[2025-06-27 00:45:50][INFO] Client disconnected. Code: 1001, Reason: 
[2025-06-27 00:45:50][INFO] Client disconnected. Code: 1001, Reason: 
[2025-06-27 00:45:50][INFO] Client disconnected. Code: 1001, Reason: 
[2025-06-27 00:45:50][INFO] Client disconnected. Code: 1001, Reason: 
[2025-06-27 00:45:50][INFO] Client disconnected. Code: 1001, Reason: 
[2025-06-27 00:45:50][INFO] Client disconnected. Code: 1001, Reason: 
[2025-06-27 00:45:50][INFO] Client disconnected. Code: 1001, Reason: 
[2025-06-27 00:45:50][INFO] Client disconnected. Code: 1001, Reason: 
[2025-06-27 00:45:50][INFO] Client disconnected. Code: 1001, Reason: 
[2025-06-27 00:45:50][INFO] Client disconnected. Code: 1001, Reason: 
[2025-06-27 00:45:50][INFO] Client disconnected. Code: 1001, Reason: 
[2025-06-27 00:45:50][INFO] Client disconnected. Code: 1001, Reason: 
[2025-06-27 00:45:50][INFO] Client disconnected. Code: 1001, Reason: 
[2025-06-27 00:45:50][INFO] Client disconnected. Code: 1001, Reason: 
[2025-06-27 00:45:50][INFO] Client disconnected. Code: 1001, Reason: 
[2025-06-27 00:45:50][INFO] Client disconnected. Code: 1001, Reason: 
[2025-06-27 00:45:50][INFO] Client disconnected. Code: 1001, Reason: 
[2025-06-27 00:45:50][INFO] Client disconnected. Code: 1001, Reason: 
[2025-06-27 00:45:50][INFO] Client disconnected. Code: 1001, Reason: 
[2025-06-27 00:45:50][INFO] Client disconnected. Code: 1001, Reason: 
[2025-06-27 00:45:51][INFO] Client connected with IP: 0000:0000:0000:0000:0000:ffff:7f00:0001
[2025-06-27 00:45:51][INFO] Client connected with IP: 0000:0000:0000:0000:0000:ffff:7f00:0001
[2025-06-27 00:45:51][INFO] Client connected with IP: 0000:0000:0000:0000:0000:ffff:7f00:0001
[2025-06-27 00:45:51][INFO] Client connected with IP: 0000:0000:0000:0000:0000:ffff:7f00:0001
[2025-06-27 00:45:51][INFO] Client connected with IP: 0000:0000:0000:0000:0000:ffff:7f00:0001
[2025-06-27 00:45:51][INFO] Client connected with IP: 0000:0000:0000:0000:0000:ffff:7f00:0001
[2025-06-27 00:45:52][INFO] Client connected with IP: 0000:0000:0000:0000:0000:ffff:7f00:0001
[2025-06-27 00:45:52][INFO] Client connected with IP: 0000:0000:0000:0000:0000:ffff:7f00:0001
[2025-06-27 00:46:47][INFO] Client connected with IP: 0000:0000:0000:0000:0000:ffff:7f00:0001
[2025-06-27 00:46:47][INFO] Client connected with IP: 0000:0000:0000:0000:0000:ffff:7f00:0001
[2025-06-27 00:46:47][INFO] Client connected with IP: 0000:0000:0000:0000:0000:ffff:7f00:0001
[2025-06-27 00:46:48][INFO] Client connected with IP: 0000:0000:0000:0000:0000:ffff:7f00:0001
[2025-06-27 00:46:48][INFO] Client connected with IP: 0000:0000:0000:0000:0000:ffff:7f00:0001
[2025-06-27 00:46:48][INFO] Client connected with IP: 0000:0000:0000:0000:0000:ffff:7f00:0001
[2025-06-27 00:46:55][INFO] User 'Rutuja' logged in successfully
[2025-06-27 00:46:55][INFO] Client connected with IP: 0000:0000:0000:0000:0000:ffff:7f00:0001
[2025-06-27 00:46:55][INFO] Client connected with IP: 0000:0000:0000:0000:0000:ffff:7f00:0001
[2025-06-27 00:46:55][INFO] Client connected with IP: 0000:0000:0000:0000:0000:ffff:7f00:0001
[2025-06-27 00:46:55][INFO] Client connected with IP: 0000:0000:0000:0000:0000:ffff:7f00:0001
[2025-06-27 00:46:55][INFO] Client connected with IP: 0000:0000:0000:0000:0000:ffff:7f00:0001
[2025-06-27 00:46:55][INFO] Client connected with IP: 0000:0000:0000:0000:0000:ffff:7f00:0001
[2025-06-27 00:46:56][INFO] Client connected with IP: 0000:0000:0000:0000:0000:ffff:7f00:0001
[2025-06-27 00:46:56][INFO] Client connected with IP: 0000:0000:0000:0000:0000:ffff:7f00:0001
[2025-06-27 00:46:56][INFO] Client connected with IP: 0000:0000:0000:0000:0000:ffff:7f00:0001
[2025-06-27 00:46:56][INFO] Client connected with IP: 0000:0000:0000:0000:0000:ffff:7f00:0001
[2025-06-27 00:46:56][INFO] Client connected with IP: 0000:0000:0000:0000:0000:ffff:7f00:0001
[2025-06-27 00:46:56][INFO] Client connected with IP: 0000:0000:0000:0000:0000:ffff:7f00:0001
[2025-06-27 00:46:56][INFO] Client connected with IP: 0000:0000:0000:0000:0000:ffff:7f00:0001
[2025-06-27 00:46:56][INFO] Client connected with IP: 0000:0000:0000:0000:0000:ffff:7f00:0001
[2025-06-27 00:46:57][INFO] Client connected with IP: 0000:0000:0000:0000:0000:ffff:7f00:0001
[2025-06-27 00:46:57][INFO] Client connected with IP: 0000:0000:0000:0000:0000:ffff:7f00:0001
[2025-06-27 00:46:57][INFO] Client connected with IP: 0000:0000:0000:0000:0000:ffff:7f00:0001
[2025-06-27 00:46:57][INFO] Client connected with IP: 0000:0000:0000:0000:0000:ffff:7f00:0001
[2025-06-27 00:51:12][INFO] Server started...
[2025-06-27 00:51:58][INFO] Client connected with IP: 0000:0000:0000:0000:0000:ffff:7f00:0001
[2025-06-27 00:51:59][INFO] Client connected with IP: 0000:0000:0000:0000:0000:ffff:7f00:0001
[2025-06-27 00:51:59][INFO] Client connected with IP: 0000:0000:0000:0000:0000:ffff:7f00:0001
[2025-06-27 00:51:59][INFO] Client connected with IP: 0000:0000:0000:0000:0000:ffff:7f00:0001
[2025-06-27 00:51:59][INFO] Client connected with IP: 0000:0000:0000:0000:0000:ffff:7f00:0001
[2025-06-27 00:51:59][INFO] Client connected with IP: 0000:0000:0000:0000:0000:ffff:7f00:0001
[2025-06-27 00:51:59][INFO] Client connected with IP: 0000:0000:0000:0000:0000:ffff:7f00:0001
[2025-06-27 00:51:59][INFO] Client connected with IP: 0000:0000:0000:0000:0000:ffff:7f00:0001
[2025-06-27 00:51:59][INFO] Client connected with IP: 0000:0000:0000:0000:0000:ffff:7f00:0001
[2025-06-27 00:52:13][INFO] Client disconnected. Code: 1005, Reason: 
[2025-06-27 00:52:13][INFO] Client connected with IP: 0000:0000:0000:0000:0000:ffff:7f00:0001
[2025-06-27 00:52:18][INFO] Client disconnected. Code: 1005, Reason: 
[2025-06-27 00:52:18][INFO] Client connected with IP: 0000:0000:0000:0000:0000:ffff:7f00:0001
[2025-06-27 00:52:50][INFO] Client connected with IP: 0000:0000:0000:0000:0000:ffff:7f00:0001
[2025-06-27 00:52:50][INFO] Client connected with IP: 0000:0000:0000:0000:0000:ffff:7f00:0001
[2025-06-27 00:52:51][INFO] Client disconnected. Code: 1001, Reason: 
[2025-06-27 00:52:51][INFO] Client disconnected. Code: 1001, Reason: 
[2025-06-27 00:52:51][INFO] Client disconnected. Code: 1001, Reason: 
[2025-06-27 00:52:51][INFO] Client disconnected. Code: 1001, Reason: 
[2025-06-27 00:52:51][INFO] Client disconnected. Code: 1001, Reason: 
[2025-06-27 00:52:51][INFO] Client disconnected. Code: 1001, Reason: 
[2025-06-27 00:52:51][INFO] Client disconnected. Code: 1001, Reason: 
[2025-06-27 00:52:51][INFO] Client disconnected. Code: 1001, Reason: 
[2025-06-27 00:52:51][INFO] Client disconnected. Code: 1001, Reason: 
[2025-06-27 00:53:08][INFO] User 'Rutuja' logged in successfully
[2025-06-27 00:54:03][INFO] Client disconnected. Code: 1001, Reason: 
[2025-06-27 00:54:03][INFO] Client disconnected. Code: 1001, Reason: 
[2025-06-27 00:54:19][INFO] Client connected with IP: 0000:0000:0000:0000:0000:ffff:7f00:0001
[2025-06-27 00:54:19][INFO] Client connected with IP: 0000:0000:0000:0000:0000:ffff:7f00:0001
[2025-06-27 00:54:27][INFO] User 'Rutuja' logged in successfully
[2025-06-27 00:55:15][INFO] Client disconnected. Code: 1001, Reason: 
[2025-06-27 00:55:15][INFO] Client disconnected. Code: 1001, Reason: 
[2025-06-27 23:03:30][INFO] Server started...
[2025-06-27 23:04:05][INFO] Client connected with IP: 0000:0000:0000:0000:0000:0000:0000:0001
[2025-06-27 23:04:05][INFO] Client connected with IP: 0000:0000:0000:0000:0000:0000:0000:0001
[2025-06-27 23:04:07][INFO] Client connected with IP: 0000:0000:0000:0000:0000:0000:0000:0001
[2025-06-27 23:04:07][INFO] Client connected with IP: 0000:0000:0000:0000:0000:0000:0000:0001
[2025-06-27 23:04:18][INFO] User 'vaibz' logged in successfully
[2025-06-27 23:11:42][INFO] Server started...
[2025-06-27 23:11:46][INFO] Client connected with IP: 0000:0000:0000:0000:0000:0000:0000:0001
[2025-06-27 23:11:46][INFO] Client connected with IP: 0000:0000:0000:0000:0000:0000:0000:0001
[2025-06-27 23:11:53][INFO] User 'vaibz' logged in successfully
[2025-06-27 23:13:57][INFO] Server started...
[2025-06-27 23:14:00][INFO] Client connected with IP: 0000:0000:0000:0000:0000:0000:0000:0001
[2025-06-27 23:14:00][INFO] Client connected with IP: 0000:0000:0000:0000:0000:0000:0000:0001
[2025-06-27 23:14:07][INFO] User 'vaibz' logged in successfully
[2025-06-27 23:14:11][ERROR] row column
[2025-06-27 23:14:26][ERROR] row column
[2025-06-27 23:14:53][INFO] Server started...
[2025-06-27 23:14:59][INFO] Client connected with IP: 0000:0000:0000:0000:0000:0000:0000:0001
[2025-06-27 23:14:59][INFO] Client connected with IP: 0000:0000:0000:0000:0000:0000:0000:0001
[2025-06-27 23:15:10][INFO] User 'vaibz' logged in successfully
[2025-06-27 23:15:51][ERROR] row column
[2025-06-27 23:18:43][INFO] Server started...
[2025-06-27 23:18:47][INFO] Client connected with IP: 0000:0000:0000:0000:0000:0000:0000:0001
[2025-06-27 23:18:47][INFO] Client connected with IP: 0000:0000:0000:0000:0000:0000:0000:0001
[2025-06-27 23:18:53][INFO] User 'vaibz' logged in successfully
[2025-06-27 23:19:55][INFO] Server started...
[2025-06-27 23:20:30][INFO] Client connected with IP: 0000:0000:0000:0000:0000:0000:0000:0001
[2025-06-27 23:20:30][INFO] Client connected with IP: 0000:0000:0000:0000:0000:0000:0000:0001
[2025-06-27 23:20:38][INFO] User 'vaibz' logged in successfully
[2025-06-27 23:22:22][INFO] Server started...
[2025-06-27 23:22:26][INFO] Client connected with IP: 0000:0000:0000:0000:0000:0000:0000:0001
[2025-06-27 23:22:26][INFO] Client connected with IP: 0000:0000:0000:0000:0000:0000:0000:0001
[2025-06-27 23:22:35][INFO] User 'vaibz' logged in successfully
[2025-06-27 23:23:11][INFO] Server started...
[2025-06-27 23:23:13][INFO] Client connected with IP: 0000:0000:0000:0000:0000:0000:0000:0001
[2025-06-27 23:23:13][INFO] Client connected with IP: 0000:0000:0000:0000:0000:0000:0000:0001
[2025-06-27 23:23:18][INFO] User 'vaibz' logged in successfully
[2025-06-27 23:27:21][INFO] Client disconnected. Code: 1001, Reason: 
[2025-06-27 23:27:21][INFO] Client disconnected. Code: 1001, Reason: 
