[2025-07-05 00:48:02][INFO] Server started...
[2025-07-05 15:26:37][INFO] Server started...
[2025-07-05 15:27:47][INFO] Client connected with IP: 0000:0000:0000:0000:0000:0000:0000:0001
[2025-07-05 15:27:47][INFO] Client connected with IP: 0000:0000:0000:0000:0000:0000:0000:0001
[2025-07-05 15:27:51][INFO] Client disconnected. Code: 1001, Reason: 
[2025-07-05 15:27:51][INFO] Client disconnected. Code: 1001, Reason: 
[2025-07-05 15:27:51][INFO] Client connected with IP: 0000:0000:0000:0000:0000:0000:0000:0001
[2025-07-05 15:27:51][INFO] Client connected with IP: 0000:0000:0000:0000:0000:0000:0000:0001
[2025-07-05 15:27:53][INFO] Client disconnected. Code: 1001, Reason: 
[2025-07-05 15:27:53][INFO] Client disconnected. Code: 1001, Reason: 
[2025-07-05 15:27:53][INFO] Client connected with IP: 0000:0000:0000:0000:0000:0000:0000:0001
[2025-07-05 15:27:53][INFO] Client connected with IP: 0000:0000:0000:0000:0000:0000:0000:0001
[2025-07-05 15:27:54][INFO] Client disconnected. Code: 1001, Reason: 
[2025-07-05 15:27:54][INFO] Client disconnected. Code: 1001, Reason: 
[2025-07-05 15:27:54][INFO] Client connected with IP: 0000:0000:0000:0000:0000:0000:0000:0001
[2025-07-05 15:27:54][INFO] Client connected with IP: 0000:0000:0000:0000:0000:0000:0000:0001
[2025-07-05 15:27:54][INFO] Client disconnected. Code: 1001, Reason: 
[2025-07-05 15:27:54][INFO] Client disconnected. Code: 1001, Reason: 
[2025-07-05 15:27:54][INFO] Client connected with IP: 0000:0000:0000:0000:0000:0000:0000:0001
[2025-07-05 15:27:54][INFO] Client connected with IP: 0000:0000:0000:0000:0000:0000:0000:0001
[2025-07-05 15:28:07][INFO] User 'vaibz' logged in successfully
[2025-07-05 15:29:05][INFO] Client disconnected. Code: 1001, Reason: 
[2025-07-05 15:29:05][INFO] Client disconnected. Code: 1001, Reason: 
[2025-07-05 15:29:05][INFO] Client connected with IP: 0000:0000:0000:0000:0000:0000:0000:0001
[2025-07-05 15:29:05][INFO] Client connected with IP: 0000:0000:0000:0000:0000:0000:0000:0001
[2025-07-05 15:30:55][INFO] Client connected with IP: 0000:0000:0000:0000:0000:0000:0000:0001
[2025-07-05 15:30:55][INFO] Client connected with IP: 0000:0000:0000:0000:0000:0000:0000:0001
[2025-07-05 15:30:59][INFO] Client disconnected. Code: 1001, Reason: 
[2025-07-05 15:30:59][INFO] Client disconnected. Code: 1001, Reason: 
[2025-07-05 15:30:59][INFO] Client connected with IP: 0000:0000:0000:0000:0000:0000:0000:0001
[2025-07-05 15:30:59][INFO] Client connected with IP: 0000:0000:0000:0000:0000:0000:0000:0001
[2025-07-05 15:31:43][INFO] User 'vaibz' logged in successfully
[2025-07-05 15:51:20][INFO] Client disconnected. Code: 1001, Reason: 
[2025-07-05 15:51:20][INFO] Client disconnected. Code: 1001, Reason: 
[2025-07-05 15:51:20][INFO] Client disconnected. Code: 1001, Reason: 
[2025-07-05 15:51:20][INFO] Client disconnected. Code: 1001, Reason: 
[2025-07-05 21:27:53][INFO] Server started...
[2025-07-05 21:28:36][INFO] Client connected with IP: 0000:0000:0000:0000:0000:0000:0000:0001
[2025-07-05 21:28:36][INFO] Client connected with IP: 0000:0000:0000:0000:0000:0000:0000:0001
[2025-07-05 21:28:42][INFO] User 'vaibz' logged in successfully
[2025-07-05 21:47:38][INFO] Client connected with IP: 0000:0000:0000:0000:0000:ffff:7f00:0001
[2025-07-05 21:47:39][INFO] Client connected with IP: 0000:0000:0000:0000:0000:ffff:7f00:0001
[2025-07-05 21:47:49][ERROR] Username does not exists: htrgg
[2025-07-05 21:48:02][ERROR] Username does not exists: sush
[2025-07-05 21:48:44][ERROR] Password is incorrect for user: vaibz
[2025-07-05 21:50:33][INFO] User 'vaibz' logged in successfully
[2025-07-05 21:51:13][INFO] Client disconnected. Code: 1001, Reason: 
[2025-07-05 21:51:13][INFO] Client disconnected. Code: 1001, Reason: 
[2025-07-05 21:51:14][INFO] Client connected with IP: 0000:0000:0000:0000:0000:ffff:7f00:0001
[2025-07-05 21:51:15][INFO] Client connected with IP: 0000:0000:0000:0000:0000:ffff:7f00:0001
[2025-07-05 21:51:20][INFO] User 'vaibz' logged in successfully
[2025-07-05 21:55:53][INFO] Client disconnected. Code: 1006, Reason: Received TCP FIN before WebSocket close frame
[2025-07-05 21:55:53][INFO] Client disconnected. Code: 1006, Reason: Received TCP FIN before WebSocket close frame
[2025-07-05 21:58:51][INFO] Client connected with IP: 0000:0000:0000:0000:0000:0000:0000:0001
[2025-07-05 21:58:52][INFO] Client connected with IP: 0000:0000:0000:0000:0000:0000:0000:0001
[2025-07-05 21:59:05][ERROR] Password is incorrect for user: vaibz12
[2025-07-05 21:59:09][ERROR] Username does not exists: vaibz124
[2025-07-05 21:59:59][INFO] Client disconnected. Code: 1001, Reason: 
[2025-07-05 21:59:59][INFO] Client disconnected. Code: 1001, Reason: 
[2025-07-05 21:59:59][INFO] Client connected with IP: 0000:0000:0000:0000:0000:0000:0000:0001
[2025-07-05 21:59:59][INFO] Client connected with IP: 0000:0000:0000:0000:0000:0000:0000:0001
[2025-07-05 22:01:32][INFO] Client disconnected. Code: 1001, Reason: 
[2025-07-05 22:01:32][INFO] Client disconnected. Code: 1001, Reason: 
[2025-07-05 22:01:32][INFO] Client connected with IP: 0000:0000:0000:0000:0000:0000:0000:0001
[2025-07-05 22:01:32][INFO] Client connected with IP: 0000:0000:0000:0000:0000:0000:0000:0001
[2025-07-05 22:01:32][INFO] Client disconnected. Code: 1001, Reason: 
[2025-07-05 22:01:32][INFO] Client disconnected. Code: 1001, Reason: 
[2025-07-05 22:01:32][INFO] Client connected with IP: 0000:0000:0000:0000:0000:0000:0000:0001
[2025-07-05 22:01:32][INFO] Client connected with IP: 0000:0000:0000:0000:0000:0000:0000:0001
[2025-07-05 22:01:32][INFO] Client disconnected. Code: 1001, Reason: 
[2025-07-05 22:01:32][INFO] Client disconnected. Code: 1001, Reason: 
[2025-07-05 22:01:33][INFO] Client connected with IP: 0000:0000:0000:0000:0000:0000:0000:0001
[2025-07-05 22:01:33][INFO] Client connected with IP: 0000:0000:0000:0000:0000:0000:0000:0001
[2025-07-05 22:01:33][INFO] Client disconnected. Code: 1001, Reason: 
[2025-07-05 22:01:33][INFO] Client disconnected. Code: 1001, Reason: 
[2025-07-05 22:01:33][INFO] Client connected with IP: 0000:0000:0000:0000:0000:0000:0000:0001
[2025-07-05 22:01:33][INFO] Client connected with IP: 0000:0000:0000:0000:0000:0000:0000:0001
[2025-07-05 22:01:33][INFO] Client disconnected. Code: 1001, Reason: 
[2025-07-05 22:01:33][INFO] Client disconnected. Code: 1001, Reason: 
[2025-07-05 22:01:33][INFO] Client connected with IP: 0000:0000:0000:0000:0000:0000:0000:0001
[2025-07-05 22:01:33][INFO] Client connected with IP: 0000:0000:0000:0000:0000:0000:0000:0001
[2025-07-05 22:01:49][INFO] Client disconnected. Code: 1001, Reason: 
[2025-07-05 22:01:49][INFO] Client disconnected. Code: 1001, Reason: 
[2025-07-05 22:01:50][INFO] Client connected with IP: 0000:0000:0000:0000:0000:0000:0000:0001
[2025-07-05 22:01:50][INFO] Client connected with IP: 0000:0000:0000:0000:0000:0000:0000:0001
[2025-07-05 22:01:50][INFO] Client connected with IP: 0000:0000:0000:0000:0000:0000:0000:0001
[2025-07-05 22:01:50][INFO] Client connected with IP: 0000:0000:0000:0000:0000:0000:0000:0001
[2025-07-05 22:07:00][INFO] Client disconnected. Code: 1001, Reason: 
[2025-07-05 22:07:00][INFO] Client disconnected. Code: 1001, Reason: 
[2025-07-05 22:07:00][INFO] Client connected with IP: 0000:0000:0000:0000:0000:0000:0000:0001
[2025-07-05 22:07:00][INFO] Client connected with IP: 0000:0000:0000:0000:0000:0000:0000:0001
[2025-07-05 22:07:12][ERROR] Username does not exists: vaibz1212
[2025-07-05 22:07:21][ERROR] Password is incorrect for user: vaibz
[2025-07-05 22:07:30][INFO] User 'vaibz' logged in successfully
[2025-07-05 22:09:56][INFO] Client disconnected. Code: 1001, Reason: 
[2025-07-05 22:09:56][INFO] Client disconnected. Code: 1001, Reason: 
[2025-07-05 22:09:56][INFO] Client connected with IP: 0000:0000:0000:0000:0000:0000:0000:0001
[2025-07-05 22:09:56][INFO] Client connected with IP: 0000:0000:0000:0000:0000:0000:0000:0001
[2025-07-05 22:10:06][ERROR] Password is incorrect for user: vaibz
[2025-07-05 22:13:17][INFO] Client disconnected. Code: 1001, Reason: 
[2025-07-05 22:13:17][INFO] Client disconnected. Code: 1001, Reason: 
[2025-07-05 22:13:17][INFO] Client disconnected. Code: 1001, Reason: 
[2025-07-05 22:13:17][INFO] Client disconnected. Code: 1001, Reason: 
[2025-07-05 22:39:29][INFO] Client connected with IP: 0000:0000:0000:0000:0000:0000:0000:0001
[2025-07-05 22:39:29][INFO] Client connected with IP: 0000:0000:0000:0000:0000:0000:0000:0001
[2025-07-05 22:41:25][INFO] Client disconnected. Code: 1001, Reason: 
[2025-07-05 22:41:25][INFO] Client disconnected. Code: 1001, Reason: 
[2025-07-05 22:41:25][INFO] Client disconnected. Code: 1001, Reason: 
[2025-07-05 22:41:25][INFO] Client disconnected. Code: 1001, Reason: 
