[2025-07-22 00:02:22][INFO] Client connected with IP: 0000:0000:0000:0000:0000:ffff:7f00:0001
[2025-07-22 00:05:38][INFO] Client connected with IP: 0000:0000:0000:0000:0000:ffff:7f00:0001
[2025-07-22 00:06:08][INFO] Client connected with IP: 0000:0000:0000:0000:0000:ffff:7f00:0001
[2025-07-22 00:06:21][DEBUG] Message received from client{"message_type":101,"username":"so_sasssy","password":"2356","timestamp":"2025-07-21T18:36:07.959Z"}
[2025-07-22 00:06:21][INFO] User 'so_sasssy' logged in successfully
[2025-07-22 00:07:16][INFO] Client disconnected. Code: 1001, Reason: 
[2025-07-22 00:07:16][INFO] Client connected with IP: 0000:0000:0000:0000:0000:ffff:7f00:0001
[2025-07-22 00:07:27][DEBUG] Message received from client{"message_type":101,"username":"so_sasssy","password":"2356","timestamp":"2025-07-21T18:37:15.637Z"}
[2025-07-22 00:07:27][INFO] User 'so_sasssy' logged in successfully
[2025-07-22 00:09:27][INFO] Client disconnected. Code: 1001, Reason: 
[2025-07-22 00:11:03][INFO] Client connected with IP: 0000:0000:0000:0000:0000:ffff:7f00:0001
[2025-07-22 00:11:12][DEBUG] Message received from client{"message_type":101,"username":"so_sasssy","password":"2356","timestamp":"2025-07-21T18:41:00.261Z"}
[2025-07-22 00:11:12][INFO] User 'so_sasssy' logged in successfully
[2025-07-22 00:13:50][INFO] Client disconnected. Code: 1001, Reason: 
[2025-07-22 00:13:51][INFO] Client connected with IP: 0000:0000:0000:0000:0000:ffff:7f00:0001
[2025-07-22 00:20:43][INFO] Client connected with IP: 0000:0000:0000:0000:0000:ffff:7f00:0001
[2025-07-22 00:20:49][INFO] Client connected with IP: 0000:0000:0000:0000:0000:ffff:7f00:0001
[2025-07-22 00:21:01][DEBUG] Message received from client{"message_type":101,"username":"so_sasssy","password":"2356","timestamp":"2025-07-21T18:50:48.786Z"}
[2025-07-22 00:21:01][INFO] User 'so_sasssy' logged in successfully
[2025-07-22 00:21:41][INFO] Client disconnected. Code: 1001, Reason: 
[2025-07-22 00:21:41][INFO] Client connected with IP: 0000:0000:0000:0000:0000:ffff:7f00:0001
[2025-07-22 00:21:52][DEBUG] Message received from client{"message_type":101,"username":"so_sasssy","password":"2356","timestamp":"2025-07-21T18:51:40.571Z"}
[2025-07-22 00:21:52][INFO] User 'so_sasssy' logged in successfully
[2025-07-22 00:28:31][INFO] Client disconnected. Code: 1006, Reason: Received TCP FIN before WebSocket close frame
