[2025-06-26 00:13:49][INFO] Client disconnected. Code: 1001, Reason: 
[2025-06-26 00:13:49][INFO] Client disconnected. Code: 1001, Reason: 
[2025-06-26 00:13:49][INFO] Client disconnected. Code: 1001, Reason: 
[2025-06-26 00:13:49][INFO] Client disconnected. Code: 1001, Reason: 
[2025-06-26 00:13:49][INFO] Client disconnected. Code: 1001, Reason: 
[2025-06-26 00:13:49][INFO] Client disconnected. Code: 1001, Reason: 
[2025-06-26 00:13:49][INFO] Client disconnected. Code: 1001, Reason: 
[2025-06-26 00:13:49][INFO] Client disconnected. Code: 1001, Reason: 
[2025-06-26 00:13:50][INFO] Client connected with IP: 0000:0000:0000:0000:0000:ffff:7f00:0001
[2025-06-26 00:13:50][INFO] Client connected with IP: 0000:0000:0000:0000:0000:ffff:7f00:0001
[2025-06-26 00:13:50][INFO] Client connected with IP: 0000:0000:0000:0000:0000:ffff:7f00:0001
[2025-06-26 00:13:51][INFO] Client connected with IP: 0000:0000:0000:0000:0000:ffff:7f00:0001
[2025-06-26 00:13:51][INFO] Client disconnected. Code: 1001, Reason: 
[2025-06-26 00:13:51][INFO] Client disconnected. Code: 1001, Reason: 
[2025-06-26 00:13:51][INFO] Client disconnected. Code: 1006, Reason: Received TCP FIN before WebSocket close frame
[2025-06-26 00:13:51][INFO] Client disconnected. Code: 1001, Reason: 
[2025-06-26 00:13:52][INFO] Client disconnected. Code: 1001, Reason: 
[2025-06-26 00:13:52][INFO] Client disconnected. Code: 1001, Reason: 
[2025-06-26 00:13:52][INFO] Client disconnected. Code: 1001, Reason: 
[2025-06-26 00:13:52][INFO] Client disconnected. Code: 1001, Reason: 
[2025-06-26 00:13:52][INFO] Client disconnected. Code: 1001, Reason: 
[2025-06-26 00:13:52][INFO] Client disconnected. Code: 1001, Reason: 
[2025-06-26 00:13:52][INFO] Client disconnected. Code: 1001, Reason: 
[2025-06-26 00:13:52][INFO] Client disconnected. Code: 1001, Reason: 
[2025-06-26 00:13:52][INFO] Client disconnected. Code: 1001, Reason: 
[2025-06-26 00:13:52][INFO] Client disconnected. Code: 1001, Reason: 
[2025-06-26 00:13:52][INFO] Client disconnected. Code: 1001, Reason: 
[2025-06-26 00:13:52][INFO] Client disconnected. Code: 1001, Reason: 
[2025-06-26 00:13:52][INFO] Client disconnected. Code: 1001, Reason: 
[2025-06-26 00:13:52][INFO] Client disconnected. Code: 1001, Reason: 
[2025-06-26 00:13:52][INFO] Client disconnected. Code: 1001, Reason: 
[2025-06-26 00:13:52][INFO] Client disconnected. Code: 1001, Reason: 
[2025-06-26 00:13:52][INFO] Client disconnected. Code: 1001, Reason: 
[2025-06-26 00:13:52][INFO] Client disconnected. Code: 1001, Reason: 
[2025-06-26 00:13:52][INFO] Client disconnected. Code: 1001, Reason: 
[2025-06-26 00:13:52][INFO] Client disconnected. Code: 1001, Reason: 
[2025-06-26 00:13:52][INFO] Client disconnected. Code: 1001, Reason: 
[2025-06-26 00:13:52][INFO] Client disconnected. Code: 1001, Reason: 
[2025-06-26 00:13:52][INFO] Client disconnected. Code: 1001, Reason: 
[2025-06-26 00:13:52][INFO] Client disconnected. Code: 1001, Reason: 
[2025-06-26 22:00:14][INFO] Server started...
[2025-06-26 22:00:17][INFO] Client connected with IP: 0000:0000:0000:0000:0000:ffff:7f00:0001
[2025-06-26 22:00:17][INFO] Client connected with IP: 0000:0000:0000:0000:0000:ffff:7f00:0001
[2025-06-26 22:00:22][INFO] User 'vaibz' logged in successfully
[2025-06-26 22:00:22][INFO] Client disconnected. Code: 1005, Reason: 
[2025-06-26 22:00:22][INFO] Client connected with IP: 0000:0000:0000:0000:0000:ffff:7f00:0001
[2025-06-26 22:00:26][INFO] Client disconnected. Code: 1001, Reason: 
[2025-06-26 22:00:26][INFO] Client disconnected. Code: 1001, Reason: 
[2025-06-26 22:00:26][INFO] Client connected with IP: 0000:0000:0000:0000:0000:ffff:7f00:0001
[2025-06-26 22:00:26][INFO] Client connected with IP: 0000:0000:0000:0000:0000:ffff:7f00:0001
[2025-06-26 22:00:26][INFO] Client connected with IP: 0000:0000:0000:0000:0000:ffff:7f00:0001
[2025-06-26 22:00:30][ERROR] Username does not exists: qwq
[2025-06-26 22:00:36][ERROR] Password is incorrect for user: vaibz
[2025-06-26 22:00:41][INFO] User 'vaibz' logged in successfully
[2025-06-26 22:00:41][INFO] Client disconnected. Code: 1005, Reason: 
[2025-06-26 22:00:41][INFO] Client connected with IP: 0000:0000:0000:0000:0000:ffff:7f00:0001
[2025-06-26 22:01:08][INFO] Client disconnected. Code: 1005, Reason: 
[2025-06-26 22:01:08][INFO] Client connected with IP: 0000:0000:0000:0000:0000:ffff:7f00:0001
[2025-06-26 22:01:11][INFO] Client disconnected. Code: 1005, Reason: 
[2025-06-26 22:01:11][INFO] Client connected with IP: 0000:0000:0000:0000:0000:ffff:7f00:0001
[2025-06-26 22:01:27][ERROR] Username already exists: vaibz
[2025-06-26 22:01:33][INFO] Client disconnected. Code: 1005, Reason: 
[2025-06-26 22:01:33][INFO] Client connected with IP: 0000:0000:0000:0000:0000:ffff:7f00:0001
[2025-06-26 22:02:05][ERROR] Password is incorrect for user: vaibz12
[2025-06-26 22:02:06][INFO] User 'vaibz12' logged in successfully
[2025-06-26 22:02:06][INFO] Client disconnected. Code: 1005, Reason: 
[2025-06-26 22:02:06][INFO] Client connected with IP: 0000:0000:0000:0000:0000:ffff:7f00:0001
[2025-06-26 22:02:48][INFO] Client disconnected. Code: 1001, Reason: 
[2025-06-26 22:02:48][INFO] Client disconnected. Code: 1001, Reason: 
[2025-06-26 22:02:48][INFO] Client disconnected. Code: 1001, Reason: 
[2025-06-26 22:02:48][INFO] Client connected with IP: 0000:0000:0000:0000:0000:ffff:7f00:0001
[2025-06-26 22:02:48][INFO] Client connected with IP: 0000:0000:0000:0000:0000:ffff:7f00:0001
[2025-06-26 22:02:48][INFO] Client connected with IP: 0000:0000:0000:0000:0000:ffff:7f00:0001
[2025-06-26 22:18:27][INFO] Server started...
[2025-06-26 22:18:40][INFO] Server started...
[2025-06-26 22:19:03][INFO] Client connected with IP: 0000:0000:0000:0000:0000:ffff:7f00:0001
[2025-06-26 22:19:03][INFO] Client connected with IP: 0000:0000:0000:0000:0000:ffff:7f00:0001
[2025-06-26 22:19:07][INFO] User 'vaibz' logged in successfully
[2025-06-26 22:19:07][INFO] Client disconnected. Code: 1005, Reason: 
[2025-06-26 22:19:07][INFO] Client connected with IP: 0000:0000:0000:0000:0000:ffff:7f00:0001
[2025-06-26 22:19:33][INFO] Server started...
[2025-06-26 22:19:40][INFO] Client connected with IP: 0000:0000:0000:0000:0000:ffff:7f00:0001
[2025-06-26 22:19:40][INFO] Client connected with IP: 0000:0000:0000:0000:0000:ffff:7f00:0001
[2025-06-26 22:19:40][INFO] Client connected with IP: 0000:0000:0000:0000:0000:ffff:7f00:0001
[2025-06-26 22:19:45][ERROR] CDK Error: Table 'bingo_server_db._user_credentials' doesn't exist
[2025-06-26 22:19:46][ERROR] CDK Error: Table 'bingo_server_db._user_credentials' doesn't exist
[2025-06-26 22:19:46][ERROR] CDK Error: Table 'bingo_server_db._user_credentials' doesn't exist
[2025-06-26 22:19:47][ERROR] CDK Error: Table 'bingo_server_db._user_credentials' doesn't exist
[2025-06-26 22:19:47][ERROR] CDK Error: Table 'bingo_server_db._user_credentials' doesn't exist
[2025-06-26 22:21:53][INFO] Server started...
[2025-06-26 22:22:02][INFO] Client connected with IP: 0000:0000:0000:0000:0000:ffff:7f00:0001
[2025-06-26 22:22:02][INFO] Client connected with IP: 0000:0000:0000:0000:0000:ffff:7f00:0001
[2025-06-26 22:22:06][ERROR] CDK Error: Table 'bingo_server_db._user_credentials' doesn't exist
[2025-06-26 22:22:56][INFO] Server started...
[2025-06-26 22:29:25][ERROR] Table does not exist
[2025-06-26 22:29:25][INFO] Server started...
[2025-06-26 22:29:34][ERROR] Table does not exist
[2025-06-26 22:29:34][INFO] Server started...
[2025-06-26 22:29:57][ERROR] Table does not exist
[2025-06-26 22:30:32][INFO] Server started...
[2025-06-26 23:42:11][INFO] Server started...
[2025-06-26 23:42:16][INFO] Client connected with IP: 0000:0000:0000:0000:0000:ffff:7f00:0001
[2025-06-26 23:42:16][INFO] Client connected with IP: 0000:0000:0000:0000:0000:ffff:7f00:0001
[2025-06-26 23:42:22][INFO] User 'vaibz' logged in successfully
[2025-06-26 23:42:22][INFO] Client disconnected. Code: 1005, Reason: 
[2025-06-26 23:42:22][INFO] Client connected with IP: 0000:0000:0000:0000:0000:ffff:7f00:0001
[2025-06-26 23:42:24][INFO] Client disconnected. Code: 1005, Reason: 
[2025-06-26 23:42:24][INFO] Client connected with IP: 0000:0000:0000:0000:0000:ffff:7f00:0001
[2025-06-26 23:42:36][INFO] Client disconnected. Code: 1005, Reason: 
[2025-06-26 23:42:36][INFO] Client connected with IP: 0000:0000:0000:0000:0000:ffff:7f00:0001
[2025-06-26 23:42:37][INFO] Client connected with IP: 0000:0000:0000:0000:0000:ffff:7f00:0001
[2025-06-26 23:42:46][INFO] Client connected with IP: 0000:0000:0000:0000:0000:ffff:7f00:0001
[2025-06-26 23:42:46][INFO] Client connected with IP: 0000:0000:0000:0000:0000:ffff:7f00:0001
[2025-06-26 23:42:46][INFO] Client connected with IP: 0000:0000:0000:0000:0000:ffff:7f00:0001
[2025-06-26 23:42:46][INFO] Client connected with IP: 0000:0000:0000:0000:0000:ffff:7f00:0001
[2025-06-26 23:42:46][INFO] Client connected with IP: 0000:0000:0000:0000:0000:ffff:7f00:0001
[2025-06-26 23:42:46][INFO] Client connected with IP: 0000:0000:0000:0000:0000:ffff:7f00:0001
[2025-06-26 23:42:46][INFO] Client connected with IP: 0000:0000:0000:0000:0000:ffff:7f00:0001
[2025-06-26 23:42:46][INFO] Client connected with IP: 0000:0000:0000:0000:0000:ffff:7f00:0001
[2025-06-26 23:42:46][INFO] Client connected with IP: 0000:0000:0000:0000:0000:ffff:7f00:0001
[2025-06-26 23:42:46][INFO] Client connected with IP: 0000:0000:0000:0000:0000:ffff:7f00:0001
[2025-06-26 23:42:46][INFO] Client connected with IP: 0000:0000:0000:0000:0000:ffff:7f00:0001
[2025-06-26 23:42:46][INFO] Client connected with IP: 0000:0000:0000:0000:0000:ffff:7f00:0001
[2025-06-26 23:42:46][INFO] Client connected with IP: 0000:0000:0000:0000:0000:ffff:7f00:0001
[2025-06-26 23:42:46][INFO] Client connected with IP: 0000:0000:0000:0000:0000:ffff:7f00:0001
[2025-06-26 23:42:48][INFO] Client connected with IP: 0000:0000:0000:0000:0000:ffff:7f00:0001
[2025-06-26 23:42:48][INFO] Client disconnected. Code: 1005, Reason: 
[2025-06-26 23:42:48][INFO] Client connected with IP: 0000:0000:0000:0000:0000:ffff:7f00:0001
[2025-06-26 23:42:48][INFO] Client connected with IP: 0000:0000:0000:0000:0000:ffff:7f00:0001
[2025-06-26 23:42:48][INFO] Client connected with IP: 0000:0000:0000:0000:0000:ffff:7f00:0001
[2025-06-26 23:42:48][INFO] Client connected with IP: 0000:0000:0000:0000:0000:ffff:7f00:0001
[2025-06-26 23:42:48][INFO] Client connected with IP: 0000:0000:0000:0000:0000:ffff:7f00:0001
[2025-06-26 23:42:48][INFO] Client connected with IP: 0000:0000:0000:0000:0000:ffff:7f00:0001
[2025-06-26 23:42:48][INFO] Client disconnected. Code: 1005, Reason: 
[2025-06-26 23:42:48][INFO] Client connected with IP: 0000:0000:0000:0000:0000:ffff:7f00:0001
[2025-06-26 23:42:48][INFO] Client connected with IP: 0000:0000:0000:0000:0000:ffff:7f00:0001
[2025-06-26 23:42:48][INFO] Client connected with IP: 0000:0000:0000:0000:0000:ffff:7f00:0001
[2025-06-26 23:42:48][INFO] Client connected with IP: 0000:0000:0000:0000:0000:ffff:7f00:0001
[2025-06-26 23:42:48][INFO] Client connected with IP: 0000:0000:0000:0000:0000:ffff:7f00:0001
[2025-06-26 23:42:51][INFO] Client disconnected. Code: 1001, Reason: 
[2025-06-26 23:42:51][INFO] Client disconnected. Code: 1001, Reason: 
[2025-06-26 23:42:51][INFO] Client disconnected. Code: 1001, Reason: 
[2025-06-26 23:42:51][INFO] Client disconnected. Code: 1001, Reason: 
[2025-06-26 23:42:51][INFO] Client disconnected. Code: 1001, Reason: 
[2025-06-26 23:42:51][INFO] Client disconnected. Code: 1001, Reason: 
[2025-06-26 23:42:51][INFO] Client disconnected. Code: 1001, Reason: 
[2025-06-26 23:42:51][INFO] Client disconnected. Code: 1001, Reason: 
[2025-06-26 23:42:51][INFO] Client disconnected. Code: 1001, Reason: 
[2025-06-26 23:42:51][INFO] Client disconnected. Code: 1001, Reason: 
[2025-06-26 23:42:51][INFO] Client disconnected. Code: 1001, Reason: 
[2025-06-26 23:42:51][INFO] Client disconnected. Code: 1001, Reason: 
[2025-06-26 23:42:51][INFO] Client disconnected. Code: 1001, Reason: 
[2025-06-26 23:42:51][INFO] Client disconnected. Code: 1001, Reason: 
[2025-06-26 23:42:51][INFO] Client connected with IP: 0000:0000:0000:0000:0000:ffff:7f00:0001
[2025-06-26 23:42:51][INFO] Client connected with IP: 0000:0000:0000:0000:0000:ffff:7f00:0001
[2025-06-26 23:42:51][INFO] Client connected with IP: 0000:0000:0000:0000:0000:ffff:7f00:0001
[2025-06-26 23:42:51][INFO] Client connected with IP: 0000:0000:0000:0000:0000:ffff:7f00:0001
[2025-06-26 23:42:51][INFO] Client connected with IP: 0000:0000:0000:0000:0000:ffff:7f00:0001
[2025-06-26 23:42:51][INFO] Client connected with IP: 0000:0000:0000:0000:0000:ffff:7f00:0001
[2025-06-26 23:42:55][INFO] User 'vaibz' logged in successfully
[2025-06-26 23:42:55][INFO] Client connected with IP: 0000:0000:0000:0000:0000:ffff:7f00:0001
[2025-06-26 23:42:55][INFO] Client connected with IP: 0000:0000:0000:0000:0000:ffff:7f00:0001
[2025-06-26 23:42:55][INFO] Client connected with IP: 0000:0000:0000:0000:0000:ffff:7f00:0001
[2025-06-26 23:42:55][INFO] Client connected with IP: 0000:0000:0000:0000:0000:ffff:7f00:0001
[2025-06-26 23:42:56][INFO] Client connected with IP: 0000:0000:0000:0000:0000:ffff:7f00:0001
[2025-06-26 23:42:56][INFO] Client connected with IP: 0000:0000:0000:0000:0000:ffff:7f00:0001
[2025-06-26 23:42:56][INFO] Client connected with IP: 0000:0000:0000:0000:0000:ffff:7f00:0001
[2025-06-26 23:42:56][INFO] Client connected with IP: 0000:0000:0000:0000:0000:ffff:7f00:0001
[2025-06-26 23:42:57][INFO] Client connected with IP: 0000:0000:0000:0000:0000:ffff:7f00:0001
[2025-06-26 23:42:57][INFO] Client connected with IP: 0000:0000:0000:0000:0000:ffff:7f00:0001
[2025-06-26 23:43:06][INFO] Client connected with IP: 0000:0000:0000:0000:0000:ffff:7f00:0001
[2025-06-26 23:43:06][INFO] Client connected with IP: 0000:0000:0000:0000:0000:ffff:7f00:0001
[2025-06-26 23:43:06][INFO] Client connected with IP: 0000:0000:0000:0000:0000:ffff:7f00:0001
[2025-06-26 23:43:06][INFO] Client connected with IP: 0000:0000:0000:0000:0000:ffff:7f00:0001
[2025-06-26 23:43:06][INFO] Client connected with IP: 0000:0000:0000:0000:0000:ffff:7f00:0001
[2025-06-26 23:43:06][INFO] Client connected with IP: 0000:0000:0000:0000:0000:ffff:7f00:0001
[2025-06-26 23:43:07][INFO] Client connected with IP: 0000:0000:0000:0000:0000:ffff:7f00:0001
[2025-06-26 23:43:07][INFO] Client connected with IP: 0000:0000:0000:0000:0000:ffff:7f00:0001
[2025-06-26 23:43:07][INFO] Client connected with IP: 0000:0000:0000:0000:0000:ffff:7f00:0001
[2025-06-26 23:43:07][INFO] Client connected with IP: 0000:0000:0000:0000:0000:ffff:7f00:0001
[2025-06-26 23:43:07][INFO] Client connected with IP: 0000:0000:0000:0000:0000:ffff:7f00:0001
[2025-06-26 23:43:07][INFO] Client connected with IP: 0000:0000:0000:0000:0000:ffff:7f00:0001
[2025-06-26 23:43:16][ERROR] Email already exists: ribelib288@forcrack.com
[2025-06-26 23:43:16][INFO] Client connected with IP: 0000:0000:0000:0000:0000:ffff:7f00:0001
[2025-06-26 23:43:16][INFO] Client connected with IP: 0000:0000:0000:0000:0000:ffff:7f00:0001
[2025-06-26 23:43:18][INFO] Client connected with IP: 0000:0000:0000:0000:0000:ffff:7f00:0001
[2025-06-26 23:43:18][INFO] Client connected with IP: 0000:0000:0000:0000:0000:ffff:7f00:0001
[2025-06-26 23:43:20][ERROR] Phone already exists: 2432444352
[2025-06-26 23:43:20][INFO] Client connected with IP: 0000:0000:0000:0000:0000:ffff:7f00:0001
[2025-06-26 23:43:20][INFO] Client connected with IP: 0000:0000:0000:0000:0000:ffff:7f00:0001
[2025-06-26 23:43:22][INFO] Client connected with IP: 0000:0000:0000:0000:0000:ffff:7f00:0001
[2025-06-26 23:43:22][INFO] Client connected with IP: 0000:0000:0000:0000:0000:ffff:7f00:0001
[2025-06-26 23:43:24][INFO] Client connected with IP: 0000:0000:0000:0000:0000:ffff:7f00:0001
[2025-06-26 23:43:24][INFO] Client connected with IP: 0000:0000:0000:0000:0000:ffff:7f00:0001
[2025-06-26 23:43:26][INFO] Client connected with IP: 0000:0000:0000:0000:0000:ffff:7f00:0001
[2025-06-26 23:43:26][INFO] Client connected with IP: 0000:0000:0000:0000:0000:ffff:7f00:0001
[2025-06-26 23:43:26][INFO] Client connected with IP: 0000:0000:0000:0000:0000:ffff:7f00:0001
[2025-06-26 23:43:26][INFO] Client connected with IP: 0000:0000:0000:0000:0000:ffff:7f00:0001
[2025-06-26 23:43:26][INFO] Client connected with IP: 0000:0000:0000:0000:0000:ffff:7f00:0001
[2025-06-26 23:43:26][INFO] Client connected with IP: 0000:0000:0000:0000:0000:ffff:7f00:0001
[2025-06-26 23:43:26][INFO] Client connected with IP: 0000:0000:0000:0000:0000:ffff:7f00:0001
[2025-06-26 23:43:26][INFO] Client connected with IP: 0000:0000:0000:0000:0000:ffff:7f00:0001
[2025-06-26 23:44:06][INFO] Client connected with IP: 0000:0000:0000:0000:0000:ffff:7f00:0001
[2025-06-26 23:44:06][INFO] Client connected with IP: 0000:0000:0000:0000:0000:ffff:7f00:0001
[2025-06-26 23:44:06][INFO] Client connected with IP: 0000:0000:0000:0000:0000:ffff:7f00:0001
[2025-06-26 23:44:06][INFO] Client connected with IP: 0000:0000:0000:0000:0000:ffff:7f00:0001
[2025-06-26 23:44:06][INFO] Client connected with IP: 0000:0000:0000:0000:0000:ffff:7f00:0001
[2025-06-26 23:44:06][INFO] Client connected with IP: 0000:0000:0000:0000:0000:ffff:7f00:0001
[2025-06-26 23:44:10][INFO] Client connected with IP: 0000:0000:0000:0000:0000:ffff:7f00:0001
[2025-06-26 23:44:10][INFO] Client connected with IP: 0000:0000:0000:0000:0000:ffff:7f00:0001
[2025-06-26 23:44:10][INFO] Client connected with IP: 0000:0000:0000:0000:0000:ffff:7f00:0001
[2025-06-26 23:44:10][INFO] Client connected with IP: 0000:0000:0000:0000:0000:ffff:7f00:0001
[2025-06-26 23:44:10][INFO] Client connected with IP: 0000:0000:0000:0000:0000:ffff:7f00:0001
[2025-06-26 23:44:10][INFO] Client connected with IP: 0000:0000:0000:0000:0000:ffff:7f00:0001
[2025-06-26 23:44:12][INFO] Client connected with IP: 0000:0000:0000:0000:0000:ffff:7f00:0001
[2025-06-26 23:44:12][INFO] Client connected with IP: 0000:0000:0000:0000:0000:ffff:7f00:0001
[2025-06-26 23:44:12][INFO] Client connected with IP: 0000:0000:0000:0000:0000:ffff:7f00:0001
[2025-06-26 23:44:12][INFO] Client connected with IP: 0000:0000:0000:0000:0000:ffff:7f00:0001
[2025-06-26 23:44:12][INFO] Client connected with IP: 0000:0000:0000:0000:0000:ffff:7f00:0001
[2025-06-26 23:44:12][INFO] Client connected with IP: 0000:0000:0000:0000:0000:ffff:7f00:0001
[2025-06-26 23:44:14][INFO] Client connected with IP: 0000:0000:0000:0000:0000:ffff:7f00:0001
[2025-06-26 23:44:14][INFO] Client connected with IP: 0000:0000:0000:0000:0000:ffff:7f00:0001
[2025-06-26 23:44:14][INFO] Client connected with IP: 0000:0000:0000:0000:0000:ffff:7f00:0001
[2025-06-26 23:44:14][INFO] Client connected with IP: 0000:0000:0000:0000:0000:ffff:7f00:0001
[2025-06-26 23:44:14][INFO] Client connected with IP: 0000:0000:0000:0000:0000:ffff:7f00:0001
[2025-06-26 23:44:14][INFO] Client connected with IP: 0000:0000:0000:0000:0000:ffff:7f00:0001
[2025-06-26 23:44:16][INFO] Client connected with IP: 0000:0000:0000:0000:0000:ffff:7f00:0001
[2025-06-26 23:44:16][INFO] Client connected with IP: 0000:0000:0000:0000:0000:ffff:7f00:0001
[2025-06-26 23:44:16][INFO] Client connected with IP: 0000:0000:0000:0000:0000:ffff:7f00:0001
[2025-06-26 23:44:16][INFO] Client connected with IP: 0000:0000:0000:0000:0000:ffff:7f00:0001
[2025-06-26 23:44:16][INFO] Client connected with IP: 0000:0000:0000:0000:0000:ffff:7f00:0001
[2025-06-26 23:44:16][INFO] Client connected with IP: 0000:0000:0000:0000:0000:ffff:7f00:0001
[2025-06-26 23:44:17][INFO] Client connected with IP: 0000:0000:0000:0000:0000:ffff:7f00:0001
[2025-06-26 23:44:17][INFO] Client connected with IP: 0000:0000:0000:0000:0000:ffff:7f00:0001
[2025-06-26 23:44:17][INFO] Client connected with IP: 0000:0000:0000:0000:0000:ffff:7f00:0001
[2025-06-26 23:44:17][INFO] Client connected with IP: 0000:0000:0000:0000:0000:ffff:7f00:0001
[2025-06-26 23:44:21][INFO] Client connected with IP: 0000:0000:0000:0000:0000:ffff:7f00:0001
[2025-06-26 23:44:21][INFO] Client connected with IP: 0000:0000:0000:0000:0000:ffff:7f00:0001
[2025-06-26 23:44:21][INFO] Client connected with IP: 0000:0000:0000:0000:0000:ffff:7f00:0001
[2025-06-26 23:44:21][INFO] Client connected with IP: 0000:0000:0000:0000:0000:ffff:7f00:0001
[2025-06-26 23:44:21][INFO] Client connected with IP: 0000:0000:0000:0000:0000:ffff:7f00:0001
[2025-06-26 23:44:21][INFO] Client connected with IP: 0000:0000:0000:0000:0000:ffff:7f00:0001
[2025-06-26 23:44:22][INFO] Client connected with IP: 0000:0000:0000:0000:0000:ffff:7f00:0001
[2025-06-26 23:44:22][INFO] Client connected with IP: 0000:0000:0000:0000:0000:ffff:7f00:0001
[2025-06-26 23:44:22][INFO] Client connected with IP: 0000:0000:0000:0000:0000:ffff:7f00:0001
[2025-06-26 23:44:22][INFO] Client connected with IP: 0000:0000:0000:0000:0000:ffff:7f00:0001
[2025-06-26 23:44:22][INFO] Client connected with IP: 0000:0000:0000:0000:0000:ffff:7f00:0001
[2025-06-26 23:44:22][INFO] Client connected with IP: 0000:0000:0000:0000:0000:ffff:7f00:0001
[2025-06-26 23:44:23][INFO] Client connected with IP: 0000:0000:0000:0000:0000:ffff:7f00:0001
[2025-06-26 23:44:23][INFO] Client connected with IP: 0000:0000:0000:0000:0000:ffff:7f00:0001
[2025-06-26 23:44:23][INFO] Client connected with IP: 0000:0000:0000:0000:0000:ffff:7f00:0001
[2025-06-26 23:44:23][INFO] Client connected with IP: 0000:0000:0000:0000:0000:ffff:7f00:0001
[2025-06-26 23:44:23][INFO] Client connected with IP: 0000:0000:0000:0000:0000:ffff:7f00:0001
[2025-06-26 23:44:23][INFO] Client connected with IP: 0000:0000:0000:0000:0000:ffff:7f00:0001
[2025-06-26 23:44:25][INFO] Client connected with IP: 0000:0000:0000:0000:0000:ffff:7f00:0001
[2025-06-26 23:44:25][INFO] Client connected with IP: 0000:0000:0000:0000:0000:ffff:7f00:0001
[2025-06-26 23:44:25][INFO] Client connected with IP: 0000:0000:0000:0000:0000:ffff:7f00:0001
[2025-06-26 23:44:25][INFO] Client connected with IP: 0000:0000:0000:0000:0000:ffff:7f00:0001
[2025-06-26 23:44:25][INFO] Client connected with IP: 0000:0000:0000:0000:0000:ffff:7f00:0001
[2025-06-26 23:44:25][INFO] Client connected with IP: 0000:0000:0000:0000:0000:ffff:7f00:0001
[2025-06-26 23:44:27][INFO] Client connected with IP: 0000:0000:0000:0000:0000:ffff:7f00:0001
[2025-06-26 23:44:27][INFO] Client connected with IP: 0000:0000:0000:0000:0000:ffff:7f00:0001
[2025-06-26 23:44:28][INFO] Client connected with IP: 0000:0000:0000:0000:0000:ffff:7f00:0001
[2025-06-26 23:44:28][INFO] Client connected with IP: 0000:0000:0000:0000:0000:ffff:7f00:0001
[2025-06-26 23:44:28][INFO] Client connected with IP: 0000:0000:0000:0000:0000:ffff:7f00:0001
[2025-06-26 23:44:28][INFO] Client connected with IP: 0000:0000:0000:0000:0000:ffff:7f00:0001
[2025-06-26 23:44:28][INFO] Client connected with IP: 0000:0000:0000:0000:0000:ffff:7f00:0001
[2025-06-26 23:44:28][INFO] Client connected with IP: 0000:0000:0000:0000:0000:ffff:7f00:0001
[2025-06-26 23:44:29][INFO] Client connected with IP: 0000:0000:0000:0000:0000:ffff:7f00:0001
[2025-06-26 23:44:29][INFO] Client connected with IP: 0000:0000:0000:0000:0000:ffff:7f00:0001
[2025-06-26 23:44:29][INFO] Client connected with IP: 0000:0000:0000:0000:0000:ffff:7f00:0001
[2025-06-26 23:44:29][INFO] Client connected with IP: 0000:0000:0000:0000:0000:ffff:7f00:0001
[2025-06-26 23:44:29][INFO] Client connected with IP: 0000:0000:0000:0000:0000:ffff:7f00:0001
[2025-06-26 23:44:29][INFO] Client connected with IP: 0000:0000:0000:0000:0000:ffff:7f00:0001
[2025-06-26 23:44:31][INFO] Client connected with IP: 0000:0000:0000:0000:0000:ffff:7f00:0001
[2025-06-26 23:44:31][INFO] Client connected with IP: 0000:0000:0000:0000:0000:ffff:7f00:0001
[2025-06-26 23:44:31][INFO] Client connected with IP: 0000:0000:0000:0000:0000:ffff:7f00:0001
[2025-06-26 23:44:31][INFO] Client connected with IP: 0000:0000:0000:0000:0000:ffff:7f00:0001
[2025-06-26 23:44:31][INFO] Client connected with IP: 0000:0000:0000:0000:0000:ffff:7f00:0001
[2025-06-26 23:44:31][INFO] Client connected with IP: 0000:0000:0000:0000:0000:ffff:7f00:0001
[2025-06-26 23:44:31][INFO] Client connected with IP: 0000:0000:0000:0000:0000:ffff:7f00:0001
[2025-06-26 23:44:31][INFO] Client connected with IP: 0000:0000:0000:0000:0000:ffff:7f00:0001
[2025-06-26 23:44:31][INFO] Client connected with IP: 0000:0000:0000:0000:0000:ffff:7f00:0001
[2025-06-26 23:44:31][INFO] Client connected with IP: 0000:0000:0000:0000:0000:ffff:7f00:0001
[2025-06-26 23:44:33][INFO] Client connected with IP: 0000:0000:0000:0000:0000:ffff:7f00:0001
[2025-06-26 23:44:33][INFO] Client connected with IP: 0000:0000:0000:0000:0000:ffff:7f00:0001
[2025-06-26 23:44:33][INFO] Client connected with IP: 0000:0000:0000:0000:0000:ffff:7f00:0001
[2025-06-26 23:44:33][INFO] Client connected with IP: 0000:0000:0000:0000:0000:ffff:7f00:0001
[2025-06-26 23:44:33][INFO] Client connected with IP: 0000:0000:0000:0000:0000:ffff:7f00:0001
[2025-06-26 23:44:33][INFO] Client connected with IP: 0000:0000:0000:0000:0000:ffff:7f00:0001
[2025-06-26 23:44:34][INFO] Client connected with IP: 0000:0000:0000:0000:0000:ffff:7f00:0001
[2025-06-26 23:44:34][INFO] Client connected with IP: 0000:0000:0000:0000:0000:ffff:7f00:0001
[2025-06-26 23:44:34][INFO] Client connected with IP: 0000:0000:0000:0000:0000:ffff:7f00:0001
[2025-06-26 23:44:34][INFO] Client connected with IP: 0000:0000:0000:0000:0000:ffff:7f00:0001
[2025-06-26 23:44:34][INFO] Client connected with IP: 0000:0000:0000:0000:0000:ffff:7f00:0001
[2025-06-26 23:44:34][INFO] Client connected with IP: 0000:0000:0000:0000:0000:ffff:7f00:0001
[2025-06-26 23:44:35][INFO] Client connected with IP: 0000:0000:0000:0000:0000:ffff:7f00:0001
[2025-06-26 23:44:35][INFO] Client connected with IP: 0000:0000:0000:0000:0000:ffff:7f00:0001
[2025-06-26 23:44:35][INFO] Client connected with IP: 0000:0000:0000:0000:0000:ffff:7f00:0001
[2025-06-26 23:44:35][INFO] Client connected with IP: 0000:0000:0000:0000:0000:ffff:7f00:0001
[2025-06-26 23:44:35][INFO] Client connected with IP: 0000:0000:0000:0000:0000:ffff:7f00:0001
[2025-06-26 23:44:35][INFO] Client connected with IP: 0000:0000:0000:0000:0000:ffff:7f00:0001
[2025-06-26 23:44:36][INFO] Client connected with IP: 0000:0000:0000:0000:0000:ffff:7f00:0001
[2025-06-26 23:44:36][INFO] Client connected with IP: 0000:0000:0000:0000:0000:ffff:7f00:0001
[2025-06-26 23:44:37][INFO] Client connected with IP: 0000:0000:0000:0000:0000:ffff:7f00:0001
[2025-06-26 23:44:37][INFO] Client connected with IP: 0000:0000:0000:0000:0000:ffff:7f00:0001
[2025-06-26 23:44:37][INFO] Client connected with IP: 0000:0000:0000:0000:0000:ffff:7f00:0001
[2025-06-26 23:44:37][INFO] Client connected with IP: 0000:0000:0000:0000:0000:ffff:7f00:0001
[2025-06-26 23:44:39][INFO] Client connected with IP: 0000:0000:0000:0000:0000:ffff:7f00:0001
[2025-06-26 23:44:39][INFO] Client connected with IP: 0000:0000:0000:0000:0000:ffff:7f00:0001
[2025-06-26 23:44:39][INFO] Client connected with IP: 0000:0000:0000:0000:0000:ffff:7f00:0001
[2025-06-26 23:44:39][INFO] Client connected with IP: 0000:0000:0000:0000:0000:ffff:7f00:0001
[2025-06-26 23:44:39][INFO] Client connected with IP: 0000:0000:0000:0000:0000:ffff:7f00:0001
[2025-06-26 23:44:39][INFO] Client connected with IP: 0000:0000:0000:0000:0000:ffff:7f00:0001
[2025-06-26 23:44:41][INFO] Client disconnected. Code: 1001, Reason: 
[2025-06-26 23:44:41][INFO] Client disconnected. Code: 1001, Reason: 
[2025-06-26 23:44:41][INFO] Client disconnected. Code: 1001, Reason: 
[2025-06-26 23:44:41][INFO] Client disconnected. Code: 1001, Reason: 
[2025-06-26 23:44:41][INFO] Client disconnected. Code: 1001, Reason: 
[2025-06-26 23:44:41][INFO] Client disconnected. Code: 1001, Reason: 
[2025-06-26 23:44:41][INFO] Client disconnected. Code: 1001, Reason: 
[2025-06-26 23:44:41][INFO] Client disconnected. Code: 1001, Reason: 
[2025-06-26 23:44:41][INFO] Client disconnected. Code: 1001, Reason: 
[2025-06-26 23:44:41][INFO] Client disconnected. Code: 1001, Reason: 
[2025-06-26 23:44:41][INFO] Client disconnected. Code: 1001, Reason: 
[2025-06-26 23:44:41][INFO] Client disconnected. Code: 1001, Reason: 
[2025-06-26 23:44:41][INFO] Client disconnected. Code: 1001, Reason: 
[2025-06-26 23:44:41][INFO] Client disconnected. Code: 1001, Reason: 
[2025-06-26 23:44:41][INFO] Client disconnected. Code: 1001, Reason: 
[2025-06-26 23:44:41][INFO] Client disconnected. Code: 1001, Reason: 
[2025-06-26 23:44:41][INFO] Client disconnected. Code: 1001, Reason: 
[2025-06-26 23:44:41][INFO] Client disconnected. Code: 1001, Reason: 
[2025-06-26 23:44:41][INFO] Client disconnected. Code: 1001, Reason: 
[2025-06-26 23:44:41][INFO] Client disconnected. Code: 1001, Reason: 
[2025-06-26 23:44:41][INFO] Client disconnected. Code: 1001, Reason: 
[2025-06-26 23:44:41][INFO] Client disconnected. Code: 1001, Reason: 
[2025-06-26 23:44:41][INFO] Client disconnected. Code: 1001, Reason: 
[2025-06-26 23:44:41][INFO] Client disconnected. Code: 1001, Reason: 
[2025-06-26 23:44:41][INFO] Client disconnected. Code: 1001, Reason: 
[2025-06-26 23:44:41][INFO] Client disconnected. Code: 1001, Reason: 
[2025-06-26 23:44:41][INFO] Client disconnected. Code: 1001, Reason: 
[2025-06-26 23:44:41][INFO] Client disconnected. Code: 1001, Reason: 
[2025-06-26 23:44:41][INFO] Client disconnected. Code: 1001, Reason: 
[2025-06-26 23:44:41][INFO] Client disconnected. Code: 1001, Reason: 
[2025-06-26 23:44:41][INFO] Client disconnected. Code: 1001, Reason: 
[2025-06-26 23:44:41][INFO] Client disconnected. Code: 1001, Reason: 
[2025-06-26 23:44:41][INFO] Client disconnected. Code: 1001, Reason: 
[2025-06-26 23:44:41][INFO] Client disconnected. Code: 1001, Reason: 
[2025-06-26 23:44:41][INFO] Client disconnected. Code: 1001, Reason: 
[2025-06-26 23:44:41][INFO] Client disconnected. Code: 1001, Reason: 
[2025-06-26 23:44:41][INFO] Client disconnected. Code: 1001, Reason: 
[2025-06-26 23:44:41][INFO] Client disconnected. Code: 1001, Reason: 
[2025-06-26 23:44:41][INFO] Client disconnected. Code: 1001, Reason: 
[2025-06-26 23:44:41][INFO] Client disconnected. Code: 1001, Reason: 
[2025-06-26 23:44:41][INFO] Client disconnected. Code: 1001, Reason: 
[2025-06-26 23:44:41][INFO] Client disconnected. Code: 1001, Reason: 
[2025-06-26 23:44:41][INFO] Client disconnected. Code: 1001, Reason: 
[2025-06-26 23:44:41][INFO] Client disconnected. Code: 1001, Reason: 
[2025-06-26 23:44:41][INFO] Client disconnected. Code: 1001, Reason: 
[2025-06-26 23:44:41][INFO] Client disconnected. Code: 1001, Reason: 
[2025-06-26 23:44:41][INFO] Client disconnected. Code: 1001, Reason: 
[2025-06-26 23:44:41][INFO] Client disconnected. Code: 1001, Reason: 
[2025-06-26 23:44:41][INFO] Client disconnected. Code: 1001, Reason: 
[2025-06-26 23:44:41][INFO] Client disconnected. Code: 1001, Reason: 
[2025-06-26 23:44:41][INFO] Client disconnected. Code: 1001, Reason: 
[2025-06-26 23:44:41][INFO] Client disconnected. Code: 1001, Reason: 
[2025-06-26 23:44:41][INFO] Client disconnected. Code: 1001, Reason: 
[2025-06-26 23:44:41][INFO] Client disconnected. Code: 1001, Reason: 
[2025-06-26 23:44:41][INFO] Client disconnected. Code: 1001, Reason: 
[2025-06-26 23:44:41][INFO] Client disconnected. Code: 1001, Reason: 
[2025-06-26 23:44:41][INFO] Client disconnected. Code: 1001, Reason: 
[2025-06-26 23:44:41][INFO] Client disconnected. Code: 1001, Reason: 
[2025-06-26 23:44:41][INFO] Client disconnected. Code: 1001, Reason: 
[2025-06-26 23:44:41][INFO] Client disconnected. Code: 1001, Reason: 
[2025-06-26 23:44:41][INFO] Client disconnected. Code: 1001, Reason: 
[2025-06-26 23:44:41][INFO] Client disconnected. Code: 1001, Reason: 
[2025-06-26 23:44:41][INFO] Client disconnected. Code: 1001, Reason: 
[2025-06-26 23:44:41][INFO] Client disconnected. Code: 1001, Reason: 
[2025-06-26 23:44:41][INFO] Client disconnected. Code: 1001, Reason: 
[2025-06-26 23:44:41][INFO] Client disconnected. Code: 1001, Reason: 
[2025-06-26 23:44:41][INFO] Client disconnected. Code: 1001, Reason: 
[2025-06-26 23:44:41][INFO] Client disconnected. Code: 1001, Reason: 
[2025-06-26 23:44:41][INFO] Client disconnected. Code: 1001, Reason: 
[2025-06-26 23:44:41][INFO] Client disconnected. Code: 1001, Reason: 
[2025-06-26 23:44:41][INFO] Client disconnected. Code: 1001, Reason: 
[2025-06-26 23:44:41][INFO] Client disconnected. Code: 1001, Reason: 
[2025-06-26 23:44:41][INFO] Client disconnected. Code: 1001, Reason: 
[2025-06-26 23:44:41][INFO] Client disconnected. Code: 1001, Reason: 
[2025-06-26 23:44:41][INFO] Client disconnected. Code: 1001, Reason: 
[2025-06-26 23:44:41][INFO] Client disconnected. Code: 1001, Reason: 
[2025-06-26 23:44:41][INFO] Client disconnected. Code: 1001, Reason: 
[2025-06-26 23:44:41][INFO] Client disconnected. Code: 1001, Reason: 
[2025-06-26 23:44:41][INFO] Client disconnected. Code: 1001, Reason: 
[2025-06-26 23:44:41][INFO] Client disconnected. Code: 1001, Reason: 
[2025-06-26 23:44:41][INFO] Client disconnected. Code: 1001, Reason: 
[2025-06-26 23:44:41][INFO] Client disconnected. Code: 1001, Reason: 
[2025-06-26 23:44:41][INFO] Client disconnected. Code: 1001, Reason: 
[2025-06-26 23:44:41][INFO] Client disconnected. Code: 1001, Reason: 
[2025-06-26 23:44:41][INFO] Client disconnected. Code: 1001, Reason: 
[2025-06-26 23:44:41][INFO] Client disconnected. Code: 1001, Reason: 
[2025-06-26 23:44:41][INFO] Client disconnected. Code: 1001, Reason: 
[2025-06-26 23:44:41][INFO] Client disconnected. Code: 1001, Reason: 
[2025-06-26 23:44:41][INFO] Client disconnected. Code: 1001, Reason: 
[2025-06-26 23:44:41][INFO] Client disconnected. Code: 1001, Reason: 
[2025-06-26 23:44:41][INFO] Client disconnected. Code: 1001, Reason: 
[2025-06-26 23:44:41][INFO] Client disconnected. Code: 1001, Reason: 
[2025-06-26 23:44:41][INFO] Client disconnected. Code: 1001, Reason: 
[2025-06-26 23:44:41][INFO] Client disconnected. Code: 1001, Reason: 
[2025-06-26 23:44:41][INFO] Client disconnected. Code: 1001, Reason: 
[2025-06-26 23:44:41][INFO] Client disconnected. Code: 1001, Reason: 
[2025-06-26 23:44:41][INFO] Client disconnected. Code: 1001, Reason: 
[2025-06-26 23:44:41][INFO] Client disconnected. Code: 1001, Reason: 
[2025-06-26 23:44:41][INFO] Client disconnected. Code: 1001, Reason: 
[2025-06-26 23:44:41][INFO] Client disconnected. Code: 1001, Reason: 
[2025-06-26 23:44:41][INFO] Client disconnected. Code: 1001, Reason: 
[2025-06-26 23:44:41][INFO] Client disconnected. Code: 1001, Reason: 
[2025-06-26 23:44:41][INFO] Client disconnected. Code: 1001, Reason: 
[2025-06-26 23:44:41][INFO] Client disconnected. Code: 1001, Reason: 
[2025-06-26 23:44:41][INFO] Client disconnected. Code: 1001, Reason: 
[2025-06-26 23:44:41][INFO] Client disconnected. Code: 1001, Reason: 
[2025-06-26 23:44:41][INFO] Client disconnected. Code: 1001, Reason: 
[2025-06-26 23:44:41][INFO] Client disconnected. Code: 1001, Reason: 
[2025-06-26 23:44:41][INFO] Client disconnected. Code: 1001, Reason: 
[2025-06-26 23:44:41][INFO] Client disconnected. Code: 1001, Reason: 
[2025-06-26 23:44:41][INFO] Client disconnected. Code: 1001, Reason: 
[2025-06-26 23:44:41][INFO] Client disconnected. Code: 1001, Reason: 
[2025-06-26 23:44:41][INFO] Client disconnected. Code: 1001, Reason: 
[2025-06-26 23:44:41][INFO] Client disconnected. Code: 1001, Reason: 
[2025-06-26 23:44:41][INFO] Client disconnected. Code: 1001, Reason: 
[2025-06-26 23:44:41][INFO] Client disconnected. Code: 1001, Reason: 
[2025-06-26 23:44:41][INFO] Client disconnected. Code: 1001, Reason: 
[2025-06-26 23:44:41][INFO] Client disconnected. Code: 1001, Reason: 
[2025-06-26 23:44:41][INFO] Client disconnected. Code: 1001, Reason: 
[2025-06-26 23:44:41][INFO] Client disconnected. Code: 1001, Reason: 
[2025-06-26 23:44:41][INFO] Client disconnected. Code: 1001, Reason: 
[2025-06-26 23:44:41][INFO] Client disconnected. Code: 1001, Reason: 
[2025-06-26 23:44:41][INFO] Client disconnected. Code: 1001, Reason: 
[2025-06-26 23:44:41][INFO] Client disconnected. Code: 1001, Reason: 
[2025-06-26 23:44:41][INFO] Client disconnected. Code: 1001, Reason: 
[2025-06-26 23:44:41][INFO] Client disconnected. Code: 1001, Reason: 
[2025-06-26 23:44:41][INFO] Client disconnected. Code: 1001, Reason: 
[2025-06-26 23:44:41][INFO] Client disconnected. Code: 1001, Reason: 
[2025-06-26 23:44:41][INFO] Client disconnected. Code: 1001, Reason: 
[2025-06-26 23:44:41][INFO] Client disconnected. Code: 1001, Reason: 
[2025-06-26 23:44:41][INFO] Client disconnected. Code: 1001, Reason: 
[2025-06-26 23:44:41][INFO] Client disconnected. Code: 1001, Reason: 
[2025-06-26 23:44:41][INFO] Client disconnected. Code: 1001, Reason: 
[2025-06-26 23:44:41][INFO] Client disconnected. Code: 1001, Reason: 
[2025-06-26 23:44:41][INFO] Client disconnected. Code: 1001, Reason: 
[2025-06-26 23:44:41][INFO] Client disconnected. Code: 1001, Reason: 
[2025-06-26 23:44:41][INFO] Client disconnected. Code: 1001, Reason: 
[2025-06-26 23:44:41][INFO] Client disconnected. Code: 1001, Reason: 
[2025-06-26 23:44:41][INFO] Client disconnected. Code: 1001, Reason: 
[2025-06-26 23:44:41][INFO] Client disconnected. Code: 1001, Reason: 
[2025-06-26 23:44:41][INFO] Client disconnected. Code: 1001, Reason: 
[2025-06-26 23:44:41][INFO] Client disconnected. Code: 1001, Reason: 
[2025-06-26 23:44:41][INFO] Client disconnected. Code: 1001, Reason: 
[2025-06-26 23:44:41][INFO] Client disconnected. Code: 1001, Reason: 
[2025-06-26 23:44:41][INFO] Client disconnected. Code: 1001, Reason: 
[2025-06-26 23:44:41][INFO] Client disconnected. Code: 1001, Reason: 
[2025-06-26 23:44:41][INFO] Client disconnected. Code: 1001, Reason: 
[2025-06-26 23:44:41][INFO] Client disconnected. Code: 1001, Reason: 
[2025-06-26 23:44:41][INFO] Client disconnected. Code: 1001, Reason: 
[2025-06-26 23:44:41][INFO] Client disconnected. Code: 1001, Reason: 
[2025-06-26 23:44:41][INFO] Client disconnected. Code: 1001, Reason: 
[2025-06-26 23:44:41][INFO] Client disconnected. Code: 1001, Reason: 
[2025-06-26 23:44:41][INFO] Client disconnected. Code: 1001, Reason: 
[2025-06-26 23:44:41][INFO] Client disconnected. Code: 1001, Reason: 
[2025-06-26 23:44:41][INFO] Client disconnected. Code: 1001, Reason: 
[2025-06-26 23:44:41][INFO] Client disconnected. Code: 1001, Reason: 
[2025-06-26 23:44:41][INFO] Client disconnected. Code: 1001, Reason: 
[2025-06-26 23:44:41][INFO] Client disconnected. Code: 1001, Reason: 
[2025-06-26 23:44:41][INFO] Client connected with IP: 0000:0000:0000:0000:0000:ffff:7f00:0001
[2025-06-26 23:44:41][INFO] Client connected with IP: 0000:0000:0000:0000:0000:ffff:7f00:0001
[2025-06-26 23:44:41][INFO] Client connected with IP: 0000:0000:0000:0000:0000:ffff:7f00:0001
[2025-06-26 23:44:41][INFO] Client connected with IP: 0000:0000:0000:0000:0000:ffff:7f00:0001
[2025-06-26 23:44:41][INFO] Client connected with IP: 0000:0000:0000:0000:0000:ffff:7f00:0001
[2025-06-26 23:44:41][INFO] Client connected with IP: 0000:0000:0000:0000:0000:ffff:7f00:0001
[2025-06-26 23:44:42][INFO] Client disconnected. Code: 1001, Reason: 
[2025-06-26 23:44:42][INFO] Client disconnected. Code: 1001, Reason: 
[2025-06-26 23:44:42][INFO] Client disconnected. Code: 1001, Reason: 
[2025-06-26 23:44:42][INFO] Client disconnected. Code: 1001, Reason: 
[2025-06-26 23:44:42][INFO] Client disconnected. Code: 1001, Reason: 
[2025-06-26 23:44:42][INFO] Client disconnected. Code: 1001, Reason: 
[2025-06-26 23:44:42][INFO] Client connected with IP: 0000:0000:0000:0000:0000:ffff:7f00:0001
[2025-06-26 23:44:42][INFO] Client connected with IP: 0000:0000:0000:0000:0000:ffff:7f00:0001
[2025-06-26 23:44:42][INFO] Client connected with IP: 0000:0000:0000:0000:0000:ffff:7f00:0001
[2025-06-26 23:44:42][INFO] Client connected with IP: 0000:0000:0000:0000:0000:ffff:7f00:0001
[2025-06-26 23:44:42][INFO] Client connected with IP: 0000:0000:0000:0000:0000:ffff:7f00:0001
[2025-06-26 23:44:42][INFO] Client connected with IP: 0000:0000:0000:0000:0000:ffff:7f00:0001
[2025-06-26 23:44:42][INFO] Client disconnected. Code: 1001, Reason: 
[2025-06-26 23:44:42][INFO] Client disconnected. Code: 1001, Reason: 
[2025-06-26 23:44:42][INFO] Client disconnected. Code: 1001, Reason: 
[2025-06-26 23:44:42][INFO] Client disconnected. Code: 1001, Reason: 
[2025-06-26 23:44:42][INFO] Client disconnected. Code: 1001, Reason: 
[2025-06-26 23:44:42][INFO] Client disconnected. Code: 1001, Reason: 
[2025-06-26 23:44:42][INFO] Client connected with IP: 0000:0000:0000:0000:0000:ffff:7f00:0001
[2025-06-26 23:44:42][INFO] Client connected with IP: 0000:0000:0000:0000:0000:ffff:7f00:0001
[2025-06-26 23:44:42][INFO] Client connected with IP: 0000:0000:0000:0000:0000:ffff:7f00:0001
[2025-06-26 23:44:42][INFO] Client connected with IP: 0000:0000:0000:0000:0000:ffff:7f00:0001
[2025-06-26 23:44:42][INFO] Client connected with IP: 0000:0000:0000:0000:0000:ffff:7f00:0001
[2025-06-26 23:44:42][INFO] Client connected with IP: 0000:0000:0000:0000:0000:ffff:7f00:0001
[2025-06-26 23:44:42][INFO] Client disconnected. Code: 1001, Reason: 
[2025-06-26 23:44:42][INFO] Client disconnected. Code: 1001, Reason: 
[2025-06-26 23:44:42][INFO] Client disconnected. Code: 1001, Reason: 
[2025-06-26 23:44:42][INFO] Client disconnected. Code: 1001, Reason: 
[2025-06-26 23:44:42][INFO] Client disconnected. Code: 1001, Reason: 
[2025-06-26 23:44:42][INFO] Client disconnected. Code: 1001, Reason: 
[2025-06-26 23:44:42][INFO] Client connected with IP: 0000:0000:0000:0000:0000:ffff:7f00:0001
[2025-06-26 23:44:42][INFO] Client connected with IP: 0000:0000:0000:0000:0000:ffff:7f00:0001
[2025-06-26 23:44:42][INFO] Client connected with IP: 0000:0000:0000:0000:0000:ffff:7f00:0001
[2025-06-26 23:44:42][INFO] Client connected with IP: 0000:0000:0000:0000:0000:ffff:7f00:0001
[2025-06-26 23:44:42][INFO] Client connected with IP: 0000:0000:0000:0000:0000:ffff:7f00:0001
[2025-06-26 23:44:42][INFO] Client connected with IP: 0000:0000:0000:0000:0000:ffff:7f00:0001
[2025-06-26 23:44:42][INFO] Client disconnected. Code: 1001, Reason: 
[2025-06-26 23:44:42][INFO] Client disconnected. Code: 1001, Reason: 
[2025-06-26 23:44:42][INFO] Client disconnected. Code: 1001, Reason: 
[2025-06-26 23:44:42][INFO] Client disconnected. Code: 1001, Reason: 
[2025-06-26 23:44:42][INFO] Client disconnected. Code: 1001, Reason: 
[2025-06-26 23:44:42][INFO] Client disconnected. Code: 1001, Reason: 
[2025-06-26 23:44:42][INFO] Client connected with IP: 0000:0000:0000:0000:0000:ffff:7f00:0001
[2025-06-26 23:44:42][INFO] Client connected with IP: 0000:0000:0000:0000:0000:ffff:7f00:0001
[2025-06-26 23:44:42][INFO] Client connected with IP: 0000:0000:0000:0000:0000:ffff:7f00:0001
[2025-06-26 23:44:42][INFO] Client connected with IP: 0000:0000:0000:0000:0000:ffff:7f00:0001
[2025-06-26 23:44:42][INFO] Client connected with IP: 0000:0000:0000:0000:0000:ffff:7f00:0001
[2025-06-26 23:44:42][INFO] Client connected with IP: 0000:0000:0000:0000:0000:ffff:7f00:0001
[2025-06-26 23:44:44][INFO] Client connected with IP: 0000:0000:0000:0000:0000:ffff:7f00:0001
[2025-06-26 23:44:44][INFO] Client connected with IP: 0000:0000:0000:0000:0000:ffff:7f00:0001
[2025-06-26 23:44:44][INFO] Client connected with IP: 0000:0000:0000:0000:0000:ffff:7f00:0001
[2025-06-26 23:44:44][INFO] Client connected with IP: 0000:0000:0000:0000:0000:ffff:7f00:0001
[2025-06-26 23:44:44][INFO] Client connected with IP: 0000:0000:0000:0000:0000:ffff:7f00:0001
[2025-06-26 23:44:44][INFO] Client connected with IP: 0000:0000:0000:0000:0000:ffff:7f00:0001
[2025-06-26 23:44:45][INFO] Client connected with IP: 0000:0000:0000:0000:0000:ffff:7f00:0001
[2025-06-26 23:44:45][INFO] Client connected with IP: 0000:0000:0000:0000:0000:ffff:7f00:0001
[2025-06-26 23:44:46][INFO] Client connected with IP: 0000:0000:0000:0000:0000:ffff:7f00:0001
[2025-06-26 23:44:46][INFO] Client connected with IP: 0000:0000:0000:0000:0000:ffff:7f00:0001
[2025-06-26 23:44:46][INFO] Client connected with IP: 0000:0000:0000:0000:0000:ffff:7f00:0001
[2025-06-26 23:44:46][INFO] Client connected with IP: 0000:0000:0000:0000:0000:ffff:7f00:0001
[2025-06-26 23:44:46][INFO] Client connected with IP: 0000:0000:0000:0000:0000:ffff:7f00:0001
[2025-06-26 23:44:46][INFO] Client connected with IP: 0000:0000:0000:0000:0000:ffff:7f00:0001
[2025-06-26 23:44:47][INFO] Client connected with IP: 0000:0000:0000:0000:0000:ffff:7f00:0001
[2025-06-26 23:44:47][INFO] Client connected with IP: 0000:0000:0000:0000:0000:ffff:7f00:0001
[2025-06-26 23:44:47][INFO] Client connected with IP: 0000:0000:0000:0000:0000:ffff:7f00:0001
[2025-06-26 23:44:47][INFO] Client connected with IP: 0000:0000:0000:0000:0000:ffff:7f00:0001
[2025-06-26 23:44:47][INFO] Client connected with IP: 0000:0000:0000:0000:0000:ffff:7f00:0001
[2025-06-26 23:44:47][INFO] Client connected with IP: 0000:0000:0000:0000:0000:ffff:7f00:0001
[2025-06-26 23:44:49][INFO] Client disconnected. Code: 1001, Reason: 
[2025-06-26 23:44:49][INFO] Client disconnected. Code: 1001, Reason: 
[2025-06-26 23:44:49][INFO] Client disconnected. Code: 1001, Reason: 
[2025-06-26 23:44:49][INFO] Client disconnected. Code: 1001, Reason: 
[2025-06-26 23:44:49][INFO] Client disconnected. Code: 1001, Reason: 
[2025-06-26 23:44:49][INFO] Client disconnected. Code: 1001, Reason: 
[2025-06-26 23:44:49][INFO] Client disconnected. Code: 1001, Reason: 
[2025-06-26 23:44:49][INFO] Client disconnected. Code: 1001, Reason: 
[2025-06-26 23:44:49][INFO] Client disconnected. Code: 1001, Reason: 
[2025-06-26 23:44:49][INFO] Client disconnected. Code: 1001, Reason: 
[2025-06-26 23:44:49][INFO] Client disconnected. Code: 1001, Reason: 
[2025-06-26 23:44:49][INFO] Client disconnected. Code: 1001, Reason: 
[2025-06-26 23:44:49][INFO] Client disconnected. Code: 1001, Reason: 
[2025-06-26 23:44:49][INFO] Client disconnected. Code: 1001, Reason: 
[2025-06-26 23:44:49][INFO] Client disconnected. Code: 1001, Reason: 
[2025-06-26 23:44:49][INFO] Client disconnected. Code: 1001, Reason: 
[2025-06-26 23:44:49][INFO] Client disconnected. Code: 1001, Reason: 
[2025-06-26 23:44:49][INFO] Client disconnected. Code: 1001, Reason: 
[2025-06-26 23:44:49][INFO] Client disconnected. Code: 1001, Reason: 
[2025-06-26 23:44:49][INFO] Client disconnected. Code: 1001, Reason: 
[2025-06-26 23:44:49][INFO] Client disconnected. Code: 1001, Reason: 
[2025-06-26 23:44:49][INFO] Client disconnected. Code: 1001, Reason: 
[2025-06-26 23:44:49][INFO] Client disconnected. Code: 1001, Reason: 
[2025-06-26 23:44:49][INFO] Client disconnected. Code: 1001, Reason: 
[2025-06-26 23:44:49][INFO] Client disconnected. Code: 1001, Reason: 
[2025-06-26 23:44:49][INFO] Client disconnected. Code: 1001, Reason: 
[2025-06-26 23:44:49][INFO] Client connected with IP: 0000:0000:0000:0000:0000:ffff:7f00:0001
[2025-06-26 23:44:49][INFO] Client connected with IP: 0000:0000:0000:0000:0000:ffff:7f00:0001
[2025-06-26 23:44:49][INFO] Client connected with IP: 0000:0000:0000:0000:0000:ffff:7f00:0001
[2025-06-26 23:44:49][INFO] Client connected with IP: 0000:0000:0000:0000:0000:ffff:7f00:0001
[2025-06-26 23:44:49][INFO] Client connected with IP: 0000:0000:0000:0000:0000:ffff:7f00:0001
[2025-06-26 23:44:49][INFO] Client connected with IP: 0000:0000:0000:0000:0000:ffff:7f00:0001
[2025-06-26 23:53:08][INFO] Server started...
[2025-06-26 23:53:23][INFO] Client connected with IP: 0000:0000:0000:0000:0000:ffff:7f00:0001
[2025-06-26 23:53:24][INFO] Client connected with IP: 0000:0000:0000:0000:0000:ffff:7f00:0001
[2025-06-26 23:53:24][INFO] Client connected with IP: 0000:0000:0000:0000:0000:ffff:7f00:0001
[2025-06-26 23:53:24][INFO] Client connected with IP: 0000:0000:0000:0000:0000:ffff:7f00:0001
[2025-06-26 23:53:24][INFO] Client connected with IP: 0000:0000:0000:0000:0000:ffff:7f00:0001
[2025-06-26 23:53:25][INFO] Client connected with IP: 0000:0000:0000:0000:0000:ffff:7f00:0001
[2025-06-26 23:53:25][INFO] Client connected with IP: 0000:0000:0000:0000:0000:ffff:7f00:0001
[2025-06-26 23:53:25][INFO] Client connected with IP: 0000:0000:0000:0000:0000:ffff:7f00:0001
[2025-06-26 23:53:25][INFO] Client connected with IP: 0000:0000:0000:0000:0000:ffff:7f00:0001
[2025-06-26 23:53:26][INFO] Client connected with IP: 0000:0000:0000:0000:0000:ffff:7f00:0001
[2025-06-26 23:53:26][INFO] Client connected with IP: 0000:0000:0000:0000:0000:ffff:7f00:0001
[2025-06-26 23:53:26][INFO] Client connected with IP: 0000:0000:0000:0000:0000:ffff:7f00:0001
[2025-06-26 23:53:26][INFO] Client connected with IP: 0000:0000:0000:0000:0000:ffff:7f00:0001
[2025-06-26 23:53:26][INFO] Client connected with IP: 0000:0000:0000:0000:0000:ffff:7f00:0001
[2025-06-26 23:53:26][INFO] Client connected with IP: 0000:0000:0000:0000:0000:ffff:7f00:0001
[2025-06-26 23:53:26][INFO] Client connected with IP: 0000:0000:0000:0000:0000:ffff:7f00:0001
[2025-06-26 23:53:26][INFO] Client connected with IP: 0000:0000:0000:0000:0000:ffff:7f00:0001
[2025-06-26 23:53:26][INFO] Client connected with IP: 0000:0000:0000:0000:0000:ffff:7f00:0001
[2025-06-26 23:53:27][INFO] Client disconnected. Code: 1001, Reason: 
[2025-06-26 23:53:27][INFO] Client disconnected. Code: 1001, Reason: 
[2025-06-26 23:53:27][INFO] Client disconnected. Code: 1001, Reason: 
[2025-06-26 23:53:27][INFO] Client disconnected. Code: 1001, Reason: 
[2025-06-26 23:53:27][INFO] Client disconnected. Code: 1001, Reason: 
[2025-06-26 23:53:27][INFO] Client disconnected. Code: 1001, Reason: 
[2025-06-26 23:53:27][INFO] Client disconnected. Code: 1001, Reason: 
[2025-06-26 23:53:27][INFO] Client disconnected. Code: 1001, Reason: 
[2025-06-26 23:53:27][INFO] Client disconnected. Code: 1001, Reason: 
[2025-06-26 23:53:27][INFO] Client disconnected. Code: 1001, Reason: 
[2025-06-26 23:53:27][INFO] Client disconnected. Code: 1001, Reason: 
[2025-06-26 23:53:27][INFO] Client disconnected. Code: 1001, Reason: 
[2025-06-26 23:53:27][INFO] Client disconnected. Code: 1001, Reason: 
[2025-06-26 23:53:27][INFO] Client disconnected. Code: 1001, Reason: 
[2025-06-26 23:53:27][INFO] Client disconnected. Code: 1001, Reason: 
[2025-06-26 23:53:27][INFO] Client disconnected. Code: 1001, Reason: 
[2025-06-26 23:53:27][INFO] Client disconnected. Code: 1001, Reason: 
[2025-06-26 23:53:27][INFO] Client disconnected. Code: 1001, Reason: 
[2025-06-26 23:53:56][INFO] Client connected with IP: 0000:0000:0000:0000:0000:ffff:7f00:0001
[2025-06-26 23:53:56][INFO] Client connected with IP: 0000:0000:0000:0000:0000:ffff:7f00:0001
[2025-06-26 23:53:56][INFO] Client connected with IP: 0000:0000:0000:0000:0000:ffff:7f00:0001
[2025-06-26 23:53:56][INFO] Client connected with IP: 0000:0000:0000:0000:0000:ffff:7f00:0001
[2025-06-26 23:53:56][INFO] Client connected with IP: 0000:0000:0000:0000:0000:ffff:7f00:0001
[2025-06-26 23:53:57][INFO] Client connected with IP: 0000:0000:0000:0000:0000:ffff:7f00:0001
[2025-06-26 23:53:57][INFO] Client connected with IP: 0000:0000:0000:0000:0000:ffff:7f00:0001
[2025-06-26 23:53:57][INFO] Client connected with IP: 0000:0000:0000:0000:0000:ffff:7f00:0001
[2025-06-26 23:54:00][INFO] Client connected with IP: 0000:0000:0000:0000:0000:ffff:7f00:0001
[2025-06-26 23:54:01][INFO] Client connected with IP: 0000:0000:0000:0000:0000:ffff:7f00:0001
[2025-06-26 23:54:01][INFO] Client connected with IP: 0000:0000:0000:0000:0000:ffff:7f00:0001
[2025-06-26 23:54:01][INFO] Client connected with IP: 0000:0000:0000:0000:0000:ffff:7f00:0001
[2025-06-26 23:54:01][INFO] Client connected with IP: 0000:0000:0000:0000:0000:ffff:7f00:0001
[2025-06-26 23:54:01][INFO] Client connected with IP: 0000:0000:0000:0000:0000:ffff:7f00:0001
[2025-06-26 23:54:12][INFO] User 'Rutuja' logged in successfully
[2025-06-26 23:54:12][INFO] Client connected with IP: 0000:0000:0000:0000:0000:ffff:7f00:0001
[2025-06-26 23:54:13][INFO] Client connected with IP: 0000:0000:0000:0000:0000:ffff:7f00:0001
[2025-06-26 23:54:13][INFO] Client connected with IP: 0000:0000:0000:0000:0000:ffff:7f00:0001
[2025-06-26 23:54:13][INFO] Client connected with IP: 0000:0000:0000:0000:0000:ffff:7f00:0001
[2025-06-26 23:54:13][INFO] Client connected with IP: 0000:0000:0000:0000:0000:ffff:7f00:0001
[2025-06-26 23:54:13][INFO] Client connected with IP: 0000:0000:0000:0000:0000:ffff:7f00:0001
[2025-06-26 23:54:13][INFO] Client connected with IP: 0000:0000:0000:0000:0000:ffff:7f00:0001
[2025-06-26 23:54:13][INFO] Client connected with IP: 0000:0000:0000:0000:0000:ffff:7f00:0001
[2025-06-26 23:54:13][INFO] Client connected with IP: 0000:0000:0000:0000:0000:ffff:7f00:0001
[2025-06-26 23:54:14][INFO] Client connected with IP: 0000:0000:0000:0000:0000:ffff:7f00:0001
[2025-06-26 23:54:14][INFO] Client connected with IP: 0000:0000:0000:0000:0000:ffff:7f00:0001
[2025-06-26 23:54:14][INFO] Client connected with IP: 0000:0000:0000:0000:0000:ffff:7f00:0001
[2025-06-26 23:54:14][INFO] Client connected with IP: 0000:0000:0000:0000:0000:ffff:7f00:0001
[2025-06-26 23:54:15][INFO] Client connected with IP: 0000:0000:0000:0000:0000:ffff:7f00:0001
[2025-06-26 23:54:15][INFO] Client connected with IP: 0000:0000:0000:0000:0000:ffff:7f00:0001
[2025-06-26 23:54:15][INFO] Client connected with IP: 0000:0000:0000:0000:0000:ffff:7f00:0001
[2025-06-26 23:55:20][INFO] Server started...
[2025-06-26 23:56:03][INFO] Client connected with IP: 0000:0000:0000:0000:0000:ffff:7f00:0001
[2025-06-26 23:56:03][INFO] Client connected with IP: 0000:0000:0000:0000:0000:ffff:7f00:0001
[2025-06-26 23:56:03][INFO] Client connected with IP: 0000:0000:0000:0000:0000:ffff:7f00:0001
[2025-06-26 23:56:03][INFO] Client connected with IP: 0000:0000:0000:0000:0000:ffff:7f00:0001
[2025-06-26 23:56:03][INFO] Client connected with IP: 0000:0000:0000:0000:0000:ffff:7f00:0001
[2025-06-26 23:56:03][INFO] Client connected with IP: 0000:0000:0000:0000:0000:ffff:7f00:0001
[2025-06-26 23:56:03][INFO] Client connected with IP: 0000:0000:0000:0000:0000:ffff:7f00:0001
[2025-06-26 23:56:04][INFO] Client connected with IP: 0000:0000:0000:0000:0000:ffff:7f00:0001
[2025-06-26 23:56:04][INFO] Client connected with IP: 0000:0000:0000:0000:0000:ffff:7f00:0001
[2025-06-26 23:56:04][INFO] Client connected with IP: 0000:0000:0000:0000:0000:ffff:7f00:0001
[2025-06-26 23:56:04][INFO] Client connected with IP: 0000:0000:0000:0000:0000:ffff:7f00:0001
[2025-06-26 23:56:04][INFO] Client connected with IP: 0000:0000:0000:0000:0000:ffff:7f00:0001
[2025-06-26 23:56:16][INFO] User 'vijay' logged in successfully
[2025-06-26 23:56:16][INFO] Client connected with IP: 0000:0000:0000:0000:0000:ffff:7f00:0001
[2025-06-26 23:56:17][INFO] Client connected with IP: 0000:0000:0000:0000:0000:ffff:7f00:0001
[2025-06-26 23:56:17][INFO] Client connected with IP: 0000:0000:0000:0000:0000:ffff:7f00:0001
[2025-06-26 23:56:17][INFO] Client connected with IP: 0000:0000:0000:0000:0000:ffff:7f00:0001
[2025-06-26 23:56:17][INFO] Client connected with IP: 0000:0000:0000:0000:0000:ffff:7f00:0001
[2025-06-26 23:56:17][INFO] Client connected with IP: 0000:0000:0000:0000:0000:ffff:7f00:0001
[2025-06-26 23:56:17][INFO] Client connected with IP: 0000:0000:0000:0000:0000:ffff:7f00:0001
[2025-06-26 23:56:17][INFO] Client connected with IP: 0000:0000:0000:0000:0000:ffff:7f00:0001
[2025-06-26 23:56:17][INFO] Client connected with IP: 0000:0000:0000:0000:0000:ffff:7f00:0001
[2025-06-26 23:56:18][INFO] Client connected with IP: 0000:0000:0000:0000:0000:ffff:7f00:0001
[2025-06-26 23:56:18][INFO] Client connected with IP: 0000:0000:0000:0000:0000:ffff:7f00:0001
[2025-06-26 23:56:18][INFO] Client connected with IP: 0000:0000:0000:0000:0000:ffff:7f00:0001
[2025-06-26 23:56:18][INFO] Client connected with IP: 0000:0000:0000:0000:0000:ffff:7f00:0001
[2025-06-26 23:56:18][INFO] Client connected with IP: 0000:0000:0000:0000:0000:ffff:7f00:0001
[2025-06-26 23:56:19][INFO] Client connected with IP: 0000:0000:0000:0000:0000:ffff:7f00:0001
[2025-06-26 23:56:19][INFO] Client connected with IP: 0000:0000:0000:0000:0000:ffff:7f00:0001
[2025-06-26 23:56:19][INFO] Client connected with IP: 0000:0000:0000:0000:0000:ffff:7f00:0001
[2025-06-26 23:56:19][INFO] Client connected with IP: 0000:0000:0000:0000:0000:ffff:7f00:0001
