[2025-07-27 01:44:03][INFO] Server started...
[2025-07-27 01:44:03][INFO] Listening on port: 2121
[2025-07-27 01:45:20][INFO] Client connected with IP: 127.0.0.1
[2025-07-27 01:45:27][DEBUG] Message received from client{"message_type":101,"username":"vaibz","password":"12345","timestamp":"2025-07-26T20:15:21.885Z"}
[2025-07-27 01:45:27][INFO] User 'vaibz' logged in successfully
[2025-07-27 01:45:45][DEBUG] Message received from client{"message_type":107,"username":"v","requested_by":"vaibz"}
[2025-07-27 01:45:45][DEBUG] Message received from client{"message_type":107,"username":"va","requested_by":"vaibz"}
[2025-07-27 01:45:45][DEBUG] Message received from client{"message_type":107,"username":"vas","requested_by":"vaibz"}
[2025-07-27 01:45:45][DEBUG] Message received from client{"message_type":107,"username":"vasi","requested_by":"vaibz"}
[2025-07-27 01:45:46][DEBUG] Message received from client{"message_type":107,"username":"vas","requested_by":"vaibz"}
[2025-07-27 01:45:46][DEBUG] Message received from client{"message_type":107,"username":"va","requested_by":"vaibz"}
[2025-07-27 01:45:47][DEBUG] Message received from client{"message_type":107,"username":"v","requested_by":"vaibz"}
[2025-07-27 01:45:47][DEBUG] Message received from client{"message_type":107,"username":"","requested_by":"vaibz"}
[2025-07-27 01:45:56][DEBUG] Message received from client{"message_type":105,"user_id":21,"username":"vaibz"}
[2025-07-27 01:45:56][INFO] User 'vaibz' logged out successfully
[2025-07-27 01:57:32][INFO] Server started...
[2025-07-27 01:57:32][INFO] Listening on port: 2121
[2025-07-27 01:57:36][INFO] Client connected with IP: 127.0.0.1
[2025-07-27 01:57:42][DEBUG] Message received from client{"message_type":101,"username":"vaibz","password":"12345","timestamp":"2025-07-26T20:27:36.896Z"}
[2025-07-27 01:57:42][INFO] User 'vaibz' logged in successfully
[2025-07-27 01:57:56][INFO] Client connected with IP: 127.0.0.1
[2025-07-27 01:58:01][DEBUG] Message received from client{"message_type":101,"username":"vaibz","password":"12345","timestamp":"2025-07-26T20:27:56.531Z"}
[2025-07-27 01:58:01][INFO] User 'vaibz' logged in successfully
[2025-07-27 01:58:01][INFO] Client disconnected. Code: 1006, Reason: 
[2025-07-27 01:58:10][INFO] Client connected with IP: 127.0.0.1
[2025-07-27 01:58:15][DEBUG] Message received from client{"message_type":101,"username":"vaibz","password":"12345","timestamp":"2025-07-26T20:28:10.679Z"}
[2025-07-27 01:58:15][INFO] User 'vaibz' logged in successfully
[2025-07-27 01:59:03][INFO] Server started...
[2025-07-27 01:59:03][INFO] Listening on port: 2121
[2025-07-27 01:59:05][INFO] Client connected with IP: 127.0.0.1
[2025-07-27 01:59:08][INFO] Client connected with IP: 127.0.0.1
[2025-07-27 01:59:13][DEBUG] Message received from client{"message_type":101,"username":"vaibz","password":"12345","timestamp":"2025-07-26T20:29:05.685Z"}
[2025-07-27 01:59:13][INFO] User 'vaibz' logged in successfully
[2025-07-27 01:59:18][DEBUG] Message received from client{"message_type":101,"username":"vaibz","password":"12345","timestamp":"2025-07-26T20:29:08.486Z"}
[2025-07-27 01:59:18][INFO] User 'vaibz' logged in successfully
[2025-07-27 01:59:34][DEBUG] Message received from client{"message_type":101,"username":"vaibz","password":"12345","timestamp":"2025-07-26T20:29:30.097Z"}
[2025-07-27 01:59:34][INFO] User 'vaibz' logged in successfully
[2025-07-27 01:59:34][INFO] Client disconnected. Code: 1005, Reason: 
[2025-07-27 02:00:01][INFO] Client connected with IP: 127.0.0.1
[2025-07-27 02:00:11][INFO] Client connected with IP: 127.0.0.1
[2025-07-27 02:00:13][INFO] Client connected with IP: 127.0.0.1
[2025-07-27 02:00:21][DEBUG] Message received from client{"message_type":101,"username":"vaibz","password":"12345","timestamp":"2025-07-26T20:30:13.521Z"}
[2025-07-27 02:00:21][INFO] User 'vaibz' logged in successfully
[2025-07-27 02:00:32][DEBUG] Message received from client{"message_type":101,"username":"vaibz","password":"12345","timestamp":"2025-07-26T20:30:11.784Z"}
[2025-07-27 02:00:32][INFO] User 'vaibz' logged in successfully
[2025-07-27 02:00:53][DEBUG] Message received from client{"message_type":101,"username":"vaibz","password":"12345","timestamp":"2025-07-26T20:30:42.603Z"}
[2025-07-27 02:00:53][INFO] User 'vaibz' logged in successfully
[2025-07-27 02:01:05][DEBUG] Message received from client{"message_type":101,"username":"vaibz","password":"123435","timestamp":"2025-07-26T20:31:00.035Z"}
[2025-07-27 02:01:05][ERROR] Password is incorrect for user: vaibz
[2025-07-27 02:01:11][DEBUG] Message received from client{"message_type":101,"username":"vaibz","password":"12345","timestamp":"2025-07-26T20:31:10.664Z"}
[2025-07-27 02:01:11][INFO] User 'vaibz' logged in successfully
[2025-07-27 02:01:23][DEBUG] Message received from client{"message_type":101,"username":"vaibz","password":"12345","timestamp":"2025-07-26T20:31:19.658Z"}
[2025-07-27 02:01:23][INFO] User 'vaibz' logged in successfully
[2025-07-27 02:02:02][DEBUG] Message received from client{"message_type":101,"username":"vaibz","password":"12345","timestamp":"2025-07-26T20:32:00.067Z"}
[2025-07-27 02:02:02][INFO] User 'vaibz' logged in successfully
[2025-07-27 02:02:15][DEBUG] Message received from client{"message_type":101,"username":"vaibz","password":"12345","timestamp":"2025-07-26T20:32:12.620Z"}
[2025-07-27 02:02:15][INFO] User 'vaibz' logged in successfully
[2025-07-27 02:02:26][DEBUG] Message received from client{"message_type":101,"username":"vaibz","password":"12345","timestamp":"2025-07-26T20:32:23.068Z"}
[2025-07-27 02:02:26][INFO] User 'vaibz' logged in successfully
[2025-07-27 02:05:41][INFO] Server started...
[2025-07-27 02:05:41][INFO] Listening on port: 2121
[2025-07-27 02:05:45][INFO] Client connected with IP: 127.0.0.1
[2025-07-27 02:05:49][INFO] Client connected with IP: 127.0.0.1
[2025-07-27 02:05:55][DEBUG] Message received from client{"message_type":101,"username":"vaibz","password":"12345","timestamp":"2025-07-26T20:35:49.967Z"}
[2025-07-27 02:05:55][INFO] User 'vaibz' logged in successfully
[2025-07-27 02:06:07][DEBUG] Message received from client{"message_type":101,"username":"vaibz","password":"12345","timestamp":"2025-07-26T20:35:45.058Z"}
[2025-07-27 02:06:07][INFO] User 'vaibz' logged in successfully
[2025-07-27 02:06:20][DEBUG] Message received from client{"message_type":105,"user_id":21,"username":"vaibz"}
[2025-07-27 02:06:20][INFO] User 'vaibz' logged out successfully
[2025-07-27 02:07:40][INFO] Client connected with IP: 127.0.0.1
[2025-07-27 02:07:45][DEBUG] Message received from client{"message_type":101,"username":"vaibz","password":"12345","timestamp":"2025-07-26T20:37:40.514Z"}
[2025-07-27 02:07:45][INFO] User 'vaibz' logged in successfully
[2025-07-27 02:07:48][DEBUG] Message received from client{"message_type":105,"user_id":21,"username":"vaibz"}
[2025-07-27 02:07:48][INFO] User 'vaibz' logged out successfully
[2025-07-27 02:07:54][INFO] Client connected with IP: 127.0.0.1
[2025-07-27 02:11:16][INFO] Server started...
[2025-07-27 02:11:16][INFO] Listening on port: 2121
[2025-07-27 02:11:16][INFO] Client connected with IP: 127.0.0.1
[2025-07-27 02:11:16][INFO] Client connected with IP: 127.0.0.1
[2025-07-27 02:11:21][DEBUG] Message received from client{"message_type":101,"username":"vaibz","password":"12345","timestamp":"2025-07-26T20:41:16.792Z"}
[2025-07-27 02:11:21][INFO] User 'vaibz' logged in successfully
[2025-07-27 02:11:39][INFO] Client connected with IP: 127.0.0.1
[2025-07-27 02:11:43][DEBUG] Message received from client{"message_type":101,"username":"vaibz","password":"12345","timestamp":"2025-07-26T20:41:39.031Z"}
[2025-07-27 02:11:43][INFO] User 'vaibz' logged out forcefully
[2025-07-27 02:11:43][INFO] User 'vaibz' logged in successfully
[2025-07-27 02:39:04][INFO] Server started...
[2025-07-27 02:39:04][INFO] Listening on port: 2121
[2025-07-27 15:06:26][INFO] Server started...
[2025-07-27 15:06:26][INFO] Listening on port: 2121
[2025-07-27 15:06:30][INFO] Client connected with IP: 127.0.0.1
[2025-07-27 15:06:36][DEBUG] Message received from client{"message_type":101,"username":"vaibz","password":"12345","timestamp":"2025-07-27T09:36:32.281Z"}
[2025-07-27 15:06:36][INFO] User 'vaibz' logged in successfully
[2025-07-27 15:06:47][INFO] Client connected with IP: 127.0.0.1
[2025-07-27 15:06:55][DEBUG] Message received from client{"message_type":101,"username":"vaibz","password":"12345","timestamp":"2025-07-27T09:36:47.650Z"}
[2025-07-27 15:06:55][INFO] User 'vaibz' logged out forcefully
[2025-07-27 15:06:55][INFO] User 'vaibz' logged in successfully
[2025-07-27 15:07:07][DEBUG] Message received from client{"message_type":101,"username":"vaibz","password":"12345","timestamp":"2025-07-27T09:37:04.611Z"}
[2025-07-27 15:07:07][INFO] User 'vaibz' logged out forcefully
[2025-07-27 15:07:07][INFO] User 'vaibz' logged in successfully
[2025-07-27 15:07:07][INFO] Client disconnected. Code: 1005, Reason: 
[2025-07-27 15:07:17][INFO] Client connected with IP: 127.0.0.1
[2025-07-27 15:07:21][DEBUG] Message received from client{"message_type":101,"username":"vaibz","password":"12345","timestamp":"2025-07-27T09:37:17.668Z"}
[2025-07-27 15:07:21][INFO] User 'vaibz' logged in successfully
[2025-07-27 15:07:24][DEBUG] Message received from client{"message_type":105,"user_id":21,"username":"vaibz"}
[2025-07-27 15:07:24][INFO] User 'vaibz' logged out successfully
[2025-07-27 15:07:28][DEBUG] Message received from client{"message_type":101,"username":"vaibz","password":"12345","timestamp":"2025-07-27T09:37:26.217Z"}
[2025-07-27 15:07:28][INFO] User 'vaibz' logged in successfully
[2025-07-27 15:07:31][DEBUG] Message received from client{"message_type":105,"user_id":21,"username":"vaibz"}
[2025-07-27 15:07:31][INFO] User 'vaibz' logged out successfully
[2025-07-27 15:07:36][DEBUG] Message received from client{"message_type":101,"username":"vaibz","password":"12345","timestamp":"2025-07-27T09:37:32.863Z"}
[2025-07-27 15:07:36][INFO] User 'vaibz' logged in successfully
[2025-07-27 15:07:36][INFO] Client disconnected. Code: 1005, Reason: 
[2025-07-27 15:09:50][INFO] Client connected with IP: 127.0.0.1
[2025-07-27 15:09:58][DEBUG] Message received from client{"message_type":101,"username":"vaibz","password":"12245","timestamp":"2025-07-27T09:39:50.885Z"}
[2025-07-27 15:09:58][ERROR] Password is incorrect for user: vaibz
[2025-07-27 15:10:03][DEBUG] Message received from client{"message_type":101,"username":"vaibz","password":"1234","timestamp":"2025-07-27T09:39:59.974Z"}
[2025-07-27 15:10:03][ERROR] Password is incorrect for user: vaibz
[2025-07-27 15:10:03][DEBUG] Message received from client{"message_type":101,"username":"vaibz","password":"1234","timestamp":"2025-07-27T09:40:03.027Z"}
[2025-07-27 15:10:03][ERROR] Password is incorrect for user: vaibz
[2025-07-27 15:10:10][DEBUG] Message received from client{"message_type":101,"username":"vaibw","password":"12345","timestamp":"2025-07-27T09:40:06.344Z"}
[2025-07-27 15:10:10][ERROR] Username does not exists: vaibw
[2025-07-27 15:10:12][DEBUG] Message received from client{"message_type":101,"username":"vaibz","password":"12345","timestamp":"2025-07-27T09:40:12.445Z"}
[2025-07-27 15:10:12][INFO] User 'vaibz' logged in successfully
[2025-07-27 15:14:35][DEBUG] Message received from client{"message_type":107,"username":"v","requested_by":"vaibz"}
[2025-07-27 15:14:35][DEBUG] Message received from client{"message_type":107,"username":"va","requested_by":"vaibz"}
[2025-07-27 15:14:37][DEBUG] Message received from client{"message_type":107,"username":"vai","requested_by":"vaibz"}
[2025-07-27 15:17:59][INFO] Client disconnected. Code: 1001, Reason: 
[2025-07-27 15:18:00][INFO] Client connected with IP: 127.0.0.1
[2025-07-27 15:18:02][INFO] Client connected with IP: 127.0.0.1
[2025-07-27 15:18:06][DEBUG] Message received from client{"message_type":101,"username":"vaibz","password":"12345","timestamp":"2025-07-27T09:48:01.190Z"}
[2025-07-27 15:18:06][INFO] User 'vaibz' logged in successfully
[2025-07-27 15:21:01][INFO] Client connected with IP: 127.0.0.1
[2025-07-27 15:21:05][DEBUG] Message received from client{"message_type":101,"username":"vaibz","password":"12345","timestamp":"2025-07-27T09:51:01.485Z"}
[2025-07-27 15:21:05][INFO] User 'vaibz' logged out forcefully
[2025-07-27 15:21:05][INFO] User 'vaibz' logged in successfully
[2025-07-27 15:23:38][DEBUG] Message received from client{"message_type":105,"user_id":21,"username":"vaibz"}
[2025-07-27 15:23:38][INFO] User 'vaibz' logged out successfully
[2025-07-27 15:23:44][DEBUG] Message received from client{"message_type":101,"username":"vaibz","password":"12345","timestamp":"2025-07-27T09:53:42.199Z"}
[2025-07-27 15:23:44][INFO] User 'vaibz' logged in successfully
[2025-07-27 15:25:21][INFO] Client disconnected. Code: 1001, Reason: 
[2025-07-27 19:07:45][INFO] Server started...
[2025-07-27 19:07:45][INFO] Listening on port: 2121
[2025-07-27 19:09:01][INFO] Client connected with IP: 127.0.0.1
[2025-07-27 19:09:02][INFO] Client connected with IP: 127.0.0.1
[2025-07-27 19:09:13][DEBUG] Message received from client{"message_type":101,"username":"ad","password":"a","timestamp":"2025-07-27T13:39:07.614Z"}
[2025-07-27 19:09:13][ERROR] Username does not exists: ad
[2025-07-27 19:09:17][INFO] Client connected with IP: 127.0.0.1
[2025-07-27 19:09:22][DEBUG] Message received from client{"message_type":101,"username":"rutuja","password":"1234","timestamp":"2025-07-27T13:39:15.120Z"}
[2025-07-27 19:09:22][INFO] User 'rutuja' logged in successfully
[2025-07-27 19:09:28][INFO] Client connected with IP: 127.0.0.1
[2025-07-27 19:10:05][INFO] Client connected with IP: 127.0.0.1
[2025-07-27 19:10:11][INFO] Client connected with IP: 127.0.0.1
[2025-07-27 19:10:18][DEBUG] Message received from client{"message_type":101,"username":"vaibz","password":"12345","timestamp":"2025-07-27T13:39:18.159Z"}
[2025-07-27 19:10:18][INFO] User 'vaibz' logged in successfully
[2025-07-27 19:10:25][DEBUG] Message received from client{"message_type":101,"username":"vaishnavi10","password":"1234","timestamp":"2025-07-27T13:40:15.661Z"}
[2025-07-27 19:10:25][INFO] User 'vaishnavi10' logged in successfully
[2025-07-27 19:10:31][DEBUG] Message received from client{"message_type":107,"username":"R","requested_by":"vaibz"}
[2025-07-27 19:10:31][DEBUG] Message received from client{"message_type":107,"username":"Ru","requested_by":"vaibz"}
[2025-07-27 19:10:31][DEBUG] Message received from client{"message_type":107,"username":"Rut","requested_by":"vaibz"}
[2025-07-27 19:10:32][DEBUG] Message received from client{"message_type":107,"username":"Rutu","requested_by":"vaibz"}
[2025-07-27 19:10:35][DEBUG] Message received from client{"message_type":107,"username":"Rut","requested_by":"vaibz"}
[2025-07-27 19:10:35][DEBUG] Message received from client{"message_type":107,"username":"Ru","requested_by":"vaibz"}
[2025-07-27 19:10:35][DEBUG] Message received from client{"message_type":107,"username":"R","requested_by":"vaibz"}
[2025-07-27 19:10:35][DEBUG] Message received from client{"message_type":107,"username":"","requested_by":"vaibz"}
[2025-07-27 19:10:37][DEBUG] Message received from client{"message_type":107,"username":"v","requested_by":"vaibz"}
[2025-07-27 19:10:37][DEBUG] Message received from client{"message_type":107,"username":"va","requested_by":"vaibz"}
[2025-07-27 19:10:40][DEBUG] Message received from client{"message_type":107,"username":"v","requested_by":"vaibz"}
[2025-07-27 19:10:40][DEBUG] Message received from client{"message_type":107,"username":"","requested_by":"vaibz"}
[2025-07-27 19:10:49][DEBUG] Message received from client{"message_type":105,"user_id":21,"username":"vaibz"}
[2025-07-27 19:10:49][DEBUG] Message received from client{"message_type":105,"user_id":21,"username":"vaibz"}
[2025-07-27 19:10:49][INFO] User 'vaibz' logged out successfully
[2025-07-27 19:10:49][ERROR] Failed to log out user 'vaibz'
[2025-07-27 19:11:57][INFO] Client connected with IP: 127.0.0.1
[2025-07-27 19:12:05][DEBUG] Message received from client{"message_type":101,"username":"rutuja","password":"1234","timestamp":"2025-07-27T13:41:56.630Z"}
[2025-07-27 19:12:05][INFO] User 'rutuja' logged out forcefully
[2025-07-27 19:12:05][INFO] User 'rutuja' logged in successfully
[2025-07-27 19:14:53][INFO] Client connected with IP: 127.0.0.1
[2025-07-27 19:15:59][DEBUG] Message received from client{"message_type":101,"username":"rutuja","password":"1234","timestamp":"2025-07-27T13:45:48.996Z"}
[2025-07-27 19:15:59][INFO] User 'rutuja' logged out forcefully
[2025-07-27 19:15:59][INFO] User 'rutuja' logged in successfully
[2025-07-27 19:16:22][DEBUG] Message received from client{"message_type":105,"user_id":34,"username":"rutuja"}
[2025-07-27 19:16:22][INFO] User 'rutuja' logged out successfully
[2025-07-27 19:17:32][INFO] Client connected with IP: 127.0.0.1
[2025-07-27 19:17:50][DEBUG] Message received from client{"message_type":101,"username":"rutuja","password":"1234","timestamp":"2025-07-27T13:47:32.044Z"}
[2025-07-27 19:17:50][DEBUG] Message received from client{"message_type":101,"username":"rutuja","password":"1234","timestamp":"2025-07-27T13:47:45.902Z"}
[2025-07-27 19:17:50][DEBUG] Message received from client{"message_type":101,"username":"rutuja","password":"1234","timestamp":"2025-07-27T13:47:45.902Z"}
[2025-07-27 19:17:50][DEBUG] Message received from client{"message_type":101,"username":"rutuja","password":"1234","timestamp":"2025-07-27T13:47:45.902Z"}
[2025-07-27 19:17:50][DEBUG] Message received from client{"message_type":101,"username":"rutuja","password":"1234","timestamp":"2025-07-27T13:47:45.902Z"}
[2025-07-27 19:17:50][DEBUG] Message received from client{"message_type":101,"username":"rutuja","password":"1234","timestamp":"2025-07-27T13:47:45.902Z"}
[2025-07-27 19:17:50][DEBUG] Message received from client{"message_type":101,"username":"rutuja","password":"1234","timestamp":"2025-07-27T13:47:45.902Z"}
[2025-07-27 19:17:50][DEBUG] Message received from client{"message_type":101,"username":"rutuja","password":"1234","timestamp":"2025-07-27T13:47:45.902Z"}
[2025-07-27 19:17:50][INFO] User 'rutuja' logged in successfully
[2025-07-27 19:17:50][INFO] User 'rutuja' logged out forcefully
[2025-07-27 19:17:50][INFO] User 'rutuja' logged in successfully
[2025-07-27 19:17:50][INFO] User 'rutuja' logged out forcefully
[2025-07-27 19:17:50][INFO] User 'rutuja' logged in successfully
[2025-07-27 19:17:50][INFO] User 'rutuja' logged out forcefully
[2025-07-27 19:17:50][INFO] User 'rutuja' logged in successfully
[2025-07-27 19:17:50][INFO] User 'rutuja' logged out forcefully
[2025-07-27 19:17:50][INFO] User 'rutuja' logged in successfully
[2025-07-27 19:17:50][INFO] User 'rutuja' logged out forcefully
[2025-07-27 19:17:50][INFO] User 'rutuja' logged in successfully
[2025-07-27 19:17:50][INFO] User 'rutuja' logged out forcefully
[2025-07-27 19:17:50][INFO] User 'rutuja' logged in successfully
[2025-07-27 19:17:50][INFO] User 'rutuja' logged out forcefully
[2025-07-27 19:17:50][INFO] User 'rutuja' logged in successfully
[2025-07-27 19:17:50][INFO] Client disconnected. Code: 1005, Reason: 
[2025-07-27 19:18:06][INFO] Client connected with IP: 127.0.0.1
[2025-07-27 19:18:35][INFO] Client connected with IP: 127.0.0.1
[2025-07-27 19:18:43][DEBUG] Message received from client{"message_type":101,"username":"rutuja","password":"1234","timestamp":"2025-07-27T13:48:37.442Z"}
[2025-07-27 19:18:43][INFO] User 'rutuja' logged in successfully
[2025-07-27 19:18:53][INFO] Client connected with IP: 127.0.0.1
[2025-07-27 19:19:00][INFO] Client connected with IP: 127.0.0.1
[2025-07-27 19:19:09][DEBUG] Message received from client{"message_type":101,"username":"rutuja","password":"1234","timestamp":"2025-07-27T13:49:03.021Z"}
[2025-07-27 19:19:09][INFO] User 'rutuja' logged out forcefully
[2025-07-27 19:19:09][INFO] User 'rutuja' logged in successfully
