[2025-07-24 00:04:26][INFO] Server started...
[2025-07-24 00:05:34][INFO] Client connected with IP: 0000:0000:0000:0000:0000:0000:0000:0001
[2025-07-24 00:05:40][DEBUG] Message received from client{"message_type":101,"username":"vaibz","password":"12345","timestamp":"2025-07-23T18:35:36.051Z"}
[2025-07-24 00:05:40][INFO] User 'vaibz' logged in successfully
[2025-07-24 00:06:54][INFO] Client disconnected. Code: 1001, Reason: 
[2025-07-24 00:06:55][INFO] Client connected with IP: 0000:0000:0000:0000:0000:0000:0000:0001
[2025-07-24 00:07:00][DEBUG] Message received from client{"message_type":101,"username":"vaibz","password":"12345","timestamp":"2025-07-23T18:36:55.050Z"}
[2025-07-24 00:07:00][INFO] User 'vaibz' logged in successfully
[2025-07-24 00:08:24][INFO] Client disconnected. Code: 1001, Reason: 
[2025-07-24 00:08:24][INFO] Client connected with IP: 0000:0000:0000:0000:0000:0000:0000:0001
[2025-07-24 00:08:29][DEBUG] Message received from client{"message_type":101,"username":"vaibz","password":"12345","timestamp":"2025-07-23T18:38:24.916Z"}
[2025-07-24 00:08:29][INFO] User 'vaibz' logged in successfully
[2025-07-24 00:10:00][INFO] Client disconnected. Code: 1001, Reason: 
[2025-07-24 00:10:00][INFO] Client connected with IP: 0000:0000:0000:0000:0000:0000:0000:0001
[2025-07-24 21:25:09][INFO] Server started...
[2025-07-24 21:26:25][INFO] Client connected with IP: 0000:0000:0000:0000:0000:0000:0000:0001
[2025-07-24 21:26:31][DEBUG] Message received from client{"message_type":101,"username":"vaibz","password":"12345","timestamp":"2025-07-24T15:56:26.913Z"}
[2025-07-24 21:26:31][INFO] User 'vaibz' logged in successfully
[2025-07-24 21:28:25][INFO] Client disconnected. Code: 1001, Reason: 
[2025-07-24 21:28:25][INFO] Client connected with IP: 0000:0000:0000:0000:0000:0000:0000:0001
[2025-07-24 21:37:27][INFO] Client connected with IP: 0000:0000:0000:0000:0000:0000:0000:0001
[2025-07-24 21:39:46][INFO] Client connected with IP: 0000:0000:0000:0000:0000:ffff:7f00:0001
[2025-07-24 21:40:02][DEBUG] Message received from client{"message_type":101,"username":"rutuja","password":"1234","timestamp":"2025-07-24T16:09:53.583Z"}
[2025-07-24 21:40:02][INFO] User 'rutuja' logged in successfully
[2025-07-24 21:40:12][INFO] Client connected with IP: 0000:0000:0000:0000:0000:ffff:7f00:0001
[2025-07-24 21:40:22][DEBUG] Message received from client{"message_type":101,"username":"vaishnavi10","password":"1234","timestamp":"2025-07-24T16:10:11.751Z"}
[2025-07-24 21:40:22][INFO] User 'vaishnavi10' logged in successfully
[2025-07-24 21:40:26][DEBUG] Message received from client{"message_type":107,"username":"r","requested_by":"vaishnavi10"}
[2025-07-24 21:40:26][DEBUG] Message received from client{"message_type":107,"username":"ru","requested_by":"vaishnavi10"}
[2025-07-24 21:40:26][DEBUG] Message received from client{"message_type":107,"username":"rut","requested_by":"vaishnavi10"}
[2025-07-24 21:40:26][DEBUG] Message received from client{"message_type":107,"username":"rutj","requested_by":"vaishnavi10"}
[2025-07-24 21:40:27][DEBUG] Message received from client{"message_type":107,"username":"rut","requested_by":"vaishnavi10"}
[2025-07-24 21:40:27][DEBUG] Message received from client{"message_type":107,"username":"rutu","requested_by":"vaishnavi10"}
[2025-07-24 21:41:20][INFO] Client disconnected. Code: 1001, Reason: 
[2025-07-24 21:41:21][INFO] Client connected with IP: 0000:0000:0000:0000:0000:ffff:7f00:0001
[2025-07-24 21:41:35][DEBUG] Message received from client{"message_type":101,"username":"vaishnavi10","password":"1234","timestamp":"2025-07-24T16:11:21.455Z"}
[2025-07-24 21:41:35][INFO] User 'vaishnavi10' logged in successfully
[2025-07-24 21:41:38][DEBUG] Message received from client{"message_type":107,"username":"r","requested_by":"vaishnavi10"}
[2025-07-24 21:41:38][DEBUG] Message received from client{"message_type":107,"username":"ru","requested_by":"vaishnavi10"}
[2025-07-24 21:41:38][DEBUG] Message received from client{"message_type":107,"username":"rut","requested_by":"vaishnavi10"}
[2025-07-24 21:41:38][DEBUG] Message received from client{"message_type":107,"username":"rutu","requested_by":"vaishnavi10"}
[2025-07-24 21:41:42][DEBUG] Message received from client{"message_type":109,"sender_id":39,"sender":"vaishnavi10","name_of_sender":"","receiver_id":34,"receiver":"Rutuja","name_of_receiver":"Rutuja Dabhade","timestamp":"2025-07-24T16:11:38.094Z"}
[2025-07-24 21:43:41][INFO] Client disconnected. Code: 1006, Reason: WebSocket timed out from inactivity
[2025-07-24 21:43:45][INFO] Client disconnected. Code: 1006, Reason: WebSocket timed out from inactivity
[2025-07-24 21:56:38][INFO] Client connected with IP: 0000:0000:0000:0000:0000:ffff:7f00:0001
[2025-07-24 21:56:45][DEBUG] Message received from client{"message_type":101,"username":"rutuja","password":"1234","timestamp":"2025-07-24T16:26:38.205Z"}
[2025-07-24 21:56:45][INFO] User 'rutuja' logged in successfully
[2025-07-24 21:57:03][INFO] Client connected with IP: 0000:0000:0000:0000:0000:ffff:7f00:0001
[2025-07-24 21:57:11][DEBUG] Message received from client{"message_type":101,"username":"vaishnavi10","password":"1234","timestamp":"2025-07-24T16:27:02.556Z"}
[2025-07-24 21:57:11][INFO] User 'vaishnavi10' logged in successfully
[2025-07-24 21:57:31][DEBUG] Message received from client{"message_type":107,"username":"r","requested_by":"vaishnavi10"}
[2025-07-24 21:57:31][DEBUG] Message received from client{"message_type":107,"username":"ru","requested_by":"vaishnavi10"}
[2025-07-24 21:57:31][DEBUG] Message received from client{"message_type":107,"username":"rut","requested_by":"vaishnavi10"}
[2025-07-24 21:57:31][DEBUG] Message received from client{"message_type":107,"username":"rutu","requested_by":"vaishnavi10"}
[2025-07-24 21:57:31][DEBUG] Message received from client{"message_type":107,"username":"rutuj","requested_by":"vaishnavi10"}
[2025-07-24 21:57:35][DEBUG] Message received from client{"message_type":109,"sender_id":39,"sender":"vaishnavi10","name_of_sender":"","receiver_id":34,"receiver":"Rutuja","name_of_receiver":"Rutuja Dabhade","timestamp":"2025-07-24T16:27:31.442Z"}
[2025-07-24 21:58:21][INFO] Client disconnected. Code: 1005, Reason: 
[2025-07-24 21:58:21][INFO] Client disconnected. Code: 1005, Reason: 
[2025-07-24 21:58:22][INFO] Client connected with IP: 0000:0000:0000:0000:0000:ffff:7f00:0001
[2025-07-24 21:58:22][INFO] Client connected with IP: 0000:0000:0000:0000:0000:ffff:7f00:0001
[2025-07-24 22:00:21][INFO] Client connected with IP: 0000:0000:0000:0000:0000:ffff:7f00:0001
[2025-07-24 22:00:21][INFO] Client connected with IP: 0000:0000:0000:0000:0000:ffff:7f00:0001
[2025-07-24 22:00:26][INFO] Client connected with IP: 0000:0000:0000:0000:0000:ffff:7f00:0001
[2025-07-24 22:00:27][INFO] Client connected with IP: 0000:0000:0000:0000:0000:ffff:7f00:0001
[2025-07-24 22:00:30][INFO] Client connected with IP: 0000:0000:0000:0000:0000:ffff:7f00:0001
[2025-07-24 22:00:30][INFO] Client connected with IP: 0000:0000:0000:0000:0000:ffff:7f00:0001
[2025-07-24 22:00:35][INFO] Client connected with IP: 0000:0000:0000:0000:0000:ffff:7f00:0001
[2025-07-24 22:00:36][INFO] Client connected with IP: 0000:0000:0000:0000:0000:ffff:7f00:0001
[2025-07-24 22:00:37][INFO] Client connected with IP: 0000:0000:0000:0000:0000:ffff:7f00:0001
[2025-07-24 22:00:38][INFO] Client connected with IP: 0000:0000:0000:0000:0000:ffff:7f00:0001
[2025-07-24 22:00:40][INFO] Client connected with IP: 0000:0000:0000:0000:0000:ffff:7f00:0001
[2025-07-24 22:00:41][INFO] Client connected with IP: 0000:0000:0000:0000:0000:ffff:7f00:0001
[2025-07-24 22:00:51][INFO] Client connected with IP: 0000:0000:0000:0000:0000:ffff:7f00:0001
[2025-07-24 22:00:51][INFO] Client connected with IP: 0000:0000:0000:0000:0000:ffff:7f00:0001
[2025-07-24 22:01:29][INFO] Client connected with IP: 0000:0000:0000:0000:0000:ffff:7f00:0001
[2025-07-24 22:01:30][INFO] Client connected with IP: 0000:0000:0000:0000:0000:ffff:7f00:0001
[2025-07-24 22:01:36][INFO] Client connected with IP: 0000:0000:0000:0000:0000:ffff:7f00:0001
[2025-07-24 22:01:37][INFO] Client connected with IP: 0000:0000:0000:0000:0000:ffff:7f00:0001
[2025-07-24 22:01:41][INFO] Client connected with IP: 0000:0000:0000:0000:0000:ffff:7f00:0001
[2025-07-24 22:01:42][INFO] Client connected with IP: 0000:0000:0000:0000:0000:ffff:7f00:0001
[2025-07-24 22:01:44][INFO] Client connected with IP: 0000:0000:0000:0000:0000:ffff:7f00:0001
[2025-07-24 22:01:45][INFO] Client connected with IP: 0000:0000:0000:0000:0000:ffff:7f00:0001
[2025-07-24 22:01:56][INFO] Client connected with IP: 0000:0000:0000:0000:0000:ffff:7f00:0001
[2025-07-24 22:01:57][INFO] Client connected with IP: 0000:0000:0000:0000:0000:ffff:7f00:0001
[2025-07-24 22:01:57][INFO] Client connected with IP: 0000:0000:0000:0000:0000:ffff:7f00:0001
[2025-07-24 22:01:58][INFO] Client connected with IP: 0000:0000:0000:0000:0000:ffff:7f00:0001
[2025-07-24 22:02:04][INFO] Client connected with IP: 0000:0000:0000:0000:0000:ffff:7f00:0001
[2025-07-24 22:02:05][INFO] Client connected with IP: 0000:0000:0000:0000:0000:ffff:7f00:0001
[2025-07-24 22:02:05][INFO] Client connected with IP: 0000:0000:0000:0000:0000:ffff:7f00:0001
[2025-07-24 22:02:06][INFO] Client connected with IP: 0000:0000:0000:0000:0000:ffff:7f00:0001
[2025-07-24 22:02:10][INFO] Client connected with IP: 0000:0000:0000:0000:0000:ffff:7f00:0001
[2025-07-24 22:02:15][DEBUG] Message received from client{"message_type":110,"sender_id":34,"sender":"Rutuja","name_of_sender":"Rutuja Dabhade","receiver_id":39,"receiver":"vaishnavi10","name_of_receiver":"","request_status":0,"timestamp":"2025-07-24T16:32:05.527Z"}
[2025-07-24 22:02:32][DEBUG] Message received from client{"message_type":101,"username":"vaishnavi10","password":"1234","timestamp":"2025-07-24T16:32:09.847Z"}
[2025-07-24 22:02:32][INFO] User 'vaishnavi10' logged in successfully
[2025-07-24 22:02:37][INFO] Client connected with IP: 0000:0000:0000:0000:0000:ffff:7f00:0001
[2025-07-24 22:02:41][DEBUG] Message received from client{"message_type":101,"username":"rutuja","password":"1234","timestamp":"2025-07-24T16:32:36.738Z"}
[2025-07-24 22:02:41][INFO] User 'rutuja' logged in successfully
[2025-07-24 22:03:07][DEBUG] Message received from client{"message_type":107,"username":"r","requested_by":"vaishnavi10"}
[2025-07-24 22:03:07][DEBUG] Message received from client{"message_type":107,"username":"ru","requested_by":"vaishnavi10"}
[2025-07-24 22:03:07][DEBUG] Message received from client{"message_type":107,"username":"rut","requested_by":"vaishnavi10"}
[2025-07-24 22:03:07][DEBUG] Message received from client{"message_type":107,"username":"rutu","requested_by":"vaishnavi10"}
[2025-07-24 22:03:08][DEBUG] Message received from client{"message_type":107,"username":"rutuj","requested_by":"vaishnavi10"}
[2025-07-24 22:03:12][DEBUG] Message received from client{"message_type":109,"sender_id":39,"sender":"vaishnavi10","name_of_sender":"Vaishnavi ","receiver_id":34,"receiver":"Rutuja","name_of_receiver":"Rutuja Dabhade","timestamp":"2025-07-24T16:33:07.730Z"}
[2025-07-24 22:03:43][DEBUG] Message received from client{"message_type":105,"user_id":34,"username":"rutuja"}
[2025-07-24 22:03:43][INFO] User 'rutuja' logged out successfully
[2025-07-24 22:03:46][INFO] Client connected with IP: 0000:0000:0000:0000:0000:ffff:7f00:0001
[2025-07-24 22:06:20][DEBUG] Message received from client{"message_type":103,"username":"kuhu","password":"Kuhu@1234","fullname":"Anvi Dabhade","dob":"2017-08-26","email":"anvidabhade@gmail.com","phone":"7789898990","gender":"Female","timestamp":"2025-07-24T16:36:09.115Z"}
[2025-07-24 22:06:35][DEBUG] Message received from client{"message_type":101,"username":"kuhu","password":"Kuhu@1234","timestamp":"2025-07-24T16:36:22.483Z"}
[2025-07-24 22:06:35][INFO] User 'kuhu' logged in successfully
[2025-07-24 22:06:47][DEBUG] Message received from client{"message_type":107,"username":"r","requested_by":"kuhu"}
[2025-07-24 22:06:47][DEBUG] Message received from client{"message_type":107,"username":"ru","requested_by":"kuhu"}
[2025-07-24 22:06:47][DEBUG] Message received from client{"message_type":107,"username":"rut","requested_by":"kuhu"}
[2025-07-24 22:06:47][DEBUG] Message received from client{"message_type":107,"username":"rutu","requested_by":"kuhu"}
[2025-07-24 22:06:52][DEBUG] Message received from client{"message_type":109,"sender_id":1247,"sender":"kuhu","name_of_sender":"Anvi Dabhade","receiver_id":34,"receiver":"Rutuja","name_of_receiver":"Rutuja Dabhade","timestamp":"2025-07-24T16:36:47.500Z"}
[2025-07-24 22:06:59][INFO] Client disconnected. Code: 1001, Reason: 
[2025-07-24 22:07:00][INFO] Client connected with IP: 0000:0000:0000:0000:0000:ffff:7f00:0001
[2025-07-24 22:07:07][DEBUG] Message received from client{"message_type":101,"username":"rutuja","password":"1234","timestamp":"2025-07-24T16:37:00.460Z"}
[2025-07-24 22:07:07][INFO] User 'rutuja' logged in successfully
[2025-07-24 22:08:40][INFO] Client connected with IP: 0000:0000:0000:0000:0000:ffff:7f00:0001
[2025-07-24 22:08:46][DEBUG] Message received from client{"message_type":101,"username":"harsh","password":"1234","timestamp":"2025-07-24T16:38:39.845Z"}
[2025-07-24 22:08:46][INFO] User 'harsh' logged in successfully
[2025-07-24 22:08:49][DEBUG] Message received from client{"message_type":107,"username":"r","requested_by":"harsh"}
[2025-07-24 22:08:49][DEBUG] Message received from client{"message_type":107,"username":"ru","requested_by":"harsh"}
[2025-07-24 22:08:49][DEBUG] Message received from client{"message_type":107,"username":"rut","requested_by":"harsh"}
[2025-07-24 22:08:49][DEBUG] Message received from client{"message_type":107,"username":"rutu","requested_by":"harsh"}
[2025-07-24 22:08:49][DEBUG] Message received from client{"message_type":107,"username":"rutuj","requested_by":"harsh"}
[2025-07-24 22:08:53][DEBUG] Message received from client{"message_type":109,"sender_id":35,"sender":"harsh","name_of_sender":"Harsh Dabhade","receiver_id":34,"receiver":"Rutuja","name_of_receiver":"Rutuja Dabhade","timestamp":"2025-07-24T16:38:49.509Z"}
[2025-07-24 22:14:14][INFO] Client disconnected. Code: 1005, Reason: 
[2025-07-24 22:14:14][INFO] Client disconnected. Code: 1005, Reason: 
[2025-07-24 22:14:14][INFO] Client disconnected. Code: 1005, Reason: 
[2025-07-24 22:14:15][INFO] Client connected with IP: 0000:0000:0000:0000:0000:ffff:7f00:0001
[2025-07-24 22:14:15][INFO] Client connected with IP: 0000:0000:0000:0000:0000:ffff:7f00:0001
[2025-07-24 22:14:15][INFO] Client connected with IP: 0000:0000:0000:0000:0000:ffff:7f00:0001
[2025-07-24 22:14:39][INFO] Client connected with IP: 0000:0000:0000:0000:0000:ffff:7f00:0001
[2025-07-24 22:14:48][DEBUG] Message received from client{"message_type":101,"username":"rutuja","password":"1234","timestamp":"2025-07-24T16:44:38.965Z"}
[2025-07-24 22:14:48][INFO] User 'rutuja' logged in successfully
[2025-07-24 22:16:51][INFO] Client connected with IP: 0000:0000:0000:0000:0000:ffff:7f00:0001
[2025-07-24 22:16:59][DEBUG] Message received from client{"message_type":101,"username":"vaibz","password":"12345","timestamp":"2025-07-24T16:46:51.255Z"}
[2025-07-24 22:16:59][INFO] User 'vaibz' logged in successfully
[2025-07-24 22:17:07][DEBUG] Message received from client{"message_type":107,"username":"","requested_by":"harsh"}
[2025-07-24 22:17:07][DEBUG] Message received from client{"message_type":107,"username":"v","requested_by":"harsh"}
[2025-07-24 22:17:07][DEBUG] Message received from client{"message_type":107,"username":"va","requested_by":"harsh"}
[2025-07-24 22:17:08][DEBUG] Message received from client{"message_type":107,"username":"vai","requested_by":"harsh"}
[2025-07-24 22:17:12][DEBUG] Message received from client{"message_type":109,"sender_id":35,"sender":"harsh","name_of_sender":"Harsh Dabhade","receiver_id":21,"receiver":"vaibz","name_of_receiver":"Vaibhav Gaikwad","timestamp":"2025-07-24T16:47:07.615Z"}
[2025-07-24 22:19:40][DEBUG] Message received from client{"message_type":107,"username":"v","requested_by":"rutuja"}
[2025-07-24 22:19:41][DEBUG] Message received from client{"message_type":107,"username":"","requested_by":"rutuja"}
[2025-07-24 22:19:46][INFO] Client disconnected. Code: 1001, Reason: 
[2025-07-24 22:19:47][INFO] Client connected with IP: 0000:0000:0000:0000:0000:ffff:7f00:0001
[2025-07-24 22:19:49][INFO] Client connected with IP: 0000:0000:0000:0000:0000:ffff:7f00:0001
[2025-07-24 22:19:53][INFO] Client connected with IP: 0000:0000:0000:0000:0000:ffff:7f00:0001
[2025-07-24 22:19:54][INFO] Client disconnected. Code: 1001, Reason: 
[2025-07-24 22:19:55][INFO] Client connected with IP: 0000:0000:0000:0000:0000:ffff:7f00:0001
[2025-07-24 22:19:59][INFO] Client connected with IP: 0000:0000:0000:0000:0000:ffff:7f00:0001
[2025-07-24 22:20:04][INFO] Client connected with IP: 0000:0000:0000:0000:0000:ffff:7f00:0001
[2025-07-24 22:20:07][INFO] Client connected with IP: 0000:0000:0000:0000:0000:ffff:7f00:0001
[2025-07-24 22:20:13][INFO] Server started...
[2025-07-24 22:20:16][INFO] Client connected with IP: 0000:0000:0000:0000:0000:ffff:7f00:0001
[2025-07-24 22:20:23][INFO] Client connected with IP: 0000:0000:0000:0000:0000:ffff:7f00:0001
[2025-07-24 22:20:31][DEBUG] Message received from client{"message_type":101,"username":"rutuja","password":"1234","timestamp":"2025-07-24T16:50:15.955Z"}
[2025-07-24 22:20:31][INFO] User 'rutuja' logged in successfully
[2025-07-24 22:20:44][DEBUG] Message received from client{"message_type":107,"username":"v","requested_by":"rutuja"}
[2025-07-24 22:20:44][DEBUG] Message received from client{"message_type":107,"username":"va","requested_by":"rutuja"}
[2025-07-24 22:20:44][DEBUG] Message received from client{"message_type":107,"username":"vai","requested_by":"rutuja"}
[2025-07-24 22:20:44][DEBUG] Message received from client{"message_type":107,"username":"vain","requested_by":"rutuja"}
[2025-07-24 22:20:45][DEBUG] Message received from client{"message_type":107,"username":"vai","requested_by":"rutuja"}
[2025-07-24 22:20:50][DEBUG] Message received from client{"message_type":109,"sender_id":34,"sender":"rutuja","name_of_sender":"Rutuja Dabhade","receiver_id":21,"receiver":"vaibz","name_of_receiver":"Vaibhav Gaikwad","timestamp":"2025-07-24T16:50:45.239Z"}
[2025-07-24 22:21:02][DEBUG] Message received from client{"message_type":101,"username":"vaibz","password":"12345","timestamp":"2025-07-24T16:50:23.018Z"}
[2025-07-24 22:21:02][INFO] User 'vaibz' logged in successfully
[2025-07-24 22:21:54][INFO] Client disconnected. Code: 1005, Reason: 
[2025-07-24 22:21:54][INFO] Client disconnected. Code: 1005, Reason: 
[2025-07-24 22:21:54][INFO] Client connected with IP: 0000:0000:0000:0000:0000:ffff:7f00:0001
[2025-07-24 22:21:55][INFO] Client connected with IP: 0000:0000:0000:0000:0000:ffff:7f00:0001
[2025-07-24 22:21:55][INFO] Client connected with IP: 0000:0000:0000:0000:0000:ffff:7f00:0001
[2025-07-24 22:21:55][INFO] Client connected with IP: 0000:0000:0000:0000:0000:ffff:7f00:0001
[2025-07-24 22:22:05][INFO] Client connected with IP: 0000:0000:0000:0000:0000:ffff:7f00:0001
[2025-07-24 22:22:13][DEBUG] Message received from client{"message_type":101,"username":"vaibz","password":"12345","timestamp":"2025-07-24T16:52:05.212Z"}
[2025-07-24 22:22:13][INFO] User 'vaibz' logged in successfully
[2025-07-24 22:23:38][INFO] Client disconnected. Code: 1005, Reason: 
[2025-07-24 22:23:39][INFO] Client connected with IP: 0000:0000:0000:0000:0000:ffff:7f00:0001
[2025-07-24 22:23:39][INFO] Client connected with IP: 0000:0000:0000:0000:0000:ffff:7f00:0001
[2025-07-24 22:23:39][INFO] Client connected with IP: 0000:0000:0000:0000:0000:ffff:7f00:0001
[2025-07-24 22:23:39][INFO] Client connected with IP: 0000:0000:0000:0000:0000:ffff:7f00:0001
[2025-07-24 22:23:41][INFO] Client connected with IP: 0000:0000:0000:0000:0000:ffff:7f00:0001
[2025-07-24 22:23:42][INFO] Client connected with IP: 0000:0000:0000:0000:0000:ffff:7f00:0001
[2025-07-24 22:23:42][INFO] Client connected with IP: 0000:0000:0000:0000:0000:ffff:7f00:0001
[2025-07-24 22:23:42][INFO] Client connected with IP: 0000:0000:0000:0000:0000:ffff:7f00:0001
[2025-07-24 22:24:44][INFO] Client connected with IP: 0000:0000:0000:0000:0000:ffff:7f00:0001
[2025-07-24 22:25:08][INFO] Client connected with IP: 0000:0000:0000:0000:0000:ffff:7f00:0001
[2025-07-24 22:25:20][DEBUG] Message received from client{"message_type":101,"username":"vaibz","password":"12345","timestamp":"2025-07-24T16:55:08.169Z"}
[2025-07-24 22:25:20][INFO] User 'vaibz' logged in successfully
[2025-07-24 22:25:38][DEBUG] Message received from client{"message_type":101,"username":"harsh","password":"1234","timestamp":"2025-07-24T16:53:41.959Z"}
[2025-07-24 22:25:38][INFO] User 'harsh' logged in successfully
[2025-07-24 22:25:43][DEBUG] Message received from client{"message_type":107,"username":"v","requested_by":"harsh"}
[2025-07-24 22:25:43][DEBUG] Message received from client{"message_type":107,"username":"va","requested_by":"harsh"}
[2025-07-24 22:25:44][DEBUG] Message received from client{"message_type":107,"username":"vai","requested_by":"harsh"}
[2025-07-24 22:25:48][DEBUG] Message received from client{"message_type":109,"sender_id":35,"sender":"harsh","name_of_sender":"Harsh Dabhade","receiver_id":21,"receiver":"vaibz","name_of_receiver":"Vaibhav Gaikwad","timestamp":"2025-07-24T16:55:43.882Z"}
[2025-07-24 22:25:55][INFO] Client disconnected. Code: 1001, Reason: 
[2025-07-24 22:25:57][INFO] Client connected with IP: 0000:0000:0000:0000:0000:ffff:7f00:0001
[2025-07-24 22:26:11][DEBUG] Message received from client{"message_type":101,"username":"kuhu","password":"Kuhu@1234","timestamp":"2025-07-24T16:53:41.763Z"}
[2025-07-24 22:26:11][INFO] User 'kuhu' logged in successfully
[2025-07-24 22:26:13][DEBUG] Message received from client{"message_type":107,"username":"v","requested_by":"kuhu"}
[2025-07-24 22:26:13][DEBUG] Message received from client{"message_type":107,"username":"va","requested_by":"kuhu"}
[2025-07-24 22:26:13][DEBUG] Message received from client{"message_type":107,"username":"vai","requested_by":"kuhu"}
[2025-07-24 22:26:18][DEBUG] Message received from client{"message_type":109,"sender_id":1247,"sender":"kuhu","name_of_sender":"Anvi Dabhade","receiver_id":21,"receiver":"vaibz","name_of_receiver":"Vaibhav Gaikwad","timestamp":"2025-07-24T16:56:13.346Z"}
[2025-07-24 22:26:29][DEBUG] Message received from client{"message_type":101,"username":"vaibz","password":"12345","timestamp":"2025-07-24T16:55:56.772Z"}
[2025-07-24 22:26:29][INFO] User 'vaibz' logged in successfully
[2025-07-24 22:27:33][INFO] Client disconnected. Code: 1001, Reason: 
[2025-07-24 22:27:34][INFO] Client connected with IP: 0000:0000:0000:0000:0000:ffff:7f00:0001
[2025-07-24 22:27:45][DEBUG] Message received from client{"message_type":101,"username":"vaibz","password":"12345","timestamp":"2025-07-24T16:57:34.204Z"}
[2025-07-24 22:27:45][INFO] User 'vaibz' logged in successfully
[2025-07-24 22:28:39][INFO] Client disconnected. Code: 1001, Reason: 
[2025-07-24 22:28:41][INFO] Client connected with IP: 0000:0000:0000:0000:0000:ffff:7f00:0001
[2025-07-24 22:28:46][DEBUG] Message received from client{"message_type":101,"username":"vaibz","password":"12345","timestamp":"2025-07-24T16:58:40.650Z"}
[2025-07-24 22:28:46][INFO] User 'vaibz' logged in successfully
[2025-07-24 22:32:13][INFO] Client disconnected. Code: 1005, Reason: 
[2025-07-24 22:32:17][INFO] Client connected with IP: 0000:0000:0000:0000:0000:ffff:7f00:0001
[2025-07-24 22:32:33][INFO] Client connected with IP: 0000:0000:0000:0000:0000:ffff:7f00:0001
[2025-07-24 22:32:59][DEBUG] Message received from client{"message_type":101,"username":"vaibz","password":"12345","timestamp":"2025-07-24T17:02:33.506Z"}
[2025-07-24 22:32:59][INFO] User 'vaibz' logged in successfully
[2025-07-24 22:38:48][INFO] Client disconnected. Code: 1005, Reason: 
[2025-07-24 22:38:50][INFO] Client connected with IP: 0000:0000:0000:0000:0000:ffff:7f00:0001
[2025-07-24 22:38:58][INFO] Client connected with IP: 0000:0000:0000:0000:0000:ffff:7f00:0001
[2025-07-24 22:39:09][DEBUG] Message received from client{"message_type":101,"username":"vaibz","password":"12345","timestamp":"2025-07-24T17:08:57.587Z"}
[2025-07-24 22:39:09][INFO] User 'vaibz' logged in successfully
[2025-07-24 22:43:57][INFO] Client disconnected. Code: 1001, Reason: 
[2025-07-24 22:43:58][INFO] Client connected with IP: 0000:0000:0000:0000:0000:ffff:7f00:0001
[2025-07-24 22:44:08][DEBUG] Message received from client{"message_type":101,"username":"vaibz","password":"12345","timestamp":"2025-07-24T17:13:58.101Z"}
[2025-07-24 22:44:08][INFO] User 'vaibz' logged in successfully
[2025-07-24 22:44:48][INFO] Client disconnected. Code: 1001, Reason: 
[2025-07-24 22:44:49][INFO] Client connected with IP: 0000:0000:0000:0000:0000:ffff:7f00:0001
[2025-07-24 22:44:58][DEBUG] Message received from client{"message_type":101,"username":"vaibz","password":"12345","timestamp":"2025-07-24T17:14:49.467Z"}
[2025-07-24 22:44:58][INFO] User 'vaibz' logged in successfully
[2025-07-24 22:48:45][INFO] Client disconnected. Code: 1001, Reason: 
[2025-07-24 22:48:47][INFO] Client connected with IP: 0000:0000:0000:0000:0000:ffff:7f00:0001
[2025-07-24 22:48:56][DEBUG] Message received from client{"message_type":101,"username":"vaibz","password":"12345","timestamp":"2025-07-24T17:18:46.741Z"}
[2025-07-24 22:48:56][INFO] User 'vaibz' logged in successfully
[2025-07-24 22:49:02][DEBUG] Message received from client{"message_type":105,"user_id":21,"username":"vaibz"}
[2025-07-24 22:49:02][INFO] User 'vaibz' logged out successfully
[2025-07-24 23:26:02][INFO] Server started...
[2025-07-24 23:26:05][INFO] Client connected with IP: 0000:0000:0000:0000:0000:0000:0000:0001
[2025-07-24 23:26:10][DEBUG][message_received] Message received from client{"message_type":101,"username":"vaibz","password":"12345","timestamp":"2025-07-24T17:56:06.534Z"}
[2025-07-24 23:26:10][INFO] User 'vaibz' logged in successfully
[2025-07-24 23:27:24][INFO] Server started...
[2025-07-24 23:27:28][INFO] Client connected with IP: 0000:0000:0000:0000:0000:0000:0000:0001
[2025-07-24 23:27:33][DEBUG][message_received()] Message received from client{"message_type":101,"username":"vaibz","password":"12345","timestamp":"2025-07-24T17:57:28.270Z"}
[2025-07-24 23:27:33][INFO] User 'vaibz' logged in successfully
[2025-07-24 23:28:17][INFO] Server started...
[2025-07-24 23:28:21][INFO] Client connected with IP: 0000:0000:0000:0000:0000:0000:0000:0001
[2025-07-24 23:46:49][INFO] Server started...
