[2025-07-06 11:40:08][INFO] Server started...
[2025-07-06 11:40:15][INFO] Client connected with IP: 0000:0000:0000:0000:0000:0000:0000:0001
[2025-07-06 11:40:15][INFO] Client connected with IP: 0000:0000:0000:0000:0000:0000:0000:0001
[2025-07-06 11:40:15][INFO] Client connected with IP: 0000:0000:0000:0000:0000:0000:0000:0001
[2025-07-06 11:40:15][INFO] Client connected with IP: 0000:0000:0000:0000:0000:0000:0000:0001
[2025-07-06 11:40:23][INFO] User 'vaibz' logged in successfully
[2025-07-06 11:40:23][INFO] Client connected with IP: 0000:0000:0000:0000:0000:0000:0000:0001
[2025-07-06 11:40:23][INFO] Client connected with IP: 0000:0000:0000:0000:0000:0000:0000:0001
[2025-07-06 11:42:34][INFO] Client connected with IP: 0000:0000:0000:0000:0000:ffff:7f00:0001
[2025-07-06 11:42:34][INFO] Client connected with IP: 0000:0000:0000:0000:0000:ffff:7f00:0001
[2025-07-06 11:42:53][INFO] User 'rutuja' logged in successfully
[2025-07-06 11:47:45][INFO] Client disconnected. Code: 1001, Reason: 
[2025-07-06 11:47:45][INFO] Client disconnected. Code: 1001, Reason: 
[2025-07-06 11:47:46][INFO] Client connected with IP: 0000:0000:0000:0000:0000:ffff:7f00:0001
[2025-07-06 11:47:46][INFO] Client connected with IP: 0000:0000:0000:0000:0000:ffff:7f00:0001
[2025-07-06 11:47:54][INFO] User 'rutuja' logged in successfully
[2025-07-06 11:52:15][INFO] Client disconnected. Code: 1001, Reason: 
[2025-07-06 11:52:15][INFO] Client disconnected. Code: 1001, Reason: 
[2025-07-06 11:52:15][INFO] Client connected with IP: 0000:0000:0000:0000:0000:ffff:7f00:0001
[2025-07-06 11:52:16][INFO] Client connected with IP: 0000:0000:0000:0000:0000:ffff:7f00:0001
[2025-07-06 11:52:44][INFO] Client disconnected. Code: 1001, Reason: 
[2025-07-06 11:52:44][INFO] Client disconnected. Code: 1001, Reason: 
[2025-07-06 11:52:45][INFO] Client connected with IP: 0000:0000:0000:0000:0000:ffff:7f00:0001
[2025-07-06 11:52:45][INFO] Client connected with IP: 0000:0000:0000:0000:0000:ffff:7f00:0001
[2025-07-06 11:52:47][INFO] Client disconnected. Code: 1001, Reason: 
[2025-07-06 11:52:47][INFO] Client disconnected. Code: 1001, Reason: 
[2025-07-06 11:52:47][INFO] Client connected with IP: 0000:0000:0000:0000:0000:ffff:7f00:0001
[2025-07-06 11:52:47][INFO] Client connected with IP: 0000:0000:0000:0000:0000:ffff:7f00:0001
[2025-07-06 11:52:49][INFO] Client disconnected. Code: 1001, Reason: 
[2025-07-06 11:52:49][INFO] Client disconnected. Code: 1001, Reason: 
[2025-07-06 11:52:49][INFO] Client connected with IP: 0000:0000:0000:0000:0000:ffff:7f00:0001
[2025-07-06 11:52:50][INFO] Client connected with IP: 0000:0000:0000:0000:0000:ffff:7f00:0001
[2025-07-06 11:52:51][INFO] Client disconnected. Code: 1001, Reason: 
[2025-07-06 11:52:51][INFO] Client disconnected. Code: 1001, Reason: 
[2025-07-06 11:52:51][INFO] Client connected with IP: 0000:0000:0000:0000:0000:ffff:7f00:0001
[2025-07-06 11:52:52][INFO] Client connected with IP: 0000:0000:0000:0000:0000:ffff:7f00:0001
[2025-07-06 11:52:54][INFO] Client disconnected. Code: 1001, Reason: 
[2025-07-06 11:52:54][INFO] Client disconnected. Code: 1001, Reason: 
[2025-07-06 11:52:54][INFO] Client connected with IP: 0000:0000:0000:0000:0000:ffff:7f00:0001
[2025-07-06 11:52:54][INFO] Client connected with IP: 0000:0000:0000:0000:0000:ffff:7f00:0001
[2025-07-06 11:52:56][INFO] Client disconnected. Code: 1001, Reason: 
[2025-07-06 11:52:56][INFO] Client disconnected. Code: 1001, Reason: 
[2025-07-06 11:52:56][INFO] Client connected with IP: 0000:0000:0000:0000:0000:ffff:7f00:0001
[2025-07-06 11:52:57][INFO] Client connected with IP: 0000:0000:0000:0000:0000:ffff:7f00:0001
[2025-07-06 11:57:36][INFO] Client disconnected. Code: 1001, Reason: 
[2025-07-06 11:57:36][INFO] Client disconnected. Code: 1001, Reason: 
[2025-07-06 11:57:36][INFO] Client connected with IP: 0000:0000:0000:0000:0000:0000:0000:0001
[2025-07-06 11:57:36][INFO] Client connected with IP: 0000:0000:0000:0000:0000:0000:0000:0001
[2025-07-06 11:57:37][INFO] Client disconnected. Code: 1001, Reason: 
[2025-07-06 11:57:37][INFO] Client disconnected. Code: 1001, Reason: 
[2025-07-06 11:57:37][INFO] Client connected with IP: 0000:0000:0000:0000:0000:0000:0000:0001
[2025-07-06 11:57:37][INFO] Client connected with IP: 0000:0000:0000:0000:0000:0000:0000:0001
[2025-07-06 11:57:37][INFO] Client disconnected. Code: 1001, Reason: 
[2025-07-06 11:57:37][INFO] Client disconnected. Code: 1001, Reason: 
[2025-07-06 11:57:37][INFO] Client connected with IP: 0000:0000:0000:0000:0000:0000:0000:0001
[2025-07-06 11:57:37][INFO] Client connected with IP: 0000:0000:0000:0000:0000:0000:0000:0001
[2025-07-06 11:57:38][INFO] Client disconnected. Code: 1001, Reason: 
[2025-07-06 11:57:38][INFO] Client disconnected. Code: 1001, Reason: 
[2025-07-06 11:57:38][INFO] Client connected with IP: 0000:0000:0000:0000:0000:0000:0000:0001
[2025-07-06 11:57:38][INFO] Client connected with IP: 0000:0000:0000:0000:0000:0000:0000:0001
[2025-07-06 11:57:38][INFO] Client disconnected. Code: 1001, Reason: 
[2025-07-06 11:57:38][INFO] Client disconnected. Code: 1001, Reason: 
[2025-07-06 11:57:38][INFO] Client connected with IP: 0000:0000:0000:0000:0000:0000:0000:0001
[2025-07-06 11:57:38][INFO] Client connected with IP: 0000:0000:0000:0000:0000:0000:0000:0001
[2025-07-06 11:57:38][INFO] Client disconnected. Code: 1001, Reason: 
[2025-07-06 11:57:38][INFO] Client disconnected. Code: 1001, Reason: 
[2025-07-06 11:57:38][INFO] Client connected with IP: 0000:0000:0000:0000:0000:0000:0000:0001
[2025-07-06 11:57:38][INFO] Client connected with IP: 0000:0000:0000:0000:0000:0000:0000:0001
[2025-07-06 12:07:04][INFO] Client disconnected. Code: 1006, Reason: WebSocket timed out from inactivity
[2025-07-06 12:07:04][INFO] Client disconnected. Code: 1006, Reason: WebSocket timed out from inactivity
[2025-07-06 12:14:13][INFO] Client disconnected. Code: 1001, Reason: 
[2025-07-06 12:14:13][INFO] Client disconnected. Code: 1001, Reason: 
[2025-07-06 12:14:14][INFO] Client disconnected. Code: 1001, Reason: 
[2025-07-06 12:14:14][INFO] Client disconnected. Code: 1001, Reason: 
[2025-07-06 12:14:15][INFO] Client disconnected. Code: 1001, Reason: 
[2025-07-06 12:14:15][INFO] Client disconnected. Code: 1001, Reason: 
[2025-07-06 12:30:22][INFO] Client connected with IP: 0000:0000:0000:0000:0000:0000:0000:0001
[2025-07-06 12:30:22][INFO] Client connected with IP: 0000:0000:0000:0000:0000:0000:0000:0001
[2025-07-06 12:30:28][INFO] User 'vaibz' logged in successfully
[2025-07-06 12:30:33][INFO] Client disconnected. Code: 1001, Reason: 
[2025-07-06 12:30:33][INFO] Client disconnected. Code: 1001, Reason: 
[2025-07-06 13:19:00][INFO] Client connected with IP: 0000:0000:0000:0000:0000:0000:0000:0001
[2025-07-06 13:19:00][INFO] Client connected with IP: 0000:0000:0000:0000:0000:0000:0000:0001
[2025-07-06 13:44:19][INFO] Client disconnected. Code: 1001, Reason: 
[2025-07-06 13:44:19][INFO] Client disconnected. Code: 1001, Reason: 
[2025-07-06 19:50:42][INFO] Server started...
[2025-07-06 19:51:33][INFO] Client connected with IP: 0000:0000:0000:0000:0000:ffff:7f00:0001
[2025-07-06 19:51:33][INFO] Client connected with IP: 0000:0000:0000:0000:0000:ffff:7f00:0001
[2025-07-06 19:51:35][INFO] Client disconnected. Code: 1001, Reason: 
[2025-07-06 19:51:35][INFO] Client disconnected. Code: 1001, Reason: 
[2025-07-06 19:51:36][INFO] Client connected with IP: 0000:0000:0000:0000:0000:ffff:7f00:0001
[2025-07-06 19:51:36][INFO] Client connected with IP: 0000:0000:0000:0000:0000:ffff:7f00:0001
[2025-07-06 19:51:44][ERROR] Username does not exists: rutu
[2025-07-06 19:51:52][INFO] User 'rutuja' logged in successfully
[2025-07-06 19:52:16][INFO] Client connected with IP: 0000:0000:0000:0000:0000:ffff:7f00:0001
[2025-07-06 19:52:16][INFO] Client connected with IP: 0000:0000:0000:0000:0000:ffff:7f00:0001
[2025-07-06 19:52:26][INFO] User 'rutuja' logged in successfully
[2025-07-06 19:54:55][INFO] Client connected with IP: 0000:0000:0000:0000:0000:ffff:7f00:0001
[2025-07-06 19:54:55][INFO] Client connected with IP: 0000:0000:0000:0000:0000:ffff:7f00:0001
[2025-07-06 19:55:07][INFO] User 'rutuja' logged in successfully
[2025-07-06 20:09:07][INFO] Client disconnected. Code: 1006, Reason: Received TCP FIN before WebSocket close frame
[2025-07-06 20:09:07][INFO] Client disconnected. Code: 1006, Reason: Received TCP FIN before WebSocket close frame
[2025-07-06 20:09:07][INFO] Client disconnected. Code: 1006, Reason: Received TCP FIN before WebSocket close frame
[2025-07-06 20:09:07][INFO] Client disconnected. Code: 1006, Reason: Received TCP FIN before WebSocket close frame
[2025-07-06 20:11:07][INFO] Client connected with IP: 0000:0000:0000:0000:0000:ffff:7f00:0001
[2025-07-06 20:11:07][INFO] Client connected with IP: 0000:0000:0000:0000:0000:ffff:7f00:0001
