[2025-08-16 09:57:58][INFO] Server started...
[2025-08-16 09:57:58][INFO] Listening on port: 2121
[2025-08-16 09:58:26][INFO] Client connected with IP: 127.0.0.1
[2025-08-16 09:58:28][INFO] Client connected with IP: 127.0.0.1
[2025-08-16 09:58:47][INFO] Client connected with IP: 127.0.0.1
[2025-08-16 09:58:52][INFO] Client connected with IP: 127.0.0.1
[2025-08-16 09:58:59][INFO] Client connected with IP: 127.0.0.1
[2025-08-16 09:59:09][INFO] Client connected with IP: 127.0.0.1
[2025-08-16 09:59:12][INFO] Client connected with IP: 127.0.0.1
[2025-08-16 09:59:21][DEBUG] Message received from client{"message_type":105,"user_id":3,"username":"lhgiygvhn"}
[2025-08-16 09:59:21][ERROR] Failed to log out user 'lhgiygvhn'
[2025-08-16 09:59:27][DEBUG] Message received from client{"message_type":105,"user_id":3,"username":"lhgiygvhn"}
[2025-08-16 09:59:27][ERROR] Failed to log out user 'lhgiygvhn'
[2025-08-16 09:59:46][INFO] Client connected with IP: 127.0.0.1
[2025-08-16 10:00:05][DEBUG] Message received from client{"message_type":101,"username":"so_sasssy","password":"2356","timestamp":"2025-08-16T04:29:49.560Z"}
[2025-08-16 10:00:05][INFO] User 'so_sasssy' logged in successfully
[2025-08-16 10:04:01][INFO] Client disconnected. Client is going away, Reason: 
[2025-08-16 10:04:02][INFO] Client connected with IP: 127.0.0.1
[2025-08-16 10:04:33][INFO] Client connected with IP: 127.0.0.1
[2025-08-16 10:04:40][INFO] Client connected with IP: 127.0.0.1
[2025-08-16 10:04:44][INFO] Client connected with IP: 127.0.0.1
[2025-08-16 10:04:56][DEBUG] Message received from client{"message_type":101,"username":"so_sasssy","password":"2356","timestamp":"2025-08-16T04:34:46.743Z"}
[2025-08-16 10:04:56][INFO] User 'so_sasssy' logged in successfully
[2025-08-16 10:06:19][INFO] Client connected with IP: 127.0.0.1
[2025-08-16 10:09:12][DEBUG] Message received from client{"message_type":107,"username":"c","requested_by":"so_sasssy"}
[2025-08-16 10:09:12][DEBUG] Message received from client{"message_type":107,"username":"ch","requested_by":"so_sasssy"}
[2025-08-16 10:09:12][DEBUG] Message received from client{"message_type":107,"username":"che","requested_by":"so_sasssy"}
[2025-08-16 10:09:29][INFO] Client disconnected. Abnormal closure (no close frame received), Reason: Received TCP FIN before WebSocket close frame
[2025-08-16 10:14:57][INFO] Client connected with IP: 127.0.0.1
[2025-08-16 10:15:03][INFO] Server started...
[2025-08-16 10:15:03][INFO] Listening on port: 2121
[2025-08-16 10:15:12][INFO] Client connected with IP: 127.0.0.1
[2025-08-16 10:15:13][INFO] Client connected with IP: 127.0.0.1
[2025-08-16 10:15:13][INFO] Client connected with IP: 127.0.0.1
[2025-08-16 10:15:48][INFO] Client connected with IP: 127.0.0.1
[2025-08-16 10:16:14][INFO] Client connected with IP: 127.0.0.1
[2025-08-16 10:16:24][DEBUG] Message received from client{"message_type":105,"user_id":1244,"username":"so_sasssy"}
[2025-08-16 10:16:24][ERROR] Failed to log out user 'so_sasssy'
[2025-08-16 10:17:03][INFO] Client connected with IP: 127.0.0.1
[2025-08-16 10:17:47][INFO] Client connected with IP: 127.0.0.1
[2025-08-16 10:19:05][DEBUG] Message received from client{"message_type":101,"username":"skambble579","password":"miLZMAgFUE6f","timestamp":"2025-08-16T04:47:48.789Z"}
[2025-08-16 10:19:05][ERROR] Username does not exists: skambble579
[2025-08-16 10:19:12][DEBUG] Message received from client{"message_type":101,"username":"skamble579","password":"miLZMAgFUE6f","timestamp":"2025-08-16T04:49:09.500Z"}
[2025-08-16 10:19:12][INFO] User 'skamble579' logged in successfully
[2025-08-16 10:20:18][DEBUG] Message received from client{"message_type":107,"username":"s","requested_by":"skamble579"}
[2025-08-16 10:20:18][DEBUG] Message received from client{"message_type":107,"username":"sa","requested_by":"skamble579"}
[2025-08-16 10:20:18][DEBUG] Message received from client{"message_type":107,"username":"sak","requested_by":"skamble579"}
[2025-08-16 10:20:19][DEBUG] Message received from client{"message_type":107,"username":"saks","requested_by":"skamble579"}
[2025-08-16 10:20:21][DEBUG] Message received from client{"message_type":107,"username":"saksh","requested_by":"skamble579"}
[2025-08-16 10:20:22][DEBUG] Message received from client{"message_type":107,"username":"sakshi","requested_by":"skamble579"}
[2025-08-16 10:20:23][DEBUG] Message received from client{"message_type":107,"username":"saksh","requested_by":"skamble579"}
[2025-08-16 10:20:23][DEBUG] Message received from client{"message_type":107,"username":"saks","requested_by":"skamble579"}
[2025-08-16 10:20:24][DEBUG] Message received from client{"message_type":107,"username":"sak","requested_by":"skamble579"}
[2025-08-16 10:20:24][DEBUG] Message received from client{"message_type":107,"username":"sa","requested_by":"skamble579"}
[2025-08-16 10:20:25][DEBUG] Message received from client{"message_type":107,"username":"s","requested_by":"skamble579"}
[2025-08-16 10:20:29][DEBUG] Message received from client{"message_type":107,"username":"so","requested_by":"skamble579"}
[2025-08-16 10:20:31][DEBUG] Message received from client{"message_type":107,"username":"s","requested_by":"skamble579"}
[2025-08-16 10:20:31][DEBUG] Message received from client{"message_type":107,"username":"","requested_by":"skamble579"}
[2025-08-16 10:20:32][DEBUG] Message received from client{"message_type":107,"username":"s","requested_by":"skamble579"}
[2025-08-16 10:20:32][DEBUG] Message received from client{"message_type":107,"username":"sa","requested_by":"skamble579"}
[2025-08-16 10:20:33][DEBUG] Message received from client{"message_type":107,"username":"sak","requested_by":"skamble579"}
[2025-08-16 10:20:33][DEBUG] Message received from client{"message_type":107,"username":"saks","requested_by":"skamble579"}
[2025-08-16 10:20:35][DEBUG] Message received from client{"message_type":107,"username":"saksh","requested_by":"skamble579"}
[2025-08-16 10:20:36][DEBUG] Message received from client{"message_type":107,"username":"sakshi","requested_by":"skamble579"}
[2025-08-16 10:20:37][DEBUG] Message received from client{"message_type":107,"username":"saksh","requested_by":"skamble579"}
[2025-08-16 10:20:37][DEBUG] Message received from client{"message_type":107,"username":"saks","requested_by":"skamble579"}
[2025-08-16 10:20:38][DEBUG] Message received from client{"message_type":107,"username":"sak","requested_by":"skamble579"}
[2025-08-16 10:20:38][DEBUG] Message received from client{"message_type":107,"username":"sa","requested_by":"skamble579"}
[2025-08-16 10:20:38][DEBUG] Message received from client{"message_type":107,"username":"s","requested_by":"skamble579"}
[2025-08-16 10:20:38][DEBUG] Message received from client{"message_type":107,"username":"","requested_by":"skamble579"}
[2025-08-16 10:20:39][DEBUG] Message received from client{"message_type":107,"username":"S","requested_by":"skamble579"}
[2025-08-16 10:20:39][DEBUG] Message received from client{"message_type":107,"username":"SA","requested_by":"skamble579"}
[2025-08-16 10:20:40][DEBUG] Message received from client{"message_type":107,"username":"S","requested_by":"skamble579"}
[2025-08-16 10:20:41][DEBUG] Message received from client{"message_type":107,"username":"Sa","requested_by":"skamble579"}
[2025-08-16 10:20:41][DEBUG] Message received from client{"message_type":107,"username":"Sak","requested_by":"skamble579"}
[2025-08-16 10:20:42][DEBUG] Message received from client{"message_type":107,"username":"Saks","requested_by":"skamble579"}
[2025-08-16 10:20:42][DEBUG] Message received from client{"message_type":107,"username":"Saksh","requested_by":"skamble579"}
[2025-08-16 10:20:42][DEBUG] Message received from client{"message_type":107,"username":"Sakshi","requested_by":"skamble579"}
[2025-08-16 10:20:42][ERROR] [json.exception.parse_error.101] parse error at line 1, column 67: syntax error while parsing object - unexpected end of input; expected '}'
[2025-08-16 10:20:46][DEBUG] Message received from client{"message_type":107,"username":"Saksh","requested_by":"skamble579"}
[2025-08-16 10:20:46][DEBUG] Message received from client{"message_type":107,"username":"Saks","requested_by":"skamble579"}
[2025-08-16 10:20:46][DEBUG] Message received from client{"message_type":107,"username":"Sak","requested_by":"skamble579"}
[2025-08-16 10:20:47][DEBUG] Message received from client{"message_type":107,"username":"Sa","requested_by":"skamble579"}
[2025-08-16 10:20:47][DEBUG] Message received from client{"message_type":107,"username":"S","requested_by":"skamble579"}
[2025-08-16 10:20:47][DEBUG] Message received from client{"message_type":107,"username":"","requested_by":"skamble579"}
[2025-08-16 10:20:48][DEBUG] Message received from client{"message_type":107,"username":"s","requested_by":"skamble579"}
[2025-08-16 10:20:48][DEBUG] Message received from client{"message_type":107,"username":"so","requested_by":"skamble579"}
[2025-08-16 10:20:49][DEBUG] Message received from client{"message_type":107,"username":"so_","requested_by":"skamble579"}
[2025-08-16 10:20:50][DEBUG] Message received from client{"message_type":107,"username":"so","requested_by":"skamble579"}
[2025-08-16 10:20:51][DEBUG] Message received from client{"message_type":107,"username":"s","requested_by":"skamble579"}
[2025-08-16 10:20:51][DEBUG] Message received from client{"message_type":107,"username":"","requested_by":"skamble579"}
[2025-08-16 10:20:52][DEBUG] Message received from client{"message_type":107,"username":"s","requested_by":"skamble579"}
[2025-08-16 10:20:52][DEBUG] Message received from client{"message_type":107,"username":"sa","requested_by":"skamble579"}
[2025-08-16 10:20:52][DEBUG] Message received from client{"message_type":107,"username":"sak","requested_by":"skamble579"}
[2025-08-16 10:20:52][DEBUG] Message received from client{"message_type":107,"username":"saks","requested_by":"skamble579"}
[2025-08-16 10:20:52][DEBUG] Message received from client{"message_type":107,"username":"saksj","requested_by":"skamble579"}
[2025-08-16 10:20:53][DEBUG] Message received from client{"message_type":107,"username":"saksji","requested_by":"skamble579"}
[2025-08-16 10:20:53][DEBUG] Message received from client{"message_type":107,"username":"saksjij","requested_by":"skamble579"}
[2025-08-16 10:20:53][DEBUG] Message received from client{"message_type":107,"username":"saksji","requested_by":"skamble579"}
[2025-08-16 10:20:53][DEBUG] Message received from client{"message_type":107,"username":"saksj","requested_by":"skamble579"}
[2025-08-16 10:20:54][DEBUG] Message received from client{"message_type":107,"username":"saks","requested_by":"skamble579"}
[2025-08-16 10:21:35][DEBUG] Message received from client{"message_type":107,"username":"sak","requested_by":"skamble579"}
[2025-08-16 10:21:35][DEBUG] Message received from client{"message_type":107,"username":"sa","requested_by":"skamble579"}
[2025-08-16 10:21:35][DEBUG] Message received from client{"message_type":107,"username":"s","requested_by":"skamble579"}
[2025-08-16 10:21:35][DEBUG] Message received from client{"message_type":107,"username":"","requested_by":"skamble579"}
[2025-08-16 10:21:36][DEBUG] Message received from client{"message_type":107,"username":"s","requested_by":"skamble579"}
[2025-08-16 10:21:38][DEBUG] Message received from client{"message_type":107,"username":"sa","requested_by":"skamble579"}
[2025-08-16 10:21:39][DEBUG] Message received from client{"message_type":107,"username":"sak","requested_by":"skamble579"}
[2025-08-16 10:21:39][DEBUG] Message received from client{"message_type":107,"username":"saks","requested_by":"skamble579"}
[2025-08-16 10:21:41][DEBUG] Message received from client{"message_type":107,"username":"sak","requested_by":"skamble579"}
[2025-08-16 10:21:43][DEBUG] Message received from client{"message_type":107,"username":"sa","requested_by":"skamble579"}
[2025-08-16 10:21:43][DEBUG] Message received from client{"message_type":107,"username":"s","requested_by":"skamble579"}
[2025-08-16 10:21:43][DEBUG] Message received from client{"message_type":107,"username":"","requested_by":"skamble579"}
[2025-08-16 10:21:45][DEBUG] Message received from client{"message_type":107,"username":"r","requested_by":"skamble579"}
[2025-08-16 10:21:45][DEBUG] Message received from client{"message_type":107,"username":"ru","requested_by":"skamble579"}
[2025-08-16 10:21:45][DEBUG] Message received from client{"message_type":107,"username":"rut","requested_by":"skamble579"}
[2025-08-16 10:21:46][DEBUG] Message received from client{"message_type":107,"username":"rutj","requested_by":"skamble579"}
[2025-08-16 10:21:46][DEBUG] Message received from client{"message_type":107,"username":"rut","requested_by":"skamble579"}
[2025-08-16 10:21:48][DEBUG] Message received from client{"message_type":107,"username":"rutu","requested_by":"skamble579"}
[2025-08-16 10:21:48][DEBUG] Message received from client{"message_type":107,"username":"rutuj","requested_by":"skamble579"}
[2025-08-16 10:21:50][DEBUG] Message received from client{"message_type":107,"username":"rutuj]","requested_by":"skamble579"}
[2025-08-16 10:21:50][DEBUG] Message received from client{"message_type":107,"username":"rutuj","requested_by":"skamble579"}
[2025-08-16 10:21:51][DEBUG] Message received from client{"message_type":107,"username":"rutu","requested_by":"skamble579"}
[2025-08-16 10:21:53][DEBUG] Message received from client{"message_type":107,"username":"rutuj","requested_by":"skamble579"}
[2025-08-16 10:21:56][DEBUG] Message received from client{"message_type":107,"username":"rutu","requested_by":"skamble579"}
[2025-08-16 10:22:02][DEBUG] Message received from client{"message_type":107,"username":"rut","requested_by":"skamble579"}
[2025-08-16 10:22:03][DEBUG] Message received from client{"message_type":107,"username":"ru","requested_by":"skamble579"}
[2025-08-16 10:22:03][DEBUG] Message received from client{"message_type":107,"username":"r","requested_by":"skamble579"}
[2025-08-16 10:22:04][DEBUG] Message received from client{"message_type":107,"username":"","requested_by":"skamble579"}
[2025-08-16 10:22:04][DEBUG] Message received from client{"message_type":107,"username":"c","requested_by":"skamble579"}
[2025-08-16 10:22:05][DEBUG] Message received from client{"message_type":107,"username":"ch","requested_by":"skamble579"}
[2025-08-16 10:22:05][DEBUG] Message received from client{"message_type":107,"username":"che","requested_by":"skamble579"}
[2025-08-16 10:22:07][DEBUG] Message received from client{"message_type":107,"username":"ch","requested_by":"skamble579"}
[2025-08-16 10:22:09][DEBUG] Message received from client{"message_type":107,"username":"c","requested_by":"skamble579"}
[2025-08-16 10:22:09][DEBUG] Message received from client{"message_type":107,"username":"","requested_by":"skamble579"}
[2025-08-16 10:22:10][DEBUG] Message received from client{"message_type":107,"username":"c","requested_by":"skamble579"}
[2025-08-16 10:22:10][DEBUG] Message received from client{"message_type":107,"username":"ch","requested_by":"skamble579"}
[2025-08-16 10:22:10][DEBUG] Message received from client{"message_type":107,"username":"cha","requested_by":"skamble579"}
[2025-08-16 10:22:10][DEBUG] Message received from client{"message_type":107,"username":"chav","requested_by":"skamble579"}
[2025-08-16 10:22:10][DEBUG] Message received from client{"message_type":107,"username":"chava","requested_by":"skamble579"}
[2025-08-16 10:22:10][DEBUG] Message received from client{"message_type":107,"username":"chavan","requested_by":"skamble579"}
[2025-08-16 10:22:17][DEBUG] Message received from client{"message_type":107,"username":"chava","requested_by":"skamble579"}
[2025-08-16 10:22:17][DEBUG] Message received from client{"message_type":107,"username":"chav","requested_by":"skamble579"}
[2025-08-16 10:22:18][DEBUG] Message received from client{"message_type":107,"username":"cha","requested_by":"skamble579"}
[2025-08-16 10:22:18][DEBUG] Message received from client{"message_type":107,"username":"ch","requested_by":"skamble579"}
[2025-08-16 10:22:18][DEBUG] Message received from client{"message_type":107,"username":"c","requested_by":"skamble579"}
[2025-08-16 10:22:18][DEBUG] Message received from client{"message_type":107,"username":"","requested_by":"skamble579"}
[2025-08-16 10:22:20][DEBUG] Message received from client{"message_type":107,"username":"s","requested_by":"skamble579"}
[2025-08-16 10:22:20][DEBUG] Message received from client{"message_type":107,"username":"sa","requested_by":"skamble579"}
[2025-08-16 10:22:21][DEBUG] Message received from client{"message_type":107,"username":"sak","requested_by":"skamble579"}
[2025-08-16 10:22:21][DEBUG] Message received from client{"message_type":107,"username":"saks","requested_by":"skamble579"}
[2025-08-16 10:22:23][DEBUG] Message received from client{"message_type":107,"username":"saksh","requested_by":"skamble579"}
[2025-08-16 10:22:24][DEBUG] Message received from client{"message_type":107,"username":"sakshi","requested_by":"skamble579"}
[2025-08-16 10:23:39][DEBUG] Message received from client{"message_type":107,"username":"saksh","requested_by":"skamble579"}
[2025-08-16 10:23:39][DEBUG] Message received from client{"message_type":107,"username":"saks","requested_by":"skamble579"}
[2025-08-16 10:23:39][DEBUG] Message received from client{"message_type":107,"username":"sak","requested_by":"skamble579"}
[2025-08-16 10:23:39][DEBUG] Message received from client{"message_type":107,"username":"sa","requested_by":"skamble579"}
[2025-08-16 10:23:40][DEBUG] Message received from client{"message_type":107,"username":"s","requested_by":"skamble579"}
[2025-08-16 10:23:41][DEBUG] Message received from client{"message_type":107,"username":"so","requested_by":"skamble579"}
[2025-08-16 10:23:43][DEBUG] Message received from client{"message_type":109,"sender_id":1117,"sender":"skamble579","name_of_sender":"Shraddha Kamble","receiver_id":1244,"receiver":"so_sasssy","name_of_receiver":"sakshi chavan","timestamp":"2025-08-16T04:53:41.512Z"}
[2025-08-16 10:23:43][DEBUG] Message received from client{"message_type":107,"username":"so","requested_by":"skamble579"}
[2025-08-16 10:23:55][DEBUG] Message received from client{"message_type":107,"username":"s","requested_by":"skamble579"}
[2025-08-16 10:23:55][DEBUG] Message received from client{"message_type":107,"username":"","requested_by":"skamble579"}
[2025-08-16 10:23:57][DEBUG] Message received from client{"message_type":107,"username":"s","requested_by":"skamble579"}
[2025-08-16 10:23:57][DEBUG] Message received from client{"message_type":107,"username":"sa","requested_by":"skamble579"}
[2025-08-16 10:23:58][DEBUG] Message received from client{"message_type":107,"username":"sak","requested_by":"skamble579"}
[2025-08-16 10:24:01][DEBUG] Message received from client{"message_type":109,"sender_id":1117,"sender":"skamble579","name_of_sender":"Shraddha Kamble","receiver_id":1251,"receiver":"saucy_sakshi","name_of_receiver":"sakshi chavan","timestamp":"2025-08-16T04:53:58.412Z"}
[2025-08-16 10:24:01][DEBUG] Message received from client{"message_type":107,"username":"sak","requested_by":"skamble579"}
[2025-08-16 10:24:04][DEBUG] Message received from client{"message_type":107,"username":"sa","requested_by":"skamble579"}
[2025-08-16 10:24:04][DEBUG] Message received from client{"message_type":107,"username":"s","requested_by":"skamble579"}
[2025-08-16 10:24:05][DEBUG] Message received from client{"message_type":107,"username":"so","requested_by":"skamble579"}
[2025-08-16 10:24:45][INFO] Client connected with IP: 127.0.0.1
[2025-08-16 10:24:55][INFO] Client connected with IP: 127.0.0.1
[2025-08-16 10:24:55][INFO] Client connected with IP: 127.0.0.1
[2025-08-16 10:25:06][DEBUG] Message received from client{"message_type":107,"username":"s","requested_by":"skamble579"}
[2025-08-16 10:25:06][DEBUG] Message received from client{"message_type":107,"username":"so","requested_by":"skamble579"}
[2025-08-16 10:25:16][INFO] Client connected with IP: 127.0.0.1
[2025-08-16 10:25:23][DEBUG] Message received from client{"message_type":101,"username":"so_sasssy","password":"2356","timestamp":"2025-08-16T04:55:16.456Z"}
[2025-08-16 10:25:23][INFO] User 'so_sasssy' logged in successfully
[2025-08-16 10:25:29][DEBUG] Message received from client{"message_type":110,"sender_id":1244,"sender":"so_sasssy","name_of_sender":"sakshi chavan","receiver_id":1117,"receiver":"skamble579","name_of_receiver":"Shraddha Kamble","request_status":1,"timestamp":"2025-08-16T04:55:26.653Z"}
[2025-08-16 10:25:48][INFO] Client connected with IP: 127.0.0.1
[2025-08-16 10:26:00][DEBUG] Message received from client{"message_type":107,"username":"s","requested_by":"skamble579"}
[2025-08-16 10:26:00][DEBUG] Message received from client{"message_type":107,"username":"so","requested_by":"skamble579"}
[2025-08-16 10:26:23][INFO] Client connected with IP: 127.0.0.1
[2025-08-16 10:26:46][DEBUG] Message received from client{"message_type":105,"user_id":1244,"username":"so_sasssy"}
[2025-08-16 10:26:46][INFO] User 'so_sasssy' logged out successfully
[2025-08-16 10:27:58][DEBUG] Message received from client{"message_type":101,"username":"kkadam323","password":"mKJULcDNKI8X","timestamp":"2025-08-16T04:56:46.365Z"}
[2025-08-16 10:27:58][INFO] User 'kkadam323' logged in successfully
[2025-08-16 10:28:09][DEBUG] Message received from client{"message_type":107,"username":"s","requested_by":"kkadam323"}
[2025-08-16 10:28:09][DEBUG] Message received from client{"message_type":107,"username":"sa","requested_by":"kkadam323"}
[2025-08-16 10:28:11][DEBUG] Message received from client{"message_type":107,"username":"s","requested_by":"kkadam323"}
[2025-08-16 10:28:12][DEBUG] Message received from client{"message_type":107,"username":"so","requested_by":"kkadam323"}
[2025-08-16 10:28:14][DEBUG] Message received from client{"message_type":109,"sender_id":1116,"sender":"kkadam323","name_of_sender":"Kunal Kadam","receiver_id":1244,"receiver":"so_sasssy","name_of_receiver":"sakshi chavan","timestamp":"2025-08-16T04:58:12.580Z"}
[2025-08-16 10:28:14][DEBUG] Message received from client{"message_type":107,"username":"so","requested_by":"kkadam323"}
[2025-08-16 10:28:18][INFO] Client connected with IP: 127.0.0.1
[2025-08-16 10:28:34][DEBUG] Message received from client{"message_type":107,"username":"k","requested_by":"skamble579"}
[2025-08-16 10:28:34][DEBUG] Message received from client{"message_type":107,"username":"kk","requested_by":"skamble579"}
[2025-08-16 10:28:38][DEBUG] Message received from client{"message_type":109,"sender_id":1117,"sender":"skamble579","name_of_sender":"Shraddha Kamble","receiver_id":1116,"receiver":"kkadam323","name_of_receiver":"Kunal Kadam","timestamp":"2025-08-16T04:58:34.766Z"}
[2025-08-16 10:28:38][DEBUG] Message received from client{"message_type":107,"username":"kk","requested_by":"skamble579"}
[2025-08-16 10:28:46][DEBUG] Message received from client{"message_type":110,"sender_id":1116,"sender":"kkadam323","name_of_sender":"Kunal Kadam","receiver_id":1117,"receiver":"skamble579","name_of_receiver":"Shraddha Kamble","request_status":1,"timestamp":"2025-08-16T04:58:44.733Z"}
[2025-08-16 10:28:56][DEBUG] Message received from client{"message_type":107,"username":"s","requested_by":"kkadam323"}
[2025-08-16 10:28:58][DEBUG] Message received from client{"message_type":107,"username":"sk","requested_by":"kkadam323"}
[2025-08-16 10:29:18][DEBUG] Message received from client{"message_type":107,"username":"ska","requested_by":"kkadam323"}
[2025-08-16 10:29:19][DEBUG] Message received from client{"message_type":107,"username":"skam","requested_by":"kkadam323"}
[2025-08-16 10:29:19][DEBUG] Message received from client{"message_type":107,"username":"skamb","requested_by":"kkadam323"}
[2025-08-16 10:29:24][DEBUG] Message received from client{"message_type":109,"sender_id":1116,"sender":"kkadam323","name_of_sender":"Kunal Kadam","receiver_id":1117,"receiver":"skamble579","name_of_receiver":"Shraddha Kamble","timestamp":"2025-08-16T04:59:19.763Z"}
[2025-08-16 10:29:24][DEBUG] Message received from client{"message_type":107,"username":"skamb","requested_by":"kkadam323"}
[2025-08-16 10:29:33][DEBUG] Message received from client{"message_type":110,"sender_id":1117,"sender":"skamble579","name_of_sender":"Shraddha Kamble","receiver_id":1116,"receiver":"kkadam323","name_of_receiver":"Kunal Kadam","request_status":1,"timestamp":"2025-08-16T04:59:31.327Z"}
[2025-08-16 10:29:40][DEBUG] Message received from client{"message_type":107,"username":"s","requested_by":"kkadam323"}
[2025-08-16 10:29:41][DEBUG] Message received from client{"message_type":107,"username":"so","requested_by":"kkadam323"}
[2025-08-16 10:29:47][INFO] Client connected with IP: 127.0.0.1
[2025-08-16 10:30:11][DEBUG] Message received from client{"message_type":107,"username":"c","requested_by":"so_sasssy"}
[2025-08-16 10:30:11][DEBUG] Message received from client{"message_type":107,"username":"ch","requested_by":"so_sasssy"}
[2025-08-16 10:30:11][DEBUG] Message received from client{"message_type":107,"username":"che","requested_by":"so_sasssy"}
[2025-08-16 10:30:14][DEBUG] Message received from client{"message_type":109,"sender_id":1244,"sender":"so_sasssy","name_of_sender":"sakshi chavan","receiver_id":1245,"receiver":"chetanap","name_of_receiver":"Chetana Patil","timestamp":"2025-08-16T05:00:11.773Z"}
[2025-08-16 10:30:14][DEBUG] Message received from client{"message_type":107,"username":"che","requested_by":"so_sasssy"}
[2025-08-16 10:30:29][DEBUG] Message received from client{"message_type":107,"username":"ch","requested_by":"so_sasssy"}
[2025-08-16 10:30:29][DEBUG] Message received from client{"message_type":107,"username":"c","requested_by":"so_sasssy"}
[2025-08-16 10:30:29][DEBUG] Message received from client{"message_type":107,"username":"","requested_by":"so_sasssy"}
[2025-08-16 10:30:30][DEBUG] Message received from client{"message_type":107,"username":"r","requested_by":"so_sasssy"}
[2025-08-16 10:30:30][DEBUG] Message received from client{"message_type":107,"username":"ru","requested_by":"so_sasssy"}
[2025-08-16 10:30:30][DEBUG] Message received from client{"message_type":107,"username":"rut","requested_by":"so_sasssy"}
[2025-08-16 10:30:30][DEBUG] Message received from client{"message_type":107,"username":"rutu","requested_by":"so_sasssy"}
[2025-08-16 10:30:30][ERROR] [json.exception.parse_error.101] parse error at line 1, column 1: syntax error while parsing value - invalid literal; last read: 'Ï'
[2025-08-16 10:30:34][DEBUG] Message received from client{"message_type":109,"sender_id":1244,"sender":"so_sasssy","name_of_sender":"sakshi chavan","receiver_id":40,"receiver":"__rutu","name_of_receiver":"Rutuja D","timestamp":"2025-08-16T05:00:30.486Z"}
[2025-08-16 10:30:34][DEBUG] Message received from client{"message_type":107,"username":"rutu","requested_by":"so_sasssy"}
[2025-08-16 10:30:35][DEBUG] Message received from client{"message_type":109,"sender_id":1244,"sender":"so_sasssy","name_of_sender":"sakshi chavan","receiver_id":1258,"receiver":"_rutu_","name_of_receiver":"Rutujs","timestamp":"2025-08-16T05:00:34.008Z"}
[2025-08-16 10:30:35][DEBUG] Message received from client{"message_type":107,"username":"rutu","requested_by":"so_sasssy"}
[2025-08-16 10:30:38][DEBUG] Message received from client{"message_type":107,"username":"rut","requested_by":"so_sasssy"}
[2025-08-16 10:30:38][DEBUG] Message received from client{"message_type":107,"username":"ru","requested_by":"so_sasssy"}
[2025-08-16 10:30:39][DEBUG] Message received from client{"message_type":107,"username":"","requested_by":"so_sasssy"}
[2025-08-16 10:30:39][DEBUG] Message received from client{"message_type":107,"username":"c","requested_by":"so_sasssy"}
[2025-08-16 10:30:39][DEBUG] Message received from client{"message_type":107,"username":"ch","requested_by":"so_sasssy"}
[2025-08-16 10:30:40][DEBUG] Message received from client{"message_type":107,"username":"che","requested_by":"so_sasssy"}
[2025-08-16 10:30:40][DEBUG] Message received from client{"message_type":107,"username":"chet","requested_by":"so_sasssy"}
[2025-08-16 10:30:50][DEBUG] Message received from client{"message_type":107,"username":"c","requested_by":"skamble579"}
[2025-08-16 10:30:50][DEBUG] Message received from client{"message_type":107,"username":"ch","requested_by":"skamble579"}
[2025-08-16 10:30:50][DEBUG] Message received from client{"message_type":107,"username":"che","requested_by":"skamble579"}
[2025-08-16 10:30:52][DEBUG] Message received from client{"message_type":109,"sender_id":1117,"sender":"skamble579","name_of_sender":"Shraddha Kamble","receiver_id":1245,"receiver":"chetanap","name_of_receiver":"Chetana Patil","timestamp":"2025-08-16T05:00:50.664Z"}
[2025-08-16 10:30:52][DEBUG] Message received from client{"message_type":107,"username":"che","requested_by":"skamble579"}
[2025-08-16 10:45:32][DEBUG] Message received from client{"message_type":105,"user_id":1117,"username":"skamble579"}
[2025-08-16 10:45:32][INFO] User 'skamble579' logged out successfully
[2025-08-16 11:20:12][INFO] Client disconnected. Abnormal closure (no close frame received), Reason: WebSocket timed out from inactivity
[2025-08-16 11:20:25][INFO] Client connected with IP: 127.0.0.1
