[2025-07-10 18:49:30][INFO] Server started...
[2025-07-10 18:49:31][INFO] Client connected with IP: 0000:0000:0000:0000:0000:0000:0000:0001
[2025-07-10 18:49:31][INFO] Client connected with IP: 0000:0000:0000:0000:0000:0000:0000:0001
[2025-07-10 18:49:31][INFO] Client disconnected. Code: 1001, Reason: 
[2025-07-10 18:49:31][INFO] Client disconnected. Code: 1001, Reason: 
[2025-07-10 18:49:31][INFO] Client connected with IP: 0000:0000:0000:0000:0000:0000:0000:0001
[2025-07-10 18:49:31][INFO] Client connected with IP: 0000:0000:0000:0000:0000:0000:0000:0001
[2025-07-10 18:49:43][INFO] User 'vaibz' logged in successfully
[2025-07-10 18:49:54][INFO] Client disconnected. Code: 1005, Reason: 
[2025-07-10 18:50:01][INFO] Client disconnected. Code: 1001, Reason: 
[2025-07-10 18:50:01][INFO] Client connected with IP: 0000:0000:0000:0000:0000:0000:0000:0001
[2025-07-10 18:50:01][INFO] Client connected with IP: 0000:0000:0000:0000:0000:0000:0000:0001
[2025-07-10 18:50:07][INFO] User 'vaibz' logged in successfully
[2025-07-10 18:53:25][INFO] Client disconnected. Code: 1001, Reason: 
[2025-07-10 18:53:25][INFO] Client disconnected. Code: 1001, Reason: 
[2025-07-10 21:26:28][INFO] Server started...
[2025-07-10 21:28:53][INFO] Client connected with IP: 0000:0000:0000:0000:0000:ffff:7f00:0001
[2025-07-10 21:28:53][INFO] Client connected with IP: 0000:0000:0000:0000:0000:ffff:7f00:0001
[2025-07-10 21:29:07][INFO] User 'rutuja' logged in successfully
[2025-07-10 21:29:22][INFO] Client connected with IP: 0000:0000:0000:0000:0000:ffff:7f00:0001
[2025-07-10 21:29:22][INFO] Client connected with IP: 0000:0000:0000:0000:0000:ffff:7f00:0001
[2025-07-10 21:29:31][INFO] User 'vaibz' logged in successfully
[2025-07-10 21:30:06][INFO] Client disconnected. Code: 1005, Reason: 
[2025-07-10 21:31:33][INFO] Client connected with IP: 0000:0000:0000:0000:0000:ffff:7f00:0001
[2025-07-10 21:31:33][INFO] Client connected with IP: 0000:0000:0000:0000:0000:ffff:7f00:0001
[2025-07-10 21:31:37][INFO] Client disconnected. Code: 1001, Reason: 
[2025-07-10 21:31:37][INFO] Client disconnected. Code: 1001, Reason: 
[2025-07-10 21:31:37][INFO] Client disconnected. Code: 1001, Reason: 
[2025-07-10 21:31:39][INFO] Client connected with IP: 0000:0000:0000:0000:0000:ffff:7f00:0001
[2025-07-10 21:31:39][INFO] Client connected with IP: 0000:0000:0000:0000:0000:ffff:7f00:0001
[2025-07-10 21:31:41][INFO] Client disconnected. Code: 1001, Reason: 
[2025-07-10 21:31:41][INFO] Client disconnected. Code: 1001, Reason: 
[2025-07-10 21:31:42][INFO] Client connected with IP: 0000:0000:0000:0000:0000:ffff:7f00:0001
[2025-07-10 21:31:42][INFO] Client connected with IP: 0000:0000:0000:0000:0000:ffff:7f00:0001
[2025-07-10 21:31:49][INFO] User 'rutuja' logged in successfully
[2025-07-10 21:31:59][INFO] User 'vaibz' logged in successfully
[2025-07-10 21:32:42][INFO] Client disconnected. Code: 1001, Reason: 
[2025-07-10 21:32:42][INFO] Client disconnected. Code: 1001, Reason: 
[2025-07-10 21:32:43][INFO] Client connected with IP: 0000:0000:0000:0000:0000:ffff:7f00:0001
[2025-07-10 21:32:43][INFO] Client connected with IP: 0000:0000:0000:0000:0000:ffff:7f00:0001
[2025-07-10 21:32:45][INFO] Client disconnected. Code: 1001, Reason: 
[2025-07-10 21:32:45][INFO] Client disconnected. Code: 1001, Reason: 
[2025-07-10 21:32:46][INFO] Client connected with IP: 0000:0000:0000:0000:0000:ffff:7f00:0001
[2025-07-10 21:32:47][INFO] Client connected with IP: 0000:0000:0000:0000:0000:ffff:7f00:0001
[2025-07-10 21:32:55][INFO] User 'rutuja' logged in successfully
[2025-07-10 21:33:05][INFO] User 'vaibz' logged in successfully
[2025-07-10 21:36:12][INFO] Client disconnected. Code: 1001, Reason: 
[2025-07-10 21:36:12][INFO] Client disconnected. Code: 1001, Reason: 
[2025-07-10 21:36:13][INFO] Client connected with IP: 0000:0000:0000:0000:0000:ffff:7f00:0001
[2025-07-10 21:36:13][INFO] Client connected with IP: 0000:0000:0000:0000:0000:ffff:7f00:0001
[2025-07-10 21:36:19][INFO] User 'vaibz' logged in successfully
[2025-07-10 21:36:47][INFO] Client disconnected. Code: 1001, Reason: 
[2025-07-10 21:36:47][INFO] Client disconnected. Code: 1001, Reason: 
[2025-07-10 21:36:48][INFO] Client connected with IP: 0000:0000:0000:0000:0000:ffff:7f00:0001
[2025-07-10 21:36:48][INFO] Client connected with IP: 0000:0000:0000:0000:0000:ffff:7f00:0001
[2025-07-10 21:36:54][INFO] User 'vaibz' logged in successfully
[2025-07-10 21:37:34][INFO] Client disconnected. Code: 1001, Reason: 
[2025-07-10 21:37:34][INFO] Client disconnected. Code: 1001, Reason: 
[2025-07-10 21:37:35][INFO] Client connected with IP: 0000:0000:0000:0000:0000:ffff:7f00:0001
[2025-07-10 21:37:35][INFO] Client connected with IP: 0000:0000:0000:0000:0000:ffff:7f00:0001
[2025-07-10 21:37:44][INFO] User 'vaibz' logged in successfully
[2025-07-10 21:39:19][INFO] Client disconnected. Code: 1001, Reason: 
[2025-07-10 21:39:19][INFO] Client disconnected. Code: 1001, Reason: 
[2025-07-10 21:39:20][INFO] Client connected with IP: 0000:0000:0000:0000:0000:ffff:7f00:0001
[2025-07-10 21:39:21][INFO] Client connected with IP: 0000:0000:0000:0000:0000:ffff:7f00:0001
[2025-07-10 21:39:26][INFO] User 'vaibz' logged in successfully
[2025-07-10 21:39:54][INFO] Client disconnected. Code: 1001, Reason: 
[2025-07-10 21:39:54][INFO] Client disconnected. Code: 1001, Reason: 
[2025-07-10 21:39:55][INFO] Client connected with IP: 0000:0000:0000:0000:0000:ffff:7f00:0001
[2025-07-10 21:39:56][INFO] Client connected with IP: 0000:0000:0000:0000:0000:ffff:7f00:0001
[2025-07-10 21:40:03][INFO] User 'rutuja' logged in successfully
[2025-07-10 21:40:31][INFO] Client disconnected. Code: 1005, Reason: 
[2025-07-10 21:43:14][INFO] Client connected with IP: 0000:0000:0000:0000:0000:ffff:7f00:0001
[2025-07-10 21:43:15][INFO] Client connected with IP: 0000:0000:0000:0000:0000:ffff:7f00:0001
[2025-07-10 21:43:24][INFO] Client disconnected. Code: 1001, Reason: 
[2025-07-10 21:43:24][INFO] Client disconnected. Code: 1001, Reason: 
[2025-07-10 21:43:24][INFO] Client disconnected. Code: 1001, Reason: 
[2025-07-10 21:43:28][INFO] Client connected with IP: 0000:0000:0000:0000:0000:ffff:7f00:0001
[2025-07-10 21:43:28][INFO] Client connected with IP: 0000:0000:0000:0000:0000:ffff:7f00:0001
[2025-07-10 21:43:32][INFO] User 'vaibz' logged in successfully
[2025-07-10 21:44:07][INFO] Client disconnected. Code: 1001, Reason: 
[2025-07-10 21:44:07][INFO] Client disconnected. Code: 1001, Reason: 
[2025-07-10 21:44:07][INFO] Client connected with IP: 0000:0000:0000:0000:0000:ffff:7f00:0001
[2025-07-10 21:44:07][INFO] Client connected with IP: 0000:0000:0000:0000:0000:ffff:7f00:0001
[2025-07-10 21:44:17][INFO] User 'vaibz' logged in successfully
[2025-07-10 21:44:20][INFO] User 'vaibz' logged in successfully
[2025-07-10 21:44:36][INFO] Client disconnected. Code: 1001, Reason: 
[2025-07-10 21:44:36][INFO] Client disconnected. Code: 1001, Reason: 
[2025-07-10 21:44:39][INFO] Client connected with IP: 0000:0000:0000:0000:0000:ffff:7f00:0001
[2025-07-10 21:44:41][INFO] Client connected with IP: 0000:0000:0000:0000:0000:ffff:7f00:0001
[2025-07-10 21:44:52][INFO] User 'rutuja' logged in successfully
[2025-07-10 21:47:42][INFO] Client disconnected. Code: 1005, Reason: 
[2025-07-10 21:47:43][INFO] Client connected with IP: 0000:0000:0000:0000:0000:ffff:7f00:0001
[2025-07-10 21:47:44][INFO] Client connected with IP: 0000:0000:0000:0000:0000:ffff:7f00:0001
[2025-07-10 21:48:04][INFO] Client disconnected. Code: 1001, Reason: 
[2025-07-10 21:48:04][INFO] Client disconnected. Code: 1001, Reason: 
[2025-07-10 21:48:04][INFO] Client disconnected. Code: 1001, Reason: 
[2025-07-10 21:48:05][INFO] Client connected with IP: 0000:0000:0000:0000:0000:ffff:7f00:0001
[2025-07-10 21:48:06][INFO] Client connected with IP: 0000:0000:0000:0000:0000:ffff:7f00:0001
[2025-07-10 21:48:07][INFO] Client disconnected. Code: 1001, Reason: 
[2025-07-10 21:48:07][INFO] Client disconnected. Code: 1001, Reason: 
[2025-07-10 21:48:08][INFO] Client connected with IP: 0000:0000:0000:0000:0000:ffff:7f00:0001
[2025-07-10 21:48:08][INFO] Client connected with IP: 0000:0000:0000:0000:0000:ffff:7f00:0001
[2025-07-10 21:48:14][INFO] User 'rutuja' logged in successfully
[2025-07-10 21:48:24][INFO] User 'vaibz' logged in successfully
[2025-07-10 21:49:35][INFO] Client disconnected. Code: 1001, Reason: 
[2025-07-10 21:49:35][INFO] Client disconnected. Code: 1001, Reason: 
[2025-07-10 21:49:35][INFO] Client connected with IP: 0000:0000:0000:0000:0000:ffff:7f00:0001
[2025-07-10 21:49:38][INFO] Client disconnected. Code: 1001, Reason: 
[2025-07-10 21:49:38][INFO] Client connected with IP: 0000:0000:0000:0000:0000:ffff:7f00:0001
[2025-07-10 21:49:38][INFO] Client disconnected. Code: 1001, Reason: 
[2025-07-10 21:49:39][INFO] Client connected with IP: 0000:0000:0000:0000:0000:ffff:7f00:0001
[2025-07-10 21:49:40][INFO] Client connected with IP: 0000:0000:0000:0000:0000:ffff:7f00:0001
[2025-07-10 21:49:44][INFO] User 'rutuja' logged in successfully
[2025-07-10 21:49:57][INFO] User 'vaibz' logged in successfully
[2025-07-10 21:53:00][INFO] Server started...
[2025-07-10 21:53:06][INFO] Client connected with IP: 0000:0000:0000:0000:0000:ffff:7f00:0001
[2025-07-10 21:53:07][INFO] Client connected with IP: 0000:0000:0000:0000:0000:ffff:7f00:0001
[2025-07-10 21:53:08][INFO] Client connected with IP: 0000:0000:0000:0000:0000:ffff:7f00:0001
[2025-07-10 21:53:09][INFO] Client connected with IP: 0000:0000:0000:0000:0000:ffff:7f00:0001
[2025-07-10 21:53:13][INFO] User 'rutuja' logged in successfully
[2025-07-10 21:53:21][INFO] User 'vaibz' logged in successfully
[2025-07-10 21:55:08][INFO] Client disconnected. Code: 1005, Reason: 
[2025-07-10 21:55:32][INFO] Client connected with IP: 0000:0000:0000:0000:0000:ffff:7f00:0001
[2025-07-10 21:55:33][INFO] Client connected with IP: 0000:0000:0000:0000:0000:ffff:7f00:0001
[2025-07-10 21:56:13][INFO] Client disconnected. Code: 1001, Reason: 
[2025-07-10 21:56:13][INFO] Client disconnected. Code: 1001, Reason: 
[2025-07-10 21:56:13][INFO] Client disconnected. Code: 1001, Reason: 
[2025-07-10 21:56:13][INFO] Client connected with IP: 0000:0000:0000:0000:0000:ffff:7f00:0001
[2025-07-10 21:56:13][INFO] Client connected with IP: 0000:0000:0000:0000:0000:ffff:7f00:0001
[2025-07-10 21:56:17][INFO] Client disconnected. Code: 1001, Reason: 
[2025-07-10 21:56:17][INFO] Client disconnected. Code: 1001, Reason: 
[2025-07-10 21:56:17][INFO] Client connected with IP: 0000:0000:0000:0000:0000:ffff:7f00:0001
[2025-07-10 21:56:18][INFO] Client connected with IP: 0000:0000:0000:0000:0000:ffff:7f00:0001
[2025-07-10 21:56:23][INFO] User 'rutuja' logged in successfully
[2025-07-10 21:56:34][INFO] User 'vaibz' logged in successfully
[2025-07-10 21:57:41][INFO] Client connected with IP: 0000:0000:0000:0000:0000:ffff:7f00:0001
[2025-07-10 21:57:42][INFO] Client connected with IP: 0000:0000:0000:0000:0000:ffff:7f00:0001
[2025-07-10 21:57:49][INFO] User 'vaishnavi10' logged in successfully
[2025-07-10 21:58:01][ERROR] [json.exception.parse_error.101] parse error at line 1, column 1: syntax error while parsing value - invalid literal; last read: 'ë'
[2025-07-10 22:05:51][INFO] Client disconnected. Code: 1001, Reason: 
[2025-07-10 22:05:51][INFO] Client disconnected. Code: 1001, Reason: 
[2025-07-10 22:05:51][INFO] Client disconnected. Code: 1001, Reason: 
[2025-07-10 22:05:51][INFO] Client disconnected. Code: 1001, Reason: 
[2025-07-10 22:05:51][INFO] Client disconnected. Code: 1001, Reason: 
[2025-07-10 22:05:51][INFO] Client disconnected. Code: 1001, Reason: 
[2025-07-10 22:26:12][INFO] Client connected with IP: 0000:0000:0000:0000:0000:ffff:7f00:0001
[2025-07-10 22:31:36][INFO] Client disconnected. Code: 1006, Reason: WebSocket timed out from inactivity
