[2025-06-15 01:39:01][INFO] Server started...
[2025-06-15 01:52:42][INFO] Server started...
[2025-06-15 01:54:07][INFO] Server started...
[2025-06-15 01:55:45][INFO] Client connected with IP: 0000:0000:0000:0000:0000:ffff:7f00:0001
[2025-06-15 01:55:57][ERROR] Invalid password for user: vaibhav
[2025-06-15 01:57:13][INFO] Server started...
[2025-06-15 01:57:17][INFO] Client connected with IP: 0000:0000:0000:0000:0000:ffff:7f00:0001
[2025-06-15 01:57:25][INFO] Client disconnected. Code: 1001, Reason: 
[2025-06-15 01:57:25][INFO] Client connected with IP: 0000:0000:0000:0000:0000:ffff:7f00:0001
[2025-06-15 01:57:35][ERROR] Invalid password for user: vaibhav
[2025-06-15 01:58:03][INFO] Server started...
[2025-06-15 01:58:09][INFO] Client connected with IP: 0000:0000:0000:0000:0000:ffff:7f00:0001
[2025-06-15 01:58:12][ERROR] row column
[2025-06-15 01:59:44][INFO] Server started...
[2025-06-15 01:59:47][INFO] Client connected with IP: 0000:0000:0000:0000:0000:ffff:7f00:0001
[2025-06-15 01:59:49][ERROR] row column
[2025-06-15 02:00:33][INFO] Server started...
[2025-06-15 02:00:36][INFO] Client connected with IP: 0000:0000:0000:0000:0000:ffff:7f00:0001
[2025-06-15 02:00:38][ERROR] Invalid username: vaibhav
[2025-06-15 02:01:18][INFO] Server started...
[2025-06-15 02:01:21][INFO] Client connected with IP: 0000:0000:0000:0000:0000:ffff:7f00:0001
[2025-06-15 02:01:24][ERROR] row column
[2025-06-15 02:01:41][INFO] Server started...
[2025-06-15 02:01:59][INFO] Server started...
[2025-06-15 02:02:05][INFO] Client connected with IP: 0000:0000:0000:0000:0000:ffff:7f00:0001
[2025-06-15 02:02:18][ERROR] Invalid username: vaibhav
[2025-06-15 02:02:33][INFO] Server started...
[2025-06-15 02:02:39][INFO] Client connected with IP: 0000:0000:0000:0000:0000:ffff:7f00:0001
[2025-06-15 02:02:41][ERROR] Invalid username: vaibhav
[2025-06-15 02:02:50][INFO] Server started...
[2025-06-15 02:02:52][INFO] Client connected with IP: 0000:0000:0000:0000:0000:ffff:7f00:0001
[2025-06-15 02:02:54][ERROR] Invalid username: vaibhav
[2025-06-15 02:04:07][INFO] Client disconnected. Code: 1001, Reason: 
[2025-06-15 02:04:08][INFO] Client connected with IP: 0000:0000:0000:0000:0000:ffff:7f00:0001
[2025-06-15 02:04:10][ERROR] Invalid username: vaibz
[2025-06-15 02:05:11][INFO] Server started...
[2025-06-15 02:05:24][INFO] Server started...
[2025-06-15 02:05:31][INFO] Client connected with IP: 0000:0000:0000:0000:0000:ffff:7f00:0001
[2025-06-15 02:05:34][ERROR] Invalid username: vaibz
[2025-06-15 02:06:54][INFO] Server started...
[2025-06-15 02:06:56][INFO] Client connected with IP: 0000:0000:0000:0000:0000:ffff:7f00:0001
[2025-06-15 02:06:59][ERROR] row column
[2025-06-15 02:07:13][INFO] Client disconnected. Code: 1001, Reason: 
[2025-06-15 02:07:13][INFO] Client connected with IP: 0000:0000:0000:0000:0000:ffff:7f00:0001
[2025-06-15 02:07:19][ERROR] row column
[2025-06-15 02:08:18][INFO] Server started...
[2025-06-15 02:08:24][INFO] Client connected with IP: 0000:0000:0000:0000:0000:ffff:7f00:0001
[2025-06-15 02:09:14][ERROR] row column
[2025-06-15 02:09:40][INFO] Server started...
[2025-06-15 02:09:43][INFO] Client connected with IP: 0000:0000:0000:0000:0000:ffff:7f00:0001
[2025-06-15 02:09:52][ERROR] row column
[2025-06-15 02:10:40][ERROR] row column
[2025-06-15 02:12:31][INFO] Server started...
[2025-06-15 02:12:34][INFO] Client connected with IP: 0000:0000:0000:0000:0000:ffff:7f00:0001
[2025-06-15 02:12:38][ERROR] row column
[2025-06-15 02:13:04][INFO] Server started...
[2025-06-15 02:13:11][INFO] Client connected with IP: 0000:0000:0000:0000:0000:ffff:7f00:0001
[2025-06-15 02:13:29][ERROR] row column
[2025-06-15 02:15:39][INFO] Server started...
[2025-06-15 02:15:46][INFO] Client connected with IP: 0000:0000:0000:0000:0000:ffff:7f00:0001
[2025-06-15 02:15:52][ERROR] row column
[2025-06-15 02:18:41][INFO] Server started...
[2025-06-15 02:18:50][INFO] Client connected with IP: 0000:0000:0000:0000:0000:ffff:7f00:0001
[2025-06-15 02:18:58][ERROR] Value cannot be converted to string
[2025-06-15 02:19:18][INFO] Server started...
[2025-06-15 02:19:30][INFO] Client connected with IP: 0000:0000:0000:0000:0000:ffff:7f00:0001
[2025-06-15 02:19:37][ERROR] Value cannot be converted to string
[2025-06-15 02:20:02][INFO] Server started...
[2025-06-15 02:20:10][INFO] Client connected with IP: 0000:0000:0000:0000:0000:ffff:7f00:0001
[2025-06-15 02:20:26][ERROR] Invalid password for user: vaibz
[2025-06-15 02:22:00][INFO] Server started...
[2025-06-15 02:22:03][INFO] Server started...
[2025-06-15 02:22:14][INFO] Client connected with IP: 0000:0000:0000:0000:0000:ffff:7f00:0001
[2025-06-15 02:22:16][ERROR] Invalid password for user: vaibz
[2025-06-15 02:22:35][INFO] Server started...
[2025-06-15 02:22:41][INFO] Server started...
[2025-06-15 02:22:47][INFO] Client connected with IP: 0000:0000:0000:0000:0000:ffff:7f00:0001
[2025-06-15 02:22:48][ERROR] Invalid password for user: vaibz
[2025-06-15 02:23:13][INFO] Server started...
[2025-06-15 02:23:18][INFO] Client connected with IP: 0000:0000:0000:0000:0000:ffff:7f00:0001
[2025-06-15 02:23:53][INFO] Server started...
[2025-06-15 02:23:58][INFO] Client connected with IP: 0000:0000:0000:0000:0000:ffff:7f00:0001
[2025-06-15 02:24:07][INFO] User vaibz logged in successfully
[2025-06-15 02:25:04][INFO] Server started...
[2025-06-15 02:25:07][INFO] Client connected with IP: 0000:0000:0000:0000:0000:ffff:7f00:0001
[2025-06-15 02:25:11][INFO] User 'vaibz' logged in successfully
