[2025-10-15 21:22:11][INFO] Server started...
[2025-10-15 21:22:11][INFO] Listening on port: 2121
[2025-10-15 21:34:49][INFO] Client connected with IP: 127.0.0.1
[2025-10-15 21:34:49][DEBUG] Message received from client {"message_type":117,"user_id":3,"auth_token":"123"}
[2025-10-15 21:34:49][DEBUG][process] in process func: {"auth_token":"123","message_type":117,"user_id":3}
[2025-10-15 21:34:49][ERROR][process_reconnect_request] Reconnect unsuccessful of user id: 3
[2025-10-15 21:35:15][INFO] Client connected with IP: 127.0.0.1
[2025-10-15 21:35:18][DEBUG] Message received from client {"message_type":101,"username":"rutuja","password":"1234","timestamp":"2025-10-15T16:05:16.578Z"}
[2025-10-15 21:35:18][DEBUG][process] in process func: {"message_type":101,"password":"1234","timestamp":"2025-10-15T16:05:16.578Z","username":"rutuja"}
[2025-10-15 21:35:18][INFO][process_login_request] User 'rutuja' logged in successfully
[2025-10-15 21:35:18][DEBUG][send_user_login_payloads] {"dob":"2004-05-31","email":"rutuja04dabhade@gmail.com","fullname":"Rutuja Vijay Dabhade","gender":"Female","message_type":111,"phone":"9978789080","username":"rutuja"}
[2025-10-15 21:35:19][DEBUG][send_user_login_payloads] {"count":0,"message_type":113,"pending_friend_requests_list":[]}
[2025-10-15 21:35:19][DEBUG][send_user_login_payloads] {"count":2,"friends_list":[{"dob":"2001-02-11","fullname":"Achal Bhamare","gender":"Female","user_id":1266,"username":"achalb11"},{"dob":"2005-01-27","fullname":"Chetana Patil","gender":"Female","user_id":1245,"username":"chetanap"}],"message_type":112}
[2025-10-15 21:35:22][INFO] Client disconnected. Client is going away, Reason: 
[2025-10-15 21:35:50][INFO] Client connected with IP: 127.0.0.1
[2025-10-15 21:36:00][DEBUG] Message received from client {"message_type":101,"username":"rutuja","password":"1234","timestamp":"2025-10-15T16:05:50.341Z"}
[2025-10-15 21:36:00][DEBUG] Message received from client {"message_type":101,"username":"rutuja","password":"1234","timestamp":"2025-10-15T16:05:50.341Z"}
[2025-10-15 21:36:00][DEBUG] Message received from client {"message_type":101,"username":"rutuja","password":"1234","timestamp":"2025-10-15T16:05:50.341Z"}
[2025-10-15 21:36:00][DEBUG][process] in process func: {"message_type":101,"password":"1234","timestamp":"2025-10-15T16:05:50.341Z","username":"rutuja"}
[2025-10-15 21:36:00][INFO][process_login_request] User 'rutuja' logged in successfully
[2025-10-15 21:36:00][DEBUG][send_user_login_payloads] {"dob":"2004-05-31","email":"rutuja04dabhade@gmail.com","fullname":"Rutuja Vijay Dabhade","gender":"Female","message_type":111,"phone":"9978789080","username":"rutuja"}
[2025-10-15 21:36:00][DEBUG][send_user_login_payloads] {"count":0,"message_type":113,"pending_friend_requests_list":[]}
[2025-10-15 21:36:00][DEBUG][send_user_login_payloads] {"count":2,"friends_list":[{"dob":"2001-02-11","fullname":"Achal Bhamare","gender":"Female","user_id":1266,"username":"achalb11"},{"dob":"2005-01-27","fullname":"Chetana Patil","gender":"Female","user_id":1245,"username":"chetanap"}],"message_type":112}
[2025-10-15 21:36:00][DEBUG][process] in process func: {"message_type":101,"password":"1234","timestamp":"2025-10-15T16:05:50.341Z","username":"rutuja"}
[2025-10-15 21:36:00][INFO][process_login_request] User 'rutuja' logged out forcefully
[2025-10-15 21:36:00][INFO][process_login_request] User 'rutuja' logged in successfully
[2025-10-15 21:36:00][DEBUG][send_user_login_payloads] {"dob":"2004-05-31","email":"rutuja04dabhade@gmail.com","fullname":"Rutuja Vijay Dabhade","gender":"Female","message_type":111,"phone":"9978789080","username":"rutuja"}
[2025-10-15 21:36:00][DEBUG][send_user_login_payloads] {"count":0,"message_type":113,"pending_friend_requests_list":[]}
[2025-10-15 21:36:00][DEBUG][send_user_login_payloads] {"count":2,"friends_list":[{"dob":"2001-02-11","fullname":"Achal Bhamare","gender":"Female","user_id":1266,"username":"achalb11"},{"dob":"2005-01-27","fullname":"Chetana Patil","gender":"Female","user_id":1245,"username":"chetanap"}],"message_type":112}
[2025-10-15 21:36:00][DEBUG][process] in process func: {"message_type":101,"password":"1234","timestamp":"2025-10-15T16:05:50.341Z","username":"rutuja"}
[2025-10-15 21:36:00][INFO][process_login_request] User 'rutuja' logged out forcefully
[2025-10-15 21:36:00][INFO][process_login_request] User 'rutuja' logged in successfully
[2025-10-15 21:36:00][DEBUG][send_user_login_payloads] {"dob":"2004-05-31","email":"rutuja04dabhade@gmail.com","fullname":"Rutuja Vijay Dabhade","gender":"Female","message_type":111,"phone":"9978789080","username":"rutuja"}
[2025-10-15 21:36:00][DEBUG][send_user_login_payloads] {"count":0,"message_type":113,"pending_friend_requests_list":[]}
[2025-10-15 21:36:00][DEBUG][send_user_login_payloads] {"count":2,"friends_list":[{"dob":"2001-02-11","fullname":"Achal Bhamare","gender":"Female","user_id":1266,"username":"achalb11"},{"dob":"2005-01-27","fullname":"Chetana Patil","gender":"Female","user_id":1245,"username":"chetanap"}],"message_type":112}
[2025-10-15 21:36:08][INFO] Client disconnected. Client is going away, Reason: 
[2025-10-15 21:36:20][INFO] Client connected with IP: 127.0.0.1
[2025-10-15 21:36:47][DEBUG] Message received from client {"message_type":101,"username":"rutuja","password":"1234","timestamp":"2025-10-15T16:06:38.469Z"}
[2025-10-15 21:36:47][DEBUG][process] in process func: {"message_type":101,"password":"1234","timestamp":"2025-10-15T16:06:38.469Z","username":"rutuja"}
[2025-10-15 21:36:47][INFO][process_login_request] User 'rutuja' logged in successfully
[2025-10-15 21:36:47][DEBUG][send_user_login_payloads] {"dob":"2004-05-31","email":"rutuja04dabhade@gmail.com","fullname":"Rutuja Vijay Dabhade","gender":"Female","message_type":111,"phone":"9978789080","username":"rutuja"}
[2025-10-15 21:36:47][DEBUG][send_user_login_payloads] {"count":0,"message_type":113,"pending_friend_requests_list":[]}
[2025-10-15 21:36:47][DEBUG][send_user_login_payloads] {"count":2,"friends_list":[{"dob":"2001-02-11","fullname":"Achal Bhamare","gender":"Female","user_id":1266,"username":"achalb11"},{"dob":"2005-01-27","fullname":"Chetana Patil","gender":"Female","user_id":1245,"username":"chetanap"}],"message_type":112}
[2025-10-15 21:38:28][INFO] Client disconnected. No status received (no close frame), Reason: 
[2025-10-15 21:50:14][INFO] Client connected with IP: 127.0.0.1
[2025-10-15 21:50:14][DEBUG] Message received from client {"message_type":117,"user_id":34,"auth_token":"c81e037d3ad7f57c115e88e7c11deaf4"}
[2025-10-15 21:50:14][DEBUG][process] in process func: {"auth_token":"c81e037d3ad7f57c115e88e7c11deaf4","message_type":117,"user_id":34}
[2025-10-15 21:50:14][DEBUG][send_user_login_payloads] {"dob":"2004-05-31","email":"rutuja04dabhade@gmail.com","fullname":"Rutuja Vijay Dabhade","gender":"Female","message_type":111,"phone":"9978789080","username":"rutuja"}
[2025-10-15 21:50:14][DEBUG][send_user_login_payloads] {"count":0,"message_type":113,"pending_friend_requests_list":[]}
[2025-10-15 21:50:14][DEBUG][send_user_login_payloads] {"count":2,"friends_list":[{"dob":"2001-02-11","fullname":"Achal Bhamare","gender":"Female","user_id":1266,"username":"achalb11"},{"dob":"2005-01-27","fullname":"Chetana Patil","gender":"Female","user_id":1245,"username":"chetanap"}],"message_type":112}
[2025-10-15 21:50:14][INFO][process_reconnect_request] Reconnect successful of user id: 34
[2025-10-15 21:51:44][INFO] Client disconnected. No status received (no close frame), Reason: 
[2025-10-15 21:52:04][INFO] Client connected with IP: 127.0.0.1
[2025-10-15 21:52:05][DEBUG] Message received from client {"message_type":117,"user_id":34,"auth_token":"c81e037d3ad7f57c115e88e7c11deaf4"}
[2025-10-15 21:52:05][DEBUG][process] in process func: {"auth_token":"c81e037d3ad7f57c115e88e7c11deaf4","message_type":117,"user_id":34}
[2025-10-15 21:52:05][DEBUG][send_user_login_payloads] {"dob":"2004-05-31","email":"rutuja04dabhade@gmail.com","fullname":"Rutuja Vijay Dabhade","gender":"Female","message_type":111,"phone":"9978789080","username":"rutuja"}
[2025-10-15 21:52:05][DEBUG][send_user_login_payloads] {"count":0,"message_type":113,"pending_friend_requests_list":[]}
[2025-10-15 21:52:05][DEBUG][send_user_login_payloads] {"count":2,"friends_list":[{"dob":"2001-02-11","fullname":"Achal Bhamare","gender":"Female","user_id":1266,"username":"achalb11"},{"dob":"2005-01-27","fullname":"Chetana Patil","gender":"Female","user_id":1245,"username":"chetanap"}],"message_type":112}
[2025-10-15 21:52:05][INFO][process_reconnect_request] Reconnect successful of user id: 34
[2025-10-15 21:54:21][DEBUG] Message received from client {"message_type":119,"user_id":34,"fullname":"Rutuja Vijay Dabhade","username":"rutuja","dob":"2004-05-31","gender":"Female","email":"rutuja04dabhade@gmail.com","phone":"8668470451"}
[2025-10-15 21:54:21][DEBUG][process] in process func: {"dob":"2004-05-31","email":"rutuja04dabhade@gmail.com","fullname":"Rutuja Vijay Dabhade","gender":"Female","message_type":119,"phone":"8668470451","user_id":34,"username":"rutuja"}
[2025-10-15 21:54:21][DEBUG][process_update_profile_request] {"dob":"2004-05-31","email":"rutuja04dabhade@gmail.com","fullname":"Rutuja Vijay Dabhade","gender":"Female","message_type":111,"phone":"8668470451","username":"rutuja"}
[2025-10-15 21:54:21][INFO][process_update_profile_request] Update profile of user 'rutuja' is successful
[2025-10-15 21:54:37][INFO] Client disconnected. Client is going away, Reason: 
[2025-10-15 21:54:38][INFO] Client connected with IP: 127.0.0.1
[2025-10-15 21:54:38][DEBUG] Message received from client {"message_type":117,"user_id":34,"auth_token":"c81e037d3ad7f57c115e88e7c11deaf4"}
[2025-10-15 21:54:38][DEBUG][process] in process func: {"auth_token":"c81e037d3ad7f57c115e88e7c11deaf4","message_type":117,"user_id":34}
[2025-10-15 21:54:38][DEBUG][send_user_login_payloads] {"dob":"2004-05-31","email":"rutuja04dabhade@gmail.com","fullname":"Rutuja Vijay Dabhade","gender":"Female","message_type":111,"phone":"8668470451","username":"rutuja"}
[2025-10-15 21:54:38][DEBUG][send_user_login_payloads] {"count":0,"message_type":113,"pending_friend_requests_list":[]}
[2025-10-15 21:54:38][DEBUG][send_user_login_payloads] {"count":2,"friends_list":[{"dob":"2001-02-11","fullname":"Achal Bhamare","gender":"Female","user_id":1266,"username":"achalb11"},{"dob":"2005-01-27","fullname":"Chetana Patil","gender":"Female","user_id":1245,"username":"chetanap"}],"message_type":112}
[2025-10-15 21:54:38][INFO][process_reconnect_request] Reconnect successful of user id: 34
[2025-10-15 21:57:02][DEBUG] Message received from client {"message_type":119,"user_id":34,"fullname":"Rutuja Vijay Dabhade","username":"rutuja","dob":"2004-05-31","gender":"Male","email":"rutuja04dabhade@gmail.com","phone":"8668470451"}
[2025-10-15 21:57:02][DEBUG][process] in process func: {"dob":"2004-05-31","email":"rutuja04dabhade@gmail.com","fullname":"Rutuja Vijay Dabhade","gender":"Male","message_type":119,"phone":"8668470451","user_id":34,"username":"rutuja"}
[2025-10-15 21:57:02][DEBUG][process_update_profile_request] {"dob":"2004-05-31","email":"rutuja04dabhade@gmail.com","fullname":"Rutuja Vijay Dabhade","gender":"Male","message_type":111,"phone":"8668470451","username":"rutuja"}
[2025-10-15 21:57:02][INFO][process_update_profile_request] Update profile of user 'rutuja' is successful
[2025-10-15 21:57:05][INFO] Client disconnected. Client is going away, Reason: 
[2025-10-15 21:57:06][INFO] Client connected with IP: 127.0.0.1
[2025-10-15 21:57:06][DEBUG] Message received from client {"message_type":117,"user_id":34,"auth_token":"c81e037d3ad7f57c115e88e7c11deaf4"}
[2025-10-15 21:57:06][DEBUG][process] in process func: {"auth_token":"c81e037d3ad7f57c115e88e7c11deaf4","message_type":117,"user_id":34}
[2025-10-15 21:57:06][DEBUG][send_user_login_payloads] {"dob":"2004-05-31","email":"rutuja04dabhade@gmail.com","fullname":"Rutuja Vijay Dabhade","gender":"Male","message_type":111,"phone":"8668470451","username":"rutuja"}
[2025-10-15 21:57:06][DEBUG][send_user_login_payloads] {"count":0,"message_type":113,"pending_friend_requests_list":[]}
[2025-10-15 21:57:06][DEBUG][send_user_login_payloads] {"count":2,"friends_list":[{"dob":"2001-02-11","fullname":"Achal Bhamare","gender":"Female","user_id":1266,"username":"achalb11"},{"dob":"2005-01-27","fullname":"Chetana Patil","gender":"Female","user_id":1245,"username":"chetanap"}],"message_type":112}
[2025-10-15 21:57:06][INFO][process_reconnect_request] Reconnect successful of user id: 34
[2025-10-15 21:57:20][DEBUG] Message received from client {"message_type":119,"user_id":34,"fullname":"Rutuja Vijay Dabhade","username":"rutuja","dob":"2004-05-31","gender":"Female","email":"rutuja04dabhade@gmail.com","phone":"8668470451"}
[2025-10-15 21:57:20][DEBUG][process] in process func: {"dob":"2004-05-31","email":"rutuja04dabhade@gmail.com","fullname":"Rutuja Vijay Dabhade","gender":"Female","message_type":119,"phone":"8668470451","user_id":34,"username":"rutuja"}
[2025-10-15 21:57:20][DEBUG][process_update_profile_request] {"dob":"2004-05-31","email":"rutuja04dabhade@gmail.com","fullname":"Rutuja Vijay Dabhade","gender":"Female","message_type":111,"phone":"8668470451","username":"rutuja"}
[2025-10-15 21:57:20][INFO][process_update_profile_request] Update profile of user 'rutuja' is successful
[2025-10-15 21:57:26][INFO] Client disconnected. Client is going away, Reason: 
[2025-10-15 21:57:26][INFO] Client connected with IP: 127.0.0.1
[2025-10-15 21:57:27][DEBUG] Message received from client {"message_type":117,"user_id":34,"auth_token":"c81e037d3ad7f57c115e88e7c11deaf4"}
[2025-10-15 21:57:27][DEBUG][process] in process func: {"auth_token":"c81e037d3ad7f57c115e88e7c11deaf4","message_type":117,"user_id":34}
[2025-10-15 21:57:27][DEBUG][send_user_login_payloads] {"dob":"2004-05-31","email":"rutuja04dabhade@gmail.com","fullname":"Rutuja Vijay Dabhade","gender":"Female","message_type":111,"phone":"8668470451","username":"rutuja"}
[2025-10-15 21:57:27][DEBUG][send_user_login_payloads] {"count":0,"message_type":113,"pending_friend_requests_list":[]}
[2025-10-15 21:57:27][DEBUG][send_user_login_payloads] {"count":2,"friends_list":[{"dob":"2001-02-11","fullname":"Achal Bhamare","gender":"Female","user_id":1266,"username":"achalb11"},{"dob":"2005-01-27","fullname":"Chetana Patil","gender":"Female","user_id":1245,"username":"chetanap"}],"message_type":112}
[2025-10-15 21:57:27][INFO][process_reconnect_request] Reconnect successful of user id: 34
[2025-10-15 21:57:41][DEBUG] Message received from client {"message_type":119,"user_id":34,"fullname":"Rutuja Vijay Dabhade","username":"rutuja","dob":"2004-05-31","gender":"Female","email":"rutuja04dabhade@gmail.com","phone":"8668470451"}
[2025-10-15 21:57:41][DEBUG][process] in process func: {"dob":"2004-05-31","email":"rutuja04dabhade@gmail.com","fullname":"Rutuja Vijay Dabhade","gender":"Female","message_type":119,"phone":"8668470451","user_id":34,"username":"rutuja"}
[2025-10-15 21:57:41][DEBUG][process_update_profile_request] {"dob":"2004-05-31","email":"rutuja04dabhade@gmail.com","fullname":"Rutuja Vijay Dabhade","gender":"Female","message_type":111,"phone":"8668470451","username":"rutuja"}
[2025-10-15 21:57:41][INFO][process_update_profile_request] Update profile of user 'rutuja' is successful
[2025-10-15 22:05:20][INFO] Client disconnected. Client is going away, Reason: 
[2025-10-15 22:05:21][INFO] Client connected with IP: 127.0.0.1
[2025-10-15 22:05:21][DEBUG] Message received from client {"message_type":117,"user_id":34,"auth_token":"c81e037d3ad7f57c115e88e7c11deaf4"}
[2025-10-15 22:05:21][DEBUG][process] in process func: {"auth_token":"c81e037d3ad7f57c115e88e7c11deaf4","message_type":117,"user_id":34}
[2025-10-15 22:05:21][DEBUG][send_user_login_payloads] {"dob":"2004-05-31","email":"rutuja04dabhade@gmail.com","fullname":"Rutuja Vijay Dabhade","gender":"Female","message_type":111,"phone":"8668470451","username":"rutuja"}
[2025-10-15 22:05:21][DEBUG][send_user_login_payloads] {"count":0,"message_type":113,"pending_friend_requests_list":[]}
[2025-10-15 22:05:21][DEBUG][send_user_login_payloads] {"count":2,"friends_list":[{"dob":"2001-02-11","fullname":"Achal Bhamare","gender":"Female","user_id":1266,"username":"achalb11"},{"dob":"2005-01-27","fullname":"Chetana Patil","gender":"Female","user_id":1245,"username":"chetanap"}],"message_type":112}
[2025-10-15 22:05:21][INFO][process_reconnect_request] Reconnect successful of user id: 34
[2025-10-15 22:05:33][DEBUG] Message received from client {"message_type":119,"user_id":34,"fullname":"Rutuja Vijay Dabhade","username":"rutuja","dob":"2004-05-31","gender":"Female","email":"rutuja04dabhade@gmail.com","phone":"8668470451"}
[2025-10-15 22:05:33][DEBUG][process] in process func: {"dob":"2004-05-31","email":"rutuja04dabhade@gmail.com","fullname":"Rutuja Vijay Dabhade","gender":"Female","message_type":119,"phone":"8668470451","user_id":34,"username":"rutuja"}
[2025-10-15 22:05:33][DEBUG][process_update_profile_request] {"dob":"2004-05-31","email":"rutuja04dabhade@gmail.com","fullname":"Rutuja Vijay Dabhade","gender":"Female","message_type":111,"phone":"8668470451","username":"rutuja"}
[2025-10-15 22:05:33][INFO][process_update_profile_request] Update profile of user 'rutuja' is successful
[2025-10-15 22:32:05][INFO] Client disconnected. Client is going away, Reason: 
[2025-10-15 22:32:05][INFO] Client connected with IP: 127.0.0.1
[2025-10-15 22:32:06][DEBUG] Message received from client {"message_type":117,"user_id":34,"auth_token":"c81e037d3ad7f57c115e88e7c11deaf4"}
[2025-10-15 22:32:06][DEBUG][process] in process func: {"auth_token":"c81e037d3ad7f57c115e88e7c11deaf4","message_type":117,"user_id":34}
[2025-10-15 22:32:06][DEBUG][send_user_login_payloads] {"dob":"2004-05-31","email":"rutuja04dabhade@gmail.com","fullname":"Rutuja Vijay Dabhade","gender":"Female","message_type":111,"phone":"8668470451","username":"rutuja"}
[2025-10-15 22:32:06][DEBUG][send_user_login_payloads] {"count":0,"message_type":113,"pending_friend_requests_list":[]}
[2025-10-15 22:32:06][DEBUG][send_user_login_payloads] {"count":2,"friends_list":[{"dob":"2001-02-11","fullname":"Achal Bhamare","gender":"Female","user_id":1266,"username":"achalb11"},{"dob":"2005-01-27","fullname":"Chetana Patil","gender":"Female","user_id":1245,"username":"chetanap"}],"message_type":112}
[2025-10-15 22:32:06][INFO][process_reconnect_request] Reconnect successful of user id: 34
[2025-10-15 22:34:07][INFO] Client disconnected. Client is going away, Reason: 
[2025-10-15 22:34:08][INFO] Client connected with IP: 127.0.0.1
[2025-10-15 22:34:08][DEBUG] Message received from client {"message_type":117,"user_id":34,"auth_token":"c81e037d3ad7f57c115e88e7c11deaf4"}
[2025-10-15 22:34:08][DEBUG][process] in process func: {"auth_token":"c81e037d3ad7f57c115e88e7c11deaf4","message_type":117,"user_id":34}
[2025-10-15 22:34:08][DEBUG][send_user_login_payloads] {"dob":"2004-05-31","email":"rutuja04dabhade@gmail.com","fullname":"Rutuja Vijay Dabhade","gender":"Female","message_type":111,"phone":"8668470451","username":"rutuja"}
[2025-10-15 22:34:08][DEBUG][send_user_login_payloads] {"count":0,"message_type":113,"pending_friend_requests_list":[]}
[2025-10-15 22:34:08][DEBUG][send_user_login_payloads] {"count":2,"friends_list":[{"dob":"2001-02-11","fullname":"Achal Bhamare","gender":"Female","user_id":1266,"username":"achalb11"},{"dob":"2005-01-27","fullname":"Chetana Patil","gender":"Female","user_id":1245,"username":"chetanap"}],"message_type":112}
[2025-10-15 22:34:08][INFO][process_reconnect_request] Reconnect successful of user id: 34
[2025-10-15 22:34:16][DEBUG] Message received from client {"message_type":119,"user_id":34,"fullname":"Rutuja Dabhade","username":"rutuja","dob":"2004-05-31","gender":"Female","email":"rutuja04dabhade@gmail.com","phone":"8668470451"}
[2025-10-15 22:34:16][DEBUG][process] in process func: {"dob":"2004-05-31","email":"rutuja04dabhade@gmail.com","fullname":"Rutuja Dabhade","gender":"Female","message_type":119,"phone":"8668470451","user_id":34,"username":"rutuja"}
[2025-10-15 22:34:16][DEBUG][process_update_profile_request] {"dob":"2004-05-31","email":"rutuja04dabhade@gmail.com","fullname":"Rutuja Dabhade","gender":"Female","message_type":111,"phone":"8668470451","username":"rutuja"}
[2025-10-15 22:34:16][INFO][process_update_profile_request] Update profile of user 'rutuja' is successful
[2025-10-15 22:34:47][DEBUG] Message received from client {"message_type":107,"username":"v","requested_by":"rutuja"}
[2025-10-15 22:34:47][DEBUG][process] in process func: {"message_type":107,"requested_by":"rutuja","username":"v"}
[2025-10-15 22:34:47][DEBUG][process_search_user_request] {"count":30,"message_type":108,"users":[{"display_name":"Vaibhav Gaikwad","friendship_status":2,"user_id":21,"username":"vaibz"},{"display_name":"VIjay","friendship_status":2,"user_id":37,"username":"Vijay"},{"display_name":"VIjay","friendship_status":2,"user_id":38,"username":"vijay1234"},{"display_name":"Vaishnavi ","friendship_status":2,"user_id":39,"username":"vaishnavi10"},{"display_name":"vaibhav","friendship_status":2,"user_id":41,"username":"vaibz12"},{"display_name":"Mandar Chavan","friendship_status":2,"user_id":1042,"username":"mchavan882"},{"display_name":"Chinmay Chavan","friendship_status":2,"user_id":1046,"username":"cchavan838"},{"display_name":"Meghna Jadhav","friendship_status":2,"user_id":1047,"username":"mjadhav670"},{"display_name":"Rutuja Jadhav","friendship_status":2,"user_id":1051,"username":"rjadhav009"},{"display_name":"Vishal Pawar","friendship_status":2,"user_id":1053,"username":"vpawar008"},{"display_name":"Vaishnavi Inamdar","friendship_status":2,"user_id":1063,"username":"vinamdar778"},{"display_name":"Shraddha Chavan","friendship_status":2,"user_id":1070,"username":"schavan386"},{"display_name":"Sachin Jadhav","friendship_status":2,"user_id":1076,"username":"sjadhav205"},{"display_name":"Bhagyashree Chavan","friendship_status":2,"user_id":1081,"username":"bchavan171"},{"display_name":"Vaishnavi Apte","friendship_status":2,"user_id":1089,"username":"vapte786"},{"display_name":"Vaishnavi Jadhav","friendship_status":2,"user_id":1092,"username":"vjadhav942"},{"display_name":"Amey Chavan","friendship_status":2,"user_id":1096,"username":"achavan907"},{"display_name":"Vaishnavi Chavan","friendship_status":2,"user_id":1105,"username":"vchavan805"},{"display_name":"Omkar Jadhav","friendship_status":2,"user_id":1119,"username":"ojadhav797"},{"display_name":"Snehal Jadhav","friendship_status":2,"user_id":1130,"username":"sjadhav930"},{"display_name":"Tejas Chavan","friendship_status":2,"user_id":1132,"username":"tchavan152"},{"display_name":"Vaishnavi Kulkarni","friendship_status":2,"user_id":1135,"username":"vkulkarni090"},{"display_name":"Yogesh Chavan","friendship_status":2,"user_id":1137,"username":"ychavan506"},{"display_name":"Aditya Jadhav","friendship_status":2,"user_id":1146,"username":"ajadhav963"},{"display_name":"Amey Jadhav","friendship_status":2,"user_id":1154,"username":"ajadhav446"},{"display_name":"Vaishnavi Lokhande","friendship_status":2,"user_id":1168,"username":"vlokhande789"},{"display_name":"Anuja Chavan","friendship_status":2,"user_id":1169,"username":"achavan428"},{"display_name":"Siddhesh Jadhav","friendship_status":2,"user_id":1180,"username":"sjadhav475"},{"display_name":"Vaishnavi Shinde","friendship_status":2,"user_id":1200,"username":"vshinde770"},{"display_name":"Ruturaj Jadhav","friendship_status":2,"user_id":1207,"username":"rjadhav555"}]}
[2025-10-15 22:34:47][DEBUG] Message received from client {"message_type":107,"username":"va","requested_by":"rutuja"}
[2025-10-15 22:34:47][DEBUG][process] in process func: {"message_type":107,"requested_by":"rutuja","username":"va"}
[2025-10-15 22:34:47][DEBUG][process_search_user_request] {"count":28,"message_type":108,"users":[{"display_name":"Vaibhav Gaikwad","friendship_status":2,"user_id":21,"username":"vaibz"},{"display_name":"Vaishnavi ","friendship_status":2,"user_id":39,"username":"vaishnavi10"},{"display_name":"vaibhav","friendship_status":2,"user_id":41,"username":"vaibz12"},{"display_name":"Mandar Chavan","friendship_status":2,"user_id":1042,"username":"mchavan882"},{"display_name":"Chinmay Chavan","friendship_status":2,"user_id":1046,"username":"cchavan838"},{"display_name":"Vaishnavi Inamdar","friendship_status":2,"user_id":1063,"username":"vinamdar778"},{"display_name":"Shraddha Chavan","friendship_status":2,"user_id":1070,"username":"schavan386"},{"display_name":"Bhagyashree Chavan","friendship_status":2,"user_id":1081,"username":"bchavan171"},{"display_name":"Vaishnavi Apte","friendship_status":2,"user_id":1089,"username":"vapte786"},{"display_name":"Vaishnavi Jadhav","friendship_status":2,"user_id":1092,"username":"vjadhav942"},{"display_name":"Amey Chavan","friendship_status":2,"user_id":1096,"username":"achavan907"},{"display_name":"Vaishnavi Chavan","friendship_status":2,"user_id":1105,"username":"vchavan805"},{"display_name":"Tejas Chavan","friendship_status":2,"user_id":1132,"username":"tchavan152"},{"display_name":"Vaishnavi Kulkarni","friendship_status":2,"user_id":1135,"username":"vkulkarni090"},{"display_name":"Yogesh Chavan","friendship_status":2,"user_id":1137,"username":"ychavan506"},{"display_name":"Vaishnavi Lokhande","friendship_status":2,"user_id":1168,"username":"vlokhande789"},{"display_name":"Anuja Chavan","friendship_status":2,"user_id":1169,"username":"achavan428"},{"display_name":"Vaishnavi Shinde","friendship_status":2,"user_id":1200,"username":"vshinde770"},{"display_name":"Vaishnavi Pawar","friendship_status":2,"user_id":1210,"username":"vpawar912"},{"display_name":"Ashwini Chavan","friendship_status":2,"user_id":1230,"username":"achavan019"},{"display_name":"Kajal Chavan","friendship_status":2,"user_id":1239,"username":"kchavan762"},{"display_name":"Vaibhav","friendship_status":2,"user_id":1242,"username":"vaibhav"},{"display_name":"Vaibhav Gaikwad","friendship_status":2,"user_id":1243,"username":"vaibz21"},{"display_name":"om chavan","friendship_status":2,"user_id":1248,"username":"omchavan8"},{"display_name":"om Chavan","friendship_status":2,"user_id":1263,"username":"omchavan"},{"display_name":"om chavan","friendship_status":2,"user_id":1269,"username":"omchavan96"},{"display_name":"Suyash chavan","friendship_status":2,"user_id":1270,"username":"suyashchavan"},{"display_name":"Soham rohidas chavan","friendship_status":2,"user_id":1280,"username":"sohamchavan"}]}
[2025-10-15 22:34:47][DEBUG] Message received from client {"message_type":107,"username":"vai","requested_by":"rutuja"}
[2025-10-15 22:34:47][DEBUG][process] in process func: {"message_type":107,"requested_by":"rutuja","username":"vai"}
[2025-10-15 22:34:48][DEBUG][process_search_user_request] {"count":13,"message_type":108,"users":[{"display_name":"Vaibhav Gaikwad","friendship_status":2,"user_id":21,"username":"vaibz"},{"display_name":"Vaishnavi ","friendship_status":2,"user_id":39,"username":"vaishnavi10"},{"display_name":"vaibhav","friendship_status":2,"user_id":41,"username":"vaibz12"},{"display_name":"Vaishnavi Inamdar","friendship_status":2,"user_id":1063,"username":"vinamdar778"},{"display_name":"Vaishnavi Apte","friendship_status":2,"user_id":1089,"username":"vapte786"},{"display_name":"Vaishnavi Jadhav","friendship_status":2,"user_id":1092,"username":"vjadhav942"},{"display_name":"Vaishnavi Chavan","friendship_status":2,"user_id":1105,"username":"vchavan805"},{"display_name":"Vaishnavi Kulkarni","friendship_status":2,"user_id":1135,"username":"vkulkarni090"},{"display_name":"Vaishnavi Lokhande","friendship_status":2,"user_id":1168,"username":"vlokhande789"},{"display_name":"Vaishnavi Shinde","friendship_status":2,"user_id":1200,"username":"vshinde770"},{"display_name":"Vaishnavi Pawar","friendship_status":2,"user_id":1210,"username":"vpawar912"},{"display_name":"Vaibhav","friendship_status":2,"user_id":1242,"username":"vaibhav"},{"display_name":"Vaibhav Gaikwad","friendship_status":2,"user_id":1243,"username":"vaibz21"}]}
[2025-10-15 22:34:48][DEBUG] Message received from client {"message_type":107,"username":"vais","requested_by":"rutuja"}
[2025-10-15 22:34:48][DEBUG][process] in process func: {"message_type":107,"requested_by":"rutuja","username":"vais"}
[2025-10-15 22:34:48][DEBUG][process_search_user_request] {"count":9,"message_type":108,"users":[{"display_name":"Vaishnavi ","friendship_status":2,"user_id":39,"username":"vaishnavi10"},{"display_name":"Vaishnavi Inamdar","friendship_status":2,"user_id":1063,"username":"vinamdar778"},{"display_name":"Vaishnavi Apte","friendship_status":2,"user_id":1089,"username":"vapte786"},{"display_name":"Vaishnavi Jadhav","friendship_status":2,"user_id":1092,"username":"vjadhav942"},{"display_name":"Vaishnavi Chavan","friendship_status":2,"user_id":1105,"username":"vchavan805"},{"display_name":"Vaishnavi Kulkarni","friendship_status":2,"user_id":1135,"username":"vkulkarni090"},{"display_name":"Vaishnavi Lokhande","friendship_status":2,"user_id":1168,"username":"vlokhande789"},{"display_name":"Vaishnavi Shinde","friendship_status":2,"user_id":1200,"username":"vshinde770"},{"display_name":"Vaishnavi Pawar","friendship_status":2,"user_id":1210,"username":"vpawar912"}]}
[2025-10-15 22:34:48][DEBUG] Message received from client {"message_type":107,"username":"vaish","requested_by":"rutuja"}
[2025-10-15 22:34:48][DEBUG][process] in process func: {"message_type":107,"requested_by":"rutuja","username":"vaish"}
[2025-10-15 22:34:48][DEBUG][process_search_user_request] {"count":9,"message_type":108,"users":[{"display_name":"Vaishnavi ","friendship_status":2,"user_id":39,"username":"vaishnavi10"},{"display_name":"Vaishnavi Inamdar","friendship_status":2,"user_id":1063,"username":"vinamdar778"},{"display_name":"Vaishnavi Apte","friendship_status":2,"user_id":1089,"username":"vapte786"},{"display_name":"Vaishnavi Jadhav","friendship_status":2,"user_id":1092,"username":"vjadhav942"},{"display_name":"Vaishnavi Chavan","friendship_status":2,"user_id":1105,"username":"vchavan805"},{"display_name":"Vaishnavi Kulkarni","friendship_status":2,"user_id":1135,"username":"vkulkarni090"},{"display_name":"Vaishnavi Lokhande","friendship_status":2,"user_id":1168,"username":"vlokhande789"},{"display_name":"Vaishnavi Shinde","friendship_status":2,"user_id":1200,"username":"vshinde770"},{"display_name":"Vaishnavi Pawar","friendship_status":2,"user_id":1210,"username":"vpawar912"}]}
[2025-10-15 22:34:49][DEBUG] Message received from client {"message_type":107,"username":"vaishn","requested_by":"rutuja"}
[2025-10-15 22:34:49][DEBUG][process] in process func: {"message_type":107,"requested_by":"rutuja","username":"vaishn"}
[2025-10-15 22:34:49][DEBUG][process_search_user_request] {"count":9,"message_type":108,"users":[{"display_name":"Vaishnavi ","friendship_status":2,"user_id":39,"username":"vaishnavi10"},{"display_name":"Vaishnavi Inamdar","friendship_status":2,"user_id":1063,"username":"vinamdar778"},{"display_name":"Vaishnavi Apte","friendship_status":2,"user_id":1089,"username":"vapte786"},{"display_name":"Vaishnavi Jadhav","friendship_status":2,"user_id":1092,"username":"vjadhav942"},{"display_name":"Vaishnavi Chavan","friendship_status":2,"user_id":1105,"username":"vchavan805"},{"display_name":"Vaishnavi Kulkarni","friendship_status":2,"user_id":1135,"username":"vkulkarni090"},{"display_name":"Vaishnavi Lokhande","friendship_status":2,"user_id":1168,"username":"vlokhande789"},{"display_name":"Vaishnavi Shinde","friendship_status":2,"user_id":1200,"username":"vshinde770"},{"display_name":"Vaishnavi Pawar","friendship_status":2,"user_id":1210,"username":"vpawar912"}]}
[2025-10-15 22:34:49][DEBUG] Message received from client {"message_type":107,"username":"vaishna","requested_by":"rutuja"}
[2025-10-15 22:34:49][DEBUG][process] in process func: {"message_type":107,"requested_by":"rutuja","username":"vaishna"}
[2025-10-15 22:34:49][DEBUG][process_search_user_request] {"count":9,"message_type":108,"users":[{"display_name":"Vaishnavi ","friendship_status":2,"user_id":39,"username":"vaishnavi10"},{"display_name":"Vaishnavi Inamdar","friendship_status":2,"user_id":1063,"username":"vinamdar778"},{"display_name":"Vaishnavi Apte","friendship_status":2,"user_id":1089,"username":"vapte786"},{"display_name":"Vaishnavi Jadhav","friendship_status":2,"user_id":1092,"username":"vjadhav942"},{"display_name":"Vaishnavi Chavan","friendship_status":2,"user_id":1105,"username":"vchavan805"},{"display_name":"Vaishnavi Kulkarni","friendship_status":2,"user_id":1135,"username":"vkulkarni090"},{"display_name":"Vaishnavi Lokhande","friendship_status":2,"user_id":1168,"username":"vlokhande789"},{"display_name":"Vaishnavi Shinde","friendship_status":2,"user_id":1200,"username":"vshinde770"},{"display_name":"Vaishnavi Pawar","friendship_status":2,"user_id":1210,"username":"vpawar912"}]}
[2025-10-15 22:34:52][DEBUG] Message received from client {"message_type":109,"sender_id":34,"sender":"rutuja","name_of_sender":"Rutuja Dabhade","receiver_id":39,"receiver":"vaishnavi10","name_of_receiver":"Vaishnavi ","timestamp":"2025-10-15T17:04:49.760Z"}
[2025-10-15 22:34:52][DEBUG][process] in process func: {"message_type":109,"name_of_receiver":"Vaishnavi ","name_of_sender":"Rutuja Dabhade","receiver":"vaishnavi10","receiver_id":39,"sender":"rutuja","sender_id":34,"timestamp":"2025-10-15T17:04:49.760Z"}
[2025-10-15 22:34:52][DEBUG] Message received from client {"message_type":107,"username":"vaishna","requested_by":"rutuja"}
[2025-10-15 22:34:52][DEBUG][process] in process func: {"message_type":107,"requested_by":"rutuja","username":"vaishna"}
[2025-10-15 22:34:52][DEBUG][process_search_user_request] {"count":9,"message_type":108,"users":[{"display_name":"Vaishnavi ","friendship_status":1,"user_id":39,"username":"vaishnavi10"},{"display_name":"Vaishnavi Inamdar","friendship_status":2,"user_id":1063,"username":"vinamdar778"},{"display_name":"Vaishnavi Apte","friendship_status":2,"user_id":1089,"username":"vapte786"},{"display_name":"Vaishnavi Jadhav","friendship_status":2,"user_id":1092,"username":"vjadhav942"},{"display_name":"Vaishnavi Chavan","friendship_status":2,"user_id":1105,"username":"vchavan805"},{"display_name":"Vaishnavi Kulkarni","friendship_status":2,"user_id":1135,"username":"vkulkarni090"},{"display_name":"Vaishnavi Lokhande","friendship_status":2,"user_id":1168,"username":"vlokhande789"},{"display_name":"Vaishnavi Shinde","friendship_status":2,"user_id":1200,"username":"vshinde770"},{"display_name":"Vaishnavi Pawar","friendship_status":2,"user_id":1210,"username":"vpawar912"}]}
[2025-10-15 22:35:03][DEBUG] Message received from client {"message_type":105,"user_id":34,"username":"rutuja"}
[2025-10-15 22:35:03][DEBUG][process] in process func: {"message_type":105,"user_id":34,"username":"rutuja"}
[2025-10-15 22:35:03][INFO][process_logout_request] User 'rutuja' failed to logged out. Session not found.
[2025-10-15 22:35:03][INFO][process_logout_request] User 'rutuja' logged out successfully
[2025-10-15 22:35:03][DEBUG][process_logout_request] {"message_type":106,"status":0}
[2025-10-15 22:35:11][DEBUG] Message received from client {"message_type":101,"username":"vaishnavi10","password":"1234","timestamp":"2025-10-15T17:05:03.826Z"}
[2025-10-15 22:35:11][DEBUG][process] in process func: {"message_type":101,"password":"1234","timestamp":"2025-10-15T17:05:03.826Z","username":"vaishnavi10"}
[2025-10-15 22:35:11][INFO][process_login_request] User 'vaishnavi10' logged in successfully
[2025-10-15 22:35:11][DEBUG][send_user_login_payloads] {"dob":"2025-06-03","email":"vaishnavi@gmail.com","fullname":"Vaishnavi ","gender":"Female","message_type":111,"phone":"8898990987","username":"vaishnavi10"}
[2025-10-15 22:35:11][DEBUG][send_user_login_payloads] {"count":1,"message_type":113,"pending_friend_requests_list":[{"name_of_receiver":"Vaishnavi ","name_of_sender":"Rutuja Dabhade","receiver":"vaishnavi10","receiver_id":39,"request_status":"pending","sender":"rutuja","sender_id":34,"timestamp":"2025-10-15 22:34:52"}]}
[2025-10-15 22:35:11][DEBUG][send_user_login_payloads] {"count":1,"friends_list":[{"dob":"2005-01-27","fullname":"Chetana Patil","gender":"Female","user_id":1245,"username":"chetanap"}],"message_type":112}
[2025-10-15 22:35:14][DEBUG] Message received from client {"message_type":110,"sender_id":39,"sender":"vaishnavi10","name_of_sender":"Vaishnavi ","receiver_id":34,"receiver":"rutuja","name_of_receiver":"Rutuja Dabhade","request_status":1,"timestamp":"2025-10-15T17:05:13.239Z"}
[2025-10-15 22:35:14][DEBUG][process] in process func: {"message_type":110,"name_of_receiver":"Rutuja Dabhade","name_of_sender":"Vaishnavi ","receiver":"rutuja","receiver_id":34,"request_status":1,"sender":"vaishnavi10","sender_id":39,"timestamp":"2025-10-15T17:05:13.239Z"}
[2025-10-15 22:35:24][DEBUG] Message received from client {"message_type":105,"user_id":39,"username":"vaishnavi10"}
[2025-10-15 22:35:24][DEBUG][process] in process func: {"message_type":105,"user_id":39,"username":"vaishnavi10"}
[2025-10-15 22:35:24][INFO][process_logout_request] User 'vaishnavi10' failed to logged out. Session not found.
[2025-10-15 22:35:24][INFO][process_logout_request] User 'vaishnavi10' logged out successfully
[2025-10-15 22:35:24][DEBUG][process_logout_request] {"message_type":106,"status":0}
[2025-10-15 22:35:25][INFO] Client connected with IP: 127.0.0.1
[2025-10-15 22:35:34][DEBUG] Message received from client {"message_type":101,"username":"rutuja","password":"1234","timestamp":"2025-10-15T17:05:25.791Z"}
[2025-10-15 22:35:34][DEBUG][process] in process func: {"message_type":101,"password":"1234","timestamp":"2025-10-15T17:05:25.791Z","username":"rutuja"}
[2025-10-15 22:35:34][INFO][process_login_request] User 'rutuja' logged in successfully
[2025-10-15 22:35:34][DEBUG][send_user_login_payloads] {"dob":"2004-05-31","email":"rutuja04dabhade@gmail.com","fullname":"Rutuja Dabhade","gender":"Female","message_type":111,"phone":"8668470451","username":"rutuja"}
[2025-10-15 22:35:34][DEBUG][send_user_login_payloads] {"count":0,"message_type":113,"pending_friend_requests_list":[]}
[2025-10-15 22:35:34][DEBUG][send_user_login_payloads] {"count":3,"friends_list":[{"dob":"2001-02-11","fullname":"Achal Bhamare","gender":"Female","user_id":1266,"username":"achalb11"},{"dob":"2005-01-27","fullname":"Chetana Patil","gender":"Female","user_id":1245,"username":"chetanap"},{"dob":"2025-06-03","fullname":"Vaishnavi ","gender":"Female","user_id":39,"username":"vaishnavi10"}],"message_type":112}
[2025-10-15 22:35:38][DEBUG] Message received from client {"message_type":107,"username":"k","requested_by":"rutuja"}
[2025-10-15 22:35:38][DEBUG][process] in process func: {"message_type":107,"requested_by":"rutuja","username":"k"}
[2025-10-15 22:35:38][DEBUG][process_search_user_request] {"count":30,"message_type":108,"users":[{"display_name":"Sakshi","friendship_status":2,"user_id":36,"username":"Sakshi"},{"display_name":"Manasi Deshmukh","friendship_status":2,"user_id":1043,"username":"mdeshmukh402"},{"display_name":"Rohit Salunkhe","friendship_status":2,"user_id":1044,"username":"rsalunkhe058"},{"display_name":"Ashwini Deshmukh","friendship_status":2,"user_id":1049,"username":"adeshmukh629"},{"display_name":"Kanchan More","friendship_status":2,"user_id":1050,"username":"kmore898"},{"display_name":"Saurabh Naik","friendship_status":2,"user_id":1054,"username":"snaik444"},{"display_name":"Sayali Salunkhe","friendship_status":2,"user_id":1056,"username":"ssalunkhe404"},{"display_name":"Bhagyashree Gaikwad","friendship_status":2,"user_id":1057,"username":"bgaikwad533"},{"display_name":"Sayali Kadam","friendship_status":2,"user_id":1058,"username":"skadam067"},{"display_name":"Kajal Kadam","friendship_status":2,"user_id":1059,"username":"kkadam640"},{"display_name":"Smita Kulkarni","friendship_status":2,"user_id":1061,"username":"skulkarni201"},{"display_name":"Sayali Kadam","friendship_status":2,"user_id":1064,"username":"skadam268"},{"display_name":"Prachi Kulkarni","friendship_status":2,"user_id":1069,"username":"pkulkarni824"},{"display_name":"Sayali Kadam","friendship_status":2,"user_id":1071,"username":"skadam783"},{"display_name":"Priyanka Naik","friendship_status":2,"user_id":1072,"username":"pnaik158"},{"display_name":"Mayur Kamble","friendship_status":2,"user_id":1074,"username":"mkamble148"},{"display_name":"Shraddha Phadke","friendship_status":2,"user_id":1083,"username":"sphadke181"},{"display_name":"Siddhesh Kamble","friendship_status":2,"user_id":1084,"username":"skamble173"},{"display_name":"Chinmay Kamble","friendship_status":2,"user_id":1088,"username":"ckamble454"},{"display_name":"Chinmay Lokhande","friendship_status":2,"user_id":1090,"username":"clokhande723"},{"display_name":"Tejas Kulkarni","friendship_status":2,"user_id":1093,"username":"tkulkarni548"},{"display_name":"Kajal Pawar","friendship_status":2,"user_id":1098,"username":"kpawar579"},{"display_name":"Ajinkya Kamble","friendship_status":2,"user_id":1100,"username":"akamble591"},{"display_name":"Omkar Phadke","friendship_status":2,"user_id":1102,"username":"ophadke561"},{"display_name":"Siddhesh Salunkhe","friendship_status":2,"user_id":1103,"username":"ssalunkhe497"},{"display_name":"Saurabh Naik","friendship_status":2,"user_id":1104,"username":"snaik611"},{"display_name":"Aishwarya Lokhande","friendship_status":2,"user_id":1106,"username":"alokhande653"},{"display_name":"Rupali Deshmukh","friendship_status":2,"user_id":1107,"username":"rdeshmukh637"},{"display_name":"Kanchan Naik","friendship_status":2,"user_id":1108,"username":"knaik473"},{"display_name":"Smita Naik","friendship_status":2,"user_id":1111,"username":"snaik103"}]}
[2025-10-15 22:35:38][DEBUG] Message received from client {"message_type":107,"username":"ku","requested_by":"rutuja"}
[2025-10-15 22:35:38][DEBUG][process] in process func: {"message_type":107,"requested_by":"rutuja","username":"ku"}
[2025-10-15 22:35:38][DEBUG][process_search_user_request] {"count":22,"message_type":108,"users":[{"display_name":"Smita Kulkarni","friendship_status":2,"user_id":1061,"username":"skulkarni201"},{"display_name":"Prachi Kulkarni","friendship_status":2,"user_id":1069,"username":"pkulkarni824"},{"display_name":"Tejas Kulkarni","friendship_status":2,"user_id":1093,"username":"tkulkarni548"},{"display_name":"Kunal Kulkarni","friendship_status":2,"user_id":1113,"username":"kkulkarni684"},{"display_name":"Kunal Kadam","friendship_status":2,"user_id":1116,"username":"kkadam323"},{"display_name":"Kunal Patil","friendship_status":2,"user_id":1124,"username":"kpatil158"},{"display_name":"Rupali Kulkarni","friendship_status":2,"user_id":1125,"username":"rkulkarni109"},{"display_name":"Vaishnavi Kulkarni","friendship_status":2,"user_id":1135,"username":"vkulkarni090"},{"display_name":"Smita Kulkarni","friendship_status":2,"user_id":1140,"username":"skulkarni791"},{"display_name":"Saurabh Kulkarni","friendship_status":2,"user_id":1148,"username":"skulkarni636"},{"display_name":"Bhagyashree Kulkarni","friendship_status":2,"user_id":1156,"username":"bkulkarni843"},{"display_name":"Anuja Kulkarni","friendship_status":2,"user_id":1171,"username":"akulkarni430"},{"display_name":"Kunal Kulkarni","friendship_status":2,"user_id":1195,"username":"kkulkarni465"},{"display_name":"Kunal Salunkhe","friendship_status":2,"user_id":1197,"username":"ksalunkhe955"},{"display_name":"Kunal Bhosale","friendship_status":2,"user_id":1198,"username":"kbhosale569"},{"display_name":"Nikhil Kulkarni","friendship_status":2,"user_id":1201,"username":"nkulkarni332"},{"display_name":"Saurabh Kulkarni","friendship_status":2,"user_id":1209,"username":"skulkarni123"},{"display_name":"Meghna Kulkarni","friendship_status":2,"user_id":1224,"username":"mkulkarni134"},{"display_name":"Neha Kulkarni","friendship_status":2,"user_id":1226,"username":"nkulkarni723"},{"display_name":"Aakash Kulkarni","friendship_status":2,"user_id":1227,"username":"akulkarni065"},{"display_name":"Kanchan Kulkarni","friendship_status":2,"user_id":1229,"username":"kkulkarni047"},{"display_name":"Anvi Dabhade","friendship_status":2,"user_id":1247,"username":"kuhu"}]}
[2025-10-15 22:35:38][DEBUG] Message received from client {"message_type":107,"username":"kug","requested_by":"rutuja"}
[2025-10-15 22:35:38][DEBUG][process] in process func: {"message_type":107,"requested_by":"rutuja","username":"kug"}
[2025-10-15 22:35:38][DEBUG][process_search_user_request] {"count":0,"message_type":108,"users":[]}
[2025-10-15 22:35:38][DEBUG] Message received from client {"message_type":107,"username":"kugu","requested_by":"rutuja"}
[2025-10-15 22:35:38][DEBUG][process] in process func: {"message_type":107,"requested_by":"rutuja","username":"kugu"}
[2025-10-15 22:35:38][DEBUG][process_search_user_request] {"count":0,"message_type":108,"users":[]}
[2025-10-15 22:35:39][DEBUG] Message received from client {"message_type":107,"username":"kug","requested_by":"rutuja"}
[2025-10-15 22:35:39][DEBUG][process] in process func: {"message_type":107,"requested_by":"rutuja","username":"kug"}
[2025-10-15 22:35:39][DEBUG][process_search_user_request] {"count":0,"message_type":108,"users":[]}
[2025-10-15 22:35:39][DEBUG] Message received from client {"message_type":107,"username":"ku","requested_by":"rutuja"}
[2025-10-15 22:35:39][DEBUG][process] in process func: {"message_type":107,"requested_by":"rutuja","username":"ku"}
[2025-10-15 22:35:39][DEBUG][process_search_user_request] {"count":22,"message_type":108,"users":[{"display_name":"Smita Kulkarni","friendship_status":2,"user_id":1061,"username":"skulkarni201"},{"display_name":"Prachi Kulkarni","friendship_status":2,"user_id":1069,"username":"pkulkarni824"},{"display_name":"Tejas Kulkarni","friendship_status":2,"user_id":1093,"username":"tkulkarni548"},{"display_name":"Kunal Kulkarni","friendship_status":2,"user_id":1113,"username":"kkulkarni684"},{"display_name":"Kunal Kadam","friendship_status":2,"user_id":1116,"username":"kkadam323"},{"display_name":"Kunal Patil","friendship_status":2,"user_id":1124,"username":"kpatil158"},{"display_name":"Rupali Kulkarni","friendship_status":2,"user_id":1125,"username":"rkulkarni109"},{"display_name":"Vaishnavi Kulkarni","friendship_status":2,"user_id":1135,"username":"vkulkarni090"},{"display_name":"Smita Kulkarni","friendship_status":2,"user_id":1140,"username":"skulkarni791"},{"display_name":"Saurabh Kulkarni","friendship_status":2,"user_id":1148,"username":"skulkarni636"},{"display_name":"Bhagyashree Kulkarni","friendship_status":2,"user_id":1156,"username":"bkulkarni843"},{"display_name":"Anuja Kulkarni","friendship_status":2,"user_id":1171,"username":"akulkarni430"},{"display_name":"Kunal Kulkarni","friendship_status":2,"user_id":1195,"username":"kkulkarni465"},{"display_name":"Kunal Salunkhe","friendship_status":2,"user_id":1197,"username":"ksalunkhe955"},{"display_name":"Kunal Bhosale","friendship_status":2,"user_id":1198,"username":"kbhosale569"},{"display_name":"Nikhil Kulkarni","friendship_status":2,"user_id":1201,"username":"nkulkarni332"},{"display_name":"Saurabh Kulkarni","friendship_status":2,"user_id":1209,"username":"skulkarni123"},{"display_name":"Meghna Kulkarni","friendship_status":2,"user_id":1224,"username":"mkulkarni134"},{"display_name":"Neha Kulkarni","friendship_status":2,"user_id":1226,"username":"nkulkarni723"},{"display_name":"Aakash Kulkarni","friendship_status":2,"user_id":1227,"username":"akulkarni065"},{"display_name":"Kanchan Kulkarni","friendship_status":2,"user_id":1229,"username":"kkulkarni047"},{"display_name":"Anvi Dabhade","friendship_status":2,"user_id":1247,"username":"kuhu"}]}
[2025-10-15 22:35:40][DEBUG] Message received from client {"message_type":107,"username":"kuh","requested_by":"rutuja"}
[2025-10-15 22:35:40][DEBUG][process] in process func: {"message_type":107,"requested_by":"rutuja","username":"kuh"}
[2025-10-15 22:35:40][DEBUG][process_search_user_request] {"count":1,"message_type":108,"users":[{"display_name":"Anvi Dabhade","friendship_status":2,"user_id":1247,"username":"kuhu"}]}
[2025-10-15 22:35:40][DEBUG] Message received from client {"message_type":107,"username":"kuhu","requested_by":"rutuja"}
[2025-10-15 22:35:40][DEBUG][process] in process func: {"message_type":107,"requested_by":"rutuja","username":"kuhu"}
[2025-10-15 22:35:40][DEBUG][process_search_user_request] {"count":1,"message_type":108,"users":[{"display_name":"Anvi Dabhade","friendship_status":2,"user_id":1247,"username":"kuhu"}]}
[2025-10-15 22:35:42][DEBUG] Message received from client {"message_type":109,"sender_id":34,"sender":"rutuja","name_of_sender":"Rutuja Dabhade","receiver_id":1247,"receiver":"kuhu","name_of_receiver":"Anvi Dabhade","timestamp":"2025-10-15T17:05:40.497Z"}
[2025-10-15 22:35:42][DEBUG] Message received from client {"message_type":107,"username":"kuhu","requested_by":"rutuja"}
[2025-10-15 22:35:42][DEBUG][process] in process func: {"message_type":109,"name_of_receiver":"Anvi Dabhade","name_of_sender":"Rutuja Dabhade","receiver":"kuhu","receiver_id":1247,"sender":"rutuja","sender_id":34,"timestamp":"2025-10-15T17:05:40.497Z"}
[2025-10-15 22:35:42][DEBUG][process] in process func: {"message_type":107,"requested_by":"rutuja","username":"kuhu"}
[2025-10-15 22:35:42][DEBUG][process_search_user_request] {"count":1,"message_type":108,"users":[{"display_name":"Anvi Dabhade","friendship_status":1,"user_id":1247,"username":"kuhu"}]}
[2025-10-15 22:37:13][INFO] Client disconnected. Client is going away, Reason: 
[2025-10-15 22:37:14][INFO] Client connected with IP: 127.0.0.1
[2025-10-15 22:37:14][DEBUG] Message received from client {"message_type":117,"user_id":34,"auth_token":"c81e037d3ad7f57c115e88e7c11deaf4"}
[2025-10-15 22:37:14][DEBUG][process] in process func: {"auth_token":"c81e037d3ad7f57c115e88e7c11deaf4","message_type":117,"user_id":34}
[2025-10-15 22:37:14][DEBUG][send_user_login_payloads] {"dob":"2004-05-31","email":"rutuja04dabhade@gmail.com","fullname":"Rutuja Dabhade","gender":"Female","message_type":111,"phone":"8668470451","username":"rutuja"}
[2025-10-15 22:37:14][DEBUG][send_user_login_payloads] {"count":0,"message_type":113,"pending_friend_requests_list":[]}
[2025-10-15 22:37:14][DEBUG][send_user_login_payloads] {"count":3,"friends_list":[{"dob":"2001-02-11","fullname":"Achal Bhamare","gender":"Female","user_id":1266,"username":"achalb11"},{"dob":"2005-01-27","fullname":"Chetana Patil","gender":"Female","user_id":1245,"username":"chetanap"},{"dob":"2025-06-03","fullname":"Vaishnavi ","gender":"Female","user_id":39,"username":"vaishnavi10"}],"message_type":112}
[2025-10-15 22:37:14][INFO][process_reconnect_request] Reconnect successful of user id: 34
[2025-10-15 22:37:18][DEBUG] Message received from client {"message_type":107,"username":"s","requested_by":"rutuja"}
[2025-10-15 22:37:18][DEBUG][process] in process func: {"message_type":107,"requested_by":"rutuja","username":"s"}
[2025-10-15 22:37:18][DEBUG][process_search_user_request] {"count":30,"message_type":108,"users":[{"display_name":"Harsh Dabhade","friendship_status":2,"user_id":35,"username":"Harsh"},{"display_name":"Sakshi","friendship_status":2,"user_id":36,"username":"Sakshi"},{"display_name":"Vaishnavi ","friendship_status":0,"user_id":39,"username":"vaishnavi10"},{"display_name":"Manasi Deshmukh","friendship_status":2,"user_id":1043,"username":"mdeshmukh402"},{"display_name":"Rohit Salunkhe","friendship_status":2,"user_id":1044,"username":"rsalunkhe058"},{"display_name":"Sachin Sawant","friendship_status":2,"user_id":1045,"username":"ssawant081"},{"display_name":"Tejas Joshi","friendship_status":2,"user_id":1048,"username":"tjoshi211"},{"display_name":"Ashwini Deshmukh","friendship_status":2,"user_id":1049,"username":"adeshmukh629"},{"display_name":"Saurabh Naik","friendship_status":2,"user_id":1054,"username":"snaik444"},{"display_name":"Sayali Salunkhe","friendship_status":2,"user_id":1056,"username":"ssalunkhe404"},{"display_name":"Sayali Kadam","friendship_status":2,"user_id":1058,"username":"skadam067"},{"display_name":"Ashwini Bhosale","friendship_status":2,"user_id":1060,"username":"abhosale733"},{"display_name":"Smita Kulkarni","friendship_status":2,"user_id":1061,"username":"skulkarni201"},{"display_name":"Yogesh Bhosale","friendship_status":2,"user_id":1062,"username":"ybhosale217"},{"display_name":"Sayali Kadam","friendship_status":2,"user_id":1064,"username":"skadam268"},{"display_name":"Shraddha Chavan","friendship_status":2,"user_id":1070,"username":"schavan386"},{"display_name":"Sayali Kadam","friendship_status":2,"user_id":1071,"username":"skadam783"},{"display_name":"Swapnil Joshi","friendship_status":2,"user_id":1073,"username":"sjoshi635"},{"display_name":"Siddhesh Shinde","friendship_status":2,"user_id":1075,"username":"sshinde482"},{"display_name":"Sachin Jadhav","friendship_status":2,"user_id":1076,"username":"sjadhav205"},{"display_name":"Yogesh Shinde","friendship_status":2,"user_id":1078,"username":"yshinde478"},{"display_name":"Yogesh Sawant","friendship_status":2,"user_id":1079,"username":"ysawant168"},{"display_name":"Amey Sawant","friendship_status":2,"user_id":1080,"username":"asawant856"},{"display_name":"Smita Pawar","friendship_status":2,"user_id":1082,"username":"spawar242"},{"display_name":"Shraddha Phadke","friendship_status":2,"user_id":1083,"username":"sphadke181"},{"display_name":"Siddhesh Kamble","friendship_status":2,"user_id":1084,"username":"skamble173"},{"display_name":"Tejas Shinde","friendship_status":2,"user_id":1086,"username":"tshinde522"},{"display_name":"Ajinkya Shinde","friendship_status":2,"user_id":1091,"username":"ashinde112"},{"display_name":"Priyanka Sawant","friendship_status":2,"user_id":1095,"username":"psawant507"},{"display_name":"Ajinkya Bhosale","friendship_status":2,"user_id":1101,"username":"abhosale823"}]}
[2025-10-15 22:37:18][DEBUG] Message received from client {"message_type":107,"username":"sa","requested_by":"rutuja"}
[2025-10-15 22:37:18][DEBUG][process] in process func: {"message_type":107,"requested_by":"rutuja","username":"sa"}
[2025-10-15 22:37:18][DEBUG][process_search_user_request] {"count":30,"message_type":108,"users":[{"display_name":"Sakshi","friendship_status":2,"user_id":36,"username":"Sakshi"},{"display_name":"Rohit Salunkhe","friendship_status":2,"user_id":1044,"username":"rsalunkhe058"},{"display_name":"Sachin Sawant","friendship_status":2,"user_id":1045,"username":"ssawant081"},{"display_name":"Saurabh Naik","friendship_status":2,"user_id":1054,"username":"snaik444"},{"display_name":"Sayali Salunkhe","friendship_status":2,"user_id":1056,"username":"ssalunkhe404"},{"display_name":"Sayali Kadam","friendship_status":2,"user_id":1058,"username":"skadam067"},{"display_name":"Ashwini Bhosale","friendship_status":2,"user_id":1060,"username":"abhosale733"},{"display_name":"Yogesh Bhosale","friendship_status":2,"user_id":1062,"username":"ybhosale217"},{"display_name":"Sayali Kadam","friendship_status":2,"user_id":1064,"username":"skadam268"},{"display_name":"Sayali Kadam","friendship_status":2,"user_id":1071,"username":"skadam783"},{"display_name":"Sachin Jadhav","friendship_status":2,"user_id":1076,"username":"sjadhav205"},{"display_name":"Yogesh Sawant","friendship_status":2,"user_id":1079,"username":"ysawant168"},{"display_name":"Amey Sawant","friendship_status":2,"user_id":1080,"username":"asawant856"},{"display_name":"Priyanka Sawant","friendship_status":2,"user_id":1095,"username":"psawant507"},{"display_name":"Ajinkya Bhosale","friendship_status":2,"user_id":1101,"username":"abhosale823"},{"display_name":"Siddhesh Salunkhe","friendship_status":2,"user_id":1103,"username":"ssalunkhe497"},{"display_name":"Saurabh Naik","friendship_status":2,"user_id":1104,"username":"snaik611"},{"display_name":"Smita Bhosale","friendship_status":2,"user_id":1109,"username":"sbhosale271"},{"display_name":"Saurabh Lokhande","friendship_status":2,"user_id":1118,"username":"slokhande328"},{"display_name":"Aishwarya Sawant","friendship_status":2,"user_id":1121,"username":"asawant920"},{"display_name":"Mayur Sawant","friendship_status":2,"user_id":1126,"username":"msawant802"},{"display_name":"Meghna Sawant","friendship_status":2,"user_id":1133,"username":"msawant160"},{"display_name":"Anuja Sawant","friendship_status":2,"user_id":1134,"username":"asawant735"},{"display_name":"Saurabh Kulkarni","friendship_status":2,"user_id":1148,"username":"skulkarni636"},{"display_name":"Saurabh More","friendship_status":2,"user_id":1149,"username":"smore102"},{"display_name":"Kajal Sawant","friendship_status":2,"user_id":1153,"username":"ksawant356"},{"display_name":"Saurabh Naik","friendship_status":2,"user_id":1161,"username":"snaik779"},{"display_name":"Sachin Bhosale","friendship_status":2,"user_id":1166,"username":"sbhosale558"},{"display_name":"Mayur Salunkhe","friendship_status":2,"user_id":1170,"username":"msalunkhe601"},{"display_name":"Pratik Sawant","friendship_status":2,"user_id":1172,"username":"psawant248"}]}
[2025-10-15 22:37:18][DEBUG] Message received from client {"message_type":107,"username":"sak","requested_by":"rutuja"}
[2025-10-15 22:37:18][DEBUG][process] in process func: {"message_type":107,"requested_by":"rutuja","username":"sak"}
[2025-10-15 22:37:18][DEBUG][process_search_user_request] {"count":3,"message_type":108,"users":[{"display_name":"Sakshi","friendship_status":2,"user_id":36,"username":"Sakshi"},{"display_name":"sakshi chavan","friendship_status":2,"user_id":1251,"username":"saucy_sakshi"},{"display_name":"sakk","friendship_status":2,"user_id":1252,"username":"whatever"}]}
[2025-10-15 22:37:18][DEBUG] Message received from client {"message_type":107,"username":"saks","requested_by":"rutuja"}
[2025-10-15 22:37:18][DEBUG][process] in process func: {"message_type":107,"requested_by":"rutuja","username":"saks"}
[2025-10-15 22:37:18][DEBUG][process_search_user_request] {"count":2,"message_type":108,"users":[{"display_name":"Sakshi","friendship_status":2,"user_id":36,"username":"Sakshi"},{"display_name":"sakshi chavan","friendship_status":2,"user_id":1251,"username":"saucy_sakshi"}]}
[2025-10-15 22:37:20][DEBUG] Message received from client {"message_type":109,"sender_id":34,"sender":"rutuja","name_of_sender":"Rutuja Dabhade","receiver_id":36,"receiver":"Sakshi","name_of_receiver":"Sakshi","timestamp":"2025-10-15T17:07:18.628Z"}
[2025-10-15 22:37:20][DEBUG] Message received from client {"message_type":107,"username":"saks","requested_by":"rutuja"}
[2025-10-15 22:37:20][DEBUG][process] in process func: {"message_type":109,"name_of_receiver":"Sakshi","name_of_sender":"Rutuja Dabhade","receiver":"Sakshi","receiver_id":36,"sender":"rutuja","sender_id":34,"timestamp":"2025-10-15T17:07:18.628Z"}
[2025-10-15 22:37:20][DEBUG][process] in process func: {"message_type":107,"requested_by":"rutuja","username":"saks"}
[2025-10-15 22:37:20][DEBUG][process_search_user_request] {"count":2,"message_type":108,"users":[{"display_name":"Sakshi","friendship_status":1,"user_id":36,"username":"Sakshi"},{"display_name":"sakshi chavan","friendship_status":2,"user_id":1251,"username":"saucy_sakshi"}]}
[2025-10-15 22:37:40][DEBUG] Message received from client {"message_type":119,"user_id":34,"fullname":"Rutuja Vijay Dabhade","username":"rutuja","dob":"2004-05-31","gender":"Female","email":"rutuja04dabhade@gmail.com","phone":"8668470451"}
[2025-10-15 22:37:40][DEBUG][process] in process func: {"dob":"2004-05-31","email":"rutuja04dabhade@gmail.com","fullname":"Rutuja Vijay Dabhade","gender":"Female","message_type":119,"phone":"8668470451","user_id":34,"username":"rutuja"}
[2025-10-15 22:37:40][DEBUG][process_update_profile_request] {"dob":"2004-05-31","email":"rutuja04dabhade@gmail.com","fullname":"Rutuja Vijay Dabhade","gender":"Female","message_type":111,"phone":"8668470451","username":"rutuja"}
[2025-10-15 22:37:40][INFO][process_update_profile_request] Update profile of user 'rutuja' is successful
[2025-10-15 22:38:41][INFO] Client disconnected. No status received (no close frame), Reason: 
[2025-10-15 22:39:04][INFO] Client connected with IP: 127.0.0.1
[2025-10-15 22:39:04][DEBUG] Message received from client {"message_type":117,"user_id":34,"auth_token":"c81e037d3ad7f57c115e88e7c11deaf4"}
[2025-10-15 22:39:04][DEBUG][process] in process func: {"auth_token":"c81e037d3ad7f57c115e88e7c11deaf4","message_type":117,"user_id":34}
[2025-10-15 22:39:04][DEBUG][send_user_login_payloads] {"dob":"2004-05-31","email":"rutuja04dabhade@gmail.com","fullname":"Rutuja Vijay Dabhade","gender":"Female","message_type":111,"phone":"8668470451","username":"rutuja"}
[2025-10-15 22:39:04][DEBUG][send_user_login_payloads] {"count":0,"message_type":113,"pending_friend_requests_list":[]}
[2025-10-15 22:39:04][DEBUG][send_user_login_payloads] {"count":3,"friends_list":[{"dob":"2001-02-11","fullname":"Achal Bhamare","gender":"Female","user_id":1266,"username":"achalb11"},{"dob":"2005-01-27","fullname":"Chetana Patil","gender":"Female","user_id":1245,"username":"chetanap"},{"dob":"2025-06-03","fullname":"Vaishnavi ","gender":"Female","user_id":39,"username":"vaishnavi10"}],"message_type":112}
[2025-10-15 22:39:04][INFO][process_reconnect_request] Reconnect successful of user id: 34
[2025-10-15 22:39:07][INFO] Client disconnected. Client is going away, Reason: 
[2025-10-15 22:39:08][INFO] Client connected with IP: 127.0.0.1
[2025-10-15 22:39:08][DEBUG] Message received from client {"message_type":117,"user_id":34,"auth_token":"c81e037d3ad7f57c115e88e7c11deaf4"}
[2025-10-15 22:39:08][DEBUG][process] in process func: {"auth_token":"c81e037d3ad7f57c115e88e7c11deaf4","message_type":117,"user_id":34}
[2025-10-15 22:39:08][DEBUG][send_user_login_payloads] {"dob":"2004-05-31","email":"rutuja04dabhade@gmail.com","fullname":"Rutuja Vijay Dabhade","gender":"Female","message_type":111,"phone":"8668470451","username":"rutuja"}
[2025-10-15 22:39:08][DEBUG][send_user_login_payloads] {"count":0,"message_type":113,"pending_friend_requests_list":[]}
[2025-10-15 22:39:08][DEBUG][send_user_login_payloads] {"count":3,"friends_list":[{"dob":"2001-02-11","fullname":"Achal Bhamare","gender":"Female","user_id":1266,"username":"achalb11"},{"dob":"2005-01-27","fullname":"Chetana Patil","gender":"Female","user_id":1245,"username":"chetanap"},{"dob":"2025-06-03","fullname":"Vaishnavi ","gender":"Female","user_id":39,"username":"vaishnavi10"}],"message_type":112}
[2025-10-15 22:39:08][INFO][process_reconnect_request] Reconnect successful of user id: 34
[2025-10-15 22:39:17][DEBUG] Message received from client {"message_type":119,"user_id":34,"fullname":"Rutuja Dabhade","username":"rutuja","dob":"2004-05-31","gender":"Female","email":"rutuja04dabhade@gmail.com","phone":"8668470451"}
[2025-10-15 22:39:17][DEBUG][process] in process func: {"dob":"2004-05-31","email":"rutuja04dabhade@gmail.com","fullname":"Rutuja Dabhade","gender":"Female","message_type":119,"phone":"8668470451","user_id":34,"username":"rutuja"}
[2025-10-15 22:39:17][DEBUG][process_update_profile_request] {"dob":"2004-05-31","email":"rutuja04dabhade@gmail.com","fullname":"Rutuja Dabhade","gender":"Female","message_type":111,"phone":"8668470451","username":"rutuja"}
[2025-10-15 22:39:17][INFO][process_update_profile_request] Update profile of user 'rutuja' is successful
[2025-10-15 22:39:34][DEBUG] Message received from client {"message_type":119,"user_id":34,"fullname":"Rutuja Vijay Dabhade","username":"rutuja","dob":"2004-05-31","gender":"Female","email":"rutuja04dabhade@gmail.com","phone":"8668470451"}
[2025-10-15 22:39:34][DEBUG][process] in process func: {"dob":"2004-05-31","email":"rutuja04dabhade@gmail.com","fullname":"Rutuja Vijay Dabhade","gender":"Female","message_type":119,"phone":"8668470451","user_id":34,"username":"rutuja"}
[2025-10-15 22:39:34][DEBUG][process_update_profile_request] {"dob":"2004-05-31","email":"rutuja04dabhade@gmail.com","fullname":"Rutuja Vijay Dabhade","gender":"Female","message_type":111,"phone":"8668470451","username":"rutuja"}
[2025-10-15 22:39:34][INFO][process_update_profile_request] Update profile of user 'rutuja' is successful
[2025-10-15 22:41:31][INFO] Client disconnected. No status received (no close frame), Reason: 
[2025-10-15 22:41:31][INFO] Client connected with IP: 127.0.0.1
[2025-10-15 22:41:31][DEBUG] Message received from client {"message_type":117,"user_id":34,"auth_token":"c81e037d3ad7f57c115e88e7c11deaf4"}
[2025-10-15 22:41:31][DEBUG][process] in process func: {"auth_token":"c81e037d3ad7f57c115e88e7c11deaf4","message_type":117,"user_id":34}
[2025-10-15 22:41:31][DEBUG][send_user_login_payloads] {"dob":"2004-05-31","email":"rutuja04dabhade@gmail.com","fullname":"Rutuja Vijay Dabhade","gender":"Female","message_type":111,"phone":"8668470451","username":"rutuja"}
[2025-10-15 22:41:31][DEBUG][send_user_login_payloads] {"count":0,"message_type":113,"pending_friend_requests_list":[]}
[2025-10-15 22:41:31][DEBUG][send_user_login_payloads] {"count":3,"friends_list":[{"dob":"2001-02-11","fullname":"Achal Bhamare","gender":"Female","user_id":1266,"username":"achalb11"},{"dob":"2005-01-27","fullname":"Chetana Patil","gender":"Female","user_id":1245,"username":"chetanap"},{"dob":"2025-06-03","fullname":"Vaishnavi ","gender":"Female","user_id":39,"username":"vaishnavi10"}],"message_type":112}
[2025-10-15 22:41:31][INFO][process_reconnect_request] Reconnect successful of user id: 34
[2025-10-15 22:41:37][INFO] Client disconnected. No status received (no close frame), Reason: 
[2025-10-15 22:41:37][INFO] Client connected with IP: 127.0.0.1
[2025-10-15 22:41:37][DEBUG] Message received from client {"message_type":117,"user_id":34,"auth_token":"c81e037d3ad7f57c115e88e7c11deaf4"}
[2025-10-15 22:41:37][DEBUG][process] in process func: {"auth_token":"c81e037d3ad7f57c115e88e7c11deaf4","message_type":117,"user_id":34}
[2025-10-15 22:41:37][DEBUG][send_user_login_payloads] {"dob":"2004-05-31","email":"rutuja04dabhade@gmail.com","fullname":"Rutuja Vijay Dabhade","gender":"Female","message_type":111,"phone":"8668470451","username":"rutuja"}
[2025-10-15 22:41:37][DEBUG][send_user_login_payloads] {"count":0,"message_type":113,"pending_friend_requests_list":[]}
[2025-10-15 22:41:37][DEBUG][send_user_login_payloads] {"count":3,"friends_list":[{"dob":"2001-02-11","fullname":"Achal Bhamare","gender":"Female","user_id":1266,"username":"achalb11"},{"dob":"2005-01-27","fullname":"Chetana Patil","gender":"Female","user_id":1245,"username":"chetanap"},{"dob":"2025-06-03","fullname":"Vaishnavi ","gender":"Female","user_id":39,"username":"vaishnavi10"}],"message_type":112}
[2025-10-15 22:41:37][INFO][process_reconnect_request] Reconnect successful of user id: 34
[2025-10-15 22:41:38][INFO] Client disconnected. No status received (no close frame), Reason: 
[2025-10-15 22:41:38][INFO] Client connected with IP: 127.0.0.1
[2025-10-15 22:41:38][DEBUG] Message received from client {"message_type":117,"user_id":34,"auth_token":"c81e037d3ad7f57c115e88e7c11deaf4"}
[2025-10-15 22:41:38][DEBUG][process] in process func: {"auth_token":"c81e037d3ad7f57c115e88e7c11deaf4","message_type":117,"user_id":34}
[2025-10-15 22:41:38][DEBUG][send_user_login_payloads] {"dob":"2004-05-31","email":"rutuja04dabhade@gmail.com","fullname":"Rutuja Vijay Dabhade","gender":"Female","message_type":111,"phone":"8668470451","username":"rutuja"}
[2025-10-15 22:41:38][DEBUG][send_user_login_payloads] {"count":0,"message_type":113,"pending_friend_requests_list":[]}
[2025-10-15 22:41:38][DEBUG][send_user_login_payloads] {"count":3,"friends_list":[{"dob":"2001-02-11","fullname":"Achal Bhamare","gender":"Female","user_id":1266,"username":"achalb11"},{"dob":"2005-01-27","fullname":"Chetana Patil","gender":"Female","user_id":1245,"username":"chetanap"},{"dob":"2025-06-03","fullname":"Vaishnavi ","gender":"Female","user_id":39,"username":"vaishnavi10"}],"message_type":112}
[2025-10-15 22:41:38][INFO][process_reconnect_request] Reconnect successful of user id: 34
[2025-10-15 22:41:47][INFO] Client disconnected. No status received (no close frame), Reason: 
[2025-10-15 22:41:47][INFO] Client connected with IP: 127.0.0.1
[2025-10-15 22:41:47][DEBUG] Message received from client {"message_type":117,"user_id":34,"auth_token":"c81e037d3ad7f57c115e88e7c11deaf4"}
[2025-10-15 22:41:47][DEBUG][process] in process func: {"auth_token":"c81e037d3ad7f57c115e88e7c11deaf4","message_type":117,"user_id":34}
[2025-10-15 22:41:47][DEBUG][send_user_login_payloads] {"dob":"2004-05-31","email":"rutuja04dabhade@gmail.com","fullname":"Rutuja Vijay Dabhade","gender":"Female","message_type":111,"phone":"8668470451","username":"rutuja"}
[2025-10-15 22:41:47][DEBUG][send_user_login_payloads] {"count":0,"message_type":113,"pending_friend_requests_list":[]}
[2025-10-15 22:41:47][DEBUG][send_user_login_payloads] {"count":3,"friends_list":[{"dob":"2001-02-11","fullname":"Achal Bhamare","gender":"Female","user_id":1266,"username":"achalb11"},{"dob":"2005-01-27","fullname":"Chetana Patil","gender":"Female","user_id":1245,"username":"chetanap"},{"dob":"2025-06-03","fullname":"Vaishnavi ","gender":"Female","user_id":39,"username":"vaishnavi10"}],"message_type":112}
[2025-10-15 22:41:47][INFO][process_reconnect_request] Reconnect successful of user id: 34
[2025-10-15 22:41:51][INFO] Client disconnected. No status received (no close frame), Reason: 
[2025-10-15 22:41:51][INFO] Client connected with IP: 127.0.0.1
[2025-10-15 22:41:51][DEBUG] Message received from client {"message_type":117,"user_id":34,"auth_token":"c81e037d3ad7f57c115e88e7c11deaf4"}
[2025-10-15 22:41:51][DEBUG][process] in process func: {"auth_token":"c81e037d3ad7f57c115e88e7c11deaf4","message_type":117,"user_id":34}
[2025-10-15 22:41:51][DEBUG][send_user_login_payloads] {"dob":"2004-05-31","email":"rutuja04dabhade@gmail.com","fullname":"Rutuja Vijay Dabhade","gender":"Female","message_type":111,"phone":"8668470451","username":"rutuja"}
[2025-10-15 22:41:51][DEBUG][send_user_login_payloads] {"count":0,"message_type":113,"pending_friend_requests_list":[]}
[2025-10-15 22:41:51][DEBUG][send_user_login_payloads] {"count":3,"friends_list":[{"dob":"2001-02-11","fullname":"Achal Bhamare","gender":"Female","user_id":1266,"username":"achalb11"},{"dob":"2005-01-27","fullname":"Chetana Patil","gender":"Female","user_id":1245,"username":"chetanap"},{"dob":"2025-06-03","fullname":"Vaishnavi ","gender":"Female","user_id":39,"username":"vaishnavi10"}],"message_type":112}
[2025-10-15 22:41:51][INFO][process_reconnect_request] Reconnect successful of user id: 34
[2025-10-15 22:42:04][INFO] Client disconnected. No status received (no close frame), Reason: 
[2025-10-15 22:42:04][INFO] Client connected with IP: 127.0.0.1
[2025-10-15 22:42:04][DEBUG] Message received from client {"message_type":117,"user_id":34,"auth_token":"c81e037d3ad7f57c115e88e7c11deaf4"}
[2025-10-15 22:42:04][DEBUG][process] in process func: {"auth_token":"c81e037d3ad7f57c115e88e7c11deaf4","message_type":117,"user_id":34}
[2025-10-15 22:42:04][DEBUG][send_user_login_payloads] {"dob":"2004-05-31","email":"rutuja04dabhade@gmail.com","fullname":"Rutuja Vijay Dabhade","gender":"Female","message_type":111,"phone":"8668470451","username":"rutuja"}
[2025-10-15 22:42:04][DEBUG][send_user_login_payloads] {"count":0,"message_type":113,"pending_friend_requests_list":[]}
[2025-10-15 22:42:04][DEBUG][send_user_login_payloads] {"count":3,"friends_list":[{"dob":"2001-02-11","fullname":"Achal Bhamare","gender":"Female","user_id":1266,"username":"achalb11"},{"dob":"2005-01-27","fullname":"Chetana Patil","gender":"Female","user_id":1245,"username":"chetanap"},{"dob":"2025-06-03","fullname":"Vaishnavi ","gender":"Female","user_id":39,"username":"vaishnavi10"}],"message_type":112}
[2025-10-15 22:42:04][INFO][process_reconnect_request] Reconnect successful of user id: 34
[2025-10-15 22:42:05][INFO] Client disconnected. No status received (no close frame), Reason: 
[2025-10-15 22:42:05][INFO] Client connected with IP: 127.0.0.1
[2025-10-15 22:42:05][DEBUG] Message received from client {"message_type":117,"user_id":34,"auth_token":"c81e037d3ad7f57c115e88e7c11deaf4"}
[2025-10-15 22:42:05][DEBUG][process] in process func: {"auth_token":"c81e037d3ad7f57c115e88e7c11deaf4","message_type":117,"user_id":34}
[2025-10-15 22:42:05][DEBUG][send_user_login_payloads] {"dob":"2004-05-31","email":"rutuja04dabhade@gmail.com","fullname":"Rutuja Vijay Dabhade","gender":"Female","message_type":111,"phone":"8668470451","username":"rutuja"}
[2025-10-15 22:42:05][DEBUG][send_user_login_payloads] {"count":0,"message_type":113,"pending_friend_requests_list":[]}
[2025-10-15 22:42:05][DEBUG][send_user_login_payloads] {"count":3,"friends_list":[{"dob":"2001-02-11","fullname":"Achal Bhamare","gender":"Female","user_id":1266,"username":"achalb11"},{"dob":"2005-01-27","fullname":"Chetana Patil","gender":"Female","user_id":1245,"username":"chetanap"},{"dob":"2025-06-03","fullname":"Vaishnavi ","gender":"Female","user_id":39,"username":"vaishnavi10"}],"message_type":112}
[2025-10-15 22:42:05][INFO][process_reconnect_request] Reconnect successful of user id: 34
[2025-10-15 22:42:09][INFO] Client disconnected. No status received (no close frame), Reason: 
[2025-10-15 22:42:09][INFO] Client connected with IP: 127.0.0.1
[2025-10-15 22:42:09][DEBUG] Message received from client {"message_type":117,"user_id":34,"auth_token":"c81e037d3ad7f57c115e88e7c11deaf4"}
[2025-10-15 22:42:09][DEBUG][process] in process func: {"auth_token":"c81e037d3ad7f57c115e88e7c11deaf4","message_type":117,"user_id":34}
[2025-10-15 22:42:09][DEBUG][send_user_login_payloads] {"dob":"2004-05-31","email":"rutuja04dabhade@gmail.com","fullname":"Rutuja Vijay Dabhade","gender":"Female","message_type":111,"phone":"8668470451","username":"rutuja"}
[2025-10-15 22:42:09][DEBUG][send_user_login_payloads] {"count":0,"message_type":113,"pending_friend_requests_list":[]}
[2025-10-15 22:42:09][DEBUG][send_user_login_payloads] {"count":3,"friends_list":[{"dob":"2001-02-11","fullname":"Achal Bhamare","gender":"Female","user_id":1266,"username":"achalb11"},{"dob":"2005-01-27","fullname":"Chetana Patil","gender":"Female","user_id":1245,"username":"chetanap"},{"dob":"2025-06-03","fullname":"Vaishnavi ","gender":"Female","user_id":39,"username":"vaishnavi10"}],"message_type":112}
[2025-10-15 22:42:09][INFO][process_reconnect_request] Reconnect successful of user id: 34
[2025-10-15 22:42:14][INFO] Client disconnected. No status received (no close frame), Reason: 
[2025-10-15 22:42:14][INFO] Client connected with IP: 127.0.0.1
[2025-10-15 22:42:14][DEBUG] Message received from client {"message_type":117,"user_id":34,"auth_token":"c81e037d3ad7f57c115e88e7c11deaf4"}
[2025-10-15 22:42:14][DEBUG][process] in process func: {"auth_token":"c81e037d3ad7f57c115e88e7c11deaf4","message_type":117,"user_id":34}
[2025-10-15 22:42:14][DEBUG][send_user_login_payloads] {"dob":"2004-05-31","email":"rutuja04dabhade@gmail.com","fullname":"Rutuja Vijay Dabhade","gender":"Female","message_type":111,"phone":"8668470451","username":"rutuja"}
[2025-10-15 22:42:14][DEBUG][send_user_login_payloads] {"count":0,"message_type":113,"pending_friend_requests_list":[]}
[2025-10-15 22:42:14][DEBUG][send_user_login_payloads] {"count":3,"friends_list":[{"dob":"2001-02-11","fullname":"Achal Bhamare","gender":"Female","user_id":1266,"username":"achalb11"},{"dob":"2005-01-27","fullname":"Chetana Patil","gender":"Female","user_id":1245,"username":"chetanap"},{"dob":"2025-06-03","fullname":"Vaishnavi ","gender":"Female","user_id":39,"username":"vaishnavi10"}],"message_type":112}
[2025-10-15 22:42:14][INFO][process_reconnect_request] Reconnect successful of user id: 34
[2025-10-15 22:42:19][INFO] Client disconnected. No status received (no close frame), Reason: 
[2025-10-15 22:42:19][INFO] Client connected with IP: 127.0.0.1
[2025-10-15 22:42:19][DEBUG] Message received from client {"message_type":117,"user_id":34,"auth_token":"c81e037d3ad7f57c115e88e7c11deaf4"}
[2025-10-15 22:42:19][DEBUG][process] in process func: {"auth_token":"c81e037d3ad7f57c115e88e7c11deaf4","message_type":117,"user_id":34}
[2025-10-15 22:42:19][DEBUG][send_user_login_payloads] {"dob":"2004-05-31","email":"rutuja04dabhade@gmail.com","fullname":"Rutuja Vijay Dabhade","gender":"Female","message_type":111,"phone":"8668470451","username":"rutuja"}
[2025-10-15 22:42:19][DEBUG][send_user_login_payloads] {"count":0,"message_type":113,"pending_friend_requests_list":[]}
[2025-10-15 22:42:19][DEBUG][send_user_login_payloads] {"count":3,"friends_list":[{"dob":"2001-02-11","fullname":"Achal Bhamare","gender":"Female","user_id":1266,"username":"achalb11"},{"dob":"2005-01-27","fullname":"Chetana Patil","gender":"Female","user_id":1245,"username":"chetanap"},{"dob":"2025-06-03","fullname":"Vaishnavi ","gender":"Female","user_id":39,"username":"vaishnavi10"}],"message_type":112}
[2025-10-15 22:42:19][INFO][process_reconnect_request] Reconnect successful of user id: 34
[2025-10-15 22:42:25][INFO] Client disconnected. No status received (no close frame), Reason: 
[2025-10-15 22:42:25][INFO] Client connected with IP: 127.0.0.1
[2025-10-15 22:42:25][DEBUG] Message received from client {"message_type":117,"user_id":34,"auth_token":"c81e037d3ad7f57c115e88e7c11deaf4"}
[2025-10-15 22:42:25][DEBUG][process] in process func: {"auth_token":"c81e037d3ad7f57c115e88e7c11deaf4","message_type":117,"user_id":34}
[2025-10-15 22:42:25][DEBUG][send_user_login_payloads] {"dob":"2004-05-31","email":"rutuja04dabhade@gmail.com","fullname":"Rutuja Vijay Dabhade","gender":"Female","message_type":111,"phone":"8668470451","username":"rutuja"}
[2025-10-15 22:42:25][DEBUG][send_user_login_payloads] {"count":0,"message_type":113,"pending_friend_requests_list":[]}
[2025-10-15 22:42:25][DEBUG][send_user_login_payloads] {"count":3,"friends_list":[{"dob":"2001-02-11","fullname":"Achal Bhamare","gender":"Female","user_id":1266,"username":"achalb11"},{"dob":"2005-01-27","fullname":"Chetana Patil","gender":"Female","user_id":1245,"username":"chetanap"},{"dob":"2025-06-03","fullname":"Vaishnavi ","gender":"Female","user_id":39,"username":"vaishnavi10"}],"message_type":112}
[2025-10-15 22:42:25][INFO][process_reconnect_request] Reconnect successful of user id: 34
[2025-10-15 22:42:29][INFO] Client disconnected. Client is going away, Reason: 
[2025-10-15 22:42:29][INFO] Client connected with IP: 127.0.0.1
[2025-10-15 22:42:29][DEBUG] Message received from client {"message_type":117,"user_id":34,"auth_token":"c81e037d3ad7f57c115e88e7c11deaf4"}
[2025-10-15 22:42:29][DEBUG][process] in process func: {"auth_token":"c81e037d3ad7f57c115e88e7c11deaf4","message_type":117,"user_id":34}
[2025-10-15 22:42:29][DEBUG][send_user_login_payloads] {"dob":"2004-05-31","email":"rutuja04dabhade@gmail.com","fullname":"Rutuja Vijay Dabhade","gender":"Female","message_type":111,"phone":"8668470451","username":"rutuja"}
[2025-10-15 22:42:29][DEBUG][send_user_login_payloads] {"count":0,"message_type":113,"pending_friend_requests_list":[]}
[2025-10-15 22:42:29][DEBUG][send_user_login_payloads] {"count":3,"friends_list":[{"dob":"2001-02-11","fullname":"Achal Bhamare","gender":"Female","user_id":1266,"username":"achalb11"},{"dob":"2005-01-27","fullname":"Chetana Patil","gender":"Female","user_id":1245,"username":"chetanap"},{"dob":"2025-06-03","fullname":"Vaishnavi ","gender":"Female","user_id":39,"username":"vaishnavi10"}],"message_type":112}
[2025-10-15 22:42:29][INFO][process_reconnect_request] Reconnect successful of user id: 34
[2025-10-15 22:43:00][DEBUG] Message received from client {"message_type":119,"user_id":34,"fullname":"Rutuja Vijay Dabhade","username":"rutuja","dob":"2004-05-31","gender":"Female","email":"rutuja04dabhade@gmail.com","phone":"8668470451"}
[2025-10-15 22:43:00][DEBUG][process] in process func: {"dob":"2004-05-31","email":"rutuja04dabhade@gmail.com","fullname":"Rutuja Vijay Dabhade","gender":"Female","message_type":119,"phone":"8668470451","user_id":34,"username":"rutuja"}
[2025-10-15 22:43:00][DEBUG][process_update_profile_request] {"dob":"2004-05-31","email":"rutuja04dabhade@gmail.com","fullname":"Rutuja Vijay Dabhade","gender":"Female","message_type":111,"phone":"8668470451","username":"rutuja"}
[2025-10-15 22:43:00][INFO][process_update_profile_request] Update profile of user 'rutuja' is successful
[2025-10-15 22:43:26][DEBUG] Message received from client {"message_type":119,"user_id":34,"fullname":"Rutuja Vijay Dabhade","username":"rutuja","dob":"2004-05-31","gender":"Female","email":"rutuja04dabhade@gmail.com","phone":"8668470451"}
[2025-10-15 22:43:26][DEBUG][process] in process func: {"dob":"2004-05-31","email":"rutuja04dabhade@gmail.com","fullname":"Rutuja Vijay Dabhade","gender":"Female","message_type":119,"phone":"8668470451","user_id":34,"username":"rutuja"}
[2025-10-15 22:43:26][DEBUG][process_update_profile_request] {"dob":"2004-05-31","email":"rutuja04dabhade@gmail.com","fullname":"Rutuja Vijay Dabhade","gender":"Female","message_type":111,"phone":"8668470451","username":"rutuja"}
[2025-10-15 22:43:26][INFO][process_update_profile_request] Update profile of user 'rutuja' is successful
[2025-10-15 22:43:31][DEBUG] Message received from client {"message_type":119,"user_id":34,"fullname":"Rutuja Vijay Dabhad","username":"rutuja","dob":"2004-05-31","gender":"Female","email":"rutuja04dabhade@gmail.com","phone":"8668470451"}
[2025-10-15 22:43:31][DEBUG][process] in process func: {"dob":"2004-05-31","email":"rutuja04dabhade@gmail.com","fullname":"Rutuja Vijay Dabhad","gender":"Female","message_type":119,"phone":"8668470451","user_id":34,"username":"rutuja"}
[2025-10-15 22:43:31][DEBUG][process_update_profile_request] {"dob":"2004-05-31","email":"rutuja04dabhade@gmail.com","fullname":"Rutuja Vijay Dabhad","gender":"Female","message_type":111,"phone":"8668470451","username":"rutuja"}
[2025-10-15 22:43:31][INFO][process_update_profile_request] Update profile of user 'rutuja' is successful
[2025-10-15 22:43:38][DEBUG] Message received from client {"message_type":119,"user_id":34,"fullname":"Rutuja Vijay Dabhade","username":"rutuja","dob":"2004-05-31","gender":"Female","email":"rutuja04dabhade@gmail.com","phone":"8668470451"}
[2025-10-15 22:43:38][DEBUG][process] in process func: {"dob":"2004-05-31","email":"rutuja04dabhade@gmail.com","fullname":"Rutuja Vijay Dabhade","gender":"Female","message_type":119,"phone":"8668470451","user_id":34,"username":"rutuja"}
[2025-10-15 22:43:38][DEBUG][process_update_profile_request] {"dob":"2004-05-31","email":"rutuja04dabhade@gmail.com","fullname":"Rutuja Vijay Dabhade","gender":"Female","message_type":111,"phone":"8668470451","username":"rutuja"}
[2025-10-15 22:43:38][INFO][process_update_profile_request] Update profile of user 'rutuja' is successful
[2025-10-15 23:00:34][INFO] Client connected with IP: 127.0.0.1
[2025-10-15 23:00:42][DEBUG] Message received from client {"message_type":101,"username":"vaibz","password":"12345","timestamp":"2025-10-15T17:30:35.992Z"}
[2025-10-15 23:00:42][DEBUG][process] in process func: {"message_type":101,"password":"12345","timestamp":"2025-10-15T17:30:35.992Z","username":"vaibz"}
[2025-10-15 23:00:42][INFO][process_login_request] User 'vaibz' logged in successfully
[2025-10-15 23:00:42][DEBUG][send_user_login_payloads] {"dob":"2002-03-20","email":"vaibhav@google.com","fullname":"Vaibhav Gaikwad","gender":"Male","message_type":111,"phone":"7887401312","username":"vaibz"}
[2025-10-15 23:00:42][DEBUG][send_user_login_payloads] {"count":0,"message_type":113,"pending_friend_requests_list":[]}
[2025-10-15 23:00:42][DEBUG][send_user_login_payloads] {"count":0,"friends_list":[],"message_type":112}
[2025-10-15 23:01:38][DEBUG] Message received from client {"message_type":119,"user_id":21,"fullname":"Vaibhav Tukaram Gaikwad","username":"vaibz","dob":"2002-03-20","gender":"Male","email":"vaibhav@google.com","phone":"7887401312"}
[2025-10-15 23:01:38][DEBUG][process] in process func: {"dob":"2002-03-20","email":"vaibhav@google.com","fullname":"Vaibhav Tukaram Gaikwad","gender":"Male","message_type":119,"phone":"7887401312","user_id":21,"username":"vaibz"}
[2025-10-15 23:01:38][DEBUG][process_update_profile_request] {"dob":"2002-03-20","email":"vaibhav@google.com","fullname":"Vaibhav Tukaram Gaikwad","gender":"Male","message_type":111,"phone":"7887401312","username":"vaibz"}
[2025-10-15 23:01:38][INFO][process_update_profile_request] Update profile of user 'vaibz' is successful
[2025-10-15 23:02:16][DEBUG] Message received from client {"message_type":119,"user_id":21,"fullname":"Vaibhav Gaikwad","username":"vaibz","dob":"2002-03-20","gender":"Male","email":"vaibhav@google.com","phone":"7887401312"}
[2025-10-15 23:02:16][DEBUG][process] in process func: {"dob":"2002-03-20","email":"vaibhav@google.com","fullname":"Vaibhav Gaikwad","gender":"Male","message_type":119,"phone":"7887401312","user_id":21,"username":"vaibz"}
[2025-10-15 23:02:16][DEBUG][process_update_profile_request] {"dob":"2002-03-20","email":"vaibhav@google.com","fullname":"Vaibhav Gaikwad","gender":"Male","message_type":111,"phone":"7887401312","username":"vaibz"}
[2025-10-15 23:02:16][INFO][process_update_profile_request] Update profile of user 'vaibz' is successful
[2025-10-15 23:02:21][INFO] Client disconnected. Client is going away, Reason: 
[2025-10-15 23:02:21][INFO] Client connected with IP: 127.0.0.1
[2025-10-15 23:02:21][DEBUG] Message received from client {"message_type":117,"user_id":21,"auth_token":"af412c26ef4431b0c1143fdb4fb17d67"}
[2025-10-15 23:02:21][DEBUG][process] in process func: {"auth_token":"af412c26ef4431b0c1143fdb4fb17d67","message_type":117,"user_id":21}
[2025-10-15 23:02:21][DEBUG][send_user_login_payloads] {"dob":"2002-03-20","email":"vaibhav@google.com","fullname":"Vaibhav Gaikwad","gender":"Male","message_type":111,"phone":"7887401312","username":"vaibz"}
[2025-10-15 23:02:21][DEBUG][send_user_login_payloads] {"count":0,"message_type":113,"pending_friend_requests_list":[]}
[2025-10-15 23:02:21][DEBUG][send_user_login_payloads] {"count":0,"friends_list":[],"message_type":112}
[2025-10-15 23:02:21][INFO][process_reconnect_request] Reconnect successful of user id: 21
[2025-10-15 23:02:23][INFO] Client disconnected. Client is going away, Reason: 
[2025-10-15 23:02:23][INFO] Client connected with IP: 127.0.0.1
[2025-10-15 23:02:23][DEBUG] Message received from client {"message_type":117,"user_id":21,"auth_token":"af412c26ef4431b0c1143fdb4fb17d67"}
[2025-10-15 23:02:23][DEBUG][process] in process func: {"auth_token":"af412c26ef4431b0c1143fdb4fb17d67","message_type":117,"user_id":21}
[2025-10-15 23:02:23][DEBUG][send_user_login_payloads] {"dob":"2002-03-20","email":"vaibhav@google.com","fullname":"Vaibhav Gaikwad","gender":"Male","message_type":111,"phone":"7887401312","username":"vaibz"}
[2025-10-15 23:02:23][DEBUG][send_user_login_payloads] {"count":0,"message_type":113,"pending_friend_requests_list":[]}
[2025-10-15 23:02:23][DEBUG][send_user_login_payloads] {"count":0,"friends_list":[],"message_type":112}
[2025-10-15 23:02:23][INFO][process_reconnect_request] Reconnect successful of user id: 21
[2025-10-15 23:02:35][DEBUG] Message received from client {"message_type":119,"user_id":21,"fullname":"Vaibhav Gaikwad","username":"vaibz","dob":"2002-03-20","gender":"Male","email":"vaibhav@google.com","phone":"7887401312"}
[2025-10-15 23:02:35][DEBUG][process] in process func: {"dob":"2002-03-20","email":"vaibhav@google.com","fullname":"Vaibhav Gaikwad","gender":"Male","message_type":119,"phone":"7887401312","user_id":21,"username":"vaibz"}
[2025-10-15 23:02:35][DEBUG][process_update_profile_request] {"dob":"2002-03-20","email":"vaibhav@google.com","fullname":"Vaibhav Gaikwad","gender":"Male","message_type":111,"phone":"7887401312","username":"vaibz"}
[2025-10-15 23:02:35][INFO][process_update_profile_request] Update profile of user 'vaibz' is successful
[2025-10-15 23:03:26][DEBUG] Message received from client {"message_type":119,"user_id":21,"fullname":"Vaibhav Gaikwad","username":"vaibz","dob":"2002-03-20","gender":"Male","email":"vaibhav@google.com","phone":"7887401312"}
[2025-10-15 23:03:26][DEBUG][process] in process func: {"dob":"2002-03-20","email":"vaibhav@google.com","fullname":"Vaibhav Gaikwad","gender":"Male","message_type":119,"phone":"7887401312","user_id":21,"username":"vaibz"}
[2025-10-15 23:03:26][DEBUG][process_update_profile_request] {"dob":"2002-03-20","email":"vaibhav@google.com","fullname":"Vaibhav Gaikwad","gender":"Male","message_type":111,"phone":"7887401312","username":"vaibz"}
[2025-10-15 23:03:26][INFO][process_update_profile_request] Update profile of user 'vaibz' is successful
[2025-10-15 23:07:44][DEBUG] Message received from client {"message_type":119,"user_id":21,"fullname":"Vaibhav Gaikwad","username":"vaibz","dob":"2002-03-20","gender":"Male","email":"vaibhav@google.com","phone":"7887401312"}
[2025-10-15 23:07:44][DEBUG][process] in process func: {"dob":"2002-03-20","email":"vaibhav@google.com","fullname":"Vaibhav Gaikwad","gender":"Male","message_type":119,"phone":"7887401312","user_id":21,"username":"vaibz"}
[2025-10-15 23:07:44][DEBUG][process_update_profile_request] {"dob":"2002-03-20","email":"vaibhav@google.com","fullname":"Vaibhav Gaikwad","gender":"Male","message_type":111,"phone":"7887401312","username":"vaibz"}
[2025-10-15 23:07:44][INFO][process_update_profile_request] Update profile of user 'vaibz' is successful
[2025-10-15 23:08:04][DEBUG] Message received from client {"message_type":119,"user_id":21,"fullname":"Vaibhav    Gaikwad","username":"vaibz","dob":"2002-03-20","gender":"Male","email":"vaibhav@google.com","phone":"7887401312"}
[2025-10-15 23:08:04][DEBUG][process] in process func: {"dob":"2002-03-20","email":"vaibhav@google.com","fullname":"Vaibhav    Gaikwad","gender":"Male","message_type":119,"phone":"7887401312","user_id":21,"username":"vaibz"}
[2025-10-15 23:08:04][DEBUG][process_update_profile_request] {"dob":"2002-03-20","email":"vaibhav@google.com","fullname":"Vaibhav    Gaikwad","gender":"Male","message_type":111,"phone":"7887401312","username":"vaibz"}
[2025-10-15 23:08:04][INFO][process_update_profile_request] Update profile of user 'vaibz' is successful
[2025-10-15 23:08:08][INFO] Client disconnected. Client is going away, Reason: 
[2025-10-15 23:08:08][INFO] Client connected with IP: 127.0.0.1
[2025-10-15 23:08:08][DEBUG] Message received from client {"message_type":117,"user_id":21,"auth_token":"af412c26ef4431b0c1143fdb4fb17d67"}
[2025-10-15 23:08:08][DEBUG][process] in process func: {"auth_token":"af412c26ef4431b0c1143fdb4fb17d67","message_type":117,"user_id":21}
[2025-10-15 23:08:08][DEBUG][send_user_login_payloads] {"dob":"2002-03-20","email":"vaibhav@google.com","fullname":"Vaibhav    Gaikwad","gender":"Male","message_type":111,"phone":"7887401312","username":"vaibz"}
[2025-10-15 23:08:08][DEBUG][send_user_login_payloads] {"count":0,"message_type":113,"pending_friend_requests_list":[]}
[2025-10-15 23:08:08][DEBUG][send_user_login_payloads] {"count":0,"friends_list":[],"message_type":112}
[2025-10-15 23:08:08][INFO][process_reconnect_request] Reconnect successful of user id: 21
[2025-10-15 23:08:17][DEBUG] Message received from client {"message_type":119,"user_id":21,"fullname":"Vaibhav Gaikwad","username":"vaibz","dob":"2002-03-20","gender":"Male","email":"vaibhav@google.com","phone":"7887401312"}
[2025-10-15 23:08:17][DEBUG][process] in process func: {"dob":"2002-03-20","email":"vaibhav@google.com","fullname":"Vaibhav Gaikwad","gender":"Male","message_type":119,"phone":"7887401312","user_id":21,"username":"vaibz"}
[2025-10-15 23:08:17][DEBUG][process_update_profile_request] {"dob":"2002-03-20","email":"vaibhav@google.com","fullname":"Vaibhav Gaikwad","gender":"Male","message_type":111,"phone":"7887401312","username":"vaibz"}
[2025-10-15 23:08:17][INFO][process_update_profile_request] Update profile of user 'vaibz' is successful
[2025-10-15 23:08:30][DEBUG] Message received from client {"message_type":105,"user_id":21,"username":"vaibz"}
[2025-10-15 23:08:30][DEBUG][process] in process func: {"message_type":105,"user_id":21,"username":"vaibz"}
[2025-10-15 23:08:30][INFO][process_logout_request] User 'vaibz' failed to logged out. Session not found.
[2025-10-15 23:08:30][INFO][process_logout_request] User 'vaibz' logged out successfully
[2025-10-15 23:08:30][DEBUG][process_logout_request] {"message_type":106,"status":0}
[2025-10-15 23:08:46][INFO] Received SIGTERM (Termination request, e.g. 'kill' command). Server terminated.
