[2025-07-12 15:46:52][INFO] Server started...
[2025-07-12 15:47:52][INFO] Client connected with IP: 0000:0000:0000:0000:0000:0000:0000:0001
[2025-07-12 15:48:00][INFO] User 'vaibz' logged in successfully
[2025-07-12 15:50:51][INFO] Server started...
[2025-07-12 15:50:54][INFO] Client connected with IP: 0000:0000:0000:0000:0000:0000:0000:0001
[2025-07-12 15:51:04][INFO] User 'vaibz' logged in successfully
[2025-07-12 15:51:04][ERROR] [json.exception.type_error.316] invalid UTF-8 byte at index 1: 0x0F
[2025-07-12 15:51:30][INFO] Server started...
[2025-07-12 15:51:57][INFO] Client connected with IP: 0000:0000:0000:0000:0000:0000:0000:0001
[2025-07-12 15:52:02][INFO] User 'vaibz' logged in successfully
[2025-07-12 15:53:53][ERROR] [json.exception.type_error.316] invalid UTF-8 byte at index 1: 0x0F
[2025-07-12 15:54:21][INFO] Server started...
[2025-07-12 15:54:51][INFO] Client connected with IP: 0000:0000:0000:0000:0000:0000:0000:0001
[2025-07-12 15:54:59][INFO] User 'vaibz' logged in successfully
[2025-07-12 15:55:07][ERROR] [json.exception.type_error.316] invalid UTF-8 byte at index 1: 0x0F
[2025-07-12 15:57:09][INFO] Server started...
[2025-07-12 15:57:28][INFO] Server started...
[2025-07-12 15:57:56][INFO] Server started...
[2025-07-12 15:57:58][INFO] Server started...
[2025-07-12 15:58:16][INFO] Client connected with IP: 0000:0000:0000:0000:0000:0000:0000:0001
[2025-07-12 15:58:25][INFO] User 'vaibz' logged in successfully
[2025-07-12 15:59:25][INFO] Server started...
[2025-07-12 15:59:28][INFO] Client connected with IP: 0000:0000:0000:0000:0000:0000:0000:0001
[2025-07-12 15:59:34][INFO] User 'vaibz' logged in successfully
[2025-07-12 15:59:35][ERROR] [json.exception.type_error.316] invalid UTF-8 byte at index 1: 0x0F
[2025-07-12 16:00:10][INFO] Server started...
[2025-07-12 16:00:14][INFO] Client connected with IP: 0000:0000:0000:0000:0000:0000:0000:0001
[2025-07-12 16:00:18][INFO] User 'vaibz' logged in successfully
[2025-07-12 16:08:12][INFO] Server started...
[2025-07-12 16:08:23][INFO] Client connected with IP: 0000:0000:0000:0000:0000:0000:0000:0001
[2025-07-12 16:08:27][INFO] User 'vaibz' logged in successfully
[2025-07-12 16:10:58][INFO] Server started...
[2025-07-12 16:11:00][INFO] Client connected with IP: 0000:0000:0000:0000:0000:0000:0000:0001
[2025-07-12 16:11:05][INFO] User 'vaibz' logged in successfully
[2025-07-12 16:12:16][INFO] Server started...
[2025-07-12 16:12:21][INFO] Client connected with IP: 0000:0000:0000:0000:0000:0000:0000:0001
[2025-07-12 16:12:27][INFO] User 'vaibz' logged in successfully
[2025-07-12 16:13:42][INFO] Server started...
[2025-07-12 16:13:46][INFO] Client connected with IP: 0000:0000:0000:0000:0000:0000:0000:0001
[2025-07-12 16:13:53][INFO] User 'vaibz' logged in successfully
[2025-07-12 16:14:45][INFO] Server started...
[2025-07-12 16:15:36][INFO] Server started...
[2025-07-12 16:15:42][INFO] Client connected with IP: 0000:0000:0000:0000:0000:0000:0000:0001
[2025-07-12 16:15:48][ERROR] Password is incorrect for user: vaibz
[2025-07-12 16:15:50][INFO] User 'vaibz' logged in successfully
[2025-07-12 16:16:50][INFO] Server started...
[2025-07-12 16:17:08][INFO] Client connected with IP: 0000:0000:0000:0000:0000:0000:0000:0001
[2025-07-12 16:17:13][INFO] User 'vaibz' logged in successfully
[2025-07-12 16:43:11][INFO] Client disconnected. Code: 1001, Reason: 
[2025-07-12 21:24:12][INFO] Server started...
[2025-07-12 21:24:34][INFO] Server started...
[2025-07-12 21:33:53][INFO] Client connected with IP: 0000:0000:0000:0000:0000:ffff:7f00:0001
[2025-07-12 21:33:54][INFO] Client connected with IP: 0000:0000:0000:0000:0000:ffff:7f00:0001
[2025-07-12 21:34:11][INFO] Client connected with IP: 0000:0000:0000:0000:0000:ffff:7f00:0001
[2025-07-12 21:34:11][INFO] Client connected with IP: 0000:0000:0000:0000:0000:ffff:7f00:0001
[2025-07-12 21:34:44][INFO] Client connected with IP: 0000:0000:0000:0000:0000:ffff:7f00:0001
[2025-07-12 21:34:44][INFO] Client connected with IP: 0000:0000:0000:0000:0000:ffff:7f00:0001
[2025-07-12 21:36:54][INFO] User 'so_sasssy' logged in successfully
[2025-07-12 21:36:58][INFO] Client disconnected. Code: 1005, Reason: 
[2025-07-12 21:37:07][INFO] Client disconnected. Code: 1001, Reason: 
[2025-07-12 21:37:08][INFO] Client connected with IP: 0000:0000:0000:0000:0000:ffff:7f00:0001
[2025-07-12 21:37:08][INFO] Client connected with IP: 0000:0000:0000:0000:0000:ffff:7f00:0001
[2025-07-12 21:37:22][INFO] User 'so_sasssy' logged in successfully
[2025-07-12 21:37:48][INFO] Client disconnected. Code: 1005, Reason: 
[2025-07-12 21:38:18][INFO] Client disconnected. Code: 1001, Reason: 
[2025-07-12 21:38:57][INFO] Client disconnected. Code: 1006, Reason: Received TCP FIN before WebSocket close frame
[2025-07-12 21:38:57][INFO] Client disconnected. Code: 1006, Reason: Received TCP FIN before WebSocket close frame
[2025-07-12 21:38:57][INFO] Client disconnected. Code: 1006, Reason: Received TCP FIN before WebSocket close frame
[2025-07-12 21:38:57][INFO] Client disconnected. Code: 1006, Reason: Received TCP FIN before WebSocket close frame
[2025-07-12 21:40:40][INFO] Client connected with IP: 0000:0000:0000:0000:0000:ffff:7f00:0001
[2025-07-12 21:40:40][INFO] Client connected with IP: 0000:0000:0000:0000:0000:ffff:7f00:0001
[2025-07-12 21:40:53][INFO] User 'so_sasssy' logged in successfully
[2025-07-12 21:41:32][INFO] Client connected with IP: 0000:0000:0000:0000:0000:ffff:7f00:0001
[2025-07-12 21:41:33][INFO] Client connected with IP: 0000:0000:0000:0000:0000:ffff:7f00:0001
[2025-07-12 21:41:45][INFO] Client connected with IP: 0000:0000:0000:0000:0000:ffff:7f00:0001
[2025-07-12 21:41:45][INFO] Client connected with IP: 0000:0000:0000:0000:0000:ffff:7f00:0001
[2025-07-12 21:42:31][INFO] Client disconnected. Code: 1001, Reason: 
[2025-07-12 21:42:31][INFO] Client disconnected. Code: 1001, Reason: 
[2025-07-12 21:47:58][INFO] User 'chetanap' logged in successfully
[2025-07-12 21:59:17][INFO] Client connected with IP: 0000:0000:0000:0000:0000:ffff:7f00:0001
[2025-07-12 21:59:18][INFO] Client connected with IP: 0000:0000:0000:0000:0000:ffff:7f00:0001
[2025-07-12 21:59:35][INFO] User 'rutuja' logged in successfully
[2025-07-12 21:59:46][INFO] Client connected with IP: 0000:0000:0000:0000:0000:ffff:7f00:0001
[2025-07-12 21:59:46][INFO] Client connected with IP: 0000:0000:0000:0000:0000:ffff:7f00:0001
[2025-07-12 21:59:49][INFO] Client connected with IP: 0000:0000:0000:0000:0000:ffff:7f00:0001
[2025-07-12 21:59:50][INFO] Client connected with IP: 0000:0000:0000:0000:0000:ffff:7f00:0001
[2025-07-12 21:59:56][INFO] User 'vaibz' logged in successfully
[2025-07-12 22:00:06][INFO] User 'vaishnavi10' logged in successfully
[2025-07-12 22:01:28][ERROR] Invalid Message Type
[2025-07-12 22:01:49][ERROR] Invalid Message Type
[2025-07-12 22:02:49][INFO] Server started...
[2025-07-12 22:03:06][INFO] Client connected with IP: 0000:0000:0000:0000:0000:ffff:7f00:0001
[2025-07-12 22:03:06][INFO] Client connected with IP: 0000:0000:0000:0000:0000:ffff:7f00:0001
[2025-07-12 22:03:08][INFO] Client connected with IP: 0000:0000:0000:0000:0000:ffff:7f00:0001
[2025-07-12 22:03:09][INFO] Client connected with IP: 0000:0000:0000:0000:0000:ffff:7f00:0001
[2025-07-12 22:03:11][INFO] Client connected with IP: 0000:0000:0000:0000:0000:ffff:7f00:0001
[2025-07-12 22:03:11][INFO] Client connected with IP: 0000:0000:0000:0000:0000:ffff:7f00:0001
[2025-07-12 22:03:22][INFO] User 'rutuja' logged in successfully
[2025-07-12 22:03:29][INFO] User 'vaibz' logged in successfully
[2025-07-12 22:03:38][INFO] User 'vaishnavi10' logged in successfully
[2025-07-12 22:05:54][ERROR] Invalid Message Type
[2025-07-12 22:08:33][INFO] Client disconnected. Code: 1006, Reason: WebSocket timed out from inactivity
[2025-07-12 22:08:33][INFO] Client disconnected. Code: 1006, Reason: WebSocket timed out from inactivity
[2025-07-12 22:08:37][INFO] Client disconnected. Code: 1006, Reason: WebSocket timed out from inactivity
[2025-07-12 22:09:05][INFO] Client disconnected. Code: 1006, Reason: WebSocket timed out from inactivity
[2025-07-12 22:09:21][INFO] Client disconnected. Code: 1006, Reason: WebSocket timed out from inactivity
[2025-07-12 22:09:37][INFO] Client disconnected. Code: 1006, Reason: WebSocket timed out from inactivity
[2025-07-12 22:10:08][INFO] Client connected with IP: 0000:0000:0000:0000:0000:ffff:7f00:0001
[2025-07-12 22:10:08][INFO] Client connected with IP: 0000:0000:0000:0000:0000:ffff:7f00:0001
[2025-07-12 22:10:11][INFO] Client connected with IP: 0000:0000:0000:0000:0000:ffff:7f00:0001
[2025-07-12 22:10:12][INFO] Client connected with IP: 0000:0000:0000:0000:0000:ffff:7f00:0001
[2025-07-12 22:10:17][INFO] User 'rutuja' logged in successfully
[2025-07-12 22:10:24][INFO] User 'vaibz' logged in successfully
[2025-07-12 22:11:23][INFO] Client connected with IP: 0000:0000:0000:0000:0000:ffff:7f00:0001
[2025-07-12 22:11:24][INFO] Client connected with IP: 0000:0000:0000:0000:0000:ffff:7f00:0001
[2025-07-12 22:11:32][ERROR] Invalid Message Type
[2025-07-12 22:11:37][INFO] User 'chetanap' logged in successfully
[2025-07-12 22:17:07][INFO] Client disconnected. Code: 1001, Reason: 
[2025-07-12 22:17:07][INFO] Client disconnected. Code: 1001, Reason: 
[2025-07-12 22:17:08][INFO] Client connected with IP: 0000:0000:0000:0000:0000:ffff:7f00:0001
[2025-07-12 22:17:08][INFO] Client connected with IP: 0000:0000:0000:0000:0000:ffff:7f00:0001
[2025-07-12 22:18:35][ERROR] Email already exists: harsh2006dabhade@gmail.com
[2025-07-12 22:18:51][ERROR] Phone already exists: 7719078787
[2025-07-12 22:19:20][INFO] User 'harsh_' logged in successfully
[2025-07-12 22:32:25][INFO] Client disconnected. Code: 1006, Reason: WebSocket timed out from inactivity
[2025-07-12 22:32:41][INFO] Client disconnected. Code: 1006, Reason: WebSocket timed out from inactivity
[2025-07-12 22:33:16][INFO] Client disconnected. Code: 1001, Reason: 
[2025-07-12 22:33:16][INFO] Client disconnected. Code: 1001, Reason: 
[2025-07-12 22:33:24][INFO] Client disconnected. Code: 1001, Reason: 
[2025-07-12 22:33:24][INFO] Client disconnected. Code: 1001, Reason: 
[2025-07-12 22:33:24][INFO] Client connected with IP: 0000:0000:0000:0000:0000:ffff:7f00:0001
[2025-07-12 22:33:25][INFO] Client connected with IP: 0000:0000:0000:0000:0000:ffff:7f00:0001
[2025-07-12 22:35:53][INFO] Client disconnected. Code: 1001, Reason: 
[2025-07-12 22:35:53][INFO] Client disconnected. Code: 1001, Reason: 
[2025-07-12 22:35:54][INFO] Client connected with IP: 0000:0000:0000:0000:0000:ffff:7f00:0001
[2025-07-12 22:35:55][INFO] Client connected with IP: 0000:0000:0000:0000:0000:ffff:7f00:0001
[2025-07-12 22:36:00][INFO] User 'rutuja' logged in successfully
[2025-07-12 22:38:35][INFO] Client disconnected. Code: 1005, Reason: 
[2025-07-12 22:38:35][INFO] Client connected with IP: 0000:0000:0000:0000:0000:ffff:7f00:0001
[2025-07-12 22:38:45][INFO] Client disconnected. Code: 1005, Reason: 
[2025-07-12 22:38:45][INFO] Client connected with IP: 0000:0000:0000:0000:0000:ffff:7f00:0001
[2025-07-12 22:38:48][INFO] Client disconnected. Code: 1005, Reason: 
[2025-07-12 22:38:48][INFO] Client connected with IP: 0000:0000:0000:0000:0000:ffff:7f00:0001
[2025-07-12 22:38:51][INFO] Client disconnected. Code: 1005, Reason: 
[2025-07-12 22:38:51][INFO] Client connected with IP: 0000:0000:0000:0000:0000:ffff:7f00:0001
[2025-07-12 22:38:57][INFO] Client disconnected. Code: 1005, Reason: 
[2025-07-12 22:38:57][INFO] Client connected with IP: 0000:0000:0000:0000:0000:ffff:7f00:0001
[2025-07-12 22:39:42][INFO] Client disconnected. Code: 1005, Reason: 
[2025-07-12 22:39:44][INFO] Client connected with IP: 0000:0000:0000:0000:0000:ffff:7f00:0001
[2025-07-12 22:39:44][INFO] Client connected with IP: 0000:0000:0000:0000:0000:ffff:7f00:0001
[2025-07-12 22:41:00][INFO] Client disconnected. Code: 1005, Reason: 
[2025-07-12 22:41:02][INFO] Client connected with IP: 0000:0000:0000:0000:0000:ffff:7f00:0001
[2025-07-12 22:41:02][INFO] Client connected with IP: 0000:0000:0000:0000:0000:ffff:7f00:0001
[2025-07-12 22:41:15][INFO] Client disconnected. Code: 1001, Reason: 
[2025-07-12 22:41:15][INFO] Client disconnected. Code: 1001, Reason: 
[2025-07-12 22:41:15][INFO] Client disconnected. Code: 1001, Reason: 
[2025-07-12 22:41:15][INFO] Client disconnected. Code: 1001, Reason: 
[2025-07-12 22:41:16][INFO] Client connected with IP: 0000:0000:0000:0000:0000:ffff:7f00:0001
[2025-07-12 22:41:16][INFO] Client connected with IP: 0000:0000:0000:0000:0000:ffff:7f00:0001
[2025-07-12 22:41:27][INFO] User 'rutuja' logged in successfully
[2025-07-12 22:43:12][INFO] Client disconnected. Code: 1001, Reason: 
[2025-07-12 22:43:12][INFO] Client disconnected. Code: 1001, Reason: 
[2025-07-12 22:43:13][INFO] Client connected with IP: 0000:0000:0000:0000:0000:ffff:7f00:0001
[2025-07-12 22:43:13][INFO] Client connected with IP: 0000:0000:0000:0000:0000:ffff:7f00:0001
[2025-07-12 22:43:26][INFO] User 'rutuja' logged in successfully
[2025-07-12 22:43:49][INFO] Client disconnected. Code: 1001, Reason: 
[2025-07-12 22:43:49][INFO] Client disconnected. Code: 1001, Reason: 
[2025-07-12 22:43:50][INFO] Client connected with IP: 0000:0000:0000:0000:0000:ffff:7f00:0001
[2025-07-12 22:43:50][INFO] Client connected with IP: 0000:0000:0000:0000:0000:ffff:7f00:0001
[2025-07-12 22:43:51][INFO] Client disconnected. Code: 1001, Reason: 
[2025-07-12 22:43:51][INFO] Client disconnected. Code: 1001, Reason: 
[2025-07-12 22:43:52][INFO] Client connected with IP: 0000:0000:0000:0000:0000:ffff:7f00:0001
[2025-07-12 22:43:53][INFO] Client connected with IP: 0000:0000:0000:0000:0000:ffff:7f00:0001
[2025-07-12 22:44:17][INFO] Client disconnected. Code: 1001, Reason: 
[2025-07-12 22:44:17][INFO] Client disconnected. Code: 1001, Reason: 
[2025-07-12 22:44:18][INFO] Client connected with IP: 0000:0000:0000:0000:0000:ffff:7f00:0001
[2025-07-12 22:44:18][INFO] Client connected with IP: 0000:0000:0000:0000:0000:ffff:7f00:0001
[2025-07-12 22:44:28][INFO] User 'rutuja' logged in successfully
[2025-07-12 23:07:29][INFO] Client disconnected. Code: 1001, Reason: 
[2025-07-12 23:07:29][INFO] Client disconnected. Code: 1001, Reason: 
[2025-07-12 23:07:30][INFO] Client connected with IP: 0000:0000:0000:0000:0000:ffff:7f00:0001
[2025-07-12 23:07:30][INFO] Client connected with IP: 0000:0000:0000:0000:0000:ffff:7f00:0001
[2025-07-12 23:07:34][INFO] Client disconnected. Code: 1001, Reason: 
[2025-07-12 23:07:34][INFO] Client disconnected. Code: 1001, Reason: 
[2025-07-12 23:07:35][INFO] Client connected with IP: 0000:0000:0000:0000:0000:ffff:7f00:0001
[2025-07-12 23:07:36][INFO] Client connected with IP: 0000:0000:0000:0000:0000:ffff:7f00:0001
[2025-07-12 23:07:46][INFO] User 'rutuja' logged in successfully
[2025-07-12 23:08:12][INFO] Client connected with IP: 0000:0000:0000:0000:0000:ffff:7f00:0001
[2025-07-12 23:08:13][INFO] Client connected with IP: 0000:0000:0000:0000:0000:ffff:7f00:0001
[2025-07-12 23:35:07][INFO] User 'vaibz' logged in successfully
