[2025-08-24 19:18:26][INFO] Server started...
[2025-08-24 19:18:26][INFO] Listening on port: 2121
[2025-08-24 19:21:26][INFO] Client connected with IP: 127.0.0.1
[2025-08-24 19:21:26][INFO] Client connected with IP: 127.0.0.1
[2025-08-24 19:21:30][INFO] Client connected with IP: 127.0.0.1
[2025-08-24 19:21:42][DEBUG] Message received from client{"message_type":101,"username":"vaibz","password":"12345","timestamp":"2025-08-24T13:51:32.289Z"}
[2025-08-24 19:21:42][INFO] User 'vaibz' logged in successfully
[2025-08-24 19:21:44][DEBUG] Message received from client{"message_type":101,"username":"vaibz","password":"12345","timestamp":"2025-08-24T13:51:42.463Z"}
[2025-08-24 19:21:44][INFO] User 'vaibz' logged out forcefully
[2025-08-24 19:21:44][INFO] User 'vaibz' logged in successfully
[2025-08-24 19:22:09][DEBUG] Message received from client{"message_type":101,"username":"vaibz","password":"123435","timestamp":"2025-08-24T13:52:03.705Z"}
[2025-08-24 19:22:09][ERROR] Password is incorrect for user: vaibz
[2025-08-24 19:22:17][DEBUG] Message received from client{"message_type":101,"username":"vaibz","password":"12345","timestamp":"2025-08-24T13:52:09.775Z"}
[2025-08-24 19:22:17][INFO] User 'vaibz' logged out forcefully
[2025-08-24 19:22:17][INFO] User 'vaibz' logged in successfully
[2025-08-24 19:22:24][INFO] Client disconnected. Client is going away, Reason: 
[2025-08-24 19:22:31][INFO] Client connected with IP: 127.0.0.1
[2025-08-24 19:22:39][DEBUG] Message received from client{"message_type":101,"username":"vaibz","password":"12345","timestamp":"2025-08-24T13:52:33.167Z"}
[2025-08-24 19:22:39][INFO] User 'vaibz' logged in successfully
[2025-08-24 19:22:41][DEBUG] Message received from client{"message_type":101,"username":"vaibz","password":"12345","timestamp":"2025-08-24T13:52:39.706Z"}
[2025-08-24 19:22:41][INFO] User 'vaibz' logged out forcefully
[2025-08-24 19:22:41][INFO] User 'vaibz' logged in successfully
[2025-08-24 19:24:43][INFO] Client disconnected. Client is going away, Reason: 
[2025-08-24 19:24:43][INFO] Client connected with IP: 127.0.0.1
[2025-08-24 19:25:29][DEBUG] Message received from client{"message_type":103,"username":"test3456","password":"1234578689064@asdas","fullname":"dasda","dob":"2025-08-06","email":"dasdasdasdawd@dasdas.com","phone":"7463827643","gender":"Male","timestamp":"2025-08-24T13:54:45.393Z"}
[2025-08-24 19:26:20][DEBUG] Message received from client{"message_type":101,"username":"vaibz","password":"12345","timestamp":"2025-08-24T13:55:31.602Z"}
[2025-08-24 19:26:20][INFO] User 'vaibz' logged in successfully
[2025-08-24 19:26:26][DEBUG] Message received from client{"message_type":101,"username":"vaibz","password":"12345","timestamp":"2025-08-24T13:56:20.735Z"}
[2025-08-24 19:26:26][INFO] User 'vaibz' logged out forcefully
[2025-08-24 19:26:26][INFO] User 'vaibz' logged in successfully
[2025-08-24 19:27:12][INFO] Client disconnected. Client is going away, Reason: 
[2025-08-24 19:27:12][INFO] Client connected with IP: 127.0.0.1
[2025-08-24 19:27:43][DEBUG] Message received from client{"message_type":101,"username":"vaibz","password":"12345","timestamp":"2025-08-24T13:57:12.250Z"}
[2025-08-24 19:27:43][INFO] User 'vaibz' logged in successfully
[2025-08-24 19:27:49][DEBUG] Message received from client{"message_type":101,"username":"vaibz","password":"12345","timestamp":"2025-08-24T13:57:43.884Z"}
[2025-08-24 19:27:49][INFO] User 'vaibz' logged out forcefully
[2025-08-24 19:27:49][INFO] User 'vaibz' logged in successfully
[2025-08-24 19:28:59][INFO] Server started...
[2025-08-24 19:28:59][INFO] Listening on port: 2121
[2025-08-24 19:29:01][INFO] Client connected with IP: 127.0.0.1
[2025-08-24 19:29:09][DEBUG] Message received from client{"message_type":101,"username":"vaibz","password":"12345","timestamp":"2025-08-24T13:59:03.066Z"}
[2025-08-24 19:29:09][INFO] User 'vaibz' logged in successfully
[2025-08-24 19:31:18][INFO] Server started...
[2025-08-24 19:31:18][INFO] Listening on port: 2121
[2025-08-24 19:31:25][INFO] Client connected with IP: 127.0.0.1
[2025-08-24 19:31:32][DEBUG] Message received from client{"message_type":101,"username":"vaibz","password":"12345","timestamp":"2025-08-24T14:01:25.588Z"}
[2025-08-24 19:31:32][INFO] User 'vaibz' logged in successfully
[2025-08-24 19:31:53][INFO] Server started...
[2025-08-24 19:31:53][INFO] Listening on port: 2121
[2025-08-24 19:31:55][INFO] Client connected with IP: 127.0.0.1
[2025-08-24 19:32:00][DEBUG] Message received from client{"message_type":101,"username":"vaibz","password":"12345","timestamp":"2025-08-24T14:01:55.418Z"}
[2025-08-24 19:32:00][DEBUG] ["message_type",102,"status",0,"user_id",21,"error_code",0]
[2025-08-24 19:32:00][INFO] User 'vaibz' logged in successfully
[2025-08-24 19:33:20][INFO] Server started...
[2025-08-24 19:33:20][INFO] Listening on port: 2121
[2025-08-24 19:33:24][INFO] Client connected with IP: 127.0.0.1
[2025-08-24 19:33:30][DEBUG] Message received from client{"message_type":101,"username":"vaibz","password":"12345","timestamp":"2025-08-24T14:03:24.107Z"}
[2025-08-24 19:33:30][DEBUG] {"error_code":0,"message_type":102,"status":0,"user_id":21}
[2025-08-24 19:33:30][INFO] User 'vaibz' logged in successfully
[2025-08-24 19:34:08][INFO] Server started...
[2025-08-24 19:34:08][INFO] Listening on port: 2121
[2025-08-24 19:34:09][INFO] Client connected with IP: 127.0.0.1
[2025-08-24 19:34:12][DEBUG] Message received from client{"message_type":105,"user_id":21,"username":"vaibz"}
[2025-08-24 19:34:12][ERROR] Failed to log out user 'vaibz'
[2025-08-24 19:34:18][INFO] Client connected with IP: 127.0.0.1
[2025-08-24 19:34:23][DEBUG] Message received from client{"message_type":101,"username":"vaibz","password":"12345","timestamp":"2025-08-24T14:04:18.697Z"}
[2025-08-24 19:34:23][DEBUG] {"error_code":0,"message_type":102,"status":0,"user_id":21}
[2025-08-24 19:34:23][INFO] User 'vaibz' logged in successfully
[2025-08-24 19:34:26][DEBUG] Message received from client{"message_type":105,"user_id":21,"username":"vaibz"}
[2025-08-24 19:34:26][INFO] User 'vaibz' logged out successfully
[2025-08-24 19:35:14][INFO] Server started...
[2025-08-24 19:35:14][INFO] Listening on port: 2121
[2025-08-24 19:35:15][INFO] Client connected with IP: 127.0.0.1
[2025-08-24 19:35:20][DEBUG] Message received from client{"message_type":101,"username":"vaibz","password":"12345","timestamp":"2025-08-24T14:05:15.265Z"}
[2025-08-24 19:35:20][DEBUG] {"error_code":0,"message_type":102,"status":0,"user_id":21}
[2025-08-24 19:35:20][INFO] User 'vaibz' logged in successfully
[2025-08-24 19:35:24][DEBUG] Message received from client{"message_type":105,"user_id":21,"username":"vaibz"}
[2025-08-24 19:35:24][INFO] User 'vaibz' logged out successfully
[2025-08-24 19:35:24][DEBUG] {"message_type":106,"status":0}
[2025-08-24 19:36:05][INFO] Server started...
[2025-08-24 19:36:05][INFO] Listening on port: 2121
