[2025-07-25 00:10:36][INFO] Server started...
[2025-07-25 00:15:10][ERROR][main] Server config file not found
[2025-07-25 00:15:47][INFO] Server started...
[2025-07-25 00:16:17][INFO] Server started...
[2025-07-25 00:18:17][INFO] Server started...
[2025-07-25 00:21:47][ERROR][main] [json.exception.type_error.302] type must be number, but is string
[2025-07-25 00:22:09][ERROR][main] [json.exception.type_error.302] type must be number, but is string
[2025-07-25 00:22:34][INFO] Server started...
[2025-07-25 00:22:45][INFO] Server started...
[2025-07-25 00:24:28][CRITICAL][main] Server config file not found
[2025-07-25 00:33:10][INFO] Server started...
[2025-07-25 00:34:45][INFO] Client connected with IP: 127.0.0.1
[2025-07-25 00:34:51][DEBUG] Message received from client{"message_type":101,"username":"vaibz","password":"12345","timestamp":"2025-07-24T19:04:45.838Z"}
[2025-07-25 00:34:51][INFO] User 'vaibz' logged in successfully
[2025-07-25 00:41:02][INFO] Server started...
[2025-07-25 00:41:02][INFO] Server listening on port: 2121
[2025-07-25 00:41:59][INFO] Server started...
[2025-07-25 00:41:59][INFO] Server started successfully and listening on port: 2121
[2025-07-25 00:42:32][INFO] Server started...
[2025-07-25 00:42:32][INFO] Listening on port: 2121
[2025-07-25 00:43:50][INFO] Server started...
[2025-07-25 00:43:50][INFO] Listening on port: 2121
[2025-07-25 00:44:17][INFO] Client connected with IP: 127.0.0.1
