[2025-08-02 12:38:52][INFO] Server started...
[2025-08-02 12:38:52][INFO] Listening on port: 2121
[2025-08-02 12:39:24][INFO] Client connected with IP: 127.0.0.1
[2025-08-02 12:40:06][DEBUG] Message received from client{"message_type":101,"username":"vaibz","password":"12345","timestamp":"2025-08-02T07:09:58.737Z"}
[2025-08-02 12:40:06][INFO] User 'vaibz' logged in successfully
[2025-08-02 12:40:38][DEBUG] Message received from client{"message_type":107,"username":"f","requested_by":"vaibz"}
[2025-08-02 12:40:41][DEBUG] Message received from client{"message_type":107,"username":"","requested_by":"vaibz"}
[2025-08-02 12:40:42][DEBUG] Message received from client{"message_type":107,"username":"e","requested_by":"vaibz"}
[2025-08-02 12:41:04][DEBUG] Message received from client{"message_type":109,"sender_id":21,"sender":"vaibz","name_of_sender":"Vaibhav Gaikwad","receiver_id":1043,"receiver":"mdeshmukh402","name_of_receiver":"Manasi Deshmukh","timestamp":"2025-08-02T07:10:42.162Z"}
[2025-08-02 12:41:12][DEBUG] Message received from client{"message_type":109,"sender_id":21,"sender":"vaibz","name_of_sender":"Vaibhav Gaikwad","receiver_id":1043,"receiver":"mdeshmukh402","name_of_receiver":"Manasi Deshmukh","timestamp":"2025-08-02T07:10:42.162Z"}
[2025-08-02 12:43:08][INFO] Server started...
[2025-08-02 12:43:08][INFO] Listening on port: 2121
[2025-08-02 12:43:21][INFO] Client connected with IP: 127.0.0.1
[2025-08-02 12:43:50][DEBUG] Message received from client{"message_type":101,"username":"so_sasssy","password":"2356","timestamp":"2025-08-02T07:13:21.252Z"}
[2025-08-02 12:43:50][INFO] User 'so_sasssy' logged in successfully
[2025-08-02 12:43:58][DEBUG] Message received from client{"message_type":107,"username":"r","requested_by":"so_sasssy"}
[2025-08-02 12:43:58][DEBUG] Message received from client{"message_type":107,"username":"ru","requested_by":"so_sasssy"}
[2025-08-02 12:43:59][DEBUG] Message received from client{"message_type":107,"username":"rut","requested_by":"so_sasssy"}
[2025-08-02 12:47:30][INFO] Client connected with IP: 127.0.0.1
[2025-08-02 12:47:35][INFO] Client disconnected. Client is going away, Reason: 
[2025-08-02 12:47:43][INFO] Client connected with IP: 127.0.0.1
[2025-08-02 12:48:00][DEBUG] Message received from client{"message_type":101,"username":"so_sasssy","password":"2356","timestamp":"2025-08-02T07:17:46.085Z"}
[2025-08-02 12:48:00][INFO] User 'so_sasssy' logged in successfully
[2025-08-02 12:48:26][DEBUG] Message received from client{"message_type":107,"username":"r","requested_by":"so_sasssy"}
[2025-08-02 12:48:26][DEBUG] Message received from client{"message_type":107,"username":"ru","requested_by":"so_sasssy"}
[2025-08-02 12:48:27][DEBUG] Message received from client{"message_type":107,"username":"rut","requested_by":"so_sasssy"}
[2025-08-02 12:48:27][DEBUG] Message received from client{"message_type":107,"username":"rutu","requested_by":"so_sasssy"}
[2025-08-02 12:48:30][DEBUG] Message received from client{"message_type":109,"sender_id":1244,"sender":"so_sasssy","name_of_sender":"sakshi chavan","receiver_id":34,"receiver":"Rutuja","name_of_receiver":"Rutuja Dabhade","timestamp":"2025-08-02T07:18:27.203Z"}
[2025-08-02 12:48:30][DEBUG] Message received from client{"message_type":107,"username":"rutu","requested_by":"so_sasssy"}
[2025-08-02 12:48:54][DEBUG] Message received from client{"message_type":101,"username":"rutuja","password":"1234","timestamp":"2025-08-02T07:18:44.376Z"}
[2025-08-02 12:48:54][INFO] User 'rutuja' logged in successfully
[2025-08-02 12:50:40][DEBUG] Message received from client{"message_type":110,"sender_id":34,"sender":"Rutuja","name_of_sender":"Rutuja Dabhade","receiver_id":1244,"receiver":"so_sasssy","name_of_receiver":"sakshi chavan","request_status":1,"timestamp":"2025-08-02T07:19:00.409Z"}
[2025-08-02 12:50:40][DEBUG] Test
[2025-08-02 12:50:40][DEBUG] Test
[2025-08-02 12:50:40][DEBUG] Test
[2025-08-02 12:50:40][DEBUG] Test
[2025-08-02 13:30:25][INFO] Client disconnected. Abnormal closure (no close frame received), Reason: Received TCP FIN before WebSocket close frame
[2025-08-02 13:30:25][INFO] Client disconnected. Abnormal closure (no close frame received), Reason: Received TCP FIN before WebSocket close frame
[2025-08-02 13:30:25][INFO] Client connected with IP: 127.0.0.1
[2025-08-02 13:30:26][INFO] Client connected with IP: 127.0.0.1
