[2025-08-05 21:19:34][INFO] Server started...
[2025-08-05 21:19:34][INFO] Listening on port: 2121
[2025-08-05 21:25:09][INFO] Client connected with IP: 127.0.0.1
[2025-08-05 21:25:21][INFO] Client connected with IP: 127.0.0.1
[2025-08-05 21:25:43][DEBUG] Message received from client{"message_type":101,"username":"chetanap","password":"5678","timestamp":"2025-08-05T15:55:31.851Z"}
[2025-08-05 21:25:43][INFO] User 'chetanap' logged in successfully
[2025-08-05 21:26:21][INFO] Client connected with IP: 127.0.0.1
[2025-08-05 21:26:39][DEBUG] Message received from client{"message_type":101,"username":"rutuja","password":"1234","timestamp":"2025-08-05T15:56:30.545Z"}
[2025-08-05 21:26:39][INFO] User 'rutuja' logged in successfully
[2025-08-05 21:26:43][INFO] Client disconnected. Client is going away, Reason: 
[2025-08-05 21:26:43][INFO] Client connected with IP: 127.0.0.1
[2025-08-05 21:26:48][DEBUG] Message received from client{"message_type":105,"user_id":34,"username":"rutuja"}
[2025-08-05 21:26:48][ERROR] Failed to log out user 'rutuja'
[2025-08-05 21:26:52][INFO] Client connected with IP: 127.0.0.1
[2025-08-05 21:26:56][INFO] Client connected with IP: 127.0.0.1
[2025-08-05 21:27:38][DEBUG] Message received from client{"message_type":101,"username":"rutuja","password":"1234","timestamp":"2025-08-05T15:57:24.637Z"}
[2025-08-05 21:27:38][INFO] User 'rutuja' logged in successfully
[2025-08-05 21:28:10][DEBUG] Message received from client{"message_type":105,"user_id":34,"username":"rutuja"}
[2025-08-05 21:28:10][INFO] User 'rutuja' logged out successfully
[2025-08-05 21:32:56][INFO] Client disconnected. Client is going away, Reason: 
[2025-08-05 21:46:58][INFO] Client connected with IP: 127.0.0.1
[2025-08-05 21:47:04][DEBUG] Message received from client{"message_type":101,"username":"vaibz","password":"12345","timestamp":"2025-08-05T16:17:00.236Z"}
[2025-08-05 21:47:04][INFO] User 'vaibz' logged in successfully
[2025-08-05 22:02:33][INFO] Client disconnected. Client is going away, Reason: 
[2025-08-05 22:02:33][INFO] Client connected with IP: 127.0.0.1
[2025-08-05 22:04:04][INFO] Client connected with IP: 127.0.0.1
[2025-08-05 22:04:05][INFO] Client connected with IP: 127.0.0.1
[2025-08-05 22:04:16][DEBUG] Message received from client{"message_type":101,"username":"vaibz","password":"12345","timestamp":"2025-08-05T16:34:04.979Z"}
[2025-08-05 22:04:16][INFO] User 'vaibz' logged in successfully
[2025-08-05 22:06:50][INFO] Client connected with IP: 127.0.0.1
[2025-08-05 22:07:02][INFO] Client connected with IP: 127.0.0.1
[2025-08-05 22:07:38][DEBUG] Message received from client{"message_type":101,"username":"omchavan","password":"63s6","timestamp":"2025-08-05T16:37:17.588Z"}
[2025-08-05 22:07:38][ERROR] Username does not exists: omchavan
[2025-08-05 22:07:41][DEBUG] Message received from client{"message_type":101,"username":"omchavan","password":"63s653355","timestamp":"2025-08-05T16:37:33.358Z"}
[2025-08-05 22:07:41][ERROR] Username does not exists: omchavan
[2025-08-05 22:09:03][INFO] Client disconnected. Abnormal closure (no close frame received), Reason: Received TCP FIN before WebSocket close frame
[2025-08-05 22:10:59][INFO] Client connected with IP: 127.0.0.1
[2025-08-05 22:11:11][INFO] Client connected with IP: 127.0.0.1
[2025-08-05 22:11:26][DEBUG] Message received from client{"message_type":101,"username":"om5chavan","password":"5362","timestamp":"2025-08-05T16:41:05.329Z"}
[2025-08-05 22:11:26][ERROR] Username does not exists: om5chavan
[2025-08-05 22:21:26][DEBUG] Message received from client{"message_type":103,"username":"____ommmmmmmmmmmmmmmmmmmmmmmmmmmmmmmmmmmmmmmmmmmmmmmmmmmmmmmmmmmmmmmmmmmmmmmmmmmmmmmmmmmmmmmmmmmmmmmmmmmmmmmmmmmmmmmmmmmmmmmmmmmmmmmmmmmmmmmmmmmmmmmmmmmmmmmmmmmmmmmmmmmmmmmmmmmmmmmmmmmmmmmmmmmmmmmmmmmmmmmmmmmmmmmmm","password":"omchavan*","fullname":"Om    Ram Chavan","dob":"2006-07-20","email":"omc@gmail.com","phone":"7219404566","gender":"Male","timestamp":"2025-08-05T16:51:15.723Z"}
[2025-08-05 22:21:26][ERROR] CDK Error: Data too long for column 'username' at row 1
[2025-08-05 22:21:27][DEBUG] Message received from client{"message_type":103,"username":"____ommmmmmmmmmmmmmmmmmmmmmmmmmmmmmmmmmmmmmmmmmmmmmmmmmmmmmmmmmmmmmmmmmmmmmmmmmmmmmmmmmmmmmmmmmmmmmmmmmmmmmmmmmmmmmmmmmmmmmmmmmmmmmmmmmmmmmmmmmmmmmmmmmmmmmmmmmmmmmmmmmmmmmmmmmmmmmmmmmmmmmmmmmmmmmmmmmmmmmmmmmmmmmmmm","password":"omchavan*","fullname":"Om    Ram Chavan","dob":"2006-07-20","email":"omc@gmail.com","phone":"7219404566","gender":"Male","timestamp":"2025-08-05T16:51:15.723Z"}
[2025-08-05 22:21:27][ERROR] CDK Error: Data too long for column 'username' at row 1
[2025-08-05 22:21:30][DEBUG] Message received from client{"message_type":103,"username":"____ommmmmmmmmmmmmmmmmmmmmmmmmmmmmmmmmmmmmmmmmmmmmmmmmmmmmmmmmmmmmmmmmmmmmmmmmmmmmmmmmmmmmmmmmmmmmmmmmmmmmmmmmmmmmmmmmmmmmmmmmmmmmmmmmmmmmmmmmmmmmmmmmmmmmmmmmmmmmmmmmmmmmmmmmmmmmmmmmmmmmmmmmmmmmmmmmmmmmmmmmmmmmmmmm","password":"omchavan*","fullname":"Om    Ram Chavan","dob":"2006-07-20","email":"omc@gmail.com","phone":"7219404566","gender":"Male","timestamp":"2025-08-05T16:51:15.723Z"}
[2025-08-05 22:21:30][ERROR] CDK Error: Data too long for column 'username' at row 1
[2025-08-05 22:21:31][DEBUG] Message received from client{"message_type":103,"username":"____ommmmmmmmmmmmmmmmmmmmmmmmmmmmmmmmmmmmmmmmmmmmmmmmmmmmmmmmmmmmmmmmmmmmmmmmmmmmmmmmmmmmmmmmmmmmmmmmmmmmmmmmmmmmmmmmmmmmmmmmmmmmmmmmmmmmmmmmmmmmmmmmmmmmmmmmmmmmmmmmmmmmmmmmmmmmmmmmmmmmmmmmmmmmmmmmmmmmmmmmmmmmmmmmm","password":"omchavan*","fullname":"Om    Ram Chavan","dob":"2006-07-20","email":"omc@gmail.com","phone":"7219404566","gender":"Male","timestamp":"2025-08-05T16:51:15.723Z"}
[2025-08-05 22:21:31][ERROR] CDK Error: Data too long for column 'username' at row 1
[2025-08-05 22:21:31][DEBUG] Message received from client{"message_type":103,"username":"____ommmmmmmmmmmmmmmmmmmmmmmmmmmmmmmmmmmmmmmmmmmmmmmmmmmmmmmmmmmmmmmmmmmmmmmmmmmmmmmmmmmmmmmmmmmmmmmmmmmmmmmmmmmmmmmmmmmmmmmmmmmmmmmmmmmmmmmmmmmmmmmmmmmmmmmmmmmmmmmmmmmmmmmmmmmmmmmmmmmmmmmmmmmmmmmmmmmmmmmmmmmmmmmmm","password":"omchavan*","fullname":"Om    Ram Chavan","dob":"2006-07-20","email":"omc@gmail.com","phone":"7219404566","gender":"Male","timestamp":"2025-08-05T16:51:15.723Z"}
[2025-08-05 22:21:31][ERROR] CDK Error: Data too long for column 'username' at row 1
[2025-08-05 22:21:31][DEBUG] Message received from client{"message_type":103,"username":"____ommmmmmmmmmmmmmmmmmmmmmmmmmmmmmmmmmmmmmmmmmmmmmmmmmmmmmmmmmmmmmmmmmmmmmmmmmmmmmmmmmmmmmmmmmmmmmmmmmmmmmmmmmmmmmmmmmmmmmmmmmmmmmmmmmmmmmmmmmmmmmmmmmmmmmmmmmmmmmmmmmmmmmmmmmmmmmmmmmmmmmmmmmmmmmmmmmmmmmmmmmmmmmmmm","password":"omchavan*","fullname":"Om    Ram Chavan","dob":"2006-07-20","email":"omc@gmail.com","phone":"7219404566","gender":"Male","timestamp":"2025-08-05T16:51:15.723Z"}
[2025-08-05 22:21:31][ERROR] CDK Error: Data too long for column 'username' at row 1
[2025-08-05 22:21:31][DEBUG] Message received from client{"message_type":103,"username":"____ommmmmmmmmmmmmmmmmmmmmmmmmmmmmmmmmmmmmmmmmmmmmmmmmmmmmmmmmmmmmmmmmmmmmmmmmmmmmmmmmmmmmmmmmmmmmmmmmmmmmmmmmmmmmmmmmmmmmmmmmmmmmmmmmmmmmmmmmmmmmmmmmmmmmmmmmmmmmmmmmmmmmmmmmmmmmmmmmmmmmmmmmmmmmmmmmmmmmmmmmmmmmmmmm","password":"omchavan*","fullname":"Om    Ram Chavan","dob":"2006-07-20","email":"omc@gmail.com","phone":"7219404566","gender":"Male","timestamp":"2025-08-05T16:51:15.723Z"}
[2025-08-05 22:21:31][ERROR] CDK Error: Data too long for column 'username' at row 1
[2025-08-05 22:21:31][DEBUG] Message received from client{"message_type":103,"username":"____ommmmmmmmmmmmmmmmmmmmmmmmmmmmmmmmmmmmmmmmmmmmmmmmmmmmmmmmmmmmmmmmmmmmmmmmmmmmmmmmmmmmmmmmmmmmmmmmmmmmmmmmmmmmmmmmmmmmmmmmmmmmmmmmmmmmmmmmmmmmmmmmmmmmmmmmmmmmmmmmmmmmmmmmmmmmmmmmmmmmmmmmmmmmmmmmmmmmmmmmmmmmmmmmm","password":"omchavan*","fullname":"Om    Ram Chavan","dob":"2006-07-20","email":"omc@gmail.com","phone":"7219404566","gender":"Male","timestamp":"2025-08-05T16:51:15.723Z"}
[2025-08-05 22:21:31][ERROR] CDK Error: Data too long for column 'username' at row 1
[2025-08-05 22:21:32][DEBUG] Message received from client{"message_type":103,"username":"____ommmmmmmmmmmmmmmmmmmmmmmmmmmmmmmmmmmmmmmmmmmmmmmmmmmmmmmmmmmmmmmmmmmmmmmmmmmmmmmmmmmmmmmmmmmmmmmmmmmmmmmmmmmmmmmmmmmmmmmmmmmmmmmmmmmmmmmmmmmmmmmmmmmmmmmmmmmmmmmmmmmmmmmmmmmmmmmmmmmmmmmmmmmmmmmmmmmmmmmmmmmmmmmmm","password":"omchavan*","fullname":"Om    Ram Chavan","dob":"2006-07-20","email":"omc@gmail.com","phone":"7219404566","gender":"Male","timestamp":"2025-08-05T16:51:15.723Z"}
[2025-08-05 22:21:32][ERROR] CDK Error: Data too long for column 'username' at row 1
[2025-08-05 22:21:32][DEBUG] Message received from client{"message_type":103,"username":"____ommmmmmmmmmmmmmmmmmmmmmmmmmmmmmmmmmmmmmmmmmmmmmmmmmmmmmmmmmmmmmmmmmmmmmmmmmmmmmmmmmmmmmmmmmmmmmmmmmmmmmmmmmmmmmmmmmmmmmmmmmmmmmmmmmmmmmmmmmmmmmmmmmmmmmmmmmmmmmmmmmmmmmmmmmmmmmmmmmmmmmmmmmmmmmmmmmmmmmmmmmmmmmmmm","password":"omchavan*","fullname":"Om    Ram Chavan","dob":"2006-07-20","email":"omc@gmail.com","phone":"7219404566","gender":"Male","timestamp":"2025-08-05T16:51:15.723Z"}
[2025-08-05 22:21:32][ERROR] CDK Error: Data too long for column 'username' at row 1
[2025-08-05 22:21:33][DEBUG] Message received from client{"message_type":103,"username":"____ommmmmmmmmmmmmmmmmmmmmmmmmmmmmmmmmmmmmmmmmmmmmmmmmmmmmmmmmmmmmmmmmmmmmmmmmmmmmmmmmmmmmmmmmmmmmmmmmmmmmmmmmmmmmmmmmmmmmmmmmmmmmmmmmmmmmmmmmmmmmmmmmmmmmmmmmmmmmmmmmmmmmmmmmmmmmmmmmmmmmmmmmmmmmmmmmmmmmmmmmmmmmmmmm","password":"omchavan*","fullname":"Om    Ram Chavan","dob":"2006-07-20","email":"omc@gmail.com","phone":"7219404566","gender":"Male","timestamp":"2025-08-05T16:51:15.723Z"}
[2025-08-05 22:21:33][ERROR] CDK Error: Data too long for column 'username' at row 1
[2025-08-05 22:21:33][DEBUG] Message received from client{"message_type":103,"username":"____ommmmmmmmmmmmmmmmmmmmmmmmmmmmmmmmmmmmmmmmmmmmmmmmmmmmmmmmmmmmmmmmmmmmmmmmmmmmmmmmmmmmmmmmmmmmmmmmmmmmmmmmmmmmmmmmmmmmmmmmmmmmmmmmmmmmmmmmmmmmmmmmmmmmmmmmmmmmmmmmmmmmmmmmmmmmmmmmmmmmmmmmmmmmmmmmmmmmmmmmmmmmmmmmm","password":"omchavan*","fullname":"Om    Ram Chavan","dob":"2006-07-20","email":"omc@gmail.com","phone":"7219404566","gender":"Male","timestamp":"2025-08-05T16:51:15.723Z"}
[2025-08-05 22:21:33][ERROR] CDK Error: Data too long for column 'username' at row 1
[2025-08-05 22:21:33][DEBUG] Message received from client{"message_type":103,"username":"____ommmmmmmmmmmmmmmmmmmmmmmmmmmmmmmmmmmmmmmmmmmmmmmmmmmmmmmmmmmmmmmmmmmmmmmmmmmmmmmmmmmmmmmmmmmmmmmmmmmmmmmmmmmmmmmmmmmmmmmmmmmmmmmmmmmmmmmmmmmmmmmmmmmmmmmmmmmmmmmmmmmmmmmmmmmmmmmmmmmmmmmmmmmmmmmmmmmmmmmmmmmmmmmmm","password":"omchavan*","fullname":"Om    Ram Chavan","dob":"2006-07-20","email":"omc@gmail.com","phone":"7219404566","gender":"Male","timestamp":"2025-08-05T16:51:15.723Z"}
[2025-08-05 22:21:33][ERROR] CDK Error: Data too long for column 'username' at row 1
[2025-08-05 22:21:34][DEBUG] Message received from client{"message_type":103,"username":"____ommmmmmmmmmmmmmmmmmmmmmmmmmmmmmmmmmmmmmmmmmmmmmmmmmmmmmmmmmmmmmmmmmmmmmmmmmmmmmmmmmmmmmmmmmmmmmmmmmmmmmmmmmmmmmmmmmmmmmmmmmmmmmmmmmmmmmmmmmmmmmmmmmmmmmmmmmmmmmmmmmmmmmmmmmmmmmmmmmmmmmmmmmmmmmmmmmmmmmmmmmmmmmmmm","password":"omchavan*","fullname":"Om    Ram Chavan","dob":"2006-07-20","email":"omc@gmail.com","phone":"7219404566","gender":"Male","timestamp":"2025-08-05T16:51:15.723Z"}
[2025-08-05 22:21:34][ERROR] CDK Error: Data too long for column 'username' at row 1
[2025-08-05 22:21:34][DEBUG] Message received from client{"message_type":103,"username":"____ommmmmmmmmmmmmmmmmmmmmmmmmmmmmmmmmmmmmmmmmmmmmmmmmmmmmmmmmmmmmmmmmmmmmmmmmmmmmmmmmmmmmmmmmmmmmmmmmmmmmmmmmmmmmmmmmmmmmmmmmmmmmmmmmmmmmmmmmmmmmmmmmmmmmmmmmmmmmmmmmmmmmmmmmmmmmmmmmmmmmmmmmmmmmmmmmmmmmmmmmmmmmmmmm","password":"omchavan*","fullname":"Om    Ram Chavan","dob":"2006-07-20","email":"omc@gmail.com","phone":"7219404566","gender":"Male","timestamp":"2025-08-05T16:51:15.723Z"}
[2025-08-05 22:21:34][ERROR] CDK Error: Data too long for column 'username' at row 1
[2025-08-05 22:21:34][DEBUG] Message received from client{"message_type":103,"username":"____ommmmmmmmmmmmmmmmmmmmmmmmmmmmmmmmmmmmmmmmmmmmmmmmmmmmmmmmmmmmmmmmmmmmmmmmmmmmmmmmmmmmmmmmmmmmmmmmmmmmmmmmmmmmmmmmmmmmmmmmmmmmmmmmmmmmmmmmmmmmmmmmmmmmmmmmmmmmmmmmmmmmmmmmmmmmmmmmmmmmmmmmmmmmmmmmmmmmmmmmmmmmmmmmm","password":"omchavan*","fullname":"Om    Ram Chavan","dob":"2006-07-20","email":"omc@gmail.com","phone":"7219404566","gender":"Male","timestamp":"2025-08-05T16:51:15.723Z"}
[2025-08-05 22:21:34][ERROR] CDK Error: Data too long for column 'username' at row 1
[2025-08-05 22:21:34][DEBUG] Message received from client{"message_type":103,"username":"____ommmmmmmmmmmmmmmmmmmmmmmmmmmmmmmmmmmmmmmmmmmmmmmmmmmmmmmmmmmmmmmmmmmmmmmmmmmmmmmmmmmmmmmmmmmmmmmmmmmmmmmmmmmmmmmmmmmmmmmmmmmmmmmmmmmmmmmmmmmmmmmmmmmmmmmmmmmmmmmmmmmmmmmmmmmmmmmmmmmmmmmmmmmmmmmmmmmmmmmmmmmmmmmmm","password":"omchavan*","fullname":"Om    Ram Chavan","dob":"2006-07-20","email":"omc@gmail.com","phone":"7219404566","gender":"Male","timestamp":"2025-08-05T16:51:15.723Z"}
[2025-08-05 22:21:34][ERROR] CDK Error: Data too long for column 'username' at row 1
[2025-08-05 22:21:35][DEBUG] Message received from client{"message_type":103,"username":"____ommmmmmmmmmmmmmmmmmmmmmmmmmmmmmmmmmmmmmmmmmmmmmmmmmmmmmmmmmmmmmmmmmmmmmmmmmmmmmmmmmmmmmmmmmmmmmmmmmmmmmmmmmmmmmmmmmmmmmmmmmmmmmmmmmmmmmmmmmmmmmmmmmmmmmmmmmmmmmmmmmmmmmmmmmmmmmmmmmmmmmmmmmmmmmmmmmmmmmmmmmmmmmmmm","password":"omchavan*","fullname":"Om    Ram Chavan","dob":"2006-07-20","email":"omc@gmail.com","phone":"7219404566","gender":"Male","timestamp":"2025-08-05T16:51:15.723Z"}
[2025-08-05 22:21:35][ERROR] CDK Error: Data too long for column 'username' at row 1
[2025-08-05 22:21:35][DEBUG] Message received from client{"message_type":103,"username":"____ommmmmmmmmmmmmmmmmmmmmmmmmmmmmmmmmmmmmmmmmmmmmmmmmmmmmmmmmmmmmmmmmmmmmmmmmmmmmmmmmmmmmmmmmmmmmmmmmmmmmmmmmmmmmmmmmmmmmmmmmmmmmmmmmmmmmmmmmmmmmmmmmmmmmmmmmmmmmmmmmmmmmmmmmmmmmmmmmmmmmmmmmmmmmmmmmmmmmmmmmmmmmmmmm","password":"omchavan*","fullname":"Om    Ram Chavan","dob":"2006-07-20","email":"omc@gmail.com","phone":"7219404566","gender":"Male","timestamp":"2025-08-05T16:51:15.723Z"}
[2025-08-05 22:21:35][ERROR] CDK Error: Data too long for column 'username' at row 1
[2025-08-05 22:21:38][INFO] Client connected with IP: 127.0.0.1
[2025-08-05 22:23:18][DEBUG] Message received from client{"message_type":103,"username":"____ommmmmmmmmmmmmmmmmmmmmmmmmmmmmmmmmmmmmmmmmmmmmmmmmmmmmmmmmmmmmmmmmmmmmmmmmmmmmmmmmmmmmmmmmmmmmmmmmmmmmmmmmmmmmmmmmmmmmm","password":"omchavan8*","fullname":"om chavan","dob":"2006-07-20","email":"omc@gmail","phone":"7219404566","gender":"Male","timestamp":"2025-08-05T16:51:32.784Z"}
[2025-08-05 22:23:18][ERROR] CDK Error: Data too long for column 'username' at row 1
[2025-08-05 22:23:19][DEBUG] Message received from client{"message_type":103,"username":"____ommmmmmmmmmmmmmmmmmmmmmmmmmmmmmmmmmmmmmmmmmmmmmmmmmmmmmmmmmmmmmmmmmmmmmmmmmmmmmmmmmmmmmmmmmmmmmmmmmmmmmmmmmmmmmmmmmmmmm","password":"omchavan8*","fullname":"om chavan","dob":"2006-07-20","email":"omc@gmail","phone":"7219404566","gender":"Male","timestamp":"2025-08-05T16:51:32.784Z"}
[2025-08-05 22:23:19][ERROR] CDK Error: Data too long for column 'username' at row 1
[2025-08-05 22:23:20][DEBUG] Message received from client{"message_type":103,"username":"____ommmmmmmmmmmmmmmmmmmmmmmmmmmmmmmmmmmmmmmmmmmmmmmmmmmmmmmmmmmmmmmmmmmmmmmmmmmmmmmmmmmmmmmmmmmmmmmmmmmmmmmmmmmmmmmmmmmmmm","password":"omchavan8*","fullname":"om chavan","dob":"2006-07-20","email":"omc@gmail","phone":"7219404566","gender":"Male","timestamp":"2025-08-05T16:51:32.784Z"}
[2025-08-05 22:23:20][ERROR] CDK Error: Data too long for column 'username' at row 1
[2025-08-05 22:23:20][DEBUG] Message received from client{"message_type":103,"username":"____ommmmmmmmmmmmmmmmmmmmmmmmmmmmmmmmmmmmmmmmmmmmmmmmmmmmmmmmmmmmmmmmmmmmmmmmmmmmmmmmmmmmmmmmmmmmmmmmmmmmmmmmmmmmmmmmmmmmmm","password":"omchavan8*","fullname":"om chavan","dob":"2006-07-20","email":"omc@gmail","phone":"7219404566","gender":"Male","timestamp":"2025-08-05T16:51:32.784Z"}
[2025-08-05 22:23:20][ERROR] CDK Error: Data too long for column 'username' at row 1
[2025-08-05 22:23:20][DEBUG] Message received from client{"message_type":103,"username":"____ommmmmmmmmmmmmmmmmmmmmmmmmmmmmmmmmmmmmmmmmmmmmmmmmmmmmmmmmmmmmmmmmmmmmmmmmmmmmmmmmmmmmmmmmmmmmmmmmmmmmmmmmmmmmmmmmmmmmm","password":"omchavan8*","fullname":"om chavan","dob":"2006-07-20","email":"omc@gmail","phone":"7219404566","gender":"Male","timestamp":"2025-08-05T16:51:32.784Z"}
[2025-08-05 22:23:20][DEBUG] Message received from client{"message_type":103,"username":"____ommmmmmmmmmmmmmmmmmmmmmmmmmmmmmmmmmmmmmmmmmmmmmmmmmmmmmmmmmmmmmmmmmmmmmmmmmmmmmmmmmmmmmmmmmmmmmmmmmmmmmmmmmmmmmmmmmmmmm","password":"omchavan8*","fullname":"om chavan","dob":"2006-07-20","email":"omc@gmail","phone":"7219404566","gender":"Male","timestamp":"2025-08-05T16:51:32.784Z"}
[2025-08-05 22:23:20][ERROR] CDK Error: Data too long for column 'username' at row 1
[2025-08-05 22:23:20][ERROR] CDK Error: Data too long for column 'username' at row 1
[2025-08-05 22:23:21][DEBUG] Message received from client{"message_type":103,"username":"____ommmmmmmmmmmmmmmmmmmmmmmmmmmmmmmmmmmmmmmmmmmmmmmmmmmmmmmmmmmmmmmmmmmmmmmmmmmmmmmmmmmmmmmmmmmmmmmmmmmmmmmmmmmmmmmmmmmmmm","password":"omchavan8*","fullname":"om chavan","dob":"2006-07-20","email":"omc@gmail","phone":"7219404566","gender":"Male","timestamp":"2025-08-05T16:51:32.784Z"}
[2025-08-05 22:23:21][ERROR] CDK Error: Data too long for column 'username' at row 1
[2025-08-05 22:23:21][DEBUG] Message received from client{"message_type":103,"username":"____ommmmmmmmmmmmmmmmmmmmmmmmmmmmmmmmmmmmmmmmmmmmmmmmmmmmmmmmmmmmmmmmmmmmmmmmmmmmmmmmmmmmmmmmmmmmmmmmmmmmmmmmmmmmmmmmmmmmmm","password":"omchavan8*","fullname":"om chavan","dob":"2006-07-20","email":"omc@gmail","phone":"7219404566","gender":"Male","timestamp":"2025-08-05T16:51:32.784Z"}
[2025-08-05 22:23:21][ERROR] CDK Error: Data too long for column 'username' at row 1
[2025-08-05 22:23:54][DEBUG] Message received from client{"message_type":103,"username":"omchavan8","password":"omchavan8*","fullname":"om chavan","dob":"2006-07-20","email":"omc@gmail","phone":"7219404566","gender":"Male","timestamp":"2025-08-05T16:51:32.784Z"}
[2025-08-05 22:27:29][DEBUG] Message received from client{"message_type":103,"username":"ommmmmmmmmmmmmmmmmmmmmmmmmmm","password":"omkdcndc/8*","fullname":"om","dob":"2006-07-20","email":"omchavan@g.com","phone":"7219404566","gender":"Male","timestamp":"2025-08-05T16:57:18.108Z"}
[2025-08-05 22:27:29][ERROR] Phone already exists: 7219404566
[2025-08-05 22:27:38][DEBUG] Message received from client{"message_type":103,"username":"ommmmmmmmmmmmmmmmmmmmmmmmmmm","password":"omkdcndc/8*","fullname":"om","dob":"2006-07-20","email":"omchavan@g.com","phone":"7219404565","gender":"Male","timestamp":"2025-08-05T16:57:28.078Z"}
[2025-08-05 22:30:27][DEBUG] Message received from client{"message_type":103,"username":"oo_mm","password":"oo_mm235*","fullname":"om","dob":"2006-07-20","email":"om@gmail","phone":"7219404566","gender":"Male","timestamp":"2025-08-05T17:00:19.291Z"}
[2025-08-05 22:30:27][ERROR] Phone already exists: 7219404566
[2025-08-05 22:30:36][DEBUG] Message received from client{"message_type":103,"username":"oo_mm","password":"oo_mm235*","fullname":"om","dob":"2006-07-20","email":"om@gmail","phone":"7219404567","gender":"Male","timestamp":"2025-08-05T17:00:25.208Z"}
[2025-08-05 22:31:19][DEBUG] Message received from client{"message_type":101,"username":"oo_mm","password":"oo_mm235*","timestamp":"2025-08-05T17:00:33.094Z"}
[2025-08-05 22:31:19][INFO] User 'oo_mm' logged in successfully
[2025-08-05 22:31:29][DEBUG] Message received from client{"message_type":107,"username":"s","requested_by":"oo_mm"}
[2025-08-05 22:31:29][DEBUG] Message received from client{"message_type":107,"username":"sa","requested_by":"oo_mm"}
[2025-08-05 22:31:29][DEBUG] Message received from client{"message_type":107,"username":"sak","requested_by":"oo_mm"}
[2025-08-05 22:31:34][DEBUG] Message received from client{"message_type":109,"sender_id":1250,"sender":"oo_mm","name_of_sender":"om","receiver_id":36,"receiver":"Sakshi","name_of_receiver":"Sakshi","timestamp":"2025-08-05T17:01:23.839Z"}
[2025-08-05 22:31:34][DEBUG] Message received from client{"message_type":107,"username":"sak","requested_by":"oo_mm"}
[2025-08-05 22:31:37][DEBUG] Message received from client{"message_type":107,"username":"sa","requested_by":"oo_mm"}
[2025-08-05 22:31:37][DEBUG] Message received from client{"message_type":107,"username":"s","requested_by":"oo_mm"}
[2025-08-05 22:31:38][DEBUG] Message received from client{"message_type":107,"username":"so","requested_by":"oo_mm"}
[2025-08-05 22:31:42][DEBUG] Message received from client{"message_type":109,"sender_id":1250,"sender":"oo_mm","name_of_sender":"om","receiver_id":1244,"receiver":"so_sasssy","name_of_receiver":"sakshi chavan","timestamp":"2025-08-05T17:01:33.015Z"}
[2025-08-05 22:31:42][DEBUG] Message received from client{"message_type":107,"username":"so","requested_by":"oo_mm"}
[2025-08-05 22:31:45][DEBUG] Message received from client{"message_type":107,"username":"s","requested_by":"oo_mm"}
[2025-08-05 22:31:45][DEBUG] Message received from client{"message_type":107,"username":"","requested_by":"oo_mm"}
[2025-08-05 22:31:46][DEBUG] Message received from client{"message_type":107,"username":"r","requested_by":"oo_mm"}
[2025-08-05 22:31:46][DEBUG] Message received from client{"message_type":107,"username":"ru","requested_by":"oo_mm"}
[2025-08-05 22:31:46][DEBUG] Message received from client{"message_type":107,"username":"rur","requested_by":"oo_mm"}
[2025-08-05 22:31:47][DEBUG] Message received from client{"message_type":107,"username":"ru","requested_by":"oo_mm"}
[2025-08-05 22:31:50][DEBUG] Message received from client{"message_type":109,"sender_id":1250,"sender":"oo_mm","name_of_sender":"om","receiver_id":34,"receiver":"Rutuja","name_of_receiver":"Rutuja Dabhade","timestamp":"2025-08-05T17:01:41.785Z"}
[2025-08-05 22:31:50][DEBUG] Message received from client{"message_type":107,"username":"ru","requested_by":"oo_mm"}
[2025-08-05 22:31:52][DEBUG] Message received from client{"message_type":109,"sender_id":1250,"sender":"oo_mm","name_of_sender":"om","receiver_id":40,"receiver":"__rutu","name_of_receiver":"Rutuja D","timestamp":"2025-08-05T17:01:44.975Z"}
[2025-08-05 22:31:52][DEBUG] Message received from client{"message_type":107,"username":"ru","requested_by":"oo_mm"}
[2025-08-05 22:31:56][DEBUG] Message received from client{"message_type":107,"username":"r","requested_by":"oo_mm"}
[2025-08-05 22:31:56][DEBUG] Message received from client{"message_type":107,"username":"","requested_by":"oo_mm"}
[2025-08-05 22:31:57][DEBUG] Message received from client{"message_type":107,"username":"c","requested_by":"oo_mm"}
[2025-08-05 22:31:57][DEBUG] Message received from client{"message_type":107,"username":"ch","requested_by":"oo_mm"}
[2025-08-05 22:31:57][DEBUG] Message received from client{"message_type":107,"username":"che","requested_by":"oo_mm"}
[2025-08-05 22:31:59][DEBUG] Message received from client{"message_type":109,"sender_id":1250,"sender":"oo_mm","name_of_sender":"om","receiver_id":1245,"receiver":"chetanap","name_of_receiver":"Chetana Patil","timestamp":"2025-08-05T17:01:51.730Z"}
[2025-08-05 22:31:59][DEBUG] Message received from client{"message_type":107,"username":"che","requested_by":"oo_mm"}
[2025-08-05 22:32:01][DEBUG] Message received from client{"message_type":107,"username":"ch","requested_by":"oo_mm"}
[2025-08-05 22:32:01][DEBUG] Message received from client{"message_type":107,"username":"c","requested_by":"oo_mm"}
[2025-08-05 22:32:02][DEBUG] Message received from client{"message_type":107,"username":"","requested_by":"oo_mm"}
[2025-08-05 22:32:02][DEBUG] Message received from client{"message_type":107,"username":"v","requested_by":"oo_mm"}
[2025-08-05 22:32:02][DEBUG] Message received from client{"message_type":107,"username":"va","requested_by":"oo_mm"}
[2025-08-05 22:32:02][DEBUG] Message received from client{"message_type":107,"username":"vai","requested_by":"oo_mm"}
[2025-08-05 22:32:06][DEBUG] Message received from client{"message_type":109,"sender_id":1250,"sender":"oo_mm","name_of_sender":"om","receiver_id":21,"receiver":"vaibz","name_of_receiver":"Vaibhav Gaikwad","timestamp":"2025-08-05T17:01:57.233Z"}
[2025-08-05 22:32:06][DEBUG] Message received from client{"message_type":107,"username":"vai","requested_by":"oo_mm"}
[2025-08-05 22:32:18][DEBUG] Message received from client{"message_type":109,"sender_id":1250,"sender":"oo_mm","name_of_sender":"om","receiver_id":1243,"receiver":"vaibz21","name_of_receiver":"Vaibhav Gaikwad","timestamp":"2025-08-05T17:02:00.992Z"}
[2025-08-05 22:32:18][DEBUG] Message received from client{"message_type":107,"username":"vai","requested_by":"oo_mm"}
[2025-08-05 22:32:56][INFO] Client connected with IP: 127.0.0.1
[2025-08-05 22:33:17][DEBUG] Message received from client{"message_type":101,"username":"so_sasssy","password":"2356 ","timestamp":"2025-08-05T17:02:57.826Z"}
[2025-08-05 22:33:17][ERROR] Password is incorrect for user: so_sasssy
[2025-08-05 22:35:32][DEBUG] Message received from client{"message_type":101,"username":"so_sasssy","password":"2356","timestamp":"2025-08-05T17:03:13.745Z"}
[2025-08-05 22:35:32][INFO] User 'so_sasssy' logged in successfully
[2025-08-05 22:36:01][DEBUG] Message received from client{"message_type":110,"sender_id":1244,"sender":"so_sasssy","name_of_sender":"sakshi chavan","receiver_id":1250,"receiver":"oo_mm","name_of_receiver":"om","request_status":1,"timestamp":"2025-08-05T17:05:40.392Z"}
[2025-08-05 22:40:34][DEBUG] Message received from client{"message_type":105,"user_id":1244,"username":"so_sasssy"}
[2025-08-05 22:40:34][INFO] User 'so_sasssy' logged out successfully
[2025-08-05 22:42:44][DEBUG] Message received from client{"message_type":103,"username":"saucy_sakshi","password":"sakk**jk","fullname":"sakshi chavan","dob":"2004-09-07","email":"saucy@gmail","phone":"8483827706","gender":"Female","timestamp":"2025-08-05T17:10:38.386Z"}
[2025-08-05 22:46:43][DEBUG] Message received from client{"message_type":103,"password":"sakshi25356*","username":"whatever","fullname":"sakk","dob":"2025-08-03","email":"sakk@gmail.com","phone":"7219404590","gender":"Female","timestamp":"2025-08-05T17:16:32.940Z"}
[2025-08-05 22:46:45][DEBUG] Message received from client{"message_type":103,"password":"sakshi25356*","username":"whatever","fullname":"sakk","dob":"2025-08-03","email":"sakk@gmail.com","phone":"7219404590","gender":"Female","timestamp":"2025-08-05T17:16:37.810Z"}
[2025-08-05 22:46:45][ERROR] Username already exists: whatever
[2025-08-05 22:47:45][DEBUG] Message received from client{"message_type":101,"username":"whatever","password":"sakshu2356_","timestamp":"2025-08-05T17:16:39.821Z"}
[2025-08-05 22:47:45][ERROR] Password is incorrect for user: whatever
[2025-08-05 22:47:58][DEBUG] Message received from client{"message_type":101,"username":"whatever","password":"sakshi2356_","timestamp":"2025-08-05T17:17:45.436Z"}
[2025-08-05 22:47:58][ERROR] Password is incorrect for user: whatever
[2025-08-05 22:48:09][DEBUG] Message received from client{"message_type":101,"username":"whatever","password":"sakshi25356_","timestamp":"2025-08-05T17:18:01.962Z"}
[2025-08-05 22:48:09][ERROR] Password is incorrect for user: whatever
[2025-08-05 22:48:28][DEBUG] Message received from client{"message_type":101,"username":"whatever","password":"sakshi25356_","timestamp":"2025-08-05T17:18:03.684Z"}
[2025-08-05 22:48:28][ERROR] Password is incorrect for user: whatever
[2025-08-05 22:48:32][DEBUG] Message received from client{"message_type":101,"username":"whatever","password":"sakshi25356_","timestamp":"2025-08-05T17:18:03.684Z"}
[2025-08-05 22:48:32][ERROR] Password is incorrect for user: whatever
[2025-08-05 22:48:49][DEBUG] Message received from client{"message_type":101,"username":"whatever","password":"sakshi25356_","timestamp":"2025-08-05T17:18:29.285Z"}
[2025-08-05 22:48:49][ERROR] Password is incorrect for user: whatever
[2025-08-05 22:49:07][DEBUG] Message received from client{"message_type":101,"username":"whatever","password":"sakshi25356_","timestamp":"2025-08-05T17:18:44.186Z"}
[2025-08-05 22:49:07][ERROR] Password is incorrect for user: whatever
[2025-08-05 22:52:53][DEBUG] Message received from client{"message_type":101,"username":"whatever","password":"sakshi25356_","timestamp":"2025-08-05T17:18:44.186Z"}
[2025-08-05 22:52:53][ERROR] Password is incorrect for user: whatever
[2025-08-05 22:52:55][DEBUG] Message received from client{"message_type":101,"username":"whatever","password":"sakshi25356_","timestamp":"2025-08-05T17:18:44.186Z"}
[2025-08-05 22:52:55][ERROR] Password is incorrect for user: whatever
[2025-08-05 22:52:55][DEBUG] Message received from client{"message_type":101,"username":"whatever","password":"sakshi25356_","timestamp":"2025-08-05T17:18:44.186Z"}
[2025-08-05 22:52:55][ERROR] Password is incorrect for user: whatever
[2025-08-05 22:53:13][DEBUG] Message received from client{"message_type":101,"username":"whatever","password":"sakshi25356_","timestamp":"2025-08-05T17:22:56.144Z"}
[2025-08-05 22:53:13][ERROR] Password is incorrect for user: whatever
[2025-08-05 22:53:15][DEBUG] Message received from client{"message_type":101,"username":"whatever","password":"sakshi25356_","timestamp":"2025-08-05T17:23:07.973Z"}
[2025-08-05 22:53:15][ERROR] Password is incorrect for user: whatever
[2025-08-05 22:53:15][DEBUG] Message received from client{"message_type":101,"username":"whatever","password":"sakshi25356_","timestamp":"2025-08-05T17:23:07.973Z"}
[2025-08-05 22:53:15][ERROR] Password is incorrect for user: whatever
[2025-08-05 22:53:15][DEBUG] Message received from client{"message_type":101,"username":"whatever","password":"sakshi25356_","timestamp":"2025-08-05T17:23:07.973Z"}
[2025-08-05 22:53:15][ERROR] Password is incorrect for user: whatever
[2025-08-05 22:53:21][DEBUG] Message received from client{"message_type":101,"username":"whatever","password":"sakshi25356_","timestamp":"2025-08-05T17:23:11.678Z"}
[2025-08-05 22:53:21][ERROR] Password is incorrect for user: whatever
[2025-08-05 22:57:49][DEBUG] Message received from client{"message_type":101,"username":"whatever","password":"sakshi25356_","timestamp":"2025-08-05T17:27:27.805Z"}
[2025-08-05 22:57:49][ERROR] Password is incorrect for user: whatever
[2025-08-05 22:59:14][DEBUG] Message received from client{"message_type":101,"username":"whatever","password":"sakshi25356*","timestamp":"2025-08-05T17:28:49.937Z"}
[2025-08-05 22:59:14][INFO] User 'whatever' logged in successfully
