[2025-06-28 09:08:38][INFO] Server started...
[2025-06-28 09:09:01][INFO] Server started...
[2025-06-28 09:18:41][INFO] Client connected with IP: 0000:0000:0000:0000:0000:0000:0000:0001
[2025-06-28 09:18:41][INFO] Client connected with IP: 0000:0000:0000:0000:0000:0000:0000:0001
[2025-06-28 09:18:45][INFO] Client connected with IP: 0000:0000:0000:0000:0000:0000:0000:0001
[2025-06-28 09:18:45][INFO] Client connected with IP: 0000:0000:0000:0000:0000:0000:0000:0001
[2025-06-28 09:18:47][INFO] Client disconnected. Code: 1001, Reason: 
[2025-06-28 09:18:47][INFO] Client disconnected. Code: 1001, Reason: 
[2025-06-28 09:29:35][INFO] Server started...
[2025-06-28 09:29:41][INFO] Client connected with IP: 0000:0000:0000:0000:0000:0000:0000:0001
[2025-06-28 09:29:41][INFO] Client connected with IP: 0000:0000:0000:0000:0000:0000:0000:0001
[2025-06-28 09:29:47][INFO] User 'vaibz' logged in successfully
[2025-06-28 09:30:13][INFO] Server started...
[2025-06-28 09:30:13][INFO] Client connected with IP: 0000:0000:0000:0000:0000:0000:0000:0001
[2025-06-28 09:30:13][INFO] Client connected with IP: 0000:0000:0000:0000:0000:0000:0000:0001
[2025-06-28 09:30:20][INFO] User 'vaibz' logged in successfully
[2025-06-28 09:32:15][INFO] Server started...
[2025-06-28 09:32:24][INFO] Client connected with IP: 0000:0000:0000:0000:0000:0000:0000:0001
[2025-06-28 09:32:24][INFO] Client connected with IP: 0000:0000:0000:0000:0000:0000:0000:0001
[2025-06-28 09:32:32][INFO] User 'vaibz' logged in successfully
[2025-06-28 09:34:19][INFO] Server started...
[2025-06-28 09:34:26][INFO] Client connected with IP: 0000:0000:0000:0000:0000:0000:0000:0001
[2025-06-28 09:34:26][INFO] Client connected with IP: 0000:0000:0000:0000:0000:0000:0000:0001
[2025-06-28 09:34:33][INFO] User 'vaibz' logged in successfully
[2025-06-28 09:35:23][INFO] Client connected with IP: 0000:0000:0000:0000:0000:0000:0000:0001
[2025-06-28 09:35:23][INFO] Client connected with IP: 0000:0000:0000:0000:0000:0000:0000:0001
[2025-06-28 09:36:09][INFO] Server started...
[2025-06-28 09:36:14][INFO] Client connected with IP: 0000:0000:0000:0000:0000:0000:0000:0001
[2025-06-28 09:36:14][INFO] Client connected with IP: 0000:0000:0000:0000:0000:0000:0000:0001
[2025-06-28 09:36:15][INFO] Client disconnected. Code: 1001, Reason: 
[2025-06-28 09:36:15][INFO] Client disconnected. Code: 1001, Reason: 
[2025-06-28 09:36:15][INFO] Client connected with IP: 0000:0000:0000:0000:0000:0000:0000:0001
[2025-06-28 09:36:15][INFO] Client connected with IP: 0000:0000:0000:0000:0000:0000:0000:0001
[2025-06-28 09:36:16][INFO] Client disconnected. Code: 1001, Reason: 
[2025-06-28 09:36:16][INFO] Client disconnected. Code: 1001, Reason: 
[2025-06-28 09:36:16][INFO] Client connected with IP: 0000:0000:0000:0000:0000:0000:0000:0001
[2025-06-28 09:36:16][INFO] Client connected with IP: 0000:0000:0000:0000:0000:0000:0000:0001
[2025-06-28 09:36:17][INFO] Client disconnected. Code: 1001, Reason: 
[2025-06-28 09:36:17][INFO] Client disconnected. Code: 1001, Reason: 
[2025-06-28 09:36:17][INFO] Client connected with IP: 0000:0000:0000:0000:0000:0000:0000:0001
[2025-06-28 09:36:17][INFO] Client connected with IP: 0000:0000:0000:0000:0000:0000:0000:0001
[2025-06-28 09:36:24][INFO] User 'vaibz' logged in successfully
[2025-06-28 09:37:11][INFO] Client disconnected. Code: 1001, Reason: 
[2025-06-28 09:37:11][INFO] Client disconnected. Code: 1001, Reason: 
[2025-06-28 09:37:15][INFO] Client connected with IP: 0000:0000:0000:0000:0000:0000:0000:0001
[2025-06-28 09:37:15][INFO] Client connected with IP: 0000:0000:0000:0000:0000:0000:0000:0001
[2025-06-28 09:37:22][INFO] User 'vaibz' logged in successfully
[2025-06-28 09:39:46][INFO] Server started...
[2025-06-28 13:27:17][INFO] Server started...
[2025-06-28 13:27:25][INFO] Client connected with IP: 0000:0000:0000:0000:0000:0000:0000:0001
[2025-06-28 13:27:25][INFO] Client connected with IP: 0000:0000:0000:0000:0000:0000:0000:0001
[2025-06-28 13:27:47][ERROR] Username does not exists: vaibzd
[2025-06-28 13:27:53][ERROR] Password is incorrect for user: vaibz
[2025-06-28 13:28:08][ERROR] Password is incorrect for user: vaibz
[2025-06-28 13:28:15][ERROR] Password is incorrect for user: vaibz
[2025-06-28 13:28:21][ERROR] Password is incorrect for user: vaibz
[2025-06-28 13:28:21][ERROR] Password is incorrect for user: vaibz
[2025-06-28 13:28:21][ERROR] Password is incorrect for user: vaibz
[2025-06-28 13:28:22][ERROR] Password is incorrect for user: vaibz
[2025-06-28 13:28:22][ERROR] Password is incorrect for user: vaibz
[2025-06-28 13:28:22][ERROR] Password is incorrect for user: vaibz
[2025-06-28 13:28:22][ERROR] Password is incorrect for user: vaibz
[2025-06-28 13:28:22][ERROR] Password is incorrect for user: vaibz
[2025-06-28 13:28:22][ERROR] Password is incorrect for user: vaibz
[2025-06-28 13:28:24][ERROR] Password is incorrect for user: vaibz
[2025-06-28 13:28:24][ERROR] Password is incorrect for user: vaibz
[2025-06-28 13:28:26][ERROR] Password is incorrect for user: vaibz
[2025-06-28 13:28:27][ERROR] Password is incorrect for user: vaibz
[2025-06-28 13:28:33][INFO] User 'vaibz' logged in successfully
[2025-06-28 13:32:05][INFO] Client disconnected. Code: 1006, Reason: Received TCP FIN before WebSocket close frame
[2025-06-28 13:32:05][INFO] Client disconnected. Code: 1006, Reason: Received TCP FIN before WebSocket close frame
[2025-06-28 13:32:06][INFO] Client connected with IP: 0000:0000:0000:0000:0000:0000:0000:0001
[2025-06-28 13:32:06][INFO] Client connected with IP: 0000:0000:0000:0000:0000:0000:0000:0001
[2025-06-28 14:18:10][INFO] Server started...
[2025-06-28 14:18:21][INFO] Client connected with IP: 0000:0000:0000:0000:0000:0000:0000:0001
[2025-06-28 14:18:21][INFO] Client connected with IP: 0000:0000:0000:0000:0000:0000:0000:0001
[2025-06-28 14:18:27][INFO] User 'vaibz' logged in successfully
[2025-06-28 14:21:05][INFO] Server started...
[2025-06-28 14:21:17][INFO] Client connected with IP: 0000:0000:0000:0000:0000:0000:0000:0001
[2025-06-28 14:21:17][INFO] Client connected with IP: 0000:0000:0000:0000:0000:0000:0000:0001
[2025-06-28 14:21:24][INFO] User 'vaibz' logged in successfully
[2025-06-28 14:27:12][INFO] Client disconnected. Code: 1005, Reason: 
[2025-06-28 14:27:22][INFO] Client connected with IP: 0000:0000:0000:0000:0000:0000:0000:0001
[2025-06-28 14:27:22][INFO] Client connected with IP: 0000:0000:0000:0000:0000:0000:0000:0001
[2025-06-28 14:27:34][INFO] User 'vaibz' logged in successfully
[2025-06-28 21:17:02][INFO] Server started...
[2025-06-28 21:17:49][INFO] Client connected with IP: 0000:0000:0000:0000:0000:ffff:7f00:0001
[2025-06-28 21:17:50][INFO] Client connected with IP: 0000:0000:0000:0000:0000:ffff:7f00:0001
[2025-06-28 21:18:03][INFO] User 'rutuja' logged in successfully
[2025-06-28 21:18:52][INFO] User 'rutuja' logged in successfully
[2025-06-28 21:23:10][ERROR] [json.exception.parse_error.101] parse error at line 1, column 1: syntax error while parsing value - invalid literal; last read: '.'
[2025-06-28 21:23:10][ERROR] [json.exception.parse_error.101] parse error at line 1, column 4: syntax error while parsing value - invalid string: ill-formed UTF-8 byte; last read: '"}nç'
[2025-06-28 21:23:12][ERROR] [json.exception.parse_error.101] parse error at line 1, column 1: syntax error while parsing value - invalid literal; last read: '†'
[2025-06-28 21:30:57][INFO] Client connected with IP: 0000:0000:0000:0000:0000:0000:0000:0001
[2025-06-28 21:30:57][INFO] Client connected with IP: 0000:0000:0000:0000:0000:0000:0000:0001
[2025-06-28 21:31:08][INFO] User 'vaibz' logged in successfully
[2025-06-28 21:37:54][INFO] Client disconnected. Code: 1001, Reason: 
[2025-06-28 21:37:54][INFO] Client disconnected. Code: 1001, Reason: 
[2025-06-28 21:37:54][INFO] Client connected with IP: 0000:0000:0000:0000:0000:0000:0000:0001
[2025-06-28 21:37:54][INFO] Client connected with IP: 0000:0000:0000:0000:0000:0000:0000:0001
[2025-06-28 21:37:58][INFO] User 'vaibz' logged in successfully
[2025-06-28 21:44:42][INFO] Client disconnected. Code: 1006, Reason: Received TCP FIN before WebSocket close frame
[2025-06-28 21:44:42][INFO] Client disconnected. Code: 1006, Reason: Received TCP FIN before WebSocket close frame
[2025-06-28 22:02:17][INFO] Client disconnected. Code: 1001, Reason: 
[2025-06-28 22:02:17][INFO] Client disconnected. Code: 1001, Reason: 
[2025-06-28 22:02:17][INFO] Client connected with IP: 0000:0000:0000:0000:0000:0000:0000:0001
[2025-06-28 22:02:17][INFO] Client connected with IP: 0000:0000:0000:0000:0000:0000:0000:0001
[2025-06-28 22:02:41][INFO] User 'vaibz' logged in successfully
[2025-06-28 22:02:45][INFO] Client disconnected. Code: 1001, Reason: 
[2025-06-28 22:02:45][INFO] Client disconnected. Code: 1001, Reason: 
[2025-06-28 22:02:45][INFO] Client connected with IP: 0000:0000:0000:0000:0000:0000:0000:0001
[2025-06-28 22:02:45][INFO] Client connected with IP: 0000:0000:0000:0000:0000:0000:0000:0001
[2025-06-28 22:05:31][ERROR] Username does not exists: sadasdasd
[2025-06-28 22:05:37][ERROR] Username does not exists: sadasdasd
[2025-06-28 22:05:53][ERROR] Username does not exists: sadasdasddss
[2025-06-28 22:06:00][ERROR] Username does not exists: sadasdasdddsfsdss
[2025-06-28 22:08:03][ERROR] Username does not exists: sdrtfsdsdf
[2025-06-28 22:08:07][ERROR] Password is incorrect for user: vaibz
[2025-06-28 22:13:43][INFO] User 'vaibz' logged in successfully
[2025-06-28 22:27:47][INFO] Client connected with IP: 0000:0000:0000:0000:0000:0000:0000:0001
[2025-06-28 22:27:47][INFO] Client connected with IP: 0000:0000:0000:0000:0000:0000:0000:0001
[2025-06-28 22:27:58][INFO] User 'vaibz' logged in successfully
[2025-06-28 22:31:38][INFO] Client disconnected. Code: 1001, Reason: 
[2025-06-28 22:31:38][INFO] Client disconnected. Code: 1001, Reason: 
[2025-06-28 22:31:38][INFO] Client connected with IP: 0000:0000:0000:0000:0000:0000:0000:0001
[2025-06-28 22:31:38][INFO] Client connected with IP: 0000:0000:0000:0000:0000:0000:0000:0001
[2025-06-28 22:31:43][INFO] User 'vaibz' logged in successfully
[2025-06-28 22:31:47][INFO] Client disconnected. Code: 1001, Reason: 
[2025-06-28 22:31:47][INFO] Client disconnected. Code: 1001, Reason: 
[2025-06-28 22:49:18][INFO] Client disconnected. Code: 1001, Reason: 
[2025-06-28 22:49:18][INFO] Client disconnected. Code: 1001, Reason: 
[2025-06-28 22:49:18][INFO] Client connected with IP: 0000:0000:0000:0000:0000:0000:0000:0001
[2025-06-28 22:49:18][INFO] Client connected with IP: 0000:0000:0000:0000:0000:0000:0000:0001
[2025-06-28 22:49:20][INFO] Client disconnected. Code: 1001, Reason: 
[2025-06-28 22:49:20][INFO] Client disconnected. Code: 1001, Reason: 
