[2025-06-23 18:55:24][INFO] Server started...
[2025-06-23 21:20:19][INFO] Server started...
[2025-06-23 21:21:37][INFO] Client connected with IP: 0000:0000:0000:0000:0000:ffff:7f00:0001
[2025-06-23 21:21:38][INFO] Client connected with IP: 0000:0000:0000:0000:0000:ffff:7f00:0001
[2025-06-23 21:23:32][INFO] Client disconnected. Code: 1001, Reason: 
[2025-06-23 21:23:32][INFO] Client disconnected. Code: 1001, Reason: 
[2025-06-23 21:23:33][INFO] Client connected with IP: 0000:0000:0000:0000:0000:ffff:7f00:0001
[2025-06-23 21:23:33][INFO] Client connected with IP: 0000:0000:0000:0000:0000:ffff:7f00:0001
[2025-06-23 21:32:18][INFO] Client disconnected. Code: 1005, Reason: 
[2025-06-23 21:32:18][INFO] Client connected with IP: 0000:0000:0000:0000:0000:ffff:7f00:0001
[2025-06-23 21:32:21][INFO] Client disconnected. Code: 1005, Reason: 
[2025-06-23 21:32:21][INFO] Client connected with IP: 0000:0000:0000:0000:0000:ffff:7f00:0001
[2025-06-23 21:32:57][INFO] Client connected with IP: 0000:0000:0000:0000:0000:ffff:7f00:0001
[2025-06-23 21:32:57][INFO] Client connected with IP: 0000:0000:0000:0000:0000:ffff:7f00:0001
[2025-06-23 21:33:02][INFO] Client disconnected. Code: 1005, Reason: 
[2025-06-23 21:33:02][INFO] Client connected with IP: 0000:0000:0000:0000:0000:ffff:7f00:0001
[2025-06-23 21:33:36][INFO] Client disconnected. Code: 1005, Reason: 
[2025-06-23 21:33:38][INFO] Client connected with IP: 0000:0000:0000:0000:0000:ffff:7f00:0001
[2025-06-23 21:33:53][INFO] Client disconnected. Code: 1001, Reason: 
[2025-06-23 21:33:53][INFO] Client disconnected. Code: 1001, Reason: 
[2025-06-23 21:33:53][INFO] Client connected with IP: 0000:0000:0000:0000:0000:ffff:7f00:0001
[2025-06-23 21:33:53][INFO] Client connected with IP: 0000:0000:0000:0000:0000:ffff:7f00:0001
[2025-06-23 21:34:01][INFO] Client disconnected. Code: 1001, Reason: 
[2025-06-23 21:34:01][INFO] Client disconnected. Code: 1001, Reason: 
[2025-06-23 21:34:01][INFO] Client connected with IP: 0000:0000:0000:0000:0000:ffff:7f00:0001
[2025-06-23 21:34:02][INFO] Client connected with IP: 0000:0000:0000:0000:0000:ffff:7f00:0001
[2025-06-23 21:34:12][INFO] Client disconnected. Code: 1001, Reason: 
[2025-06-23 21:34:12][INFO] Client disconnected. Code: 1001, Reason: 
[2025-06-23 21:34:12][INFO] Client connected with IP: 0000:0000:0000:0000:0000:ffff:7f00:0001
[2025-06-23 21:34:12][INFO] Client connected with IP: 0000:0000:0000:0000:0000:ffff:7f00:0001
[2025-06-23 21:34:26][INFO] Client disconnected. Code: 1001, Reason: 
[2025-06-23 21:34:26][INFO] Client disconnected. Code: 1001, Reason: 
[2025-06-23 21:34:28][INFO] Client connected with IP: 0000:0000:0000:0000:0000:ffff:7f00:0001
[2025-06-23 21:34:28][INFO] Client connected with IP: 0000:0000:0000:0000:0000:ffff:7f00:0001
[2025-06-23 21:34:34][INFO] Client disconnected. Code: 1001, Reason: 
[2025-06-23 21:34:34][INFO] Client disconnected. Code: 1001, Reason: 
[2025-06-23 21:34:36][INFO] Client connected with IP: 0000:0000:0000:0000:0000:ffff:7f00:0001
[2025-06-23 21:34:36][INFO] Client connected with IP: 0000:0000:0000:0000:0000:ffff:7f00:0001
[2025-06-23 21:34:46][INFO] Client disconnected. Code: 1005, Reason: 
[2025-06-23 21:34:46][INFO] Client connected with IP: 0000:0000:0000:0000:0000:ffff:7f00:0001
[2025-06-23 21:34:56][INFO] Client disconnected. Code: 1001, Reason: 
[2025-06-23 21:34:56][INFO] Client disconnected. Code: 1001, Reason: 
[2025-06-23 21:34:57][INFO] Client connected with IP: 0000:0000:0000:0000:0000:ffff:7f00:0001
[2025-06-23 21:34:57][INFO] Client connected with IP: 0000:0000:0000:0000:0000:ffff:7f00:0001
[2025-06-23 21:35:01][INFO] Client disconnected. Code: 1001, Reason: 
[2025-06-23 21:35:01][INFO] Client disconnected. Code: 1001, Reason: 
[2025-06-23 21:35:01][INFO] Client connected with IP: 0000:0000:0000:0000:0000:ffff:7f00:0001
[2025-06-23 21:35:03][INFO] Client connected with IP: 0000:0000:0000:0000:0000:ffff:7f00:0001
[2025-06-23 21:35:09][INFO] Client disconnected. Code: 1005, Reason: 
[2025-06-23 21:35:09][INFO] Client connected with IP: 0000:0000:0000:0000:0000:ffff:7f00:0001
[2025-06-23 21:35:17][INFO] Client disconnected. Code: 1005, Reason: 
[2025-06-23 21:35:17][INFO] Client connected with IP: 0000:0000:0000:0000:0000:ffff:7f00:0001
[2025-06-23 21:35:24][INFO] Client disconnected. Code: 1005, Reason: 
[2025-06-23 21:35:24][INFO] Client connected with IP: 0000:0000:0000:0000:0000:ffff:7f00:0001
[2025-06-23 21:35:31][INFO] User 'Rutuja' logged in successfully
[2025-06-23 21:35:31][INFO] Client disconnected. Code: 1005, Reason: 
[2025-06-23 21:35:33][INFO] Client connected with IP: 0000:0000:0000:0000:0000:ffff:7f00:0001
[2025-06-23 21:35:57][INFO] Client disconnected. Code: 1001, Reason: 
[2025-06-23 21:35:57][INFO] Client disconnected. Code: 1001, Reason: 
[2025-06-23 21:35:57][INFO] Client connected with IP: 0000:0000:0000:0000:0000:ffff:7f00:0001
[2025-06-23 21:35:57][INFO] Client connected with IP: 0000:0000:0000:0000:0000:ffff:7f00:0001
[2025-06-23 21:35:59][INFO] Client connected with IP: 0000:0000:0000:0000:0000:ffff:7f00:0001
[2025-06-23 21:36:05][INFO] User 'Rutuja' logged in successfully
[2025-06-23 21:36:05][INFO] Client disconnected. Code: 1005, Reason: 
[2025-06-23 21:36:06][INFO] Client connected with IP: 0000:0000:0000:0000:0000:ffff:7f00:0001
[2025-06-23 21:37:04][INFO] Client connected with IP: 0000:0000:0000:0000:0000:ffff:7f00:0001
[2025-06-23 21:37:04][INFO] Client connected with IP: 0000:0000:0000:0000:0000:ffff:7f00:0001
[2025-06-23 21:37:09][INFO] Client disconnected. Code: 1005, Reason: 
[2025-06-23 21:37:10][INFO] Client connected with IP: 0000:0000:0000:0000:0000:ffff:7f00:0001
[2025-06-23 21:37:17][INFO] User 'vijay' logged in successfully
[2025-06-23 21:37:18][INFO] Client disconnected. Code: 1005, Reason: 
[2025-06-23 21:37:18][INFO] Client connected with IP: 0000:0000:0000:0000:0000:ffff:7f00:0001
[2025-06-23 21:38:23][INFO] Client disconnected. Code: 1001, Reason: 
[2025-06-23 21:38:23][INFO] Client disconnected. Code: 1001, Reason: 
[2025-06-23 21:38:24][INFO] Client connected with IP: 0000:0000:0000:0000:0000:ffff:7f00:0001
[2025-06-23 21:38:24][INFO] Client connected with IP: 0000:0000:0000:0000:0000:ffff:7f00:0001
[2025-06-23 21:38:25][INFO] Client connected with IP: 0000:0000:0000:0000:0000:ffff:7f00:0001
[2025-06-23 21:38:25][INFO] Client disconnected. Code: 1005, Reason: 
[2025-06-23 21:38:26][INFO] Client connected with IP: 0000:0000:0000:0000:0000:ffff:7f00:0001
[2025-06-23 21:39:08][INFO] Client disconnected. Code: 1005, Reason: 
[2025-06-23 21:39:08][INFO] Client connected with IP: 0000:0000:0000:0000:0000:ffff:7f00:0001
[2025-06-23 21:39:10][INFO] Client disconnected. Code: 1005, Reason: 
[2025-06-23 21:39:11][INFO] Client connected with IP: 0000:0000:0000:0000:0000:ffff:7f00:0001
[2025-06-23 21:39:15][INFO] User 'vaishnavi10' logged in successfully
[2025-06-23 21:39:15][INFO] Client disconnected. Code: 1005, Reason: 
[2025-06-23 21:39:16][INFO] Client connected with IP: 0000:0000:0000:0000:0000:ffff:7f00:0001
[2025-06-23 21:39:56][INFO] Client disconnected. Code: 1001, Reason: 
[2025-06-23 21:39:56][INFO] Client disconnected. Code: 1001, Reason: 
[2025-06-23 21:39:56][INFO] Client disconnected. Code: 1001, Reason: 
[2025-06-23 21:39:57][INFO] Client connected with IP: 0000:0000:0000:0000:0000:ffff:7f00:0001
[2025-06-23 21:39:57][INFO] Client connected with IP: 0000:0000:0000:0000:0000:ffff:7f00:0001
[2025-06-23 21:39:57][INFO] Client connected with IP: 0000:0000:0000:0000:0000:ffff:7f00:0001
[2025-06-23 21:40:06][INFO] Client disconnected. Code: 1001, Reason: 
[2025-06-23 21:40:06][INFO] Client disconnected. Code: 1001, Reason: 
[2025-06-23 21:40:06][INFO] Client disconnected. Code: 1001, Reason: 
[2025-06-23 21:40:07][INFO] Client connected with IP: 0000:0000:0000:0000:0000:ffff:7f00:0001
[2025-06-23 21:40:07][INFO] Client connected with IP: 0000:0000:0000:0000:0000:ffff:7f00:0001
[2025-06-23 21:40:09][INFO] Client disconnected. Code: 1001, Reason: 
[2025-06-23 21:40:09][INFO] Client disconnected. Code: 1001, Reason: 
[2025-06-23 21:40:10][INFO] Client disconnected. Code: 1001, Reason: 
[2025-06-23 21:40:11][INFO] Client disconnected. Code: 1001, Reason: 
[2025-06-23 21:40:11][INFO] Client disconnected. Code: 1001, Reason: 
[2025-06-23 21:42:06][ERROR] Invalid username: vijay456
[2025-06-23 21:42:21][ERROR] Invalid username: vijay456
[2025-06-23 21:42:40][ERROR] Invalid password for user: vijay
[2025-06-23 21:42:52][INFO] Client disconnected. Code: 1005, Reason: 
[2025-06-23 21:42:52][INFO] Client connected with IP: 0000:0000:0000:0000:0000:ffff:7f00:0001
[2025-06-23 21:51:36][ERROR] Email already exists: rutuja04dabhade@gmail.com
[2025-06-23 21:52:20][INFO] Client disconnected. Code: 1005, Reason: 
[2025-06-23 21:52:20][INFO] Client connected with IP: 0000:0000:0000:0000:0000:ffff:7f00:0001
[2025-06-23 21:52:56][INFO] Client disconnected. Code: 1001, Reason: 
[2025-06-23 21:52:56][INFO] Client disconnected. Code: 1001, Reason: 
[2025-06-23 21:52:56][INFO] Client connected with IP: 0000:0000:0000:0000:0000:ffff:7f00:0001
[2025-06-23 21:52:57][INFO] Client connected with IP: 0000:0000:0000:0000:0000:ffff:7f00:0001
[2025-06-23 21:53:16][INFO] Client disconnected. Code: 1005, Reason: 
[2025-06-23 21:53:17][INFO] Client connected with IP: 0000:0000:0000:0000:0000:ffff:7f00:0001
[2025-06-23 21:53:39][INFO] Client disconnected. Code: 1005, Reason: 
[2025-06-23 21:53:39][INFO] Client connected with IP: 0000:0000:0000:0000:0000:ffff:7f00:0001
[2025-06-23 21:53:41][INFO] Client disconnected. Code: 1005, Reason: 
[2025-06-23 21:53:42][INFO] Client connected with IP: 0000:0000:0000:0000:0000:ffff:7f00:0001
[2025-06-23 21:56:09][INFO] Client connected with IP: 0000:0000:0000:0000:0000:ffff:7f00:0001
[2025-06-23 21:56:09][INFO] Client connected with IP: 0000:0000:0000:0000:0000:ffff:7f00:0001
[2025-06-23 21:56:11][INFO] Client disconnected. Code: 1005, Reason: 
[2025-06-23 21:57:23][INFO] Client connected with IP: 0000:0000:0000:0000:0000:ffff:7f00:0001
[2025-06-23 21:57:25][INFO] Client connected with IP: 0000:0000:0000:0000:0000:ffff:7f00:0001
[2025-06-23 21:57:29][INFO] Client connected with IP: 0000:0000:0000:0000:0000:ffff:7f00:0001
[2025-06-23 21:57:30][INFO] Client connected with IP: 0000:0000:0000:0000:0000:ffff:7f00:0001
[2025-06-23 21:59:17][INFO] Client disconnected. Code: 1005, Reason: 
[2025-06-23 21:59:18][INFO] Client connected with IP: 0000:0000:0000:0000:0000:ffff:7f00:0001
[2025-06-23 21:59:20][INFO] Client connected with IP: 0000:0000:0000:0000:0000:ffff:7f00:0001
[2025-06-23 21:59:21][INFO] Client connected with IP: 0000:0000:0000:0000:0000:ffff:7f00:0001
[2025-06-23 21:59:27][INFO] Client connected with IP: 0000:0000:0000:0000:0000:ffff:7f00:0001
[2025-06-23 21:59:27][INFO] Client connected with IP: 0000:0000:0000:0000:0000:ffff:7f00:0001
[2025-06-23 21:59:42][INFO] Client disconnected. Code: 1005, Reason: 
[2025-06-23 21:59:43][INFO] Client connected with IP: 0000:0000:0000:0000:0000:ffff:7f00:0001
[2025-06-23 22:00:02][INFO] Client disconnected. Code: 1005, Reason: 
[2025-06-23 22:00:02][INFO] Client connected with IP: 0000:0000:0000:0000:0000:ffff:7f00:0001
[2025-06-23 22:00:10][INFO] Client disconnected. Code: 1005, Reason: 
[2025-06-23 22:00:12][INFO] Client connected with IP: 0000:0000:0000:0000:0000:ffff:7f00:0001
[2025-06-23 22:00:41][INFO] Client disconnected. Code: 1001, Reason: 
[2025-06-23 22:00:41][INFO] Client disconnected. Code: 1001, Reason: 
[2025-06-23 22:00:41][INFO] Client disconnected. Code: 1001, Reason: 
[2025-06-23 22:00:41][INFO] Client disconnected. Code: 1001, Reason: 
[2025-06-23 22:00:41][INFO] Client disconnected. Code: 1001, Reason: 
[2025-06-23 22:00:41][INFO] Client disconnected. Code: 1001, Reason: 
[2025-06-23 22:00:42][INFO] Client connected with IP: 0000:0000:0000:0000:0000:ffff:7f00:0001
[2025-06-23 22:00:42][INFO] Client connected with IP: 0000:0000:0000:0000:0000:ffff:7f00:0001
[2025-06-23 22:00:47][INFO] Client disconnected. Code: 1001, Reason: 
[2025-06-23 22:00:47][INFO] Client disconnected. Code: 1001, Reason: 
[2025-06-23 22:00:48][INFO] Client connected with IP: 0000:0000:0000:0000:0000:ffff:7f00:0001
[2025-06-23 22:00:49][INFO] Client connected with IP: 0000:0000:0000:0000:0000:ffff:7f00:0001
[2025-06-23 22:01:00][INFO] Client disconnected. Code: 1005, Reason: 
[2025-06-23 22:01:00][INFO] Client connected with IP: 0000:0000:0000:0000:0000:ffff:7f00:0001
[2025-06-23 22:05:16][INFO] Client disconnected. Code: 1005, Reason: 
[2025-06-23 22:05:16][INFO] Client connected with IP: 0000:0000:0000:0000:0000:ffff:7f00:0001
[2025-06-23 22:05:41][INFO] Client disconnected. Code: 1005, Reason: 
[2025-06-23 22:05:48][INFO] Client connected with IP: 0000:0000:0000:0000:0000:ffff:7f00:0001
[2025-06-23 22:05:51][INFO] Client connected with IP: 0000:0000:0000:0000:0000:ffff:7f00:0001
[2025-06-23 22:06:14][INFO] Client disconnected. Code: 1005, Reason: 
[2025-06-23 22:08:11][INFO] Client connected with IP: 0000:0000:0000:0000:0000:ffff:7f00:0001
[2025-06-23 22:08:11][INFO] Client connected with IP: 0000:0000:0000:0000:0000:ffff:7f00:0001
[2025-06-23 22:08:11][INFO] Client connected with IP: 0000:0000:0000:0000:0000:ffff:7f00:0001
[2025-06-23 22:08:11][INFO] Client connected with IP: 0000:0000:0000:0000:0000:ffff:7f00:0001
[2025-06-23 22:08:12][INFO] Client connected with IP: 0000:0000:0000:0000:0000:ffff:7f00:0001
[2025-06-23 22:08:12][INFO] Client connected with IP: 0000:0000:0000:0000:0000:ffff:7f00:0001
[2025-06-23 22:08:12][INFO] Client connected with IP: 0000:0000:0000:0000:0000:ffff:7f00:0001
[2025-06-23 22:08:13][INFO] Client connected with IP: 0000:0000:0000:0000:0000:ffff:7f00:0001
[2025-06-23 22:08:13][INFO] Client connected with IP: 0000:0000:0000:0000:0000:ffff:7f00:0001
[2025-06-23 22:08:13][INFO] Client connected with IP: 0000:0000:0000:0000:0000:ffff:7f00:0001
[2025-06-23 22:08:14][INFO] Client connected with IP: 0000:0000:0000:0000:0000:ffff:7f00:0001
[2025-06-23 22:08:14][INFO] Client connected with IP: 0000:0000:0000:0000:0000:ffff:7f00:0001
[2025-06-23 22:08:21][INFO] Client disconnected. Code: 1001, Reason: 
[2025-06-23 22:08:21][INFO] Client disconnected. Code: 1001, Reason: 
[2025-06-23 22:08:21][INFO] Client disconnected. Code: 1001, Reason: 
[2025-06-23 22:08:21][INFO] Client disconnected. Code: 1001, Reason: 
[2025-06-23 22:08:21][INFO] Client disconnected. Code: 1001, Reason: 
[2025-06-23 22:08:21][INFO] Client disconnected. Code: 1001, Reason: 
[2025-06-23 22:08:21][INFO] Client disconnected. Code: 1001, Reason: 
[2025-06-23 22:08:21][INFO] Client disconnected. Code: 1001, Reason: 
[2025-06-23 22:08:21][INFO] Client disconnected. Code: 1001, Reason: 
[2025-06-23 22:08:21][INFO] Client disconnected. Code: 1001, Reason: 
[2025-06-23 22:08:21][INFO] Client disconnected. Code: 1001, Reason: 
[2025-06-23 22:08:21][INFO] Client disconnected. Code: 1001, Reason: 
[2025-06-23 22:08:21][INFO] Client disconnected. Code: 1001, Reason: 
[2025-06-23 22:08:21][INFO] Client disconnected. Code: 1001, Reason: 
[2025-06-23 22:08:23][INFO] Client connected with IP: 0000:0000:0000:0000:0000:ffff:7f00:0001
[2025-06-23 22:08:23][INFO] Client connected with IP: 0000:0000:0000:0000:0000:ffff:7f00:0001
[2025-06-23 22:08:23][INFO] Client connected with IP: 0000:0000:0000:0000:0000:ffff:7f00:0001
[2025-06-23 22:08:24][INFO] Client connected with IP: 0000:0000:0000:0000:0000:ffff:7f00:0001
[2025-06-23 22:08:24][INFO] Client connected with IP: 0000:0000:0000:0000:0000:ffff:7f00:0001
[2025-06-23 22:08:24][INFO] Client connected with IP: 0000:0000:0000:0000:0000:ffff:7f00:0001
[2025-06-23 22:08:31][INFO] Client disconnected. Code: 1001, Reason: 
[2025-06-23 22:08:31][INFO] Client disconnected. Code: 1001, Reason: 
[2025-06-23 22:08:31][INFO] Client disconnected. Code: 1001, Reason: 
[2025-06-23 22:08:31][INFO] Client disconnected. Code: 1001, Reason: 
[2025-06-23 22:08:31][INFO] Client disconnected. Code: 1001, Reason: 
[2025-06-23 22:08:31][INFO] Client disconnected. Code: 1001, Reason: 
[2025-06-23 22:08:32][INFO] Client connected with IP: 0000:0000:0000:0000:0000:ffff:7f00:0001
[2025-06-23 22:08:32][INFO] Client connected with IP: 0000:0000:0000:0000:0000:ffff:7f00:0001
[2025-06-23 22:08:32][INFO] Client connected with IP: 0000:0000:0000:0000:0000:ffff:7f00:0001
[2025-06-23 22:08:33][INFO] Client connected with IP: 0000:0000:0000:0000:0000:ffff:7f00:0001
[2025-06-23 22:08:33][INFO] Client connected with IP: 0000:0000:0000:0000:0000:ffff:7f00:0001
[2025-06-23 22:08:33][INFO] Client connected with IP: 0000:0000:0000:0000:0000:ffff:7f00:0001
[2025-06-23 22:08:35][INFO] Client connected with IP: 0000:0000:0000:0000:0000:ffff:7f00:0001
[2025-06-23 22:08:35][INFO] Client connected with IP: 0000:0000:0000:0000:0000:ffff:7f00:0001
[2025-06-23 22:08:36][INFO] Client connected with IP: 0000:0000:0000:0000:0000:ffff:7f00:0001
[2025-06-23 22:08:36][INFO] Client connected with IP: 0000:0000:0000:0000:0000:ffff:7f00:0001
[2025-06-23 22:08:36][INFO] Client connected with IP: 0000:0000:0000:0000:0000:ffff:7f00:0001
[2025-06-23 22:08:36][INFO] Client connected with IP: 0000:0000:0000:0000:0000:ffff:7f00:0001
[2025-06-23 22:08:54][INFO] User 'Rutuja' logged in successfully
[2025-06-23 22:08:54][INFO] Client connected with IP: 0000:0000:0000:0000:0000:ffff:7f00:0001
[2025-06-23 22:08:55][INFO] Client connected with IP: 0000:0000:0000:0000:0000:ffff:7f00:0001
[2025-06-23 22:08:55][INFO] Client connected with IP: 0000:0000:0000:0000:0000:ffff:7f00:0001
[2025-06-23 22:08:55][INFO] Client connected with IP: 0000:0000:0000:0000:0000:ffff:7f00:0001
[2025-06-23 22:08:55][INFO] Client connected with IP: 0000:0000:0000:0000:0000:ffff:7f00:0001
[2025-06-23 22:08:55][INFO] Client connected with IP: 0000:0000:0000:0000:0000:ffff:7f00:0001
[2025-06-23 22:08:56][INFO] Client connected with IP: 0000:0000:0000:0000:0000:ffff:7f00:0001
[2025-06-23 22:08:56][INFO] Client connected with IP: 0000:0000:0000:0000:0000:ffff:7f00:0001
[2025-06-23 22:08:57][INFO] Client connected with IP: 0000:0000:0000:0000:0000:ffff:7f00:0001
[2025-06-23 22:08:58][INFO] Client connected with IP: 0000:0000:0000:0000:0000:ffff:7f00:0001
[2025-06-23 22:10:57][INFO] Client disconnected. Code: 1005, Reason: 
[2025-06-23 22:10:57][INFO] Client connected with IP: 0000:0000:0000:0000:0000:ffff:7f00:0001
[2025-06-23 22:10:58][INFO] Client connected with IP: 0000:0000:0000:0000:0000:ffff:7f00:0001
[2025-06-23 22:11:03][INFO] Client connected with IP: 0000:0000:0000:0000:0000:ffff:7f00:0001
[2025-06-23 22:11:03][INFO] Client connected with IP: 0000:0000:0000:0000:0000:ffff:7f00:0001
[2025-06-23 22:11:03][INFO] Client connected with IP: 0000:0000:0000:0000:0000:ffff:7f00:0001
[2025-06-23 22:11:03][INFO] Client connected with IP: 0000:0000:0000:0000:0000:ffff:7f00:0001
[2025-06-23 22:11:04][INFO] Client connected with IP: 0000:0000:0000:0000:0000:ffff:7f00:0001
[2025-06-23 22:11:04][INFO] Client connected with IP: 0000:0000:0000:0000:0000:ffff:7f00:0001
[2025-06-23 22:11:04][INFO] Client connected with IP: 0000:0000:0000:0000:0000:ffff:7f00:0001
[2025-06-23 22:11:04][INFO] Client connected with IP: 0000:0000:0000:0000:0000:ffff:7f00:0001
[2025-06-23 22:11:04][INFO] Client connected with IP: 0000:0000:0000:0000:0000:ffff:7f00:0001
[2025-06-23 22:11:05][INFO] Client connected with IP: 0000:0000:0000:0000:0000:ffff:7f00:0001
[2025-06-23 22:11:05][INFO] Client connected with IP: 0000:0000:0000:0000:0000:ffff:7f00:0001
[2025-06-23 22:11:05][INFO] Client connected with IP: 0000:0000:0000:0000:0000:ffff:7f00:0001
[2025-06-23 22:11:05][INFO] Client connected with IP: 0000:0000:0000:0000:0000:ffff:7f00:0001
[2025-06-23 22:11:06][INFO] Client connected with IP: 0000:0000:0000:0000:0000:ffff:7f00:0001
[2025-06-23 22:11:06][INFO] Client connected with IP: 0000:0000:0000:0000:0000:ffff:7f00:0001
[2025-06-23 22:11:06][INFO] Client connected with IP: 0000:0000:0000:0000:0000:ffff:7f00:0001
[2025-06-23 22:11:06][INFO] Client connected with IP: 0000:0000:0000:0000:0000:ffff:7f00:0001
[2025-06-23 22:11:07][INFO] Client connected with IP: 0000:0000:0000:0000:0000:ffff:7f00:0001
[2025-06-23 22:11:07][INFO] Client connected with IP: 0000:0000:0000:0000:0000:ffff:7f00:0001
[2025-06-23 22:11:07][INFO] Client connected with IP: 0000:0000:0000:0000:0000:ffff:7f00:0001
[2025-06-23 22:11:07][INFO] Client connected with IP: 0000:0000:0000:0000:0000:ffff:7f00:0001
[2025-06-23 22:11:08][INFO] Client connected with IP: 0000:0000:0000:0000:0000:ffff:7f00:0001
[2025-06-23 22:11:08][INFO] Client connected with IP: 0000:0000:0000:0000:0000:ffff:7f00:0001
[2025-06-23 22:11:08][INFO] Client connected with IP: 0000:0000:0000:0000:0000:ffff:7f00:0001
[2025-06-23 22:11:08][INFO] Client connected with IP: 0000:0000:0000:0000:0000:ffff:7f00:0001
[2025-06-23 22:11:09][INFO] Client connected with IP: 0000:0000:0000:0000:0000:ffff:7f00:0001
[2025-06-23 22:11:09][INFO] Client connected with IP: 0000:0000:0000:0000:0000:ffff:7f00:0001
[2025-06-23 22:11:09][INFO] Client connected with IP: 0000:0000:0000:0000:0000:ffff:7f00:0001
[2025-06-23 22:11:09][INFO] Client connected with IP: 0000:0000:0000:0000:0000:ffff:7f00:0001
[2025-06-23 22:11:09][INFO] Client connected with IP: 0000:0000:0000:0000:0000:ffff:7f00:0001
[2025-06-23 22:11:10][INFO] Client connected with IP: 0000:0000:0000:0000:0000:ffff:7f00:0001
[2025-06-23 22:11:10][INFO] Client connected with IP: 0000:0000:0000:0000:0000:ffff:7f00:0001
[2025-06-23 22:11:10][INFO] Client connected with IP: 0000:0000:0000:0000:0000:ffff:7f00:0001
[2025-06-23 22:11:10][INFO] Client connected with IP: 0000:0000:0000:0000:0000:ffff:7f00:0001
[2025-06-23 22:11:11][INFO] Client connected with IP: 0000:0000:0000:0000:0000:ffff:7f00:0001
[2025-06-23 22:11:11][INFO] Client connected with IP: 0000:0000:0000:0000:0000:ffff:7f00:0001
[2025-06-23 22:11:11][INFO] Client connected with IP: 0000:0000:0000:0000:0000:ffff:7f00:0001
[2025-06-23 22:11:11][INFO] Client connected with IP: 0000:0000:0000:0000:0000:ffff:7f00:0001
[2025-06-23 22:11:12][INFO] Client connected with IP: 0000:0000:0000:0000:0000:ffff:7f00:0001
[2025-06-23 22:11:12][INFO] Client connected with IP: 0000:0000:0000:0000:0000:ffff:7f00:0001
[2025-06-23 22:11:12][INFO] Client connected with IP: 0000:0000:0000:0000:0000:ffff:7f00:0001
[2025-06-23 22:11:12][INFO] Client connected with IP: 0000:0000:0000:0000:0000:ffff:7f00:0001
[2025-06-23 22:11:13][INFO] Client connected with IP: 0000:0000:0000:0000:0000:ffff:7f00:0001
[2025-06-23 22:11:13][INFO] Client connected with IP: 0000:0000:0000:0000:0000:ffff:7f00:0001
[2025-06-23 22:11:13][INFO] Client connected with IP: 0000:0000:0000:0000:0000:ffff:7f00:0001
[2025-06-23 22:11:13][INFO] Client disconnected. Code: 1001, Reason: 
[2025-06-23 22:11:13][INFO] Client connected with IP: 0000:0000:0000:0000:0000:ffff:7f00:0001
[2025-06-23 22:11:13][INFO] Client disconnected. Code: 1001, Reason: 
[2025-06-23 22:11:13][INFO] Client disconnected. Code: 1001, Reason: 
[2025-06-23 22:11:13][INFO] Client disconnected. Code: 1001, Reason: 
[2025-06-23 22:11:13][INFO] Client disconnected. Code: 1001, Reason: 
[2025-06-23 22:11:13][INFO] Client disconnected. Code: 1001, Reason: 
[2025-06-23 22:11:13][INFO] Client disconnected. Code: 1001, Reason: 
[2025-06-23 22:11:14][INFO] Client disconnected. Code: 1001, Reason: 
[2025-06-23 22:11:14][INFO] Client disconnected. Code: 1001, Reason: 
[2025-06-23 22:11:14][INFO] Client disconnected. Code: 1001, Reason: 
[2025-06-23 22:11:14][INFO] Client disconnected. Code: 1001, Reason: 
[2025-06-23 22:11:14][INFO] Client disconnected. Code: 1001, Reason: 
[2025-06-23 22:11:14][INFO] Client disconnected. Code: 1001, Reason: 
[2025-06-23 22:11:14][INFO] Client disconnected. Code: 1001, Reason: 
[2025-06-23 22:11:14][INFO] Client disconnected. Code: 1001, Reason: 
[2025-06-23 22:11:14][INFO] Client disconnected. Code: 1001, Reason: 
[2025-06-23 22:11:14][INFO] Client disconnected. Code: 1001, Reason: 
[2025-06-23 22:11:14][INFO] Client disconnected. Code: 1001, Reason: 
[2025-06-23 22:11:14][INFO] Client disconnected. Code: 1001, Reason: 
[2025-06-23 22:11:14][INFO] Client disconnected. Code: 1001, Reason: 
[2025-06-23 22:11:14][INFO] Client disconnected. Code: 1001, Reason: 
[2025-06-23 22:11:14][INFO] Client disconnected. Code: 1001, Reason: 
[2025-06-23 22:11:14][INFO] Client disconnected. Code: 1001, Reason: 
[2025-06-23 22:11:14][INFO] Client disconnected. Code: 1001, Reason: 
[2025-06-23 22:11:14][INFO] Client disconnected. Code: 1001, Reason: 
[2025-06-23 22:11:14][INFO] Client disconnected. Code: 1001, Reason: 
[2025-06-23 22:11:14][INFO] Client disconnected. Code: 1001, Reason: 
[2025-06-23 22:11:14][INFO] Client disconnected. Code: 1001, Reason: 
[2025-06-23 22:11:14][INFO] Client disconnected. Code: 1001, Reason: 
[2025-06-23 22:11:14][INFO] Client disconnected. Code: 1001, Reason: 
[2025-06-23 22:11:14][INFO] Client disconnected. Code: 1001, Reason: 
[2025-06-23 22:11:14][INFO] Client disconnected. Code: 1001, Reason: 
[2025-06-23 22:11:14][INFO] Client disconnected. Code: 1001, Reason: 
[2025-06-23 22:11:14][INFO] Client disconnected. Code: 1001, Reason: 
[2025-06-23 22:11:14][INFO] Client disconnected. Code: 1001, Reason: 
[2025-06-23 22:11:14][INFO] Client disconnected. Code: 1001, Reason: 
[2025-06-23 22:11:14][INFO] Client disconnected. Code: 1001, Reason: 
[2025-06-23 22:11:14][INFO] Client disconnected. Code: 1001, Reason: 
[2025-06-23 22:11:14][INFO] Client disconnected. Code: 1001, Reason: 
[2025-06-23 22:11:14][INFO] Client disconnected. Code: 1001, Reason: 
[2025-06-23 22:11:14][INFO] Client disconnected. Code: 1001, Reason: 
[2025-06-23 22:11:14][INFO] Client disconnected. Code: 1001, Reason: 
[2025-06-23 22:11:14][INFO] Client disconnected. Code: 1001, Reason: 
[2025-06-23 22:11:14][INFO] Client disconnected. Code: 1001, Reason: 
[2025-06-23 22:11:14][INFO] Client disconnected. Code: 1001, Reason: 
[2025-06-23 22:11:14][INFO] Client disconnected. Code: 1001, Reason: 
[2025-06-23 22:11:14][INFO] Client disconnected. Code: 1001, Reason: 
[2025-06-23 22:11:14][INFO] Client disconnected. Code: 1006, Reason: Received TCP FIN before WebSocket close frame
[2025-06-23 22:11:14][INFO] Client disconnected. Code: 1001, Reason: 
[2025-06-23 22:11:14][INFO] Client disconnected. Code: 1001, Reason: 
[2025-06-23 22:11:14][INFO] Client disconnected. Code: 1001, Reason: 
[2025-06-23 22:11:14][INFO] Client disconnected. Code: 1001, Reason: 
[2025-06-23 22:11:14][INFO] Client disconnected. Code: 1001, Reason: 
[2025-06-23 22:11:14][INFO] Client disconnected. Code: 1001, Reason: 
[2025-06-23 22:11:14][INFO] Client disconnected. Code: 1001, Reason: 
[2025-06-23 22:11:14][INFO] Client disconnected. Code: 1001, Reason: 
[2025-06-23 22:11:14][INFO] Client disconnected. Code: 1001, Reason: 
[2025-06-23 22:11:14][INFO] Client disconnected. Code: 1001, Reason: 
[2025-06-23 22:11:14][INFO] Client disconnected. Code: 1001, Reason: 
[2025-06-23 22:11:14][INFO] Client disconnected. Code: 1001, Reason: 
[2025-06-23 22:11:14][INFO] Client disconnected. Code: 1001, Reason: 
[2025-06-23 22:11:14][INFO] Client disconnected. Code: 1001, Reason: 
[2025-06-23 22:11:14][INFO] Client disconnected. Code: 1001, Reason: 
[2025-06-23 22:11:14][INFO] Client disconnected. Code: 1001, Reason: 
[2025-06-23 22:11:14][INFO] Client disconnected. Code: 1001, Reason: 
[2025-06-23 22:11:14][INFO] Client disconnected. Code: 1001, Reason: 
[2025-06-23 22:11:14][INFO] Client disconnected. Code: 1001, Reason: 
[2025-06-23 22:11:14][INFO] Client disconnected. Code: 1001, Reason: 
[2025-06-23 22:11:14][INFO] Client disconnected. Code: 1001, Reason: 
[2025-06-23 22:11:15][INFO] Client connected with IP: 0000:0000:0000:0000:0000:ffff:7f00:0001
[2025-06-23 22:11:15][INFO] Client connected with IP: 0000:0000:0000:0000:0000:ffff:7f00:0001
[2025-06-23 22:11:15][INFO] Client connected with IP: 0000:0000:0000:0000:0000:ffff:7f00:0001
[2025-06-23 22:11:15][INFO] Client connected with IP: 0000:0000:0000:0000:0000:ffff:7f00:0001
[2025-06-23 22:11:15][INFO] Client connected with IP: 0000:0000:0000:0000:0000:ffff:7f00:0001
[2025-06-23 22:11:16][INFO] Client connected with IP: 0000:0000:0000:0000:0000:ffff:7f00:0001
[2025-06-23 22:11:16][INFO] Client connected with IP: 0000:0000:0000:0000:0000:ffff:7f00:0001
[2025-06-23 22:11:16][INFO] Client connected with IP: 0000:0000:0000:0000:0000:ffff:7f00:0001
[2025-06-23 22:11:17][INFO] Client connected with IP: 0000:0000:0000:0000:0000:ffff:7f00:0001
[2025-06-23 22:11:17][INFO] Client connected with IP: 0000:0000:0000:0000:0000:ffff:7f00:0001
[2025-06-23 22:11:17][INFO] Client connected with IP: 0000:0000:0000:0000:0000:ffff:7f00:0001
[2025-06-23 22:11:17][INFO] Client connected with IP: 0000:0000:0000:0000:0000:ffff:7f00:0001
[2025-06-23 22:11:17][INFO] Client connected with IP: 0000:0000:0000:0000:0000:ffff:7f00:0001
[2025-06-23 22:11:17][INFO] Client connected with IP: 0000:0000:0000:0000:0000:ffff:7f00:0001
[2025-06-23 22:11:18][INFO] Client connected with IP: 0000:0000:0000:0000:0000:ffff:7f00:0001
[2025-06-23 22:11:18][INFO] Client connected with IP: 0000:0000:0000:0000:0000:ffff:7f00:0001
[2025-06-23 22:11:18][INFO] Client connected with IP: 0000:0000:0000:0000:0000:ffff:7f00:0001
[2025-06-23 22:11:18][INFO] Client connected with IP: 0000:0000:0000:0000:0000:ffff:7f00:0001
[2025-06-23 22:11:19][INFO] Client connected with IP: 0000:0000:0000:0000:0000:ffff:7f00:0001
[2025-06-23 22:11:19][INFO] Client connected with IP: 0000:0000:0000:0000:0000:ffff:7f00:0001
[2025-06-23 22:11:19][INFO] Client connected with IP: 0000:0000:0000:0000:0000:ffff:7f00:0001
[2025-06-23 22:11:19][INFO] Client connected with IP: 0000:0000:0000:0000:0000:ffff:7f00:0001
[2025-06-23 22:11:20][INFO] Client connected with IP: 0000:0000:0000:0000:0000:ffff:7f00:0001
[2025-06-23 22:11:20][INFO] Client connected with IP: 0000:0000:0000:0000:0000:ffff:7f00:0001
[2025-06-23 22:11:20][INFO] Client connected with IP: 0000:0000:0000:0000:0000:ffff:7f00:0001
[2025-06-23 22:11:20][INFO] Client connected with IP: 0000:0000:0000:0000:0000:ffff:7f00:0001
[2025-06-23 22:11:20][INFO] Client connected with IP: 0000:0000:0000:0000:0000:ffff:7f00:0001
[2025-06-23 22:11:21][INFO] Client connected with IP: 0000:0000:0000:0000:0000:ffff:7f00:0001
[2025-06-23 22:11:21][INFO] Client connected with IP: 0000:0000:0000:0000:0000:ffff:7f00:0001
[2025-06-23 22:11:21][INFO] Client connected with IP: 0000:0000:0000:0000:0000:ffff:7f00:0001
[2025-06-23 22:11:22][INFO] Client connected with IP: 0000:0000:0000:0000:0000:ffff:7f00:0001
[2025-06-23 22:11:22][INFO] Client connected with IP: 0000:0000:0000:0000:0000:ffff:7f00:0001
[2025-06-23 22:11:22][INFO] Client connected with IP: 0000:0000:0000:0000:0000:ffff:7f00:0001
[2025-06-23 22:11:22][INFO] Client connected with IP: 0000:0000:0000:0000:0000:ffff:7f00:0001
[2025-06-23 22:11:23][INFO] Client connected with IP: 0000:0000:0000:0000:0000:ffff:7f00:0001
[2025-06-23 22:11:23][INFO] Client connected with IP: 0000:0000:0000:0000:0000:ffff:7f00:0001
[2025-06-23 22:11:23][INFO] Client connected with IP: 0000:0000:0000:0000:0000:ffff:7f00:0001
[2025-06-23 22:11:23][INFO] Client connected with IP: 0000:0000:0000:0000:0000:ffff:7f00:0001
[2025-06-23 22:11:24][INFO] Client connected with IP: 0000:0000:0000:0000:0000:ffff:7f00:0001
[2025-06-23 22:11:24][INFO] Client connected with IP: 0000:0000:0000:0000:0000:ffff:7f00:0001
[2025-06-23 22:11:24][INFO] Client connected with IP: 0000:0000:0000:0000:0000:ffff:7f00:0001
[2025-06-23 22:11:24][INFO] Client connected with IP: 0000:0000:0000:0000:0000:ffff:7f00:0001
[2025-06-23 22:11:24][INFO] Client connected with IP: 0000:0000:0000:0000:0000:ffff:7f00:0001
[2025-06-23 22:11:25][INFO] Client connected with IP: 0000:0000:0000:0000:0000:ffff:7f00:0001
[2025-06-23 22:11:26][INFO] Client connected with IP: 0000:0000:0000:0000:0000:ffff:7f00:0001
[2025-06-23 22:11:26][INFO] Client connected with IP: 0000:0000:0000:0000:0000:ffff:7f00:0001
[2025-06-23 22:11:26][INFO] Client connected with IP: 0000:0000:0000:0000:0000:ffff:7f00:0001
[2025-06-23 22:11:27][INFO] Client connected with IP: 0000:0000:0000:0000:0000:ffff:7f00:0001
[2025-06-23 22:11:27][INFO] Client connected with IP: 0000:0000:0000:0000:0000:ffff:7f00:0001
[2025-06-23 22:11:27][INFO] Client connected with IP: 0000:0000:0000:0000:0000:ffff:7f00:0001
[2025-06-23 22:11:27][INFO] Client connected with IP: 0000:0000:0000:0000:0000:ffff:7f00:0001
[2025-06-23 22:11:28][INFO] Client connected with IP: 0000:0000:0000:0000:0000:ffff:7f00:0001
[2025-06-23 22:11:34][INFO] Client disconnected. Code: 1001, Reason: 
[2025-06-23 22:11:34][INFO] Client disconnected. Code: 1001, Reason: 
[2025-06-23 22:11:34][INFO] Client disconnected. Code: 1001, Reason: 
[2025-06-23 22:11:34][INFO] Client disconnected. Code: 1001, Reason: 
[2025-06-23 22:11:34][INFO] Client disconnected. Code: 1001, Reason: 
[2025-06-23 22:11:34][INFO] Client disconnected. Code: 1001, Reason: 
[2025-06-23 22:11:34][INFO] Client disconnected. Code: 1001, Reason: 
[2025-06-23 22:11:34][INFO] Client disconnected. Code: 1001, Reason: 
[2025-06-23 22:11:34][INFO] Client disconnected. Code: 1001, Reason: 
[2025-06-23 22:11:34][INFO] Client disconnected. Code: 1001, Reason: 
[2025-06-23 22:11:34][INFO] Client disconnected. Code: 1001, Reason: 
[2025-06-23 22:11:34][INFO] Client disconnected. Code: 1001, Reason: 
[2025-06-23 22:11:34][INFO] Client disconnected. Code: 1001, Reason: 
[2025-06-23 22:11:34][INFO] Client disconnected. Code: 1001, Reason: 
[2025-06-23 22:11:34][INFO] Client disconnected. Code: 1001, Reason: 
[2025-06-23 22:11:34][INFO] Client disconnected. Code: 1001, Reason: 
[2025-06-23 22:11:34][INFO] Client disconnected. Code: 1001, Reason: 
[2025-06-23 22:11:34][INFO] Client disconnected. Code: 1001, Reason: 
[2025-06-23 22:11:34][INFO] Client disconnected. Code: 1001, Reason: 
[2025-06-23 22:11:34][INFO] Client disconnected. Code: 1001, Reason: 
[2025-06-23 22:11:34][INFO] Client disconnected. Code: 1001, Reason: 
[2025-06-23 22:11:34][INFO] Client disconnected. Code: 1001, Reason: 
[2025-06-23 22:11:34][INFO] Client disconnected. Code: 1001, Reason: 
[2025-06-23 22:11:34][INFO] Client disconnected. Code: 1001, Reason: 
[2025-06-23 22:11:34][INFO] Client disconnected. Code: 1001, Reason: 
[2025-06-23 22:11:34][INFO] Client disconnected. Code: 1001, Reason: 
[2025-06-23 22:11:34][INFO] Client disconnected. Code: 1001, Reason: 
[2025-06-23 22:11:34][INFO] Client disconnected. Code: 1001, Reason: 
[2025-06-23 22:11:34][INFO] Client disconnected. Code: 1001, Reason: 
[2025-06-23 22:11:34][INFO] Client disconnected. Code: 1001, Reason: 
[2025-06-23 22:11:34][INFO] Client disconnected. Code: 1001, Reason: 
[2025-06-23 22:11:34][INFO] Client disconnected. Code: 1001, Reason: 
[2025-06-23 22:11:34][INFO] Client disconnected. Code: 1001, Reason: 
[2025-06-23 22:11:34][INFO] Client disconnected. Code: 1001, Reason: 
[2025-06-23 22:11:34][INFO] Client disconnected. Code: 1001, Reason: 
[2025-06-23 22:11:34][INFO] Client disconnected. Code: 1001, Reason: 
[2025-06-23 22:11:34][INFO] Client disconnected. Code: 1001, Reason: 
[2025-06-23 22:11:34][INFO] Client disconnected. Code: 1001, Reason: 
[2025-06-23 22:11:34][INFO] Client disconnected. Code: 1001, Reason: 
[2025-06-23 22:11:34][INFO] Client disconnected. Code: 1001, Reason: 
[2025-06-23 22:11:34][INFO] Client disconnected. Code: 1001, Reason: 
[2025-06-23 22:11:34][INFO] Client disconnected. Code: 1001, Reason: 
[2025-06-23 22:11:34][INFO] Client disconnected. Code: 1001, Reason: 
[2025-06-23 22:11:34][INFO] Client disconnected. Code: 1001, Reason: 
[2025-06-23 22:11:34][INFO] Client disconnected. Code: 1001, Reason: 
[2025-06-23 22:11:34][INFO] Client disconnected. Code: 1001, Reason: 
[2025-06-23 22:11:34][INFO] Client disconnected. Code: 1001, Reason: 
[2025-06-23 22:11:34][INFO] Client disconnected. Code: 1001, Reason: 
[2025-06-23 22:11:34][INFO] Client disconnected. Code: 1001, Reason: 
[2025-06-23 22:11:34][INFO] Client disconnected. Code: 1001, Reason: 
[2025-06-23 22:11:34][INFO] Client disconnected. Code: 1001, Reason: 
[2025-06-23 22:11:34][INFO] Client disconnected. Code: 1001, Reason: 
[2025-06-23 22:11:35][INFO] Client connected with IP: 0000:0000:0000:0000:0000:ffff:7f00:0001
[2025-06-23 22:11:36][INFO] Client connected with IP: 0000:0000:0000:0000:0000:ffff:7f00:0001
[2025-06-23 22:11:36][INFO] Client connected with IP: 0000:0000:0000:0000:0000:ffff:7f00:0001
[2025-06-23 22:11:36][INFO] Client connected with IP: 0000:0000:0000:0000:0000:ffff:7f00:0001
[2025-06-23 22:11:36][INFO] Client connected with IP: 0000:0000:0000:0000:0000:ffff:7f00:0001
[2025-06-23 22:11:36][INFO] Client connected with IP: 0000:0000:0000:0000:0000:ffff:7f00:0001
[2025-06-23 22:11:37][INFO] Client connected with IP: 0000:0000:0000:0000:0000:ffff:7f00:0001
[2025-06-23 22:11:37][INFO] Client connected with IP: 0000:0000:0000:0000:0000:ffff:7f00:0001
[2025-06-23 22:11:37][INFO] Client connected with IP: 0000:0000:0000:0000:0000:ffff:7f00:0001
[2025-06-23 22:11:38][INFO] Client connected with IP: 0000:0000:0000:0000:0000:ffff:7f00:0001
[2025-06-23 22:11:38][INFO] Client connected with IP: 0000:0000:0000:0000:0000:ffff:7f00:0001
[2025-06-23 22:11:38][INFO] Client connected with IP: 0000:0000:0000:0000:0000:ffff:7f00:0001
[2025-06-23 22:11:38][INFO] Client connected with IP: 0000:0000:0000:0000:0000:ffff:7f00:0001
[2025-06-23 22:11:38][INFO] Client connected with IP: 0000:0000:0000:0000:0000:ffff:7f00:0001
[2025-06-23 22:11:38][INFO] Client connected with IP: 0000:0000:0000:0000:0000:ffff:7f00:0001
[2025-06-23 22:11:39][INFO] Client connected with IP: 0000:0000:0000:0000:0000:ffff:7f00:0001
[2025-06-23 22:11:39][INFO] Client connected with IP: 0000:0000:0000:0000:0000:ffff:7f00:0001
[2025-06-23 22:11:39][INFO] Client connected with IP: 0000:0000:0000:0000:0000:ffff:7f00:0001
[2025-06-23 22:11:39][INFO] Client connected with IP: 0000:0000:0000:0000:0000:ffff:7f00:0001
[2025-06-23 22:11:39][INFO] Client connected with IP: 0000:0000:0000:0000:0000:ffff:7f00:0001
[2025-06-23 22:11:48][INFO] Client disconnected. Code: 1001, Reason: 
[2025-06-23 22:11:48][INFO] Client disconnected. Code: 1001, Reason: 
[2025-06-23 22:11:48][INFO] Client disconnected. Code: 1001, Reason: 
[2025-06-23 22:11:48][INFO] Client disconnected. Code: 1001, Reason: 
[2025-06-23 22:11:48][INFO] Client disconnected. Code: 1001, Reason: 
[2025-06-23 22:11:48][INFO] Client disconnected. Code: 1001, Reason: 
[2025-06-23 22:11:48][INFO] Client disconnected. Code: 1001, Reason: 
[2025-06-23 22:11:48][INFO] Client disconnected. Code: 1001, Reason: 
[2025-06-23 22:11:48][INFO] Client disconnected. Code: 1001, Reason: 
[2025-06-23 22:11:48][INFO] Client disconnected. Code: 1001, Reason: 
[2025-06-23 22:11:48][INFO] Client disconnected. Code: 1001, Reason: 
[2025-06-23 22:11:48][INFO] Client disconnected. Code: 1001, Reason: 
[2025-06-23 22:11:48][INFO] Client disconnected. Code: 1001, Reason: 
[2025-06-23 22:11:48][INFO] Client disconnected. Code: 1001, Reason: 
[2025-06-23 22:11:48][INFO] Client disconnected. Code: 1001, Reason: 
[2025-06-23 22:11:48][INFO] Client disconnected. Code: 1001, Reason: 
[2025-06-23 22:11:48][INFO] Client disconnected. Code: 1001, Reason: 
[2025-06-23 22:11:48][INFO] Client disconnected. Code: 1001, Reason: 
[2025-06-23 22:11:48][INFO] Client disconnected. Code: 1001, Reason: 
[2025-06-23 22:11:48][INFO] Client disconnected. Code: 1001, Reason: 
[2025-06-23 22:14:39][INFO] Client connected with IP: 0000:0000:0000:0000:0000:ffff:7f00:0001
[2025-06-23 22:14:41][INFO] Client connected with IP: 0000:0000:0000:0000:0000:ffff:7f00:0001
[2025-06-23 22:14:41][INFO] Client connected with IP: 0000:0000:0000:0000:0000:ffff:7f00:0001
[2025-06-23 22:14:41][INFO] Client connected with IP: 0000:0000:0000:0000:0000:ffff:7f00:0001
[2025-06-23 22:14:42][INFO] Client connected with IP: 0000:0000:0000:0000:0000:ffff:7f00:0001
[2025-06-23 22:14:42][INFO] Client connected with IP: 0000:0000:0000:0000:0000:ffff:7f00:0001
[2025-06-23 22:14:47][INFO] Client connected with IP: 0000:0000:0000:0000:0000:ffff:7f00:0001
[2025-06-23 22:14:47][INFO] Client connected with IP: 0000:0000:0000:0000:0000:ffff:7f00:0001
[2025-06-23 22:14:48][INFO] Client connected with IP: 0000:0000:0000:0000:0000:ffff:7f00:0001
[2025-06-23 22:14:49][INFO] Client connected with IP: 0000:0000:0000:0000:0000:ffff:7f00:0001
[2025-06-23 22:14:49][INFO] Client connected with IP: 0000:0000:0000:0000:0000:ffff:7f00:0001
[2025-06-23 22:14:50][INFO] Client connected with IP: 0000:0000:0000:0000:0000:ffff:7f00:0001
[2025-06-23 22:14:54][INFO] Client disconnected. Code: 1001, Reason: 
[2025-06-23 22:14:54][INFO] Client disconnected. Code: 1001, Reason: 
[2025-06-23 22:14:54][INFO] Client disconnected. Code: 1001, Reason: 
[2025-06-23 22:14:54][INFO] Client disconnected. Code: 1001, Reason: 
[2025-06-23 22:14:54][INFO] Client disconnected. Code: 1001, Reason: 
[2025-06-23 22:14:54][INFO] Client connected with IP: 0000:0000:0000:0000:0000:ffff:7f00:0001
[2025-06-23 22:14:55][INFO] Client connected with IP: 0000:0000:0000:0000:0000:ffff:7f00:0001
[2025-06-23 22:15:30][INFO] Client connected with IP: 0000:0000:0000:0000:0000:ffff:7f00:0001
[2025-06-23 22:15:30][INFO] Client connected with IP: 0000:0000:0000:0000:0000:ffff:7f00:0001
[2025-06-23 22:15:31][INFO] Client connected with IP: 0000:0000:0000:0000:0000:ffff:7f00:0001
[2025-06-23 22:15:31][INFO] Client connected with IP: 0000:0000:0000:0000:0000:ffff:7f00:0001
[2025-06-23 22:15:31][INFO] Client connected with IP: 0000:0000:0000:0000:0000:ffff:7f00:0001
[2025-06-23 22:15:31][INFO] Client connected with IP: 0000:0000:0000:0000:0000:ffff:7f00:0001
[2025-06-23 22:15:32][INFO] Client connected with IP: 0000:0000:0000:0000:0000:ffff:7f00:0001
[2025-06-23 22:15:33][INFO] Client connected with IP: 0000:0000:0000:0000:0000:ffff:7f00:0001
[2025-06-23 22:15:33][INFO] Client connected with IP: 0000:0000:0000:0000:0000:ffff:7f00:0001
[2025-06-23 22:15:33][INFO] Client connected with IP: 0000:0000:0000:0000:0000:ffff:7f00:0001
[2025-06-23 22:15:33][INFO] Client connected with IP: 0000:0000:0000:0000:0000:ffff:7f00:0001
[2025-06-23 22:15:34][INFO] Client connected with IP: 0000:0000:0000:0000:0000:ffff:7f00:0001
[2025-06-23 22:15:43][INFO] User 'Rutuja' logged in successfully
[2025-06-23 22:15:43][INFO] Client connected with IP: 0000:0000:0000:0000:0000:ffff:7f00:0001
[2025-06-23 22:15:44][INFO] Client connected with IP: 0000:0000:0000:0000:0000:ffff:7f00:0001
[2025-06-23 22:15:44][INFO] Client connected with IP: 0000:0000:0000:0000:0000:ffff:7f00:0001
[2025-06-23 22:15:45][INFO] Client connected with IP: 0000:0000:0000:0000:0000:ffff:7f00:0001
[2025-06-23 22:15:45][INFO] Client connected with IP: 0000:0000:0000:0000:0000:ffff:7f00:0001
[2025-06-23 22:15:45][INFO] Client connected with IP: 0000:0000:0000:0000:0000:ffff:7f00:0001
[2025-06-23 22:15:45][INFO] Client connected with IP: 0000:0000:0000:0000:0000:ffff:7f00:0001
[2025-06-23 22:15:45][INFO] Client connected with IP: 0000:0000:0000:0000:0000:ffff:7f00:0001
[2025-06-23 22:15:45][INFO] Client connected with IP: 0000:0000:0000:0000:0000:ffff:7f00:0001
[2025-06-23 22:15:46][INFO] Client connected with IP: 0000:0000:0000:0000:0000:ffff:7f00:0001
[2025-06-23 22:16:25][INFO] Client connected with IP: 0000:0000:0000:0000:0000:ffff:7f00:0001
[2025-06-23 22:16:25][INFO] Client connected with IP: 0000:0000:0000:0000:0000:ffff:7f00:0001
[2025-06-23 22:16:26][INFO] Client connected with IP: 0000:0000:0000:0000:0000:ffff:7f00:0001
[2025-06-23 22:16:26][INFO] Client connected with IP: 0000:0000:0000:0000:0000:ffff:7f00:0001
[2025-06-23 22:16:26][INFO] Client connected with IP: 0000:0000:0000:0000:0000:ffff:7f00:0001
[2025-06-23 22:16:26][INFO] Client connected with IP: 0000:0000:0000:0000:0000:ffff:7f00:0001
[2025-06-23 22:16:26][INFO] Client connected with IP: 0000:0000:0000:0000:0000:ffff:7f00:0001
[2025-06-23 22:16:27][INFO] Client connected with IP: 0000:0000:0000:0000:0000:ffff:7f00:0001
[2025-06-23 22:16:27][INFO] Client connected with IP: 0000:0000:0000:0000:0000:ffff:7f00:0001
[2025-06-23 22:16:27][INFO] Client connected with IP: 0000:0000:0000:0000:0000:ffff:7f00:0001
[2025-06-23 22:16:28][INFO] Client connected with IP: 0000:0000:0000:0000:0000:ffff:7f00:0001
[2025-06-23 22:16:28][INFO] Client connected with IP: 0000:0000:0000:0000:0000:ffff:7f00:0001
[2025-06-23 22:17:19][INFO] User 'vijay' logged in successfully
[2025-06-23 22:17:20][INFO] Client connected with IP: 0000:0000:0000:0000:0000:ffff:7f00:0001
[2025-06-23 22:17:20][INFO] Client connected with IP: 0000:0000:0000:0000:0000:ffff:7f00:0001
[2025-06-23 22:17:20][INFO] Client connected with IP: 0000:0000:0000:0000:0000:ffff:7f00:0001
[2025-06-23 22:17:21][INFO] Client connected with IP: 0000:0000:0000:0000:0000:ffff:7f00:0001
[2025-06-23 22:17:21][INFO] Client connected with IP: 0000:0000:0000:0000:0000:ffff:7f00:0001
[2025-06-23 22:17:21][INFO] Client connected with IP: 0000:0000:0000:0000:0000:ffff:7f00:0001
[2025-06-23 22:17:21][INFO] Client connected with IP: 0000:0000:0000:0000:0000:ffff:7f00:0001
[2025-06-23 22:17:21][INFO] Client connected with IP: 0000:0000:0000:0000:0000:ffff:7f00:0001
[2025-06-23 22:17:22][INFO] Client connected with IP: 0000:0000:0000:0000:0000:ffff:7f00:0001
[2025-06-23 22:17:22][INFO] Client connected with IP: 0000:0000:0000:0000:0000:ffff:7f00:0001
[2025-06-23 22:55:35][INFO] Client disconnected. Code: 1006, Reason: WebSocket timed out from inactivity
[2025-06-23 22:55:35][INFO] Client disconnected. Code: 1006, Reason: WebSocket timed out from inactivity
[2025-06-23 22:55:35][INFO] Client disconnected. Code: 1006, Reason: WebSocket timed out from inactivity
[2025-06-23 22:55:39][INFO] Client disconnected. Code: 1006, Reason: WebSocket timed out from inactivity
[2025-06-23 22:55:39][INFO] Client disconnected. Code: 1006, Reason: WebSocket timed out from inactivity
[2025-06-23 22:55:39][INFO] Client disconnected. Code: 1006, Reason: WebSocket timed out from inactivity
[2025-06-23 22:55:39][INFO] Client disconnected. Code: 1006, Reason: WebSocket timed out from inactivity
[2025-06-23 22:55:39][INFO] Client disconnected. Code: 1006, Reason: WebSocket timed out from inactivity
[2025-06-23 22:55:39][INFO] Client disconnected. Code: 1006, Reason: WebSocket timed out from inactivity
[2025-06-23 22:55:39][INFO] Client disconnected. Code: 1006, Reason: WebSocket timed out from inactivity
[2025-06-23 22:55:39][INFO] Client disconnected. Code: 1006, Reason: WebSocket timed out from inactivity
[2025-06-23 22:55:47][INFO] Client disconnected. Code: 1006, Reason: WebSocket timed out from inactivity
[2025-06-23 22:55:47][INFO] Client disconnected. Code: 1006, Reason: WebSocket timed out from inactivity
[2025-06-23 22:55:47][INFO] Client disconnected. Code: 1006, Reason: WebSocket timed out from inactivity
[2025-06-23 22:55:47][INFO] Client disconnected. Code: 1006, Reason: WebSocket timed out from inactivity
[2025-06-23 22:55:47][INFO] Client disconnected. Code: 1006, Reason: WebSocket timed out from inactivity
[2025-06-23 22:55:47][INFO] Client disconnected. Code: 1006, Reason: WebSocket timed out from inactivity
[2025-06-23 22:55:47][INFO] Client disconnected. Code: 1006, Reason: WebSocket timed out from inactivity
[2025-06-23 22:55:47][INFO] Client disconnected. Code: 1006, Reason: WebSocket timed out from inactivity
[2025-06-23 22:55:47][INFO] Client disconnected. Code: 1006, Reason: WebSocket timed out from inactivity
[2025-06-23 22:55:47][INFO] Client disconnected. Code: 1006, Reason: WebSocket timed out from inactivity
[2025-06-23 22:55:47][INFO] Client disconnected. Code: 1006, Reason: WebSocket timed out from inactivity
[2025-06-23 22:55:51][INFO] Client disconnected. Code: 1006, Reason: WebSocket timed out from inactivity
[2025-06-23 22:55:51][INFO] Client disconnected. Code: 1006, Reason: WebSocket timed out from inactivity
[2025-06-23 22:55:51][INFO] Client disconnected. Code: 1006, Reason: WebSocket timed out from inactivity
[2025-06-23 22:55:51][INFO] Client disconnected. Code: 1006, Reason: WebSocket timed out from inactivity
[2025-06-23 22:55:51][INFO] Client disconnected. Code: 1006, Reason: WebSocket timed out from inactivity
[2025-06-23 22:55:51][INFO] Client disconnected. Code: 1006, Reason: WebSocket timed out from inactivity
[2025-06-23 22:55:51][INFO] Client disconnected. Code: 1006, Reason: WebSocket timed out from inactivity
[2025-06-23 22:55:51][INFO] Client disconnected. Code: 1006, Reason: WebSocket timed out from inactivity
[2025-06-23 22:55:51][INFO] Client disconnected. Code: 1006, Reason: WebSocket timed out from inactivity
[2025-06-23 22:55:51][INFO] Client disconnected. Code: 1006, Reason: WebSocket timed out from inactivity
[2025-06-23 22:55:51][INFO] Client disconnected. Code: 1006, Reason: WebSocket timed out from inactivity
[2025-06-23 22:55:52][INFO] Client connected with IP: 0000:0000:0000:0000:0000:ffff:7f00:0001
[2025-06-23 22:55:52][INFO] Client connected with IP: 0000:0000:0000:0000:0000:ffff:7f00:0001
[2025-06-23 22:55:52][INFO] Client connected with IP: 0000:0000:0000:0000:0000:ffff:7f00:0001
[2025-06-23 22:55:52][INFO] Client connected with IP: 0000:0000:0000:0000:0000:ffff:7f00:0001
[2025-06-23 22:55:53][INFO] Client connected with IP: 0000:0000:0000:0000:0000:ffff:7f00:0001
[2025-06-23 22:55:54][INFO] Client connected with IP: 0000:0000:0000:0000:0000:ffff:7f00:0001
[2025-06-23 22:55:54][INFO] Client connected with IP: 0000:0000:0000:0000:0000:ffff:7f00:0001
[2025-06-23 22:55:54][INFO] Client connected with IP: 0000:0000:0000:0000:0000:ffff:7f00:0001
[2025-06-23 22:59:35][INFO] Client disconnected. Code: 1006, Reason: WebSocket timed out from inactivity
[2025-06-23 22:59:35][INFO] Client disconnected. Code: 1006, Reason: WebSocket timed out from inactivity
[2025-06-23 22:59:35][INFO] Client disconnected. Code: 1006, Reason: WebSocket timed out from inactivity
[2025-06-23 22:59:35][INFO] Client disconnected. Code: 1006, Reason: WebSocket timed out from inactivity
[2025-06-23 22:59:35][INFO] Client disconnected. Code: 1006, Reason: WebSocket timed out from inactivity
[2025-06-23 22:59:35][INFO] Client disconnected. Code: 1006, Reason: WebSocket timed out from inactivity
[2025-06-23 22:59:35][INFO] Client disconnected. Code: 1006, Reason: WebSocket timed out from inactivity
[2025-06-23 22:59:35][INFO] Client disconnected. Code: 1006, Reason: WebSocket timed out from inactivity
[2025-06-23 22:59:55][INFO] Client disconnected. Code: 1006, Reason: WebSocket timed out from inactivity
[2025-06-23 22:59:59][INFO] Client disconnected. Code: 1006, Reason: WebSocket timed out from inactivity
[2025-06-23 22:59:59][INFO] Client disconnected. Code: 1006, Reason: WebSocket timed out from inactivity
[2025-06-23 22:59:59][INFO] Client disconnected. Code: 1006, Reason: WebSocket timed out from inactivity
[2025-06-23 22:59:59][INFO] Client disconnected. Code: 1006, Reason: WebSocket timed out from inactivity
[2025-06-23 22:59:59][INFO] Client disconnected. Code: 1006, Reason: WebSocket timed out from inactivity
[2025-06-23 22:59:59][INFO] Client disconnected. Code: 1006, Reason: WebSocket timed out from inactivity
[2025-06-23 22:59:59][INFO] Client disconnected. Code: 1006, Reason: WebSocket timed out from inactivity
[2025-06-23 22:59:59][INFO] Client disconnected. Code: 1006, Reason: WebSocket timed out from inactivity
[2025-06-23 22:59:59][INFO] Client disconnected. Code: 1006, Reason: WebSocket timed out from inactivity
[2025-06-23 22:59:59][INFO] Client disconnected. Code: 1006, Reason: WebSocket timed out from inactivity
[2025-06-23 22:59:59][INFO] Client disconnected. Code: 1006, Reason: WebSocket timed out from inactivity
[2025-06-23 23:07:07][INFO] Client disconnected. Code: 1006, Reason: WebSocket timed out from inactivity
[2025-06-23 23:07:07][INFO] Client disconnected. Code: 1006, Reason: WebSocket timed out from inactivity
[2025-06-23 23:07:07][INFO] Client disconnected. Code: 1006, Reason: WebSocket timed out from inactivity
[2025-06-23 23:07:07][INFO] Client disconnected. Code: 1006, Reason: WebSocket timed out from inactivity
[2025-06-23 23:07:11][INFO] Client disconnected. Code: 1006, Reason: WebSocket timed out from inactivity
[2025-06-23 23:07:11][INFO] Client disconnected. Code: 1006, Reason: WebSocket timed out from inactivity
[2025-06-23 23:07:11][INFO] Client disconnected. Code: 1006, Reason: WebSocket timed out from inactivity
[2025-06-23 23:07:11][INFO] Client disconnected. Code: 1006, Reason: WebSocket timed out from inactivity
[2025-06-23 23:07:11][INFO] Client disconnected. Code: 1006, Reason: WebSocket timed out from inactivity
[2025-06-23 23:07:11][INFO] Client disconnected. Code: 1006, Reason: WebSocket timed out from inactivity
[2025-06-23 23:07:11][INFO] Client disconnected. Code: 1006, Reason: WebSocket timed out from inactivity
