[2025-07-07 01:33:27][INFO] Server started...
[2025-07-07 01:35:50][INFO] Client connected with IP: 0000:0000:0000:0000:0000:0000:0000:0001
[2025-07-07 01:35:50][INFO] Client connected with IP: 0000:0000:0000:0000:0000:0000:0000:0001
[2025-07-07 01:35:58][INFO] User 'vaibz' logged in successfully
[2025-07-07 01:36:57][INFO] User 'vaibz' logged in successfully
[2025-07-07 01:37:55][INFO] Client disconnected. Code: 1001, Reason: 
[2025-07-07 01:37:55][INFO] Client disconnected. Code: 1001, Reason: 
[2025-07-07 01:37:55][INFO] Client connected with IP: 0000:0000:0000:0000:0000:0000:0000:0001
[2025-07-07 01:37:55][INFO] Client connected with IP: 0000:0000:0000:0000:0000:0000:0000:0001
[2025-07-07 01:37:58][INFO] Client disconnected. Code: 1001, Reason: 
[2025-07-07 01:37:58][INFO] Client disconnected. Code: 1001, Reason: 
[2025-07-07 01:37:58][INFO] Client connected with IP: 0000:0000:0000:0000:0000:0000:0000:0001
[2025-07-07 01:37:58][INFO] Client connected with IP: 0000:0000:0000:0000:0000:0000:0000:0001
[2025-07-07 01:37:58][INFO] Client disconnected. Code: 1001, Reason: 
[2025-07-07 01:37:58][INFO] Client disconnected. Code: 1001, Reason: 
[2025-07-07 01:37:59][INFO] Client connected with IP: 0000:0000:0000:0000:0000:0000:0000:0001
[2025-07-07 01:37:59][INFO] Client connected with IP: 0000:0000:0000:0000:0000:0000:0000:0001
[2025-07-07 01:37:59][INFO] Client disconnected. Code: 1001, Reason: 
[2025-07-07 01:37:59][INFO] Client disconnected. Code: 1001, Reason: 
[2025-07-07 01:37:59][INFO] Client connected with IP: 0000:0000:0000:0000:0000:0000:0000:0001
[2025-07-07 01:37:59][INFO] Client connected with IP: 0000:0000:0000:0000:0000:0000:0000:0001
[2025-07-07 01:37:59][INFO] Client disconnected. Code: 1001, Reason: 
[2025-07-07 01:37:59][INFO] Client disconnected. Code: 1001, Reason: 
[2025-07-07 01:37:59][INFO] Client connected with IP: 0000:0000:0000:0000:0000:0000:0000:0001
[2025-07-07 01:37:59][INFO] Client connected with IP: 0000:0000:0000:0000:0000:0000:0000:0001
[2025-07-07 01:37:59][INFO] Client disconnected. Code: 1001, Reason: 
[2025-07-07 01:37:59][INFO] Client disconnected. Code: 1001, Reason: 
[2025-07-07 01:37:59][INFO] Client connected with IP: 0000:0000:0000:0000:0000:0000:0000:0001
[2025-07-07 01:37:59][INFO] Client connected with IP: 0000:0000:0000:0000:0000:0000:0000:0001
[2025-07-07 01:37:59][INFO] Client disconnected. Code: 1001, Reason: 
[2025-07-07 01:37:59][INFO] Client disconnected. Code: 1001, Reason: 
[2025-07-07 01:37:59][INFO] Client connected with IP: 0000:0000:0000:0000:0000:0000:0000:0001
[2025-07-07 01:37:59][INFO] Client connected with IP: 0000:0000:0000:0000:0000:0000:0000:0001
[2025-07-07 01:38:00][INFO] Client disconnected. Code: 1001, Reason: 
[2025-07-07 01:38:00][INFO] Client disconnected. Code: 1001, Reason: 
[2025-07-07 01:38:00][INFO] Client connected with IP: 0000:0000:0000:0000:0000:0000:0000:0001
[2025-07-07 01:38:00][INFO] Client connected with IP: 0000:0000:0000:0000:0000:0000:0000:0001
[2025-07-07 01:38:01][INFO] Client disconnected. Code: 1001, Reason: 
[2025-07-07 01:38:01][INFO] Client disconnected. Code: 1001, Reason: 
[2025-07-07 01:38:01][INFO] Client connected with IP: 0000:0000:0000:0000:0000:0000:0000:0001
[2025-07-07 01:38:01][INFO] Client connected with IP: 0000:0000:0000:0000:0000:0000:0000:0001
[2025-07-07 01:38:03][INFO] Client disconnected. Code: 1001, Reason: 
[2025-07-07 01:38:03][INFO] Client disconnected. Code: 1001, Reason: 
[2025-07-07 01:38:03][INFO] Client connected with IP: 0000:0000:0000:0000:0000:0000:0000:0001
[2025-07-07 01:38:03][INFO] Client connected with IP: 0000:0000:0000:0000:0000:0000:0000:0001
[2025-07-07 01:38:04][INFO] Client disconnected. Code: 1001, Reason: 
[2025-07-07 01:38:04][INFO] Client disconnected. Code: 1001, Reason: 
[2025-07-07 01:38:04][INFO] Client connected with IP: 0000:0000:0000:0000:0000:0000:0000:0001
[2025-07-07 01:38:04][INFO] Client connected with IP: 0000:0000:0000:0000:0000:0000:0000:0001
[2025-07-07 01:38:08][INFO] Client disconnected. Code: 1001, Reason: 
[2025-07-07 01:38:08][INFO] Client disconnected. Code: 1001, Reason: 
[2025-07-07 01:38:08][INFO] Client connected with IP: 0000:0000:0000:0000:0000:0000:0000:0001
[2025-07-07 01:38:08][INFO] Client connected with IP: 0000:0000:0000:0000:0000:0000:0000:0001
[2025-07-07 01:38:20][INFO] User 'vaibz' logged in successfully
[2025-07-07 01:38:59][INFO] User 'vaibz' logged in successfully
[2025-07-07 01:43:31][INFO] Client disconnected. Code: 1001, Reason: 
[2025-07-07 01:43:31][INFO] Client disconnected. Code: 1001, Reason: 
[2025-07-07 01:43:31][INFO] Client connected with IP: 0000:0000:0000:0000:0000:0000:0000:0001
[2025-07-07 01:43:31][INFO] Client connected with IP: 0000:0000:0000:0000:0000:0000:0000:0001
[2025-07-07 01:43:38][INFO] User 'vaibz' logged in successfully
[2025-07-07 01:45:36][INFO] Client disconnected. Code: 1001, Reason: 
[2025-07-07 01:45:36][INFO] Client disconnected. Code: 1001, Reason: 
[2025-07-07 01:45:36][INFO] Client connected with IP: 0000:0000:0000:0000:0000:0000:0000:0001
[2025-07-07 01:45:36][INFO] Client connected with IP: 0000:0000:0000:0000:0000:0000:0000:0001
[2025-07-07 01:45:44][INFO] User 'vaibz' logged in successfully
[2025-07-07 01:46:02][INFO] Client disconnected. Code: 1001, Reason: 
[2025-07-07 01:46:02][INFO] Client disconnected. Code: 1001, Reason: 
[2025-07-07 01:46:02][INFO] Client connected with IP: 0000:0000:0000:0000:0000:0000:0000:0001
[2025-07-07 01:46:02][INFO] Client connected with IP: 0000:0000:0000:0000:0000:0000:0000:0001
[2025-07-07 01:46:19][INFO] Client disconnected. Code: 1001, Reason: 
[2025-07-07 01:46:19][INFO] Client disconnected. Code: 1001, Reason: 
[2025-07-07 01:46:19][INFO] Client connected with IP: 0000:0000:0000:0000:0000:0000:0000:0001
[2025-07-07 01:46:19][INFO] Client connected with IP: 0000:0000:0000:0000:0000:0000:0000:0001
[2025-07-07 01:46:25][INFO] Client disconnected. Code: 1001, Reason: 
[2025-07-07 01:46:25][INFO] Client disconnected. Code: 1001, Reason: 
[2025-07-07 01:46:27][INFO] Client connected with IP: 0000:0000:0000:0000:0000:0000:0000:0001
[2025-07-07 01:46:27][INFO] Client connected with IP: 0000:0000:0000:0000:0000:0000:0000:0001
[2025-07-07 01:46:36][INFO] Client disconnected. Code: 1001, Reason: 
[2025-07-07 01:46:36][INFO] Client disconnected. Code: 1001, Reason: 
[2025-07-07 21:09:30][INFO] Server started...
[2025-07-07 21:10:01][INFO] Client connected with IP: 0000:0000:0000:0000:0000:0000:0000:0001
[2025-07-07 21:10:01][INFO] Client connected with IP: 0000:0000:0000:0000:0000:0000:0000:0001
[2025-07-07 21:10:12][INFO] User 'vaibz' logged in successfully
[2025-07-07 21:11:06][INFO] User 'vaibz' logged in successfully
[2025-07-07 21:13:20][INFO] Client disconnected. Code: 1001, Reason: 
[2025-07-07 21:13:20][INFO] Client disconnected. Code: 1001, Reason: 
[2025-07-07 21:13:20][INFO] Client connected with IP: 0000:0000:0000:0000:0000:0000:0000:0001
[2025-07-07 21:13:20][INFO] Client connected with IP: 0000:0000:0000:0000:0000:0000:0000:0001
[2025-07-07 21:13:29][INFO] User 'vaibz' logged in successfully
[2025-07-07 21:32:09][INFO] Client disconnected. Code: 1001, Reason: 
[2025-07-07 21:32:09][INFO] Client disconnected. Code: 1001, Reason: 
[2025-07-07 21:32:09][INFO] Client connected with IP: 0000:0000:0000:0000:0000:0000:0000:0001
[2025-07-07 21:32:09][INFO] Client connected with IP: 0000:0000:0000:0000:0000:0000:0000:0001
[2025-07-07 21:33:02][INFO] Client disconnected. Code: 1001, Reason: 
[2025-07-07 21:33:02][INFO] Client disconnected. Code: 1001, Reason: 
[2025-07-07 21:33:02][INFO] Client connected with IP: 0000:0000:0000:0000:0000:0000:0000:0001
[2025-07-07 21:33:02][INFO] Client connected with IP: 0000:0000:0000:0000:0000:0000:0000:0001
[2025-07-07 21:41:54][INFO] User 'vaibz' logged in successfully
[2025-07-07 21:43:32][INFO] Client disconnected. Code: 1001, Reason: 
[2025-07-07 21:43:32][INFO] Client disconnected. Code: 1001, Reason: 
[2025-07-07 23:47:28][INFO] Server started...
[2025-07-07 23:47:32][INFO] Client connected with IP: 0000:0000:0000:0000:0000:0000:0000:0001
[2025-07-07 23:47:32][INFO] Client connected with IP: 0000:0000:0000:0000:0000:0000:0000:0001
[2025-07-07 23:47:44][INFO] Client connected with IP: 0000:0000:0000:0000:0000:0000:0000:0001
[2025-07-07 23:47:44][INFO] Client connected with IP: 0000:0000:0000:0000:0000:0000:0000:0001
[2025-07-07 23:47:50][INFO] User 'vaibz' logged in successfully
[2025-07-07 23:47:59][INFO] User 'vaibz' logged in successfully
[2025-07-07 23:48:04][INFO] Client disconnected. Code: 1001, Reason: 
[2025-07-07 23:48:04][INFO] Client disconnected. Code: 1001, Reason: 
[2025-07-07 23:48:04][INFO] Client connected with IP: 0000:0000:0000:0000:0000:0000:0000:0001
[2025-07-07 23:48:04][INFO] Client connected with IP: 0000:0000:0000:0000:0000:0000:0000:0001
[2025-07-07 23:48:06][INFO] Client disconnected. Code: 1001, Reason: 
[2025-07-07 23:48:06][INFO] Client disconnected. Code: 1001, Reason: 
[2025-07-07 23:48:08][INFO] Client disconnected. Code: 1001, Reason: 
[2025-07-07 23:48:08][INFO] Client disconnected. Code: 1001, Reason: 
[2025-07-07 23:48:11][INFO] Client connected with IP: 0000:0000:0000:0000:0000:0000:0000:0001
[2025-07-07 23:48:11][INFO] Client connected with IP: 0000:0000:0000:0000:0000:0000:0000:0001
[2025-07-07 23:48:13][INFO] Client connected with IP: 0000:0000:0000:0000:0000:0000:0000:0001
[2025-07-07 23:48:13][INFO] Client connected with IP: 0000:0000:0000:0000:0000:0000:0000:0001
[2025-07-07 23:48:16][INFO] Server started...
[2025-07-07 23:48:21][INFO] Client connected with IP: 0000:0000:0000:0000:0000:0000:0000:0001
[2025-07-07 23:48:21][INFO] Client connected with IP: 0000:0000:0000:0000:0000:0000:0000:0001
[2025-07-07 23:48:24][INFO] Client connected with IP: 0000:0000:0000:0000:0000:0000:0000:0001
[2025-07-07 23:48:24][INFO] Client connected with IP: 0000:0000:0000:0000:0000:0000:0000:0001
[2025-07-07 23:48:30][INFO] User 'vaibz' logged in successfully
[2025-07-07 23:48:50][ERROR] Password is incorrect for user: rutuja
[2025-07-07 23:49:06][INFO] User 'rutuja' logged in successfully
[2025-07-07 23:49:16][ERROR] stoi
[2025-07-07 23:50:57][ERROR] stoi
[2025-07-07 23:51:30][INFO] Server started...
[2025-07-07 23:51:33][INFO] Client connected with IP: 0000:0000:0000:0000:0000:0000:0000:0001
[2025-07-07 23:51:33][INFO] Client connected with IP: 0000:0000:0000:0000:0000:0000:0000:0001
[2025-07-07 23:51:53][INFO] Server started...
[2025-07-07 23:51:58][INFO] Client connected with IP: 0000:0000:0000:0000:0000:0000:0000:0001
[2025-07-07 23:51:58][INFO] Client connected with IP: 0000:0000:0000:0000:0000:0000:0000:0001
[2025-07-07 23:52:02][INFO] Client connected with IP: 0000:0000:0000:0000:0000:0000:0000:0001
[2025-07-07 23:52:02][INFO] Client connected with IP: 0000:0000:0000:0000:0000:0000:0000:0001
[2025-07-07 23:52:09][INFO] User 'vaibz' logged in successfully
[2025-07-07 23:52:28][INFO] User 'rutuja' logged in successfully
[2025-07-07 23:53:11][ERROR] stoi
[2025-07-07 23:54:12][ERROR] stoi
[2025-07-07 23:54:47][ERROR] stoi
[2025-07-07 23:56:10][INFO] Server started...
[2025-07-07 23:56:13][INFO] Client connected with IP: 0000:0000:0000:0000:0000:0000:0000:0001
[2025-07-07 23:56:13][INFO] Client connected with IP: 0000:0000:0000:0000:0000:0000:0000:0001
[2025-07-07 23:56:16][INFO] Client connected with IP: 0000:0000:0000:0000:0000:0000:0000:0001
[2025-07-07 23:56:16][INFO] Client connected with IP: 0000:0000:0000:0000:0000:0000:0000:0001
[2025-07-07 23:56:21][ERROR] Password is incorrect for user: rutuja
[2025-07-07 23:56:23][INFO] User 'rutuja' logged in successfully
[2025-07-07 23:56:31][INFO] User 'vaibz' logged in successfully
[2025-07-07 23:56:40][ERROR] stoi
[2025-07-07 23:57:32][INFO] Server started...
[2025-07-07 23:57:38][INFO] Client connected with IP: 0000:0000:0000:0000:0000:0000:0000:0001
[2025-07-07 23:57:38][INFO] Client connected with IP: 0000:0000:0000:0000:0000:0000:0000:0001
[2025-07-07 23:57:41][INFO] Client connected with IP: 0000:0000:0000:0000:0000:0000:0000:0001
[2025-07-07 23:57:41][INFO] Client connected with IP: 0000:0000:0000:0000:0000:0000:0000:0001
[2025-07-07 23:57:45][INFO] User 'vaibz' logged in successfully
[2025-07-07 23:57:51][INFO] User 'rutuja' logged in successfully
[2025-07-07 23:59:30][INFO] Server started...
[2025-07-07 23:59:31][INFO] Client connected with IP: 0000:0000:0000:0000:0000:0000:0000:0001
[2025-07-07 23:59:31][INFO] Client connected with IP: 0000:0000:0000:0000:0000:0000:0000:0001
[2025-07-07 23:59:33][INFO] Client connected with IP: 0000:0000:0000:0000:0000:0000:0000:0001
[2025-07-07 23:59:33][INFO] Client connected with IP: 0000:0000:0000:0000:0000:0000:0000:0001
[2025-07-07 23:59:37][INFO] User 'vaibz' logged in successfully
[2025-07-07 23:59:44][INFO] User 'rutuja' logged in successfully
