[2025-11-13 00:01:49][INFO] Client connected with IP: 127.0.0.1
[2025-11-13 00:01:55][INFO] Client connected with IP: 127.0.0.1
[2025-11-13 00:01:56][INFO] Client connected with IP: 127.0.0.1
[2025-11-13 00:02:21][DEBUG] Message received from client {"message_type":101,"username":"vaibz","password":"12345","timestamp":"2025-11-12T18:32:14.217Z"}
[2025-11-13 00:02:21][DEBUG][process] in process func: {"message_type":101,"password":"12345","timestamp":"2025-11-12T18:32:14.217Z","username":"vaibz"}
[2025-11-13 00:02:21][INFO][process_login_request] User 'vaibz' logged in successfully
[2025-11-13 00:02:21][DEBUG][send_user_login_payloads] {"dob":"2002-03-20","email":"vaibhav@google.com","fullname":"Vaibhav Gaikwad","gender":"Male","message_type":111,"phone":"7887401312","username":"vaibz"}
[2025-11-13 00:02:21][DEBUG][send_user_login_payloads] {"count":0,"message_type":113,"pending_friend_requests_list":[]}
[2025-11-13 00:02:21][DEBUG][send_user_login_payloads] {"count":0,"friends_list":[],"message_type":112}
[2025-11-13 00:02:32][DEBUG] Message received from client {"message_type":105,"user_id":21,"username":"vaibz"}
[2025-11-13 00:02:32][DEBUG][process] in process func: {"message_type":105,"user_id":21,"username":"vaibz"}
[2025-11-13 00:02:32][INFO][process_logout_request] User 'vaibz' failed to logged out. Session not found.
[2025-11-13 00:02:32][INFO][process_logout_request] User 'vaibz' logged out successfully
[2025-11-13 00:02:32][DEBUG][process_logout_request] {"message_type":106,"status":0}
[2025-11-13 00:02:40][DEBUG] Message received from client {"message_type":101,"username":"chetanap","password":"4567","timestamp":"2025-11-12T18:32:32.620Z"}
[2025-11-13 00:02:40][DEBUG][process] in process func: {"message_type":101,"password":"4567","timestamp":"2025-11-12T18:32:32.620Z","username":"chetanap"}
[2025-11-13 00:02:40][ERROR][process_login_request] Password is incorrect for user: chetanap
[2025-11-13 00:02:43][DEBUG] Message received from client {"message_type":101,"username":"chetanap","password":"5678","timestamp":"2025-11-12T18:32:41.517Z"}
[2025-11-13 00:02:43][DEBUG][process] in process func: {"message_type":101,"password":"5678","timestamp":"2025-11-12T18:32:41.517Z","username":"chetanap"}
[2025-11-13 00:02:43][INFO][process_login_request] User 'chetanap' logged in successfully
[2025-11-13 00:02:43][DEBUG][send_user_login_payloads] {"dob":"2005-01-27","email":"chetanap2005@gmail.com","fullname":"Chetana Patil","gender":"Female","message_type":111,"phone":"1234567890","username":"chetanap"}
[2025-11-13 00:02:43][DEBUG][send_user_login_payloads] {"count":0,"message_type":113,"pending_friend_requests_list":[]}
[2025-11-13 00:02:43][DEBUG][send_user_login_payloads] {"count":4,"friends_list":[{"dob":"2001-02-11","fullname":"Achal Bhamare","gender":"Female","user_id":1266,"username":"achalb11"},{"dob":"2004-05-31","fullname":"Rutuja Dabhade","gender":"Female","user_id":34,"username":"Rutuja"},{"dob":"2025-06-03","fullname":"Vaishnavi ","gender":"Female","user_id":39,"username":"vaishnavi10"},{"dob":"2017-08-26","fullname":"Anvi Dabhade","gender":"Female","user_id":1247,"username":"kuhu"}],"message_type":112}
[2025-11-13 00:03:33][DEBUG] Message received from client {"message_type":107,"username":"v","requested_by":"chetanap"}
[2025-11-13 00:03:33][DEBUG][process] in process func: {"message_type":107,"requested_by":"chetanap","username":"v"}
[2025-11-13 00:03:33][DEBUG][process_search_user_request] {"count":30,"message_type":108,"users":[{"display_name":"Vaibhav Gaikwad","friendship_status":2,"user_id":21,"username":"vaibz"},{"display_name":"VIjay","friendship_status":2,"user_id":37,"username":"Vijay"},{"display_name":"VIjay","friendship_status":2,"user_id":38,"username":"vijay1234"},{"display_name":"Vaishnavi ","friendship_status":0,"user_id":39,"username":"vaishnavi10"},{"display_name":"vaibhav","friendship_status":2,"user_id":41,"username":"vaibz12"},{"display_name":"Mandar Chavan","friendship_status":2,"user_id":1042,"username":"mchavan882"},{"display_name":"Chinmay Chavan","friendship_status":2,"user_id":1046,"username":"cchavan838"},{"display_name":"Meghna Jadhav","friendship_status":2,"user_id":1047,"username":"mjadhav670"},{"display_name":"Rutuja Jadhav","friendship_status":2,"user_id":1051,"username":"rjadhav009"},{"display_name":"Vishal Pawar","friendship_status":2,"user_id":1053,"username":"vpawar008"},{"display_name":"Vaishnavi Inamdar","friendship_status":2,"user_id":1063,"username":"vinamdar778"},{"display_name":"Shraddha Chavan","friendship_status":2,"user_id":1070,"username":"schavan386"},{"display_name":"Sachin Jadhav","friendship_status":2,"user_id":1076,"username":"sjadhav205"},{"display_name":"Bhagyashree Chavan","friendship_status":2,"user_id":1081,"username":"bchavan171"},{"display_name":"Vaishnavi Apte","friendship_status":2,"user_id":1089,"username":"vapte786"},{"display_name":"Vaishnavi Jadhav","friendship_status":2,"user_id":1092,"username":"vjadhav942"},{"display_name":"Amey Chavan","friendship_status":2,"user_id":1096,"username":"achavan907"},{"display_name":"Vaishnavi Chavan","friendship_status":2,"user_id":1105,"username":"vchavan805"},{"display_name":"Omkar Jadhav","friendship_status":2,"user_id":1119,"username":"ojadhav797"},{"display_name":"Snehal Jadhav","friendship_status":2,"user_id":1130,"username":"sjadhav930"},{"display_name":"Tejas Chavan","friendship_status":2,"user_id":1132,"username":"tchavan152"},{"display_name":"Vaishnavi Kulkarni","friendship_status":2,"user_id":1135,"username":"vkulkarni090"},{"display_name":"Yogesh Chavan","friendship_status":2,"user_id":1137,"username":"ychavan506"},{"display_name":"Aditya Jadhav","friendship_status":2,"user_id":1146,"username":"ajadhav963"},{"display_name":"Amey Jadhav","friendship_status":2,"user_id":1154,"username":"ajadhav446"},{"display_name":"Vaishnavi Lokhande","friendship_status":2,"user_id":1168,"username":"vlokhande789"},{"display_name":"Anuja Chavan","friendship_status":2,"user_id":1169,"username":"achavan428"},{"display_name":"Siddhesh Jadhav","friendship_status":2,"user_id":1180,"username":"sjadhav475"},{"display_name":"Vaishnavi Shinde","friendship_status":2,"user_id":1200,"username":"vshinde770"},{"display_name":"Ruturaj Jadhav","friendship_status":2,"user_id":1207,"username":"rjadhav555"}]}
[2025-11-13 00:03:33][DEBUG] Message received from client {"message_type":107,"username":"va","requested_by":"chetanap"}
[2025-11-13 00:03:33][DEBUG][process] in process func: {"message_type":107,"requested_by":"chetanap","username":"va"}
[2025-11-13 00:03:33][DEBUG][process_search_user_request] {"count":28,"message_type":108,"users":[{"display_name":"Vaibhav Gaikwad","friendship_status":2,"user_id":21,"username":"vaibz"},{"display_name":"Vaishnavi ","friendship_status":0,"user_id":39,"username":"vaishnavi10"},{"display_name":"vaibhav","friendship_status":2,"user_id":41,"username":"vaibz12"},{"display_name":"Mandar Chavan","friendship_status":2,"user_id":1042,"username":"mchavan882"},{"display_name":"Chinmay Chavan","friendship_status":2,"user_id":1046,"username":"cchavan838"},{"display_name":"Vaishnavi Inamdar","friendship_status":2,"user_id":1063,"username":"vinamdar778"},{"display_name":"Shraddha Chavan","friendship_status":2,"user_id":1070,"username":"schavan386"},{"display_name":"Bhagyashree Chavan","friendship_status":2,"user_id":1081,"username":"bchavan171"},{"display_name":"Vaishnavi Apte","friendship_status":2,"user_id":1089,"username":"vapte786"},{"display_name":"Vaishnavi Jadhav","friendship_status":2,"user_id":1092,"username":"vjadhav942"},{"display_name":"Amey Chavan","friendship_status":2,"user_id":1096,"username":"achavan907"},{"display_name":"Vaishnavi Chavan","friendship_status":2,"user_id":1105,"username":"vchavan805"},{"display_name":"Tejas Chavan","friendship_status":2,"user_id":1132,"username":"tchavan152"},{"display_name":"Vaishnavi Kulkarni","friendship_status":2,"user_id":1135,"username":"vkulkarni090"},{"display_name":"Yogesh Chavan","friendship_status":2,"user_id":1137,"username":"ychavan506"},{"display_name":"Vaishnavi Lokhande","friendship_status":2,"user_id":1168,"username":"vlokhande789"},{"display_name":"Anuja Chavan","friendship_status":2,"user_id":1169,"username":"achavan428"},{"display_name":"Vaishnavi Shinde","friendship_status":2,"user_id":1200,"username":"vshinde770"},{"display_name":"Vaishnavi Pawar","friendship_status":2,"user_id":1210,"username":"vpawar912"},{"display_name":"Ashwini Chavan","friendship_status":2,"user_id":1230,"username":"achavan019"},{"display_name":"Kajal Chavan","friendship_status":2,"user_id":1239,"username":"kchavan762"},{"display_name":"Vaibhav","friendship_status":2,"user_id":1242,"username":"vaibhav"},{"display_name":"Vaibhav Gaikwad","friendship_status":2,"user_id":1243,"username":"vaibz21"},{"display_name":"om chavan","friendship_status":2,"user_id":1248,"username":"omchavan8"},{"display_name":"om Chavan","friendship_status":2,"user_id":1263,"username":"omchavan"},{"display_name":"om chavan","friendship_status":2,"user_id":1269,"username":"omchavan96"},{"display_name":"Suyash chavan","friendship_status":2,"user_id":1270,"username":"suyashchavan"},{"display_name":"Soham rohidas chavan","friendship_status":2,"user_id":1280,"username":"sohamchavan"}]}
[2025-11-13 00:04:03][INFO] Client disconnected. Client is going away, Reason: 
[2025-11-13 00:04:03][INFO] Client connected with IP: 127.0.0.1
[2025-11-13 00:05:48][DEBUG] Message received from client {"message_type":105,"user_id":1245,"username":"chetanap"}
[2025-11-13 00:05:48][DEBUG][process] in process func: {"message_type":105,"user_id":1245,"username":"chetanap"}
[2025-11-13 00:05:48][ERROR][process_logout_request] Failed to log out user 'chetanap'
[2025-11-13 00:05:48][DEBUG][process_logout_request] {"message_type":106,"status":1}
[2025-11-13 00:09:04][INFO] Client connected with IP: 127.0.0.1
[2025-11-13 00:09:16][DEBUG] Message received from client {"message_type":101,"username":"chetanap","password":"5678","timestamp":"2025-11-12T18:39:06.811Z"}
[2025-11-13 00:09:16][DEBUG][process] in process func: {"message_type":101,"password":"5678","timestamp":"2025-11-12T18:39:06.811Z","username":"chetanap"}
[2025-11-13 00:09:16][INFO][process_login_request] User 'chetanap' logged in successfully
[2025-11-13 00:09:16][DEBUG][send_user_login_payloads] {"dob":"2005-01-27","email":"chetanap2005@gmail.com","fullname":"Chetana Patil","gender":"Female","message_type":111,"phone":"1234567890","username":"chetanap"}
[2025-11-13 00:09:16][DEBUG][send_user_login_payloads] {"count":0,"message_type":113,"pending_friend_requests_list":[]}
[2025-11-13 00:09:16][DEBUG][send_user_login_payloads] {"count":4,"friends_list":[{"dob":"2001-02-11","fullname":"Achal Bhamare","gender":"Female","user_id":1266,"username":"achalb11"},{"dob":"2004-05-31","fullname":"Rutuja Dabhade","gender":"Female","user_id":34,"username":"Rutuja"},{"dob":"2025-06-03","fullname":"Vaishnavi ","gender":"Female","user_id":39,"username":"vaishnavi10"},{"dob":"2017-08-26","fullname":"Anvi Dabhade","gender":"Female","user_id":1247,"username":"kuhu"}],"message_type":112}
[2025-11-13 00:11:24][INFO] Client disconnected. Client is going away, Reason: 
[2025-11-13 00:11:33][INFO] Client connected with IP: 127.0.0.1
[2025-11-13 00:12:11][DEBUG] Message received from client {"message_type":101,"username":"chetanap","password":"5678","timestamp":"2025-11-12T18:42:03.635Z"}
[2025-11-13 00:12:11][DEBUG][process] in process func: {"message_type":101,"password":"5678","timestamp":"2025-11-12T18:42:03.635Z","username":"chetanap"}
[2025-11-13 00:12:11][INFO][process_login_request] User 'chetanap' logged in successfully
[2025-11-13 00:12:11][DEBUG][send_user_login_payloads] {"dob":"2005-01-27","email":"chetanap2005@gmail.com","fullname":"Chetana Patil","gender":"Female","message_type":111,"phone":"1234567890","username":"chetanap"}
[2025-11-13 00:12:11][DEBUG][send_user_login_payloads] {"count":0,"message_type":113,"pending_friend_requests_list":[]}
[2025-11-13 00:12:11][DEBUG][send_user_login_payloads] {"count":4,"friends_list":[{"dob":"2001-02-11","fullname":"Achal Bhamare","gender":"Female","user_id":1266,"username":"achalb11"},{"dob":"2004-05-31","fullname":"Rutuja Dabhade","gender":"Female","user_id":34,"username":"Rutuja"},{"dob":"2025-06-03","fullname":"Vaishnavi ","gender":"Female","user_id":39,"username":"vaishnavi10"},{"dob":"2017-08-26","fullname":"Anvi Dabhade","gender":"Female","user_id":1247,"username":"kuhu"}],"message_type":112}
[2025-11-13 00:15:45][INFO] Client disconnected. Client is going away, Reason: 
[2025-11-13 00:15:45][INFO] Client connected with IP: 127.0.0.1
[2025-11-13 00:15:50][INFO] Received SIGTERM (Termination request, e.g. 'kill' command). Server terminated.
[2025-11-13 00:16:08][INFO] Server started...
[2025-11-13 00:16:08][INFO] Listening on port: 2121
[2025-11-13 00:16:14][INFO] Client connected with IP: 127.0.0.1
[2025-11-13 00:16:26][DEBUG] Message received from client {"message_type":101,"username":"chetanap","password":"5678","timestamp":"2025-11-12T18:46:16.065Z"}
[2025-11-13 00:16:26][DEBUG][process] in process func: {"message_type":101,"password":"5678","timestamp":"2025-11-12T18:46:16.065Z","username":"chetanap"}
[2025-11-13 00:16:26][INFO][process_login_request] User 'chetanap' logged in successfully
[2025-11-13 00:16:26][DEBUG][send_user_login_payloads] {"dob":"2005-01-27","email":"chetanap2005@gmail.com","fullname":"Chetana Patil","gender":"Female","message_type":111,"phone":"1234567890","username":"chetanap"}
[2025-11-13 00:16:26][DEBUG][send_user_login_payloads] {"count":0,"message_type":113,"pending_friend_requests_list":[]}
[2025-11-13 00:16:26][DEBUG][send_user_login_payloads] {"count":4,"friends_list":[{"dob":"2001-02-11","fullname":"Achal Bhamare","gender":"Female","user_id":1266,"username":"achalb11"},{"dob":"2004-05-31","fullname":"Rutuja Dabhade","gender":"Female","user_id":34,"username":"Rutuja"},{"dob":"2025-06-03","fullname":"Vaishnavi ","gender":"Female","user_id":39,"username":"vaishnavi10"},{"dob":"2017-08-26","fullname":"Anvi Dabhade","gender":"Female","user_id":1247,"username":"kuhu"}],"message_type":112}
[2025-11-13 00:16:38][INFO] Client disconnected. Client is going away, Reason: 
[2025-11-13 00:16:38][INFO] Client connected with IP: 127.0.0.1
[2025-11-13 00:17:32][INFO] Client connected with IP: 127.0.0.1
[2025-11-13 00:17:48][INFO] Client connected with IP: 127.0.0.1
[2025-11-13 00:17:56][DEBUG] Message received from client {"message_type":101,"username":"chetanap","password":"5678","timestamp":"2025-11-12T18:47:49.179Z"}
[2025-11-13 00:17:56][DEBUG][process] in process func: {"message_type":101,"password":"5678","timestamp":"2025-11-12T18:47:49.179Z","username":"chetanap"}
[2025-11-13 00:17:56][INFO][process_login_request] User 'chetanap' logged in successfully
[2025-11-13 00:17:56][DEBUG][send_user_login_payloads] {"dob":"2005-01-27","email":"chetanap2005@gmail.com","fullname":"Chetana Patil","gender":"Female","message_type":111,"phone":"1234567890","username":"chetanap"}
[2025-11-13 00:17:56][DEBUG][send_user_login_payloads] {"count":0,"message_type":113,"pending_friend_requests_list":[]}
[2025-11-13 00:17:56][DEBUG][send_user_login_payloads] {"count":4,"friends_list":[{"dob":"2001-02-11","fullname":"Achal Bhamare","gender":"Female","user_id":1266,"username":"achalb11"},{"dob":"2004-05-31","fullname":"Rutuja Dabhade","gender":"Female","user_id":34,"username":"Rutuja"},{"dob":"2025-06-03","fullname":"Vaishnavi ","gender":"Female","user_id":39,"username":"vaishnavi10"},{"dob":"2017-08-26","fullname":"Anvi Dabhade","gender":"Female","user_id":1247,"username":"kuhu"}],"message_type":112}
[2025-11-13 00:18:23][DEBUG] Message received from client {"message_type":105,"user_id":1245,"username":"chetanap"}
[2025-11-13 00:18:25][DEBUG][process] in process func: {"message_type":105,"user_id":1245,"username":"chetanap"}
[2025-11-13 00:18:25][INFO][process_logout_request] User 'chetanap' failed to logged out. Session not found.
[2025-11-13 00:18:25][INFO][process_logout_request] User 'chetanap' logged out successfully
[2025-11-13 00:18:25][DEBUG][process_logout_request] {"message_type":106,"status":0}
[2025-11-13 00:18:36][DEBUG] Message received from client {"message_type":101,"username":"chetanap","password":"5678","timestamp":"2025-11-12T18:48:25.721Z"}
[2025-11-13 00:18:38][DEBUG][process] in process func: {"message_type":101,"password":"5678","timestamp":"2025-11-12T18:48:25.721Z","username":"chetanap"}
[2025-11-13 00:18:38][INFO][process_login_request] User 'chetanap' logged in successfully
[2025-11-13 00:18:38][DEBUG][send_user_login_payloads] {"dob":"2005-01-27","email":"chetanap2005@gmail.com","fullname":"Chetana Patil","gender":"Female","message_type":111,"phone":"1234567890","username":"chetanap"}
[2025-11-13 00:18:38][DEBUG][send_user_login_payloads] {"count":0,"message_type":113,"pending_friend_requests_list":[]}
[2025-11-13 00:18:38][DEBUG][send_user_login_payloads] {"count":4,"friends_list":[{"dob":"2001-02-11","fullname":"Achal Bhamare","gender":"Female","user_id":1266,"username":"achalb11"},{"dob":"2004-05-31","fullname":"Rutuja Dabhade","gender":"Female","user_id":34,"username":"Rutuja"},{"dob":"2025-06-03","fullname":"Vaishnavi ","gender":"Female","user_id":39,"username":"vaishnavi10"},{"dob":"2017-08-26","fullname":"Anvi Dabhade","gender":"Female","user_id":1247,"username":"kuhu"}],"message_type":112}
[2025-11-13 00:18:41][INFO] Client disconnected. Client is going away, Reason: 
[2025-11-13 00:18:41][INFO] Client connected with IP: 127.0.0.1
[2025-11-13 00:19:53][INFO] Client connected with IP: 127.0.0.1
