[2025-07-14 22:16:35][INFO] Server started...
[2025-07-14 22:16:51][INFO] Client connected with IP: 0000:0000:0000:0000:0000:0000:0000:0001
[2025-07-14 22:16:51][INFO] Client connected with IP: 0000:0000:0000:0000:0000:0000:0000:0001
[2025-07-14 22:17:04][INFO] User 'rutuja' logged in successfully
[2025-07-14 22:17:04][ERROR] Database error in MessageHandler::get_pending_friend_requests: CDK Error: Unknown column 'sender_id' in 'field list'
[2025-07-14 22:17:20][INFO] Client connected with IP: 0000:0000:0000:0000:0000:0000:0000:0001
[2025-07-14 22:17:20][INFO] Client connected with IP: 0000:0000:0000:0000:0000:0000:0000:0001
[2025-07-14 22:17:26][INFO] User 'vaibz' logged in successfully
[2025-07-14 22:17:26][ERROR] Database error in MessageHandler::get_pending_friend_requests: CDK Error: Unknown column 'sender_id' in 'field list'
[2025-07-14 22:19:05][INFO] Server started...
[2025-07-14 22:19:22][INFO] Client connected with IP: 0000:0000:0000:0000:0000:0000:0000:0001
[2025-07-14 22:19:22][INFO] Client connected with IP: 0000:0000:0000:0000:0000:0000:0000:0001
[2025-07-14 22:19:22][INFO] Client disconnected. Code: 1001, Reason: 
[2025-07-14 22:19:22][INFO] Client disconnected. Code: 1001, Reason: 
[2025-07-14 22:19:22][INFO] Client connected with IP: 0000:0000:0000:0000:0000:0000:0000:0001
[2025-07-14 22:19:22][INFO] Client connected with IP: 0000:0000:0000:0000:0000:0000:0000:0001
[2025-07-14 22:19:30][INFO] User 'vaibz' logged in successfully
[2025-07-14 22:20:52][INFO] Server started...
[2025-07-14 22:21:04][INFO] Client connected with IP: 0000:0000:0000:0000:0000:0000:0000:0001
[2025-07-14 22:21:04][INFO] Client connected with IP: 0000:0000:0000:0000:0000:0000:0000:0001
[2025-07-14 22:21:11][INFO] User 'vaibz' logged in successfully
[2025-07-14 22:23:07][INFO] Server started...
[2025-07-14 22:23:23][INFO] Client connected with IP: 0000:0000:0000:0000:0000:0000:0000:0001
[2025-07-14 22:23:23][INFO] Client connected with IP: 0000:0000:0000:0000:0000:0000:0000:0001
[2025-07-14 22:23:32][INFO] User 'vaibz' logged in successfully
[2025-07-14 22:26:04][INFO] Server started...
[2025-07-14 22:26:08][INFO] Client connected with IP: 0000:0000:0000:0000:0000:0000:0000:0001
[2025-07-14 22:26:08][INFO] Client connected with IP: 0000:0000:0000:0000:0000:0000:0000:0001
[2025-07-14 22:26:16][INFO] User 'vaibz' logged in successfully
[2025-07-14 22:26:27][ERROR] [json.exception.type_error.316] invalid UTF-8 byte at index 1: 0x0F
[2025-07-14 22:33:29][INFO] Server started...
[2025-07-14 22:33:31][INFO] Client connected with IP: 0000:0000:0000:0000:0000:0000:0000:0001
[2025-07-14 22:33:31][INFO] Client connected with IP: 0000:0000:0000:0000:0000:0000:0000:0001
[2025-07-14 22:33:38][INFO] User 'vaibz' logged in successfully
[2025-07-14 22:36:13][INFO] Server started...
[2025-07-14 22:36:15][INFO] Client connected with IP: 0000:0000:0000:0000:0000:0000:0000:0001
[2025-07-14 22:36:15][INFO] Client connected with IP: 0000:0000:0000:0000:0000:0000:0000:0001
[2025-07-14 22:36:29][INFO] User 'vaibz' logged in successfully
[2025-07-14 22:37:49][INFO] Client disconnected. Code: 1001, Reason: 
[2025-07-14 22:37:49][INFO] Client disconnected. Code: 1001, Reason: 
[2025-07-14 22:37:49][INFO] Client connected with IP: 0000:0000:0000:0000:0000:0000:0000:0001
[2025-07-14 22:37:49][INFO] Client connected with IP: 0000:0000:0000:0000:0000:0000:0000:0001
[2025-07-14 22:38:13][INFO] User 'vaishnavi10' logged in successfully
[2025-07-14 22:38:32][INFO] Client disconnected. Code: 1001, Reason: 
[2025-07-14 22:38:32][INFO] Client disconnected. Code: 1001, Reason: 
[2025-07-14 22:38:32][INFO] Client connected with IP: 0000:0000:0000:0000:0000:0000:0000:0001
[2025-07-14 22:38:32][INFO] Client connected with IP: 0000:0000:0000:0000:0000:0000:0000:0001
[2025-07-14 22:38:45][INFO] User 'harsh' logged in successfully
[2025-07-14 22:38:57][INFO] Client disconnected. Code: 1001, Reason: 
[2025-07-14 22:38:57][INFO] Client disconnected. Code: 1001, Reason: 
[2025-07-14 22:38:57][INFO] Client connected with IP: 0000:0000:0000:0000:0000:0000:0000:0001
[2025-07-14 22:38:57][INFO] Client connected with IP: 0000:0000:0000:0000:0000:0000:0000:0001
[2025-07-14 22:39:15][INFO] User 'sakshi' logged in successfully
[2025-07-14 22:39:28][INFO] Client disconnected. Code: 1001, Reason: 
[2025-07-14 22:39:28][INFO] Client disconnected. Code: 1001, Reason: 
[2025-07-14 22:39:28][INFO] Client connected with IP: 0000:0000:0000:0000:0000:0000:0000:0001
[2025-07-14 22:39:28][INFO] Client connected with IP: 0000:0000:0000:0000:0000:0000:0000:0001
[2025-07-14 22:39:32][ERROR] Password is incorrect for user: vijay
[2025-07-14 22:39:34][INFO] User 'vijay' logged in successfully
[2025-07-14 22:40:04][INFO] Client disconnected. Code: 1001, Reason: 
[2025-07-14 22:40:04][INFO] Client disconnected. Code: 1001, Reason: 
[2025-07-14 22:40:04][INFO] Client connected with IP: 0000:0000:0000:0000:0000:0000:0000:0001
[2025-07-14 22:40:04][INFO] Client connected with IP: 0000:0000:0000:0000:0000:0000:0000:0001
[2025-07-14 22:40:04][INFO] Client disconnected. Code: 1001, Reason: 
[2025-07-14 22:40:04][INFO] Client disconnected. Code: 1001, Reason: 
[2025-07-14 22:40:04][INFO] Client connected with IP: 0000:0000:0000:0000:0000:0000:0000:0001
[2025-07-14 22:40:04][INFO] Client connected with IP: 0000:0000:0000:0000:0000:0000:0000:0001
[2025-07-14 22:40:36][INFO] User 'vaibz' logged in successfully
[2025-07-14 22:41:41][INFO] Client connected with IP: 0000:0000:0000:0000:0000:0000:0000:0001
[2025-07-14 22:41:41][INFO] Client connected with IP: 0000:0000:0000:0000:0000:0000:0000:0001
[2025-07-14 22:41:46][INFO] User 'vijay' logged in successfully
[2025-07-14 22:42:59][INFO] Client disconnected. Code: 1001, Reason: 
[2025-07-14 22:42:59][INFO] Client disconnected. Code: 1001, Reason: 
[2025-07-14 22:42:59][INFO] Client connected with IP: 0000:0000:0000:0000:0000:0000:0000:0001
[2025-07-14 22:42:59][INFO] Client connected with IP: 0000:0000:0000:0000:0000:0000:0000:0001
[2025-07-14 22:43:09][INFO] User 'rutuja' logged in successfully
