[2025-06-25 23:23:38][INFO] Server started...
[2025-06-25 23:24:10][INFO] Client connected with IP: 0000:0000:0000:0000:0000:ffff:7f00:0001
[2025-06-25 23:24:10][INFO] Client connected with IP: 0000:0000:0000:0000:0000:ffff:7f00:0001
[2025-06-25 23:24:11][INFO] Client connected with IP: 0000:0000:0000:0000:0000:ffff:7f00:0001
[2025-06-25 23:24:11][INFO] Client connected with IP: 0000:0000:0000:0000:0000:ffff:7f00:0001
[2025-06-25 23:24:11][INFO] Client connected with IP: 0000:0000:0000:0000:0000:ffff:7f00:0001
[2025-06-25 23:24:11][INFO] Client connected with IP: 0000:0000:0000:0000:0000:ffff:7f00:0001
[2025-06-25 23:24:11][INFO] Client connected with IP: 0000:0000:0000:0000:0000:ffff:7f00:0001
[2025-06-25 23:24:11][INFO] Client connected with IP: 0000:0000:0000:0000:0000:ffff:7f00:0001
[2025-06-25 23:24:25][INFO] Client connected with IP: 0000:0000:0000:0000:0000:ffff:7f00:0001
[2025-06-25 23:24:25][INFO] Client connected with IP: 0000:0000:0000:0000:0000:ffff:7f00:0001
[2025-06-25 23:24:25][INFO] Client connected with IP: 0000:0000:0000:0000:0000:ffff:7f00:0001
[2025-06-25 23:24:26][INFO] Client connected with IP: 0000:0000:0000:0000:0000:ffff:7f00:0001
[2025-06-25 23:24:26][INFO] Client connected with IP: 0000:0000:0000:0000:0000:ffff:7f00:0001
[2025-06-25 23:24:26][INFO] Client connected with IP: 0000:0000:0000:0000:0000:ffff:7f00:0001
[2025-06-25 23:24:37][INFO] Client connected with IP: 0000:0000:0000:0000:0000:ffff:7f00:0001
[2025-06-25 23:24:38][INFO] Client connected with IP: 0000:0000:0000:0000:0000:ffff:7f00:0001
[2025-06-25 23:24:38][INFO] Client connected with IP: 0000:0000:0000:0000:0000:ffff:7f00:0001
[2025-06-25 23:24:38][INFO] Client connected with IP: 0000:0000:0000:0000:0000:ffff:7f00:0001
[2025-06-25 23:24:41][INFO] Client connected with IP: 0000:0000:0000:0000:0000:ffff:7f00:0001
[2025-06-25 23:24:41][INFO] Client connected with IP: 0000:0000:0000:0000:0000:ffff:7f00:0001
[2025-06-25 23:24:42][INFO] Client connected with IP: 0000:0000:0000:0000:0000:ffff:7f00:0001
[2025-06-25 23:24:42][INFO] Client connected with IP: 0000:0000:0000:0000:0000:ffff:7f00:0001
[2025-06-25 23:24:46][INFO] Client connected with IP: 0000:0000:0000:0000:0000:ffff:7f00:0001
[2025-06-25 23:24:46][INFO] Client connected with IP: 0000:0000:0000:0000:0000:ffff:7f00:0001
[2025-06-25 23:24:46][INFO] Client connected with IP: 0000:0000:0000:0000:0000:ffff:7f00:0001
[2025-06-25 23:24:46][INFO] Client connected with IP: 0000:0000:0000:0000:0000:ffff:7f00:0001
[2025-06-25 23:25:02][INFO] Client connected with IP: 0000:0000:0000:0000:0000:ffff:7f00:0001
[2025-06-25 23:25:02][INFO] Client connected with IP: 0000:0000:0000:0000:0000:ffff:7f00:0001
[2025-06-25 23:25:02][INFO] Client connected with IP: 0000:0000:0000:0000:0000:ffff:7f00:0001
[2025-06-25 23:25:02][INFO] Client connected with IP: 0000:0000:0000:0000:0000:ffff:7f00:0001
[2025-06-25 23:25:52][INFO] Client disconnected. Code: 1001, Reason: 
[2025-06-25 23:25:52][INFO] Client disconnected. Code: 1001, Reason: 
[2025-06-25 23:25:52][INFO] Client disconnected. Code: 1001, Reason: 
[2025-06-25 23:25:52][INFO] Client disconnected. Code: 1001, Reason: 
[2025-06-25 23:25:52][INFO] Client disconnected. Code: 1001, Reason: 
[2025-06-25 23:25:52][INFO] Client disconnected. Code: 1001, Reason: 
[2025-06-25 23:25:52][INFO] Client disconnected. Code: 1001, Reason: 
[2025-06-25 23:25:52][INFO] Client disconnected. Code: 1001, Reason: 
[2025-06-25 23:25:52][INFO] Client disconnected. Code: 1001, Reason: 
[2025-06-25 23:25:52][INFO] Client disconnected. Code: 1001, Reason: 
[2025-06-25 23:25:52][INFO] Client disconnected. Code: 1001, Reason: 
[2025-06-25 23:25:52][INFO] Client disconnected. Code: 1001, Reason: 
[2025-06-25 23:25:52][INFO] Client disconnected. Code: 1001, Reason: 
[2025-06-25 23:25:52][INFO] Client disconnected. Code: 1001, Reason: 
[2025-06-25 23:25:52][INFO] Client disconnected. Code: 1001, Reason: 
[2025-06-25 23:25:52][INFO] Client disconnected. Code: 1001, Reason: 
[2025-06-25 23:25:53][INFO] Client disconnected. Code: 1001, Reason: 
[2025-06-25 23:25:53][INFO] Client disconnected. Code: 1001, Reason: 
[2025-06-25 23:25:53][INFO] Client disconnected. Code: 1001, Reason: 
[2025-06-25 23:25:53][INFO] Client disconnected. Code: 1001, Reason: 
[2025-06-25 23:25:53][INFO] Client disconnected. Code: 1001, Reason: 
[2025-06-25 23:25:53][INFO] Client disconnected. Code: 1001, Reason: 
[2025-06-25 23:25:53][INFO] Client connected with IP: 0000:0000:0000:0000:0000:ffff:7f00:0001
[2025-06-25 23:25:54][INFO] Client connected with IP: 0000:0000:0000:0000:0000:ffff:7f00:0001
[2025-06-25 23:25:56][INFO] Client connected with IP: 0000:0000:0000:0000:0000:ffff:7f00:0001
[2025-06-25 23:25:57][INFO] Client connected with IP: 0000:0000:0000:0000:0000:ffff:7f00:0001
[2025-06-25 23:25:58][INFO] Client connected with IP: 0000:0000:0000:0000:0000:ffff:7f00:0001
[2025-06-25 23:25:58][INFO] Client connected with IP: 0000:0000:0000:0000:0000:ffff:7f00:0001
[2025-06-25 23:27:30][INFO] Client connected with IP: 0000:0000:0000:0000:0000:ffff:7f00:0001
[2025-06-25 23:27:31][INFO] Client connected with IP: 0000:0000:0000:0000:0000:ffff:7f00:0001
[2025-06-25 23:27:31][INFO] Client connected with IP: 0000:0000:0000:0000:0000:ffff:7f00:0001
[2025-06-25 23:27:31][INFO] Client connected with IP: 0000:0000:0000:0000:0000:ffff:7f00:0001
[2025-06-25 23:27:34][INFO] Client connected with IP: 0000:0000:0000:0000:0000:ffff:7f00:0001
[2025-06-25 23:27:34][INFO] Client connected with IP: 0000:0000:0000:0000:0000:ffff:7f00:0001
[2025-06-25 23:27:36][INFO] Client connected with IP: 0000:0000:0000:0000:0000:ffff:7f00:0001
[2025-06-25 23:27:36][INFO] Client connected with IP: 0000:0000:0000:0000:0000:ffff:7f00:0001
[2025-06-25 23:27:37][INFO] Client connected with IP: 0000:0000:0000:0000:0000:ffff:7f00:0001
[2025-06-25 23:27:37][INFO] Client connected with IP: 0000:0000:0000:0000:0000:ffff:7f00:0001
[2025-06-25 23:27:43][INFO] Client disconnected. Code: 1001, Reason: 
[2025-06-25 23:27:43][INFO] Client disconnected. Code: 1001, Reason: 
[2025-06-25 23:27:43][INFO] Client disconnected. Code: 1001, Reason: 
[2025-06-25 23:27:43][INFO] Client disconnected. Code: 1001, Reason: 
[2025-06-25 23:27:43][INFO] Client disconnected. Code: 1001, Reason: 
[2025-06-25 23:27:43][INFO] Client disconnected. Code: 1001, Reason: 
[2025-06-25 23:27:43][INFO] Client disconnected. Code: 1001, Reason: 
[2025-06-25 23:27:43][INFO] Client disconnected. Code: 1001, Reason: 
[2025-06-25 23:27:43][INFO] Client disconnected. Code: 1001, Reason: 
[2025-06-25 23:27:43][INFO] Client disconnected. Code: 1001, Reason: 
[2025-06-25 23:27:43][INFO] Client disconnected. Code: 1001, Reason: 
[2025-06-25 23:27:43][INFO] Client disconnected. Code: 1001, Reason: 
[2025-06-25 23:27:43][INFO] Client disconnected. Code: 1001, Reason: 
[2025-06-25 23:27:43][INFO] Client disconnected. Code: 1001, Reason: 
[2025-06-25 23:27:43][INFO] Client disconnected. Code: 1001, Reason: 
[2025-06-25 23:27:43][INFO] Client disconnected. Code: 1001, Reason: 
[2025-06-25 23:27:43][INFO] Client connected with IP: 0000:0000:0000:0000:0000:ffff:7f00:0001
[2025-06-25 23:27:44][INFO] Client connected with IP: 0000:0000:0000:0000:0000:ffff:7f00:0001
[2025-06-25 23:27:44][INFO] Client connected with IP: 0000:0000:0000:0000:0000:ffff:7f00:0001
[2025-06-25 23:27:44][INFO] Client connected with IP: 0000:0000:0000:0000:0000:ffff:7f00:0001
[2025-06-25 23:27:44][INFO] Client connected with IP: 0000:0000:0000:0000:0000:ffff:7f00:0001
[2025-06-25 23:27:44][INFO] Client connected with IP: 0000:0000:0000:0000:0000:ffff:7f00:0001
[2025-06-25 23:30:28][INFO] Client connected with IP: 0000:0000:0000:0000:0000:ffff:7f00:0001
[2025-06-25 23:30:28][INFO] Client connected with IP: 0000:0000:0000:0000:0000:ffff:7f00:0001
[2025-06-25 23:30:34][INFO] Client disconnected. Code: 1001, Reason: 
[2025-06-25 23:30:34][INFO] Client disconnected. Code: 1001, Reason: 
[2025-06-25 23:30:34][INFO] Client disconnected. Code: 1001, Reason: 
[2025-06-25 23:30:34][INFO] Client disconnected. Code: 1001, Reason: 
[2025-06-25 23:30:34][INFO] Client disconnected. Code: 1001, Reason: 
[2025-06-25 23:30:34][INFO] Client disconnected. Code: 1001, Reason: 
[2025-06-25 23:30:34][INFO] Client disconnected. Code: 1001, Reason: 
[2025-06-25 23:30:34][INFO] Client disconnected. Code: 1001, Reason: 
[2025-06-25 23:30:36][INFO] Client connected with IP: 0000:0000:0000:0000:0000:ffff:7f00:0001
[2025-06-25 23:30:36][INFO] Client connected with IP: 0000:0000:0000:0000:0000:ffff:7f00:0001
[2025-06-25 23:30:36][INFO] Client connected with IP: 0000:0000:0000:0000:0000:ffff:7f00:0001
[2025-06-25 23:31:18][INFO] Client connected with IP: 0000:0000:0000:0000:0000:ffff:7f00:0001
[2025-06-25 23:32:22][INFO] Client connected with IP: 0000:0000:0000:0000:0000:ffff:7f00:0001
[2025-06-25 23:32:27][INFO] Client disconnected. Code: 1001, Reason: 
[2025-06-25 23:32:27][INFO] Client disconnected. Code: 1001, Reason: 
[2025-06-25 23:32:27][INFO] Client disconnected. Code: 1001, Reason: 
[2025-06-25 23:32:27][INFO] Client disconnected. Code: 1001, Reason: 
[2025-06-25 23:32:27][INFO] Client disconnected. Code: 1001, Reason: 
[2025-06-25 23:32:28][INFO] Client connected with IP: 0000:0000:0000:0000:0000:ffff:7f00:0001
[2025-06-25 23:32:28][INFO] Client connected with IP: 0000:0000:0000:0000:0000:ffff:7f00:0001
[2025-06-25 23:32:34][INFO] User 'Rutuja' logged in successfully
[2025-06-25 23:32:34][INFO] Client disconnected. Code: 1005, Reason: 
[2025-06-25 23:32:34][INFO] Client connected with IP: 0000:0000:0000:0000:0000:ffff:7f00:0001
[2025-06-25 23:33:25][INFO] Client disconnected. Code: 1005, Reason: 
[2025-06-25 23:33:25][INFO] Client connected with IP: 0000:0000:0000:0000:0000:ffff:7f00:0001
[2025-06-25 23:33:32][INFO] Client disconnected. Code: 1005, Reason: 
[2025-06-25 23:33:52][INFO] Client connected with IP: 0000:0000:0000:0000:0000:ffff:7f00:0001
[2025-06-25 23:33:52][INFO] Client connected with IP: 0000:0000:0000:0000:0000:ffff:7f00:0001
[2025-06-25 23:33:52][INFO] Client connected with IP: 0000:0000:0000:0000:0000:ffff:7f00:0001
[2025-06-25 23:33:53][INFO] Client connected with IP: 0000:0000:0000:0000:0000:ffff:7f00:0001
[2025-06-25 23:33:53][INFO] Client connected with IP: 0000:0000:0000:0000:0000:ffff:7f00:0001
[2025-06-25 23:33:53][INFO] Client connected with IP: 0000:0000:0000:0000:0000:ffff:7f00:0001
[2025-06-25 23:33:53][INFO] Client connected with IP: 0000:0000:0000:0000:0000:ffff:7f00:0001
[2025-06-25 23:33:53][INFO] Client connected with IP: 0000:0000:0000:0000:0000:ffff:7f00:0001
[2025-06-25 23:33:54][INFO] Client connected with IP: 0000:0000:0000:0000:0000:ffff:7f00:0001
[2025-06-25 23:33:54][INFO] Client connected with IP: 0000:0000:0000:0000:0000:ffff:7f00:0001
[2025-06-25 23:33:54][INFO] Client connected with IP: 0000:0000:0000:0000:0000:ffff:7f00:0001
[2025-06-25 23:33:54][INFO] Client connected with IP: 0000:0000:0000:0000:0000:ffff:7f00:0001
[2025-06-25 23:33:59][INFO] Client disconnected. Code: 1001, Reason: 
[2025-06-25 23:33:59][INFO] Client disconnected. Code: 1001, Reason: 
[2025-06-25 23:33:59][INFO] Client disconnected. Code: 1001, Reason: 
[2025-06-25 23:33:59][INFO] Client disconnected. Code: 1001, Reason: 
[2025-06-25 23:33:59][INFO] Client disconnected. Code: 1001, Reason: 
[2025-06-25 23:33:59][INFO] Client disconnected. Code: 1001, Reason: 
[2025-06-25 23:33:59][INFO] Client disconnected. Code: 1001, Reason: 
[2025-06-25 23:33:59][INFO] Client disconnected. Code: 1001, Reason: 
[2025-06-25 23:33:59][INFO] Client disconnected. Code: 1001, Reason: 
[2025-06-25 23:33:59][INFO] Client disconnected. Code: 1001, Reason: 
[2025-06-25 23:33:59][INFO] Client disconnected. Code: 1001, Reason: 
[2025-06-25 23:33:59][INFO] Client disconnected. Code: 1001, Reason: 
[2025-06-25 23:33:59][INFO] Client disconnected. Code: 1001, Reason: 
[2025-06-25 23:33:59][INFO] Client connected with IP: 0000:0000:0000:0000:0000:ffff:7f00:0001
[2025-06-25 23:34:00][INFO] Client connected with IP: 0000:0000:0000:0000:0000:ffff:7f00:0001
[2025-06-25 23:34:00][INFO] Client connected with IP: 0000:0000:0000:0000:0000:ffff:7f00:0001
[2025-06-25 23:34:00][INFO] Client connected with IP: 0000:0000:0000:0000:0000:ffff:7f00:0001
[2025-06-25 23:34:00][INFO] Client connected with IP: 0000:0000:0000:0000:0000:ffff:7f00:0001
[2025-06-25 23:34:00][INFO] Client connected with IP: 0000:0000:0000:0000:0000:ffff:7f00:0001
[2025-06-25 23:34:06][INFO] User 'Rutuja' logged in successfully
[2025-06-25 23:34:07][INFO] Client connected with IP: 0000:0000:0000:0000:0000:ffff:7f00:0001
[2025-06-25 23:34:07][INFO] Client connected with IP: 0000:0000:0000:0000:0000:ffff:7f00:0001
[2025-06-25 23:34:07][INFO] Client connected with IP: 0000:0000:0000:0000:0000:ffff:7f00:0001
[2025-06-25 23:34:07][INFO] Client connected with IP: 0000:0000:0000:0000:0000:ffff:7f00:0001
[2025-06-25 23:34:07][INFO] Client connected with IP: 0000:0000:0000:0000:0000:ffff:7f00:0001
[2025-06-25 23:34:07][INFO] Client connected with IP: 0000:0000:0000:0000:0000:ffff:7f00:0001
[2025-06-25 23:34:08][INFO] Client connected with IP: 0000:0000:0000:0000:0000:ffff:7f00:0001
[2025-06-25 23:34:08][INFO] Client connected with IP: 0000:0000:0000:0000:0000:ffff:7f00:0001
[2025-06-25 23:34:09][INFO] Client connected with IP: 0000:0000:0000:0000:0000:ffff:7f00:0001
[2025-06-25 23:34:09][INFO] Client connected with IP: 0000:0000:0000:0000:0000:ffff:7f00:0001
[2025-06-25 23:34:49][INFO] Client disconnected. Code: 1005, Reason: 
[2025-06-25 23:34:49][INFO] Client connected with IP: 0000:0000:0000:0000:0000:ffff:7f00:0001
[2025-06-25 23:34:49][INFO] Client connected with IP: 0000:0000:0000:0000:0000:ffff:7f00:0001
[2025-06-25 23:34:49][INFO] Client connected with IP: 0000:0000:0000:0000:0000:ffff:7f00:0001
[2025-06-25 23:34:50][INFO] Client connected with IP: 0000:0000:0000:0000:0000:ffff:7f00:0001
[2025-06-25 23:34:50][INFO] Client connected with IP: 0000:0000:0000:0000:0000:ffff:7f00:0001
[2025-06-25 23:34:50][INFO] Client connected with IP: 0000:0000:0000:0000:0000:ffff:7f00:0001
[2025-06-25 23:34:52][INFO] Client disconnected. Code: 1005, Reason: 
[2025-06-25 23:34:52][INFO] Client connected with IP: 0000:0000:0000:0000:0000:ffff:7f00:0001
[2025-06-25 23:34:52][INFO] Client connected with IP: 0000:0000:0000:0000:0000:ffff:7f00:0001
[2025-06-25 23:34:52][INFO] Client connected with IP: 0000:0000:0000:0000:0000:ffff:7f00:0001
[2025-06-25 23:34:53][INFO] Client connected with IP: 0000:0000:0000:0000:0000:ffff:7f00:0001
[2025-06-25 23:34:53][INFO] Client connected with IP: 0000:0000:0000:0000:0000:ffff:7f00:0001
[2025-06-25 23:34:53][INFO] Client connected with IP: 0000:0000:0000:0000:0000:ffff:7f00:0001
[2025-06-25 23:35:07][INFO] Client disconnected. Code: 1005, Reason: 
[2025-06-25 23:35:07][INFO] Client connected with IP: 0000:0000:0000:0000:0000:ffff:7f00:0001
[2025-06-25 23:35:07][INFO] Client connected with IP: 0000:0000:0000:0000:0000:ffff:7f00:0001
[2025-06-25 23:35:07][INFO] Client connected with IP: 0000:0000:0000:0000:0000:ffff:7f00:0001
[2025-06-25 23:35:07][INFO] Client connected with IP: 0000:0000:0000:0000:0000:ffff:7f00:0001
[2025-06-25 23:35:08][INFO] Client connected with IP: 0000:0000:0000:0000:0000:ffff:7f00:0001
[2025-06-25 23:35:08][INFO] Client connected with IP: 0000:0000:0000:0000:0000:ffff:7f00:0001
[2025-06-25 23:35:09][INFO] Client disconnected. Code: 1005, Reason: 
[2025-06-25 23:35:09][INFO] Client connected with IP: 0000:0000:0000:0000:0000:ffff:7f00:0001
[2025-06-25 23:35:09][INFO] Client connected with IP: 0000:0000:0000:0000:0000:ffff:7f00:0001
[2025-06-25 23:35:09][INFO] Client connected with IP: 0000:0000:0000:0000:0000:ffff:7f00:0001
[2025-06-25 23:35:10][INFO] Client connected with IP: 0000:0000:0000:0000:0000:ffff:7f00:0001
[2025-06-25 23:35:10][INFO] Client connected with IP: 0000:0000:0000:0000:0000:ffff:7f00:0001
[2025-06-25 23:35:10][INFO] Client connected with IP: 0000:0000:0000:0000:0000:ffff:7f00:0001
[2025-06-25 23:35:22][INFO] Client disconnected. Code: 1005, Reason: 
[2025-06-25 23:35:22][INFO] Client connected with IP: 0000:0000:0000:0000:0000:ffff:7f00:0001
[2025-06-25 23:35:22][INFO] Client connected with IP: 0000:0000:0000:0000:0000:ffff:7f00:0001
[2025-06-25 23:35:22][INFO] Client connected with IP: 0000:0000:0000:0000:0000:ffff:7f00:0001
[2025-06-25 23:35:23][INFO] Client connected with IP: 0000:0000:0000:0000:0000:ffff:7f00:0001
[2025-06-25 23:35:27][INFO] Client disconnected. Code: 1005, Reason: 
[2025-06-25 23:35:27][INFO] Client connected with IP: 0000:0000:0000:0000:0000:ffff:7f00:0001
[2025-06-25 23:35:27][INFO] Client connected with IP: 0000:0000:0000:0000:0000:ffff:7f00:0001
[2025-06-25 23:35:27][INFO] Client connected with IP: 0000:0000:0000:0000:0000:ffff:7f00:0001
[2025-06-25 23:35:27][INFO] Client connected with IP: 0000:0000:0000:0000:0000:ffff:7f00:0001
[2025-06-25 23:35:28][INFO] Client connected with IP: 0000:0000:0000:0000:0000:ffff:7f00:0001
[2025-06-25 23:35:28][INFO] Client connected with IP: 0000:0000:0000:0000:0000:ffff:7f00:0001
[2025-06-25 23:35:33][INFO] Client disconnected. Code: 1001, Reason: 
[2025-06-25 23:35:33][INFO] Client disconnected. Code: 1001, Reason: 
[2025-06-25 23:35:33][INFO] Client disconnected. Code: 1001, Reason: 
[2025-06-25 23:35:33][INFO] Client disconnected. Code: 1001, Reason: 
[2025-06-25 23:35:33][INFO] Client disconnected. Code: 1001, Reason: 
[2025-06-25 23:35:33][INFO] Client disconnected. Code: 1001, Reason: 
[2025-06-25 23:35:33][INFO] Client disconnected. Code: 1001, Reason: 
[2025-06-25 23:35:33][INFO] Client disconnected. Code: 1001, Reason: 
[2025-06-25 23:35:33][INFO] Client disconnected. Code: 1001, Reason: 
[2025-06-25 23:35:33][INFO] Client disconnected. Code: 1001, Reason: 
[2025-06-25 23:35:33][INFO] Client disconnected. Code: 1001, Reason: 
[2025-06-25 23:35:33][INFO] Client disconnected. Code: 1001, Reason: 
[2025-06-25 23:35:33][INFO] Client disconnected. Code: 1001, Reason: 
[2025-06-25 23:35:33][INFO] Client disconnected. Code: 1001, Reason: 
[2025-06-25 23:35:33][INFO] Client disconnected. Code: 1001, Reason: 
[2025-06-25 23:35:33][INFO] Client disconnected. Code: 1001, Reason: 
[2025-06-25 23:35:33][INFO] Client disconnected. Code: 1001, Reason: 
[2025-06-25 23:35:33][INFO] Client disconnected. Code: 1001, Reason: 
[2025-06-25 23:35:33][INFO] Client disconnected. Code: 1001, Reason: 
[2025-06-25 23:35:33][INFO] Client disconnected. Code: 1001, Reason: 
[2025-06-25 23:35:33][INFO] Client disconnected. Code: 1001, Reason: 
[2025-06-25 23:35:33][INFO] Client disconnected. Code: 1001, Reason: 
[2025-06-25 23:35:33][INFO] Client disconnected. Code: 1001, Reason: 
[2025-06-25 23:35:33][INFO] Client disconnected. Code: 1001, Reason: 
[2025-06-25 23:35:33][INFO] Client disconnected. Code: 1001, Reason: 
[2025-06-25 23:35:33][INFO] Client disconnected. Code: 1001, Reason: 
[2025-06-25 23:35:33][INFO] Client disconnected. Code: 1001, Reason: 
[2025-06-25 23:35:33][INFO] Client disconnected. Code: 1001, Reason: 
[2025-06-25 23:35:33][INFO] Client disconnected. Code: 1001, Reason: 
[2025-06-25 23:35:33][INFO] Client disconnected. Code: 1001, Reason: 
[2025-06-25 23:35:33][INFO] Client disconnected. Code: 1001, Reason: 
[2025-06-25 23:35:33][INFO] Client disconnected. Code: 1001, Reason: 
[2025-06-25 23:35:33][INFO] Client disconnected. Code: 1001, Reason: 
[2025-06-25 23:35:33][INFO] Client disconnected. Code: 1001, Reason: 
[2025-06-25 23:35:33][INFO] Client disconnected. Code: 1001, Reason: 
[2025-06-25 23:35:33][INFO] Client disconnected. Code: 1001, Reason: 
[2025-06-25 23:35:33][INFO] Client disconnected. Code: 1001, Reason: 
[2025-06-25 23:35:33][INFO] Client disconnected. Code: 1001, Reason: 
[2025-06-25 23:35:33][INFO] Client disconnected. Code: 1001, Reason: 
[2025-06-25 23:35:33][INFO] Client disconnected. Code: 1001, Reason: 
[2025-06-25 23:35:33][INFO] Client disconnected. Code: 1001, Reason: 
[2025-06-25 23:35:33][INFO] Client disconnected. Code: 1001, Reason: 
[2025-06-25 23:35:33][INFO] Client disconnected. Code: 1001, Reason: 
[2025-06-25 23:35:33][INFO] Client disconnected. Code: 1001, Reason: 
[2025-06-25 23:35:34][INFO] Client connected with IP: 0000:0000:0000:0000:0000:ffff:7f00:0001
[2025-06-25 23:35:34][INFO] Client connected with IP: 0000:0000:0000:0000:0000:ffff:7f00:0001
[2025-06-25 23:35:34][INFO] Client connected with IP: 0000:0000:0000:0000:0000:ffff:7f00:0001
[2025-06-25 23:35:35][INFO] Client connected with IP: 0000:0000:0000:0000:0000:ffff:7f00:0001
[2025-06-25 23:35:35][INFO] Client connected with IP: 0000:0000:0000:0000:0000:ffff:7f00:0001
[2025-06-25 23:35:35][INFO] Client connected with IP: 0000:0000:0000:0000:0000:ffff:7f00:0001
[2025-06-25 23:35:35][INFO] Client connected with IP: 0000:0000:0000:0000:0000:ffff:7f00:0001
[2025-06-25 23:35:35][INFO] Client connected with IP: 0000:0000:0000:0000:0000:ffff:7f00:0001
[2025-06-25 23:35:35][INFO] Client connected with IP: 0000:0000:0000:0000:0000:ffff:7f00:0001
[2025-06-25 23:35:36][INFO] Client connected with IP: 0000:0000:0000:0000:0000:ffff:7f00:0001
[2025-06-25 23:35:36][INFO] Client connected with IP: 0000:0000:0000:0000:0000:ffff:7f00:0001
[2025-06-25 23:35:36][INFO] Client connected with IP: 0000:0000:0000:0000:0000:ffff:7f00:0001
[2025-06-25 23:35:41][INFO] User 'Rutuja' logged in successfully
[2025-06-25 23:35:42][INFO] Client connected with IP: 0000:0000:0000:0000:0000:ffff:7f00:0001
[2025-06-25 23:35:42][INFO] Client connected with IP: 0000:0000:0000:0000:0000:ffff:7f00:0001
[2025-06-25 23:35:42][INFO] Client connected with IP: 0000:0000:0000:0000:0000:ffff:7f00:0001
[2025-06-25 23:35:42][INFO] Client connected with IP: 0000:0000:0000:0000:0000:ffff:7f00:0001
[2025-06-25 23:35:42][INFO] Client connected with IP: 0000:0000:0000:0000:0000:ffff:7f00:0001
[2025-06-25 23:35:42][INFO] Client connected with IP: 0000:0000:0000:0000:0000:ffff:7f00:0001
[2025-06-25 23:35:43][INFO] Client connected with IP: 0000:0000:0000:0000:0000:ffff:7f00:0001
[2025-06-25 23:35:43][INFO] Client connected with IP: 0000:0000:0000:0000:0000:ffff:7f00:0001
[2025-06-25 23:35:44][INFO] Client connected with IP: 0000:0000:0000:0000:0000:ffff:7f00:0001
[2025-06-25 23:35:44][INFO] Client connected with IP: 0000:0000:0000:0000:0000:ffff:7f00:0001
[2025-06-25 23:35:44][INFO] Client connected with IP: 0000:0000:0000:0000:0000:ffff:7f00:0001
[2025-06-25 23:35:44][INFO] Client connected with IP: 0000:0000:0000:0000:0000:ffff:7f00:0001
[2025-06-25 23:37:19][INFO] Client disconnected. Code: 1005, Reason: 
[2025-06-25 23:37:19][INFO] Client connected with IP: 0000:0000:0000:0000:0000:ffff:7f00:0001
[2025-06-25 23:37:19][INFO] Client connected with IP: 0000:0000:0000:0000:0000:ffff:7f00:0001
[2025-06-25 23:37:19][INFO] Client connected with IP: 0000:0000:0000:0000:0000:ffff:7f00:0001
[2025-06-25 23:37:20][INFO] Client connected with IP: 0000:0000:0000:0000:0000:ffff:7f00:0001
[2025-06-25 23:37:20][INFO] Client connected with IP: 0000:0000:0000:0000:0000:ffff:7f00:0001
[2025-06-25 23:37:20][INFO] Client connected with IP: 0000:0000:0000:0000:0000:ffff:7f00:0001
[2025-06-25 23:37:20][INFO] Client connected with IP: 0000:0000:0000:0000:0000:ffff:7f00:0001
[2025-06-25 23:37:20][INFO] Client connected with IP: 0000:0000:0000:0000:0000:ffff:7f00:0001
[2025-06-25 23:37:20][INFO] Client connected with IP: 0000:0000:0000:0000:0000:ffff:7f00:0001
[2025-06-25 23:37:21][INFO] Client connected with IP: 0000:0000:0000:0000:0000:ffff:7f00:0001
[2025-06-25 23:37:21][INFO] Client connected with IP: 0000:0000:0000:0000:0000:ffff:7f00:0001
[2025-06-25 23:37:21][INFO] Client connected with IP: 0000:0000:0000:0000:0000:ffff:7f00:0001
[2025-06-25 23:37:25][INFO] Client disconnected. Code: 1005, Reason: 
[2025-06-25 23:37:25][INFO] Client connected with IP: 0000:0000:0000:0000:0000:ffff:7f00:0001
[2025-06-25 23:37:25][INFO] Client connected with IP: 0000:0000:0000:0000:0000:ffff:7f00:0001
[2025-06-25 23:37:25][INFO] Client connected with IP: 0000:0000:0000:0000:0000:ffff:7f00:0001
[2025-06-25 23:37:26][INFO] Client connected with IP: 0000:0000:0000:0000:0000:ffff:7f00:0001
[2025-06-25 23:37:26][INFO] Client connected with IP: 0000:0000:0000:0000:0000:ffff:7f00:0001
[2025-06-25 23:37:26][INFO] Client connected with IP: 0000:0000:0000:0000:0000:ffff:7f00:0001
[2025-06-25 23:37:31][INFO] Client disconnected. Code: 1001, Reason: 
[2025-06-25 23:37:31][INFO] Client disconnected. Code: 1001, Reason: 
[2025-06-25 23:37:31][INFO] Client disconnected. Code: 1001, Reason: 
[2025-06-25 23:37:31][INFO] Client disconnected. Code: 1001, Reason: 
[2025-06-25 23:37:31][INFO] Client disconnected. Code: 1001, Reason: 
[2025-06-25 23:37:31][INFO] Client disconnected. Code: 1001, Reason: 
[2025-06-25 23:37:31][INFO] Client disconnected. Code: 1001, Reason: 
[2025-06-25 23:37:31][INFO] Client disconnected. Code: 1001, Reason: 
[2025-06-25 23:37:31][INFO] Client disconnected. Code: 1001, Reason: 
[2025-06-25 23:37:31][INFO] Client disconnected. Code: 1001, Reason: 
[2025-06-25 23:37:31][INFO] Client disconnected. Code: 1001, Reason: 
[2025-06-25 23:37:31][INFO] Client disconnected. Code: 1001, Reason: 
[2025-06-25 23:37:31][INFO] Client disconnected. Code: 1001, Reason: 
[2025-06-25 23:37:31][INFO] Client disconnected. Code: 1001, Reason: 
[2025-06-25 23:37:31][INFO] Client disconnected. Code: 1001, Reason: 
[2025-06-25 23:37:31][INFO] Client disconnected. Code: 1001, Reason: 
[2025-06-25 23:37:31][INFO] Client disconnected. Code: 1001, Reason: 
[2025-06-25 23:37:31][INFO] Client disconnected. Code: 1001, Reason: 
[2025-06-25 23:37:31][INFO] Client disconnected. Code: 1001, Reason: 
[2025-06-25 23:37:31][INFO] Client disconnected. Code: 1001, Reason: 
[2025-06-25 23:37:31][INFO] Client disconnected. Code: 1001, Reason: 
[2025-06-25 23:37:31][INFO] Client disconnected. Code: 1001, Reason: 
[2025-06-25 23:37:31][INFO] Client disconnected. Code: 1001, Reason: 
[2025-06-25 23:37:31][INFO] Client disconnected. Code: 1001, Reason: 
[2025-06-25 23:37:31][INFO] Client disconnected. Code: 1001, Reason: 
[2025-06-25 23:37:31][INFO] Client disconnected. Code: 1001, Reason: 
[2025-06-25 23:37:31][INFO] Client disconnected. Code: 1001, Reason: 
[2025-06-25 23:37:31][INFO] Client disconnected. Code: 1001, Reason: 
[2025-06-25 23:37:31][INFO] Client disconnected. Code: 1001, Reason: 
[2025-06-25 23:37:31][INFO] Client disconnected. Code: 1001, Reason: 
[2025-06-25 23:37:31][INFO] Client disconnected. Code: 1001, Reason: 
[2025-06-25 23:37:31][INFO] Client disconnected. Code: 1001, Reason: 
[2025-06-25 23:37:31][INFO] Client disconnected. Code: 1001, Reason: 
[2025-06-25 23:37:31][INFO] Client disconnected. Code: 1001, Reason: 
[2025-06-25 23:37:31][INFO] Client disconnected. Code: 1001, Reason: 
[2025-06-25 23:37:31][INFO] Client disconnected. Code: 1001, Reason: 
[2025-06-25 23:37:31][INFO] Client disconnected. Code: 1001, Reason: 
[2025-06-25 23:37:31][INFO] Client disconnected. Code: 1001, Reason: 
[2025-06-25 23:37:31][INFO] Client disconnected. Code: 1001, Reason: 
[2025-06-25 23:37:31][INFO] Client disconnected. Code: 1001, Reason: 
[2025-06-25 23:37:31][INFO] Client connected with IP: 0000:0000:0000:0000:0000:ffff:7f00:0001
[2025-06-25 23:37:32][INFO] Client connected with IP: 0000:0000:0000:0000:0000:ffff:7f00:0001
[2025-06-25 23:37:32][INFO] Client connected with IP: 0000:0000:0000:0000:0000:ffff:7f00:0001
[2025-06-25 23:37:32][INFO] Client connected with IP: 0000:0000:0000:0000:0000:ffff:7f00:0001
[2025-06-25 23:37:32][INFO] Client connected with IP: 0000:0000:0000:0000:0000:ffff:7f00:0001
[2025-06-25 23:37:32][INFO] Client connected with IP: 0000:0000:0000:0000:0000:ffff:7f00:0001
[2025-06-25 23:37:32][INFO] Client connected with IP: 0000:0000:0000:0000:0000:ffff:7f00:0001
[2025-06-25 23:37:33][INFO] Client connected with IP: 0000:0000:0000:0000:0000:ffff:7f00:0001
[2025-06-25 23:37:33][INFO] Client connected with IP: 0000:0000:0000:0000:0000:ffff:7f00:0001
[2025-06-25 23:37:33][INFO] Client connected with IP: 0000:0000:0000:0000:0000:ffff:7f00:0001
[2025-06-25 23:37:33][INFO] Client connected with IP: 0000:0000:0000:0000:0000:ffff:7f00:0001
[2025-06-25 23:37:33][INFO] Client connected with IP: 0000:0000:0000:0000:0000:ffff:7f00:0001
[2025-06-25 23:37:37][INFO] User 'Rutuja' logged in successfully
[2025-06-25 23:37:37][INFO] Client connected with IP: 0000:0000:0000:0000:0000:ffff:7f00:0001
[2025-06-25 23:37:37][INFO] Client connected with IP: 0000:0000:0000:0000:0000:ffff:7f00:0001
[2025-06-25 23:37:38][INFO] Client connected with IP: 0000:0000:0000:0000:0000:ffff:7f00:0001
[2025-06-25 23:37:38][INFO] Client connected with IP: 0000:0000:0000:0000:0000:ffff:7f00:0001
[2025-06-25 23:37:38][INFO] Client connected with IP: 0000:0000:0000:0000:0000:ffff:7f00:0001
[2025-06-25 23:37:38][INFO] Client connected with IP: 0000:0000:0000:0000:0000:ffff:7f00:0001
[2025-06-25 23:37:38][INFO] Client connected with IP: 0000:0000:0000:0000:0000:ffff:7f00:0001
[2025-06-25 23:37:38][INFO] Client connected with IP: 0000:0000:0000:0000:0000:ffff:7f00:0001
[2025-06-25 23:37:39][INFO] Client connected with IP: 0000:0000:0000:0000:0000:ffff:7f00:0001
[2025-06-25 23:37:39][INFO] Client connected with IP: 0000:0000:0000:0000:0000:ffff:7f00:0001
[2025-06-25 23:37:40][INFO] Client connected with IP: 0000:0000:0000:0000:0000:ffff:7f00:0001
[2025-06-25 23:37:40][INFO] Client connected with IP: 0000:0000:0000:0000:0000:ffff:7f00:0001
[2025-06-25 23:38:18][INFO] Client connected with IP: 0000:0000:0000:0000:0000:ffff:7f00:0001
[2025-06-25 23:38:18][INFO] Client disconnected. Code: 1005, Reason: 
[2025-06-25 23:38:18][INFO] Client connected with IP: 0000:0000:0000:0000:0000:ffff:7f00:0001
[2025-06-25 23:38:18][INFO] Client connected with IP: 0000:0000:0000:0000:0000:ffff:7f00:0001
[2025-06-25 23:38:19][INFO] Client connected with IP: 0000:0000:0000:0000:0000:ffff:7f00:0001
[2025-06-25 23:38:24][INFO] Client disconnected. Code: 1005, Reason: 
[2025-06-25 23:38:24][INFO] Client connected with IP: 0000:0000:0000:0000:0000:ffff:7f00:0001
[2025-06-25 23:38:24][INFO] Client connected with IP: 0000:0000:0000:0000:0000:ffff:7f00:0001
[2025-06-25 23:38:24][INFO] Client connected with IP: 0000:0000:0000:0000:0000:ffff:7f00:0001
[2025-06-25 23:38:25][INFO] Client connected with IP: 0000:0000:0000:0000:0000:ffff:7f00:0001
[2025-06-25 23:38:25][INFO] Client connected with IP: 0000:0000:0000:0000:0000:ffff:7f00:0001
[2025-06-25 23:38:25][INFO] Client connected with IP: 0000:0000:0000:0000:0000:ffff:7f00:0001
[2025-06-25 23:38:25][INFO] Client connected with IP: 0000:0000:0000:0000:0000:ffff:7f00:0001
[2025-06-25 23:38:25][INFO] Client connected with IP: 0000:0000:0000:0000:0000:ffff:7f00:0001
[2025-06-25 23:38:25][INFO] Client connected with IP: 0000:0000:0000:0000:0000:ffff:7f00:0001
[2025-06-25 23:38:25][INFO] Client connected with IP: 0000:0000:0000:0000:0000:ffff:7f00:0001
[2025-06-25 23:38:25][INFO] Client connected with IP: 0000:0000:0000:0000:0000:ffff:7f00:0001
[2025-06-25 23:38:26][INFO] Client connected with IP: 0000:0000:0000:0000:0000:ffff:7f00:0001
[2025-06-25 23:38:26][INFO] Client connected with IP: 0000:0000:0000:0000:0000:ffff:7f00:0001
[2025-06-25 23:38:26][INFO] Client connected with IP: 0000:0000:0000:0000:0000:ffff:7f00:0001
[2025-06-25 23:38:26][INFO] Client connected with IP: 0000:0000:0000:0000:0000:ffff:7f00:0001
[2025-06-25 23:38:26][INFO] Client connected with IP: 0000:0000:0000:0000:0000:ffff:7f00:0001
[2025-06-25 23:38:26][INFO] Client connected with IP: 0000:0000:0000:0000:0000:ffff:7f00:0001
[2025-06-25 23:38:26][INFO] Client connected with IP: 0000:0000:0000:0000:0000:ffff:7f00:0001
[2025-06-25 23:38:27][INFO] Client connected with IP: 0000:0000:0000:0000:0000:ffff:7f00:0001
[2025-06-25 23:38:27][INFO] Client connected with IP: 0000:0000:0000:0000:0000:ffff:7f00:0001
[2025-06-25 23:38:27][INFO] Client connected with IP: 0000:0000:0000:0000:0000:ffff:7f00:0001
[2025-06-25 23:38:27][INFO] Client connected with IP: 0000:0000:0000:0000:0000:ffff:7f00:0001
[2025-06-25 23:38:27][INFO] Client connected with IP: 0000:0000:0000:0000:0000:ffff:7f00:0001
[2025-06-25 23:38:27][INFO] Client connected with IP: 0000:0000:0000:0000:0000:ffff:7f00:0001
[2025-06-25 23:38:27][INFO] Client connected with IP: 0000:0000:0000:0000:0000:ffff:7f00:0001
[2025-06-25 23:38:27][INFO] Client connected with IP: 0000:0000:0000:0000:0000:ffff:7f00:0001
[2025-06-25 23:38:28][INFO] Client connected with IP: 0000:0000:0000:0000:0000:ffff:7f00:0001
[2025-06-25 23:38:28][INFO] Client connected with IP: 0000:0000:0000:0000:0000:ffff:7f00:0001
[2025-06-25 23:38:28][INFO] Client connected with IP: 0000:0000:0000:0000:0000:ffff:7f00:0001
[2025-06-25 23:38:28][INFO] Client connected with IP: 0000:0000:0000:0000:0000:ffff:7f00:0001
[2025-06-25 23:38:28][INFO] Client connected with IP: 0000:0000:0000:0000:0000:ffff:7f00:0001
[2025-06-25 23:38:28][INFO] Client connected with IP: 0000:0000:0000:0000:0000:ffff:7f00:0001
[2025-06-25 23:38:28][INFO] Client connected with IP: 0000:0000:0000:0000:0000:ffff:7f00:0001
[2025-06-25 23:38:29][INFO] Client connected with IP: 0000:0000:0000:0000:0000:ffff:7f00:0001
[2025-06-25 23:38:29][INFO] Client connected with IP: 0000:0000:0000:0000:0000:ffff:7f00:0001
[2025-06-25 23:38:29][INFO] Client connected with IP: 0000:0000:0000:0000:0000:ffff:7f00:0001
[2025-06-25 23:38:29][INFO] Client connected with IP: 0000:0000:0000:0000:0000:ffff:7f00:0001
[2025-06-25 23:38:29][INFO] Client connected with IP: 0000:0000:0000:0000:0000:ffff:7f00:0001
[2025-06-25 23:38:29][INFO] Client connected with IP: 0000:0000:0000:0000:0000:ffff:7f00:0001
[2025-06-25 23:38:30][INFO] Client connected with IP: 0000:0000:0000:0000:0000:ffff:7f00:0001
[2025-06-25 23:38:30][INFO] Client connected with IP: 0000:0000:0000:0000:0000:ffff:7f00:0001
[2025-06-25 23:38:30][INFO] Client connected with IP: 0000:0000:0000:0000:0000:ffff:7f00:0001
[2025-06-25 23:38:30][INFO] Client connected with IP: 0000:0000:0000:0000:0000:ffff:7f00:0001
[2025-06-25 23:38:30][INFO] Client connected with IP: 0000:0000:0000:0000:0000:ffff:7f00:0001
[2025-06-25 23:38:30][INFO] Client connected with IP: 0000:0000:0000:0000:0000:ffff:7f00:0001
[2025-06-25 23:38:30][INFO] Client connected with IP: 0000:0000:0000:0000:0000:ffff:7f00:0001
[2025-06-25 23:38:30][INFO] Client connected with IP: 0000:0000:0000:0000:0000:ffff:7f00:0001
[2025-06-25 23:38:31][INFO] Client connected with IP: 0000:0000:0000:0000:0000:ffff:7f00:0001
[2025-06-25 23:38:31][INFO] Client connected with IP: 0000:0000:0000:0000:0000:ffff:7f00:0001
[2025-06-25 23:38:31][INFO] Client connected with IP: 0000:0000:0000:0000:0000:ffff:7f00:0001
[2025-06-25 23:38:31][INFO] Client connected with IP: 0000:0000:0000:0000:0000:ffff:7f00:0001
[2025-06-25 23:38:31][INFO] Client connected with IP: 0000:0000:0000:0000:0000:ffff:7f00:0001
[2025-06-25 23:38:41][INFO] Client disconnected. Code: 1001, Reason: 
[2025-06-25 23:38:41][INFO] Client disconnected. Code: 1001, Reason: 
[2025-06-25 23:38:41][INFO] Client disconnected. Code: 1001, Reason: 
[2025-06-25 23:38:41][INFO] Client disconnected. Code: 1001, Reason: 
[2025-06-25 23:38:41][INFO] Client disconnected. Code: 1001, Reason: 
[2025-06-25 23:38:41][INFO] Client disconnected. Code: 1001, Reason: 
[2025-06-25 23:38:41][INFO] Client disconnected. Code: 1001, Reason: 
[2025-06-25 23:38:41][INFO] Client disconnected. Code: 1001, Reason: 
[2025-06-25 23:38:41][INFO] Client disconnected. Code: 1001, Reason: 
[2025-06-25 23:38:41][INFO] Client disconnected. Code: 1001, Reason: 
[2025-06-25 23:38:41][INFO] Client disconnected. Code: 1001, Reason: 
[2025-06-25 23:38:41][INFO] Client disconnected. Code: 1001, Reason: 
[2025-06-25 23:38:41][INFO] Client disconnected. Code: 1001, Reason: 
[2025-06-25 23:38:41][INFO] Client disconnected. Code: 1001, Reason: 
[2025-06-25 23:38:41][INFO] Client disconnected. Code: 1001, Reason: 
[2025-06-25 23:38:41][INFO] Client disconnected. Code: 1001, Reason: 
[2025-06-25 23:38:41][INFO] Client disconnected. Code: 1001, Reason: 
[2025-06-25 23:38:41][INFO] Client disconnected. Code: 1001, Reason: 
[2025-06-25 23:38:41][INFO] Client disconnected. Code: 1001, Reason: 
[2025-06-25 23:38:41][INFO] Client disconnected. Code: 1001, Reason: 
[2025-06-25 23:38:41][INFO] Client disconnected. Code: 1001, Reason: 
[2025-06-25 23:38:41][INFO] Client disconnected. Code: 1001, Reason: 
[2025-06-25 23:38:41][INFO] Client disconnected. Code: 1001, Reason: 
[2025-06-25 23:38:41][INFO] Client disconnected. Code: 1001, Reason: 
[2025-06-25 23:38:41][INFO] Client disconnected. Code: 1001, Reason: 
[2025-06-25 23:38:41][INFO] Client disconnected. Code: 1001, Reason: 
[2025-06-25 23:38:41][INFO] Client disconnected. Code: 1001, Reason: 
[2025-06-25 23:38:41][INFO] Client disconnected. Code: 1001, Reason: 
[2025-06-25 23:38:41][INFO] Client disconnected. Code: 1001, Reason: 
[2025-06-25 23:38:41][INFO] Client disconnected. Code: 1001, Reason: 
[2025-06-25 23:38:41][INFO] Client disconnected. Code: 1001, Reason: 
[2025-06-25 23:38:41][INFO] Client disconnected. Code: 1001, Reason: 
[2025-06-25 23:38:41][INFO] Client disconnected. Code: 1001, Reason: 
[2025-06-25 23:38:41][INFO] Client disconnected. Code: 1001, Reason: 
[2025-06-25 23:38:41][INFO] Client disconnected. Code: 1001, Reason: 
[2025-06-25 23:38:41][INFO] Client disconnected. Code: 1001, Reason: 
[2025-06-25 23:38:41][INFO] Client disconnected. Code: 1001, Reason: 
[2025-06-25 23:38:41][INFO] Client disconnected. Code: 1001, Reason: 
[2025-06-25 23:38:41][INFO] Client disconnected. Code: 1001, Reason: 
[2025-06-25 23:38:41][INFO] Client disconnected. Code: 1001, Reason: 
[2025-06-25 23:38:41][INFO] Client disconnected. Code: 1001, Reason: 
[2025-06-25 23:38:41][INFO] Client disconnected. Code: 1001, Reason: 
[2025-06-25 23:38:41][INFO] Client disconnected. Code: 1001, Reason: 
[2025-06-25 23:38:41][INFO] Client disconnected. Code: 1001, Reason: 
[2025-06-25 23:38:41][INFO] Client disconnected. Code: 1001, Reason: 
[2025-06-25 23:38:41][INFO] Client disconnected. Code: 1001, Reason: 
[2025-06-25 23:38:41][INFO] Client disconnected. Code: 1001, Reason: 
[2025-06-25 23:38:41][INFO] Client disconnected. Code: 1001, Reason: 
[2025-06-25 23:38:41][INFO] Client disconnected. Code: 1001, Reason: 
[2025-06-25 23:38:41][INFO] Client disconnected. Code: 1001, Reason: 
[2025-06-25 23:38:41][INFO] Client disconnected. Code: 1001, Reason: 
[2025-06-25 23:38:41][INFO] Client disconnected. Code: 1001, Reason: 
[2025-06-25 23:38:41][INFO] Client disconnected. Code: 1001, Reason: 
[2025-06-25 23:38:41][INFO] Client disconnected. Code: 1001, Reason: 
[2025-06-25 23:38:41][INFO] Client disconnected. Code: 1001, Reason: 
[2025-06-25 23:38:41][INFO] Client disconnected. Code: 1001, Reason: 
[2025-06-25 23:38:41][INFO] Client disconnected. Code: 1001, Reason: 
[2025-06-25 23:38:41][INFO] Client disconnected. Code: 1001, Reason: 
[2025-06-25 23:38:41][INFO] Client disconnected. Code: 1001, Reason: 
[2025-06-25 23:38:41][INFO] Client disconnected. Code: 1001, Reason: 
[2025-06-25 23:38:41][INFO] Client disconnected. Code: 1001, Reason: 
[2025-06-25 23:38:41][INFO] Client disconnected. Code: 1001, Reason: 
[2025-06-25 23:38:41][INFO] Client disconnected. Code: 1001, Reason: 
[2025-06-25 23:38:41][INFO] Client disconnected. Code: 1001, Reason: 
[2025-06-25 23:38:41][INFO] Client disconnected. Code: 1001, Reason: 
[2025-06-25 23:38:41][INFO] Client disconnected. Code: 1001, Reason: 
[2025-06-25 23:38:41][INFO] Client disconnected. Code: 1001, Reason: 
[2025-06-25 23:38:41][INFO] Client disconnected. Code: 1001, Reason: 
[2025-06-25 23:38:41][INFO] Client disconnected. Code: 1001, Reason: 
[2025-06-25 23:38:41][INFO] Client disconnected. Code: 1001, Reason: 
[2025-06-25 23:38:41][INFO] Client disconnected. Code: 1001, Reason: 
[2025-06-25 23:38:41][INFO] Client disconnected. Code: 1001, Reason: 
[2025-06-25 23:38:41][INFO] Client disconnected. Code: 1001, Reason: 
[2025-06-25 23:38:41][INFO] Client disconnected. Code: 1001, Reason: 
[2025-06-25 23:38:41][INFO] Client disconnected. Code: 1001, Reason: 
[2025-06-25 23:38:41][INFO] Client disconnected. Code: 1001, Reason: 
[2025-06-25 23:38:41][INFO] Client disconnected. Code: 1001, Reason: 
[2025-06-25 23:38:41][INFO] Client disconnected. Code: 1001, Reason: 
[2025-06-25 23:38:42][INFO] Client connected with IP: 0000:0000:0000:0000:0000:ffff:7f00:0001
[2025-06-25 23:38:43][INFO] Client connected with IP: 0000:0000:0000:0000:0000:ffff:7f00:0001
[2025-06-25 23:38:43][INFO] Client connected with IP: 0000:0000:0000:0000:0000:ffff:7f00:0001
[2025-06-25 23:38:43][INFO] Client connected with IP: 0000:0000:0000:0000:0000:ffff:7f00:0001
[2025-06-25 23:38:43][INFO] Client connected with IP: 0000:0000:0000:0000:0000:ffff:7f00:0001
[2025-06-25 23:38:43][INFO] Client connected with IP: 0000:0000:0000:0000:0000:ffff:7f00:0001
[2025-06-25 23:38:43][INFO] Client connected with IP: 0000:0000:0000:0000:0000:ffff:7f00:0001
[2025-06-25 23:38:43][INFO] Client connected with IP: 0000:0000:0000:0000:0000:ffff:7f00:0001
[2025-06-25 23:38:44][INFO] Client connected with IP: 0000:0000:0000:0000:0000:ffff:7f00:0001
[2025-06-25 23:38:44][INFO] Client connected with IP: 0000:0000:0000:0000:0000:ffff:7f00:0001
[2025-06-25 23:38:44][INFO] Client connected with IP: 0000:0000:0000:0000:0000:ffff:7f00:0001
[2025-06-25 23:38:44][INFO] Client connected with IP: 0000:0000:0000:0000:0000:ffff:7f00:0001
[2025-06-25 23:38:44][INFO] Client connected with IP: 0000:0000:0000:0000:0000:ffff:7f00:0001
[2025-06-25 23:38:44][INFO] Client connected with IP: 0000:0000:0000:0000:0000:ffff:7f00:0001
[2025-06-25 23:38:44][INFO] Client connected with IP: 0000:0000:0000:0000:0000:ffff:7f00:0001
[2025-06-25 23:38:45][INFO] Client connected with IP: 0000:0000:0000:0000:0000:ffff:7f00:0001
[2025-06-25 23:38:45][INFO] Client connected with IP: 0000:0000:0000:0000:0000:ffff:7f00:0001
[2025-06-25 23:38:45][INFO] Client connected with IP: 0000:0000:0000:0000:0000:ffff:7f00:0001
[2025-06-25 23:38:45][INFO] Client connected with IP: 0000:0000:0000:0000:0000:ffff:7f00:0001
[2025-06-25 23:38:45][INFO] Client connected with IP: 0000:0000:0000:0000:0000:ffff:7f00:0001
[2025-06-25 23:38:45][INFO] Client connected with IP: 0000:0000:0000:0000:0000:ffff:7f00:0001
[2025-06-25 23:38:46][INFO] Client connected with IP: 0000:0000:0000:0000:0000:ffff:7f00:0001
[2025-06-25 23:38:46][INFO] Client connected with IP: 0000:0000:0000:0000:0000:ffff:7f00:0001
[2025-06-25 23:38:46][INFO] Client connected with IP: 0000:0000:0000:0000:0000:ffff:7f00:0001
[2025-06-25 23:38:46][INFO] Client connected with IP: 0000:0000:0000:0000:0000:ffff:7f00:0001
[2025-06-25 23:38:46][INFO] Client connected with IP: 0000:0000:0000:0000:0000:ffff:7f00:0001
[2025-06-25 23:38:46][INFO] Client connected with IP: 0000:0000:0000:0000:0000:ffff:7f00:0001
[2025-06-25 23:38:46][INFO] Client connected with IP: 0000:0000:0000:0000:0000:ffff:7f00:0001
[2025-06-25 23:38:47][INFO] Client connected with IP: 0000:0000:0000:0000:0000:ffff:7f00:0001
[2025-06-25 23:38:47][INFO] Client connected with IP: 0000:0000:0000:0000:0000:ffff:7f00:0001
[2025-06-25 23:38:47][INFO] Client connected with IP: 0000:0000:0000:0000:0000:ffff:7f00:0001
[2025-06-25 23:38:47][INFO] Client connected with IP: 0000:0000:0000:0000:0000:ffff:7f00:0001
[2025-06-25 23:38:47][INFO] Client connected with IP: 0000:0000:0000:0000:0000:ffff:7f00:0001
[2025-06-25 23:38:47][INFO] Client connected with IP: 0000:0000:0000:0000:0000:ffff:7f00:0001
[2025-06-25 23:38:47][INFO] Client connected with IP: 0000:0000:0000:0000:0000:ffff:7f00:0001
[2025-06-25 23:38:48][INFO] Client connected with IP: 0000:0000:0000:0000:0000:ffff:7f00:0001
[2025-06-25 23:38:48][INFO] Client connected with IP: 0000:0000:0000:0000:0000:ffff:7f00:0001
[2025-06-25 23:38:48][INFO] Client connected with IP: 0000:0000:0000:0000:0000:ffff:7f00:0001
[2025-06-25 23:38:48][INFO] Client connected with IP: 0000:0000:0000:0000:0000:ffff:7f00:0001
[2025-06-25 23:38:48][INFO] Client connected with IP: 0000:0000:0000:0000:0000:ffff:7f00:0001
[2025-06-25 23:38:48][INFO] Client connected with IP: 0000:0000:0000:0000:0000:ffff:7f00:0001
[2025-06-25 23:38:48][INFO] Client connected with IP: 0000:0000:0000:0000:0000:ffff:7f00:0001
[2025-06-25 23:38:49][INFO] Client connected with IP: 0000:0000:0000:0000:0000:ffff:7f00:0001
[2025-06-25 23:38:49][INFO] Client connected with IP: 0000:0000:0000:0000:0000:ffff:7f00:0001
[2025-06-25 23:38:49][INFO] Client connected with IP: 0000:0000:0000:0000:0000:ffff:7f00:0001
[2025-06-25 23:38:49][INFO] Client connected with IP: 0000:0000:0000:0000:0000:ffff:7f00:0001
[2025-06-25 23:38:49][INFO] Client connected with IP: 0000:0000:0000:0000:0000:ffff:7f00:0001
[2025-06-25 23:38:49][INFO] Client connected with IP: 0000:0000:0000:0000:0000:ffff:7f00:0001
[2025-06-25 23:38:50][INFO] Client connected with IP: 0000:0000:0000:0000:0000:ffff:7f00:0001
[2025-06-25 23:38:50][INFO] Client connected with IP: 0000:0000:0000:0000:0000:ffff:7f00:0001
[2025-06-25 23:38:50][INFO] Client connected with IP: 0000:0000:0000:0000:0000:ffff:7f00:0001
[2025-06-25 23:38:50][INFO] Client connected with IP: 0000:0000:0000:0000:0000:ffff:7f00:0001
[2025-06-25 23:38:55][INFO] Client disconnected. Code: 1001, Reason: 
[2025-06-25 23:38:55][INFO] Client disconnected. Code: 1001, Reason: 
[2025-06-25 23:38:55][INFO] Client disconnected. Code: 1001, Reason: 
[2025-06-25 23:38:55][INFO] Client disconnected. Code: 1001, Reason: 
[2025-06-25 23:38:55][INFO] Client disconnected. Code: 1001, Reason: 
[2025-06-25 23:38:55][INFO] Client disconnected. Code: 1001, Reason: 
[2025-06-25 23:38:55][INFO] Client disconnected. Code: 1001, Reason: 
[2025-06-25 23:38:55][INFO] Client disconnected. Code: 1001, Reason: 
[2025-06-25 23:38:55][INFO] Client disconnected. Code: 1001, Reason: 
[2025-06-25 23:38:55][INFO] Client disconnected. Code: 1001, Reason: 
[2025-06-25 23:38:55][INFO] Client disconnected. Code: 1001, Reason: 
[2025-06-25 23:38:55][INFO] Client disconnected. Code: 1001, Reason: 
[2025-06-25 23:38:55][INFO] Client disconnected. Code: 1001, Reason: 
[2025-06-25 23:38:55][INFO] Client disconnected. Code: 1001, Reason: 
[2025-06-25 23:38:55][INFO] Client disconnected. Code: 1001, Reason: 
[2025-06-25 23:38:55][INFO] Client disconnected. Code: 1001, Reason: 
[2025-06-25 23:38:55][INFO] Client disconnected. Code: 1001, Reason: 
[2025-06-25 23:38:55][INFO] Client disconnected. Code: 1001, Reason: 
[2025-06-25 23:38:55][INFO] Client disconnected. Code: 1001, Reason: 
[2025-06-25 23:38:55][INFO] Client disconnected. Code: 1001, Reason: 
[2025-06-25 23:38:55][INFO] Client disconnected. Code: 1001, Reason: 
[2025-06-25 23:38:55][INFO] Client disconnected. Code: 1001, Reason: 
[2025-06-25 23:38:55][INFO] Client disconnected. Code: 1001, Reason: 
[2025-06-25 23:38:55][INFO] Client disconnected. Code: 1001, Reason: 
[2025-06-25 23:38:55][INFO] Client disconnected. Code: 1001, Reason: 
[2025-06-25 23:38:55][INFO] Client disconnected. Code: 1001, Reason: 
[2025-06-25 23:38:55][INFO] Client disconnected. Code: 1001, Reason: 
[2025-06-25 23:38:55][INFO] Client disconnected. Code: 1001, Reason: 
[2025-06-25 23:38:55][INFO] Client disconnected. Code: 1001, Reason: 
[2025-06-25 23:38:55][INFO] Client disconnected. Code: 1001, Reason: 
[2025-06-25 23:38:55][INFO] Client disconnected. Code: 1001, Reason: 
[2025-06-25 23:38:55][INFO] Client disconnected. Code: 1001, Reason: 
[2025-06-25 23:38:55][INFO] Client disconnected. Code: 1001, Reason: 
[2025-06-25 23:38:55][INFO] Client disconnected. Code: 1001, Reason: 
[2025-06-25 23:38:55][INFO] Client disconnected. Code: 1001, Reason: 
[2025-06-25 23:38:55][INFO] Client disconnected. Code: 1001, Reason: 
[2025-06-25 23:38:55][INFO] Client disconnected. Code: 1001, Reason: 
[2025-06-25 23:38:55][INFO] Client disconnected. Code: 1001, Reason: 
[2025-06-25 23:38:55][INFO] Client disconnected. Code: 1001, Reason: 
[2025-06-25 23:38:55][INFO] Client disconnected. Code: 1001, Reason: 
[2025-06-25 23:38:55][INFO] Client disconnected. Code: 1001, Reason: 
[2025-06-25 23:38:55][INFO] Client disconnected. Code: 1001, Reason: 
[2025-06-25 23:38:55][INFO] Client disconnected. Code: 1001, Reason: 
[2025-06-25 23:38:55][INFO] Client disconnected. Code: 1001, Reason: 
[2025-06-25 23:38:55][INFO] Client disconnected. Code: 1001, Reason: 
[2025-06-25 23:38:55][INFO] Client disconnected. Code: 1001, Reason: 
[2025-06-25 23:38:55][INFO] Client disconnected. Code: 1001, Reason: 
[2025-06-25 23:38:55][INFO] Client disconnected. Code: 1001, Reason: 
[2025-06-25 23:38:55][INFO] Client disconnected. Code: 1001, Reason: 
[2025-06-25 23:38:55][INFO] Client disconnected. Code: 1001, Reason: 
[2025-06-25 23:38:55][INFO] Client disconnected. Code: 1001, Reason: 
[2025-06-25 23:38:55][INFO] Client disconnected. Code: 1001, Reason: 
[2025-06-25 23:38:56][INFO] Client connected with IP: 0000:0000:0000:0000:0000:ffff:7f00:0001
[2025-06-25 23:38:56][INFO] Client connected with IP: 0000:0000:0000:0000:0000:ffff:7f00:0001
[2025-06-25 23:38:56][INFO] Client connected with IP: 0000:0000:0000:0000:0000:ffff:7f00:0001
[2025-06-25 23:38:56][INFO] Client connected with IP: 0000:0000:0000:0000:0000:ffff:7f00:0001
[2025-06-25 23:38:57][INFO] Client connected with IP: 0000:0000:0000:0000:0000:ffff:7f00:0001
[2025-06-25 23:38:57][INFO] Client connected with IP: 0000:0000:0000:0000:0000:ffff:7f00:0001
[2025-06-25 23:38:57][INFO] Client connected with IP: 0000:0000:0000:0000:0000:ffff:7f00:0001
[2025-06-25 23:38:57][INFO] Client connected with IP: 0000:0000:0000:0000:0000:ffff:7f00:0001
[2025-06-25 23:38:57][INFO] Client connected with IP: 0000:0000:0000:0000:0000:ffff:7f00:0001
[2025-06-25 23:38:57][INFO] Client connected with IP: 0000:0000:0000:0000:0000:ffff:7f00:0001
[2025-06-25 23:38:57][INFO] Client connected with IP: 0000:0000:0000:0000:0000:ffff:7f00:0001
[2025-06-25 23:38:58][INFO] Client connected with IP: 0000:0000:0000:0000:0000:ffff:7f00:0001
[2025-06-25 23:38:58][INFO] Client connected with IP: 0000:0000:0000:0000:0000:ffff:7f00:0001
[2025-06-25 23:39:24][INFO] Client disconnected. Code: 1001, Reason: 
[2025-06-25 23:39:24][INFO] Client disconnected. Code: 1001, Reason: 
[2025-06-25 23:39:24][INFO] Client disconnected. Code: 1001, Reason: 
[2025-06-25 23:39:24][INFO] Client disconnected. Code: 1001, Reason: 
[2025-06-25 23:39:24][INFO] Client disconnected. Code: 1001, Reason: 
[2025-06-25 23:39:24][INFO] Client disconnected. Code: 1001, Reason: 
[2025-06-25 23:39:24][INFO] Client disconnected. Code: 1001, Reason: 
[2025-06-25 23:39:24][INFO] Client disconnected. Code: 1001, Reason: 
[2025-06-25 23:39:24][INFO] Client disconnected. Code: 1001, Reason: 
[2025-06-25 23:39:24][INFO] Client disconnected. Code: 1001, Reason: 
[2025-06-25 23:39:24][INFO] Client disconnected. Code: 1001, Reason: 
[2025-06-25 23:39:24][INFO] Client disconnected. Code: 1001, Reason: 
[2025-06-25 23:39:24][INFO] Client disconnected. Code: 1001, Reason: 
[2025-06-25 23:42:54][INFO] Client connected with IP: 0000:0000:0000:0000:0000:ffff:7f00:0001
[2025-06-25 23:42:55][INFO] Client connected with IP: 0000:0000:0000:0000:0000:ffff:7f00:0001
[2025-06-25 23:42:55][INFO] Client connected with IP: 0000:0000:0000:0000:0000:ffff:7f00:0001
[2025-06-25 23:42:55][INFO] Client connected with IP: 0000:0000:0000:0000:0000:ffff:7f00:0001
[2025-06-25 23:42:56][INFO] Client connected with IP: 0000:0000:0000:0000:0000:ffff:7f00:0001
[2025-06-25 23:42:57][INFO] Client connected with IP: 0000:0000:0000:0000:0000:ffff:7f00:0001
[2025-06-25 23:42:58][INFO] Client connected with IP: 0000:0000:0000:0000:0000:ffff:7f00:0001
[2025-06-25 23:42:58][INFO] Client connected with IP: 0000:0000:0000:0000:0000:ffff:7f00:0001
[2025-06-25 23:43:00][INFO] User 'Rutuja' logged in successfully
[2025-06-25 23:43:01][INFO] Client connected with IP: 0000:0000:0000:0000:0000:ffff:7f00:0001
[2025-06-25 23:43:01][INFO] Client connected with IP: 0000:0000:0000:0000:0000:ffff:7f00:0001
[2025-06-25 23:43:01][INFO] Client connected with IP: 0000:0000:0000:0000:0000:ffff:7f00:0001
[2025-06-25 23:43:01][INFO] Client connected with IP: 0000:0000:0000:0000:0000:ffff:7f00:0001
[2025-06-25 23:43:01][INFO] Client connected with IP: 0000:0000:0000:0000:0000:ffff:7f00:0001
[2025-06-25 23:43:02][INFO] Client connected with IP: 0000:0000:0000:0000:0000:ffff:7f00:0001
[2025-06-25 23:43:02][INFO] Client connected with IP: 0000:0000:0000:0000:0000:ffff:7f00:0001
[2025-06-25 23:43:02][INFO] Client connected with IP: 0000:0000:0000:0000:0000:ffff:7f00:0001
[2025-06-25 23:43:02][INFO] Client connected with IP: 0000:0000:0000:0000:0000:ffff:7f00:0001
[2025-06-25 23:43:03][INFO] Client connected with IP: 0000:0000:0000:0000:0000:ffff:7f00:0001
[2025-06-25 23:43:03][INFO] Client connected with IP: 0000:0000:0000:0000:0000:ffff:7f00:0001
[2025-06-25 23:43:03][INFO] Client connected with IP: 0000:0000:0000:0000:0000:ffff:7f00:0001
[2025-06-25 23:44:16][INFO] Client disconnected. Code: 1005, Reason: 
[2025-06-25 23:44:16][INFO] Client connected with IP: 0000:0000:0000:0000:0000:ffff:7f00:0001
[2025-06-25 23:44:16][INFO] Client connected with IP: 0000:0000:0000:0000:0000:ffff:7f00:0001
[2025-06-25 23:44:16][INFO] Client connected with IP: 0000:0000:0000:0000:0000:ffff:7f00:0001
[2025-06-25 23:44:17][INFO] Client connected with IP: 0000:0000:0000:0000:0000:ffff:7f00:0001
[2025-06-25 23:44:17][INFO] Client connected with IP: 0000:0000:0000:0000:0000:ffff:7f00:0001
[2025-06-25 23:44:17][INFO] Client connected with IP: 0000:0000:0000:0000:0000:ffff:7f00:0001
[2025-06-25 23:44:17][INFO] Client connected with IP: 0000:0000:0000:0000:0000:ffff:7f00:0001
[2025-06-25 23:44:17][INFO] Client connected with IP: 0000:0000:0000:0000:0000:ffff:7f00:0001
[2025-06-25 23:44:17][INFO] Client connected with IP: 0000:0000:0000:0000:0000:ffff:7f00:0001
[2025-06-25 23:44:17][INFO] Client connected with IP: 0000:0000:0000:0000:0000:ffff:7f00:0001
[2025-06-25 23:48:52][INFO] Client disconnected. Code: 1001, Reason: 
[2025-06-25 23:48:52][INFO] Client disconnected. Code: 1001, Reason: 
[2025-06-25 23:48:52][INFO] Client disconnected. Code: 1001, Reason: 
[2025-06-25 23:48:52][INFO] Client disconnected. Code: 1001, Reason: 
[2025-06-25 23:48:52][INFO] Client disconnected. Code: 1001, Reason: 
[2025-06-25 23:48:52][INFO] Client disconnected. Code: 1001, Reason: 
[2025-06-25 23:48:52][INFO] Client disconnected. Code: 1001, Reason: 
[2025-06-25 23:48:52][INFO] Client disconnected. Code: 1001, Reason: 
[2025-06-25 23:48:52][INFO] Client disconnected. Code: 1001, Reason: 
[2025-06-25 23:48:52][INFO] Client disconnected. Code: 1001, Reason: 
[2025-06-25 23:48:52][INFO] Client disconnected. Code: 1001, Reason: 
[2025-06-25 23:48:52][INFO] Client disconnected. Code: 1001, Reason: 
[2025-06-25 23:48:52][INFO] Client disconnected. Code: 1001, Reason: 
[2025-06-25 23:48:52][INFO] Client disconnected. Code: 1001, Reason: 
[2025-06-25 23:48:52][INFO] Client disconnected. Code: 1001, Reason: 
[2025-06-25 23:48:52][INFO] Client disconnected. Code: 1001, Reason: 
[2025-06-25 23:48:52][INFO] Client disconnected. Code: 1001, Reason: 
[2025-06-25 23:48:52][INFO] Client disconnected. Code: 1001, Reason: 
[2025-06-25 23:48:52][INFO] Client disconnected. Code: 1001, Reason: 
[2025-06-25 23:48:52][INFO] Client disconnected. Code: 1001, Reason: 
[2025-06-25 23:48:52][INFO] Client disconnected. Code: 1001, Reason: 
[2025-06-25 23:48:52][INFO] Client disconnected. Code: 1001, Reason: 
[2025-06-25 23:48:52][INFO] Client disconnected. Code: 1001, Reason: 
[2025-06-25 23:48:52][INFO] Client disconnected. Code: 1001, Reason: 
[2025-06-25 23:48:52][INFO] Client disconnected. Code: 1001, Reason: 
[2025-06-25 23:48:52][INFO] Client disconnected. Code: 1001, Reason: 
[2025-06-25 23:48:52][INFO] Client disconnected. Code: 1001, Reason: 
[2025-06-25 23:48:52][INFO] Client disconnected. Code: 1001, Reason: 
[2025-06-25 23:48:52][INFO] Client disconnected. Code: 1001, Reason: 
[2025-06-25 23:48:53][INFO] Client connected with IP: 0000:0000:0000:0000:0000:ffff:7f00:0001
[2025-06-25 23:48:53][INFO] Client connected with IP: 0000:0000:0000:0000:0000:ffff:7f00:0001
[2025-06-25 23:48:53][INFO] Client connected with IP: 0000:0000:0000:0000:0000:ffff:7f00:0001
[2025-06-25 23:48:54][INFO] Client connected with IP: 0000:0000:0000:0000:0000:ffff:7f00:0001
[2025-06-25 23:48:54][INFO] Client connected with IP: 0000:0000:0000:0000:0000:ffff:7f00:0001
[2025-06-25 23:48:54][INFO] Client connected with IP: 0000:0000:0000:0000:0000:ffff:7f00:0001
[2025-06-25 23:48:54][INFO] Client connected with IP: 0000:0000:0000:0000:0000:ffff:7f00:0001
[2025-06-25 23:48:54][INFO] Client connected with IP: 0000:0000:0000:0000:0000:ffff:7f00:0001
[2025-06-25 23:48:54][INFO] Client connected with IP: 0000:0000:0000:0000:0000:ffff:7f00:0001
[2025-06-25 23:48:54][INFO] Client connected with IP: 0000:0000:0000:0000:0000:ffff:7f00:0001
[2025-06-25 23:48:54][INFO] Client connected with IP: 0000:0000:0000:0000:0000:ffff:7f00:0001
[2025-06-25 23:48:55][INFO] Client connected with IP: 0000:0000:0000:0000:0000:ffff:7f00:0001
[2025-06-25 23:49:00][INFO] User 'Rutuja' logged in successfully
[2025-06-25 23:49:00][INFO] Client connected with IP: 0000:0000:0000:0000:0000:ffff:7f00:0001
[2025-06-25 23:49:00][INFO] Client connected with IP: 0000:0000:0000:0000:0000:ffff:7f00:0001
[2025-06-25 23:49:00][INFO] Client connected with IP: 0000:0000:0000:0000:0000:ffff:7f00:0001
[2025-06-25 23:49:01][INFO] Client connected with IP: 0000:0000:0000:0000:0000:ffff:7f00:0001
[2025-06-25 23:49:01][INFO] Client connected with IP: 0000:0000:0000:0000:0000:ffff:7f00:0001
[2025-06-25 23:49:01][INFO] Client connected with IP: 0000:0000:0000:0000:0000:ffff:7f00:0001
[2025-06-25 23:49:01][INFO] Client connected with IP: 0000:0000:0000:0000:0000:ffff:7f00:0001
[2025-06-25 23:49:01][INFO] Client connected with IP: 0000:0000:0000:0000:0000:ffff:7f00:0001
[2025-06-25 23:49:02][INFO] Client connected with IP: 0000:0000:0000:0000:0000:ffff:7f00:0001
[2025-06-25 23:49:02][INFO] Client connected with IP: 0000:0000:0000:0000:0000:ffff:7f00:0001
[2025-06-25 23:49:03][INFO] Client connected with IP: 0000:0000:0000:0000:0000:ffff:7f00:0001
[2025-06-25 23:49:03][INFO] Client connected with IP: 0000:0000:0000:0000:0000:ffff:7f00:0001
