[2025-07-13 13:31:13][INFO] Server started...
[2025-07-13 13:32:32][INFO] Client connected with IP: 0000:0000:0000:0000:0000:ffff:7f00:0001
[2025-07-13 13:32:32][INFO] Client connected with IP: 0000:0000:0000:0000:0000:ffff:7f00:0001
[2025-07-13 13:33:32][INFO] User 'rutuja' logged in successfully
[2025-07-13 13:33:40][INFO] Client connected with IP: 0000:0000:0000:0000:0000:ffff:7f00:0001
[2025-07-13 13:33:40][INFO] Client connected with IP: 0000:0000:0000:0000:0000:ffff:7f00:0001
[2025-07-13 13:33:43][INFO] Client connected with IP: 0000:0000:0000:0000:0000:ffff:7f00:0001
[2025-07-13 13:33:43][INFO] Client connected with IP: 0000:0000:0000:0000:0000:ffff:7f00:0001
[2025-07-13 13:34:01][INFO] User 'vaibz' logged in successfully
[2025-07-13 13:34:11][INFO] User 'vaishnavi10' logged in successfully
[2025-07-13 13:39:53][ERROR] Invalid Message Type
[2025-07-13 13:48:38][INFO] Client connected with IP: 0000:0000:0000:0000:0000:ffff:7f00:0001
[2025-07-13 13:48:38][INFO] Client connected with IP: 0000:0000:0000:0000:0000:ffff:7f00:0001
[2025-07-13 13:48:52][INFO] Server started...
[2025-07-13 13:48:55][INFO] Client connected with IP: 0000:0000:0000:0000:0000:ffff:7f00:0001
[2025-07-13 13:48:56][INFO] Client connected with IP: 0000:0000:0000:0000:0000:ffff:7f00:0001
[2025-07-13 13:49:01][INFO] User 'vaibz' logged in successfully
[2025-07-13 13:49:10][INFO] Client connected with IP: 0000:0000:0000:0000:0000:ffff:7f00:0001
[2025-07-13 13:49:10][INFO] Client connected with IP: 0000:0000:0000:0000:0000:ffff:7f00:0001
[2025-07-13 13:49:17][ERROR] Password is incorrect for user: rutuja
[2025-07-13 13:49:18][INFO] User 'rutuja' logged in successfully
[2025-07-13 13:49:43][ERROR] Invalid Message Type
[2025-07-13 13:57:09][INFO] Client disconnected. Code: 1001, Reason: 
[2025-07-13 13:57:09][INFO] Client disconnected. Code: 1001, Reason: 
[2025-07-13 13:57:09][INFO] Client connected with IP: 0000:0000:0000:0000:0000:ffff:7f00:0001
[2025-07-13 13:57:09][INFO] Client connected with IP: 0000:0000:0000:0000:0000:ffff:7f00:0001
[2025-07-13 13:57:15][INFO] User 'vaibz' logged in successfully
[2025-07-13 13:57:40][ERROR] Invalid Message Type
[2025-07-13 14:00:10][ERROR] Invalid Message Type
[2025-07-13 14:04:48][INFO] Client disconnected. Code: 1001, Reason: 
[2025-07-13 14:04:48][INFO] Client disconnected. Code: 1001, Reason: 
[2025-07-13 14:04:55][INFO] Client connected with IP: 0000:0000:0000:0000:0000:ffff:7f00:0001
[2025-07-13 14:04:55][INFO] Client connected with IP: 0000:0000:0000:0000:0000:ffff:7f00:0001
[2025-07-13 14:04:56][INFO] Client connected with IP: 0000:0000:0000:0000:0000:ffff:7f00:0001
[2025-07-13 14:04:56][INFO] Client connected with IP: 0000:0000:0000:0000:0000:ffff:7f00:0001
[2025-07-13 14:05:03][INFO] User 'vaibz' logged in successfully
[2025-07-13 14:05:07][INFO] Client disconnected. Code: 1001, Reason: 
[2025-07-13 14:05:07][INFO] Client disconnected. Code: 1001, Reason: 
[2025-07-13 14:05:07][INFO] Client connected with IP: 0000:0000:0000:0000:0000:ffff:7f00:0001
[2025-07-13 14:05:07][INFO] Client connected with IP: 0000:0000:0000:0000:0000:ffff:7f00:0001
[2025-07-13 14:05:17][INFO] User 'rutuja' logged in successfully
[2025-07-13 14:06:02][INFO] Client connected with IP: 0000:0000:0000:0000:0000:ffff:7f00:0001
[2025-07-13 14:06:03][INFO] Client connected with IP: 0000:0000:0000:0000:0000:ffff:7f00:0001
[2025-07-13 14:06:10][INFO] User 'rutuja' logged in successfully
[2025-07-13 14:08:45][INFO] Client disconnected. Code: 1001, Reason: 
[2025-07-13 14:08:45][INFO] Client disconnected. Code: 1001, Reason: 
[2025-07-13 14:09:42][ERROR] Invalid Message Type
[2025-07-13 14:30:05][INFO] Server started...
[2025-07-13 14:30:23][INFO] Client connected with IP: 0000:0000:0000:0000:0000:ffff:7f00:0001
[2025-07-13 14:30:23][INFO] Client connected with IP: 0000:0000:0000:0000:0000:ffff:7f00:0001
[2025-07-13 14:30:51][INFO] User 'vaibz' logged in successfully
[2025-07-13 14:38:14][INFO] Client connected with IP: 0000:0000:0000:0000:0000:ffff:7f00:0001
[2025-07-13 14:38:14][INFO] Client connected with IP: 0000:0000:0000:0000:0000:ffff:7f00:0001
[2025-07-13 14:38:24][INFO] User 'vaishnavi10' logged in successfully
[2025-07-13 14:38:44][ERROR] Invalid Message Type
[2025-07-13 14:50:23][INFO] Server started...
[2025-07-13 14:50:24][INFO] Client connected with IP: 0000:0000:0000:0000:0000:ffff:7f00:0001
[2025-07-13 14:50:24][INFO] Client disconnected. Code: 1006, Reason: Received TCP FIN before WebSocket close frame
[2025-07-13 14:50:24][INFO] Client connected with IP: 0000:0000:0000:0000:0000:ffff:7f00:0001
[2025-07-13 14:50:25][INFO] Client connected with IP: 0000:0000:0000:0000:0000:ffff:7f00:0001
[2025-07-13 14:50:30][INFO] Client connected with IP: 0000:0000:0000:0000:0000:ffff:7f00:0001
[2025-07-13 14:50:30][INFO] Client connected with IP: 0000:0000:0000:0000:0000:ffff:7f00:0001
[2025-07-13 14:50:36][INFO] User 'vaibz' logged in successfully
[2025-07-13 14:51:00][INFO] User 'rutuja' logged in successfully
[2025-07-13 19:19:26][INFO] Server started...
[2025-07-13 19:19:59][INFO] Client connected with IP: 0000:0000:0000:0000:0000:0000:0000:0001
[2025-07-13 19:19:59][INFO] Client connected with IP: 0000:0000:0000:0000:0000:0000:0000:0001
[2025-07-13 19:20:05][INFO] User 'vaibz' logged in successfully
[2025-07-13 19:20:42][INFO] Client connected with IP: 0000:0000:0000:0000:0000:0000:0000:0001
[2025-07-13 19:20:42][INFO] Client connected with IP: 0000:0000:0000:0000:0000:0000:0000:0001
[2025-07-13 19:20:47][INFO] User 'rutuja' logged in successfully
[2025-07-13 20:07:46][INFO] Server started...
[2025-07-13 20:07:48][INFO] Client connected with IP: 0000:0000:0000:0000:0000:0000:0000:0001
[2025-07-13 20:07:48][INFO] Client connected with IP: 0000:0000:0000:0000:0000:0000:0000:0001
[2025-07-13 20:07:49][INFO] Client connected with IP: 0000:0000:0000:0000:0000:0000:0000:0001
[2025-07-13 20:07:49][INFO] Client connected with IP: 0000:0000:0000:0000:0000:0000:0000:0001
[2025-07-13 20:07:55][INFO] User 'vaibz' logged in successfully
[2025-07-13 20:08:03][ERROR] Password is incorrect for user: rutuja
[2025-07-13 20:08:05][INFO] User 'rutuja' logged in successfully
[2025-07-13 20:09:10][INFO] Server started...
[2025-07-13 20:09:11][INFO] Client connected with IP: 0000:0000:0000:0000:0000:0000:0000:0001
[2025-07-13 20:09:11][INFO] Client connected with IP: 0000:0000:0000:0000:0000:0000:0000:0001
[2025-07-13 20:09:18][INFO] User 'vaibz' logged in successfully
[2025-07-13 20:09:24][ERROR] Database error in MessageHandler::friend_req_request: CDK Error: Field 'name_of_sender' doesn't have a default value
[2025-07-13 20:11:23][INFO] Server started...
[2025-07-13 20:11:26][INFO] Client connected with IP: 0000:0000:0000:0000:0000:0000:0000:0001
[2025-07-13 20:11:26][INFO] Client connected with IP: 0000:0000:0000:0000:0000:0000:0000:0001
[2025-07-13 20:11:31][INFO] User 'vaibz' logged in successfully
[2025-07-13 20:11:37][ERROR] Database error in MessageHandler::friend_req_request: CDK Error: Wrong number of fields in row being inserted
[2025-07-13 20:13:36][INFO] Server started...
[2025-07-13 20:13:42][INFO] Client connected with IP: 0000:0000:0000:0000:0000:0000:0000:0001
[2025-07-13 20:13:42][INFO] Client connected with IP: 0000:0000:0000:0000:0000:0000:0000:0001
[2025-07-13 20:13:48][INFO] User 'vaibz' logged in successfully
[2025-07-13 20:15:30][INFO] Server started...
[2025-07-13 20:15:49][INFO] Server started...
[2025-07-13 20:15:53][INFO] Client connected with IP: 0000:0000:0000:0000:0000:0000:0000:0001
[2025-07-13 20:15:53][INFO] Client connected with IP: 0000:0000:0000:0000:0000:0000:0000:0001
[2025-07-13 20:15:59][INFO] User 'vaibz' logged in successfully
[2025-07-13 20:17:35][INFO] Server started...
[2025-07-13 20:17:46][INFO] Client connected with IP: 0000:0000:0000:0000:0000:0000:0000:0001
[2025-07-13 20:17:46][INFO] Client connected with IP: 0000:0000:0000:0000:0000:0000:0000:0001
[2025-07-13 20:17:54][INFO] User 'vaibz' logged in successfully
[2025-07-13 20:18:44][INFO] Server started...
[2025-07-13 20:18:47][INFO] Client connected with IP: 0000:0000:0000:0000:0000:0000:0000:0001
[2025-07-13 20:18:47][INFO] Client connected with IP: 0000:0000:0000:0000:0000:0000:0000:0001
[2025-07-13 20:18:52][INFO] User 'vaibz' logged in successfully
[2025-07-13 20:30:04][INFO] Client connected with IP: 0000:0000:0000:0000:0000:0000:0000:0001
[2025-07-13 20:30:04][INFO] Client connected with IP: 0000:0000:0000:0000:0000:0000:0000:0001
[2025-07-13 20:30:05][INFO] Client disconnected. Code: 1001, Reason: 
[2025-07-13 20:30:05][INFO] Client disconnected. Code: 1001, Reason: 
[2025-07-13 20:30:05][INFO] Client connected with IP: 0000:0000:0000:0000:0000:0000:0000:0001
[2025-07-13 20:30:05][INFO] Client connected with IP: 0000:0000:0000:0000:0000:0000:0000:0001
[2025-07-13 20:30:45][INFO] User 'vaibz' logged in successfully
[2025-07-13 20:30:51][INFO] User 'rutuja' logged in successfully
