[2025-09-08 21:27:51][INFO] Server started...
[2025-09-08 21:27:51][INFO] Listening on port: 2121
[2025-09-08 21:28:03][INFO] Client connected with IP: 127.0.0.1
[2025-09-08 21:28:13][DEBUG] Message received from client {"message_type":101,"username":"vaibz","password":"12345","timestamp":"2025-09-08T15:58:04.937Z"}
[2025-09-08 21:28:13][DEBUG][process] in process func: {"message_type":101,"password":"12345","timestamp":"2025-09-08T15:58:04.937Z","username":"vaibz"}
[2025-09-08 21:28:13][DEBUG][process_login_request] {"auth_token":"af412c26ef4431b0c1143fdb4fb17d67","error_code":0,"message_type":102,"status":0,"user_id":21}
[2025-09-08 21:28:13][INFO][process_login_request] User 'vaibz' logged in successfully
[2025-09-08 21:28:13][DEBUG][send_user_login_payloads] {"dob":"2002-03-20","email":"vaibhav@google.com","fullname":"Vaibhav Gaikwad","gender":"Male","message_type":111,"phone":"+91-7887401312","username":"vaibz"}
[2025-09-08 21:28:13][DEBUG][send_user_login_payloads] {"count":0,"message_type":113,"pending_friend_requests_list":[]}
[2025-09-08 21:28:13][DEBUG][send_user_login_payloads] {"count":1,"friends_list":[{"dob":"2025-06-06","fullname":"Rutuja Dabhade","gender":"Female","user_id":34,"username":"rutuja"}],"message_type":112}
[2025-09-08 21:44:43][DEBUG] Message received from client {"message_type":105,"user_id":21,"username":"vaibz"}
[2025-09-08 21:44:43][DEBUG][process] in process func: {"message_type":105,"user_id":21,"username":"vaibz"}
[2025-09-08 21:44:43][INFO][process_logout_request] User 'vaibz' logged out successfully
[2025-09-08 21:44:43][DEBUG][process_logout_request] {"message_type":106,"status":0}
[2025-09-08 21:44:51][DEBUG] Message received from client {"message_type":101,"username":"vaibz","password":"12345","timestamp":"2025-09-08T16:14:43.626Z"}
[2025-09-08 21:44:51][DEBUG][process] in process func: {"message_type":101,"password":"12345","timestamp":"2025-09-08T16:14:43.626Z","username":"vaibz"}
[2025-09-08 21:44:51][DEBUG][process_login_request] {"auth_token":"af412c26ef4431b0c1143fdb4fb17d67","error_code":0,"message_type":102,"status":0,"user_id":21}
[2025-09-08 21:44:51][INFO][process_login_request] User 'vaibz' logged in successfully
[2025-09-08 21:44:51][DEBUG][send_user_login_payloads] {"dob":"2002-03-20","email":"vaibhav@google.com","fullname":"Vaibhav Gaikwad","gender":"Male","message_type":111,"phone":"+91-7887401312","username":"vaibz"}
[2025-09-08 21:44:51][DEBUG][send_user_login_payloads] {"count":0,"message_type":113,"pending_friend_requests_list":[]}
[2025-09-08 21:44:51][DEBUG][send_user_login_payloads] {"count":1,"friends_list":[{"dob":"2025-06-06","fullname":"Rutuja Dabhade","gender":"Female","user_id":34,"username":"rutuja"}],"message_type":112}
[2025-09-08 21:45:09][DEBUG] Message received from client {"message_type":105,"user_id":21,"username":"vaibz"}
[2025-09-08 21:45:09][DEBUG][process] in process func: {"message_type":105,"user_id":21,"username":"vaibz"}
[2025-09-08 21:45:09][INFO][process_logout_request] User 'vaibz' logged out successfully
[2025-09-08 21:45:09][DEBUG][process_logout_request] {"message_type":106,"status":0}
[2025-09-08 21:47:28][DEBUG] Message received from client {"message_type":101,"username":"vaibz","password":"12345","timestamp":"2025-09-08T16:15:09.568Z"}
[2025-09-08 21:47:28][DEBUG][process] in process func: {"message_type":101,"password":"12345","timestamp":"2025-09-08T16:15:09.568Z","username":"vaibz"}
[2025-09-08 21:47:28][DEBUG][process_login_request] {"auth_token":"af412c26ef4431b0c1143fdb4fb17d67","error_code":0,"message_type":102,"status":0,"user_id":21}
[2025-09-08 21:47:28][INFO][process_login_request] User 'vaibz' logged in successfully
[2025-09-08 21:47:28][DEBUG][send_user_login_payloads] {"dob":"2002-03-20","email":"vaibhav@google.com","fullname":"Vaibhav Gaikwad","gender":"Male","message_type":111,"phone":"+91-7887401312","username":"vaibz"}
[2025-09-08 21:47:28][DEBUG][send_user_login_payloads] {"count":0,"message_type":113,"pending_friend_requests_list":[]}
[2025-09-08 21:47:28][DEBUG][send_user_login_payloads] {"count":1,"friends_list":[{"dob":"2025-06-06","fullname":"Rutuja Dabhade","gender":"Female","user_id":34,"username":"rutuja"}],"message_type":112}
[2025-09-08 21:58:22][INFO] Client disconnected. Client is going away, Reason: 
[2025-09-08 23:55:53][INFO] Client connected with IP: 127.0.0.1
[2025-09-08 23:55:58][DEBUG] Message received from client {"message_type":101,"username":"so_sasssy","password":"2356","timestamp":"2025-09-08T18:25:48.471Z"}
[2025-09-08 23:55:58][DEBUG][process] in process func: {"message_type":101,"password":"2356","timestamp":"2025-09-08T18:25:48.471Z","username":"so_sasssy"}
[2025-09-08 23:55:58][DEBUG][process_login_request] {"auth_token":"eb6b6ffedecc94e89dd1ebac62227f74","error_code":0,"message_type":102,"status":0,"user_id":1244}
[2025-09-08 23:55:58][INFO][process_login_request] User 'so_sasssy' logged in successfully
[2025-09-08 23:55:58][DEBUG][send_user_login_payloads] {"dob":"2004-09-07","email":"sakshirc7@gmail.com","fullname":"sakshi chavan","gender":"Female","message_type":111,"phone":"2365689655","username":"so_sasssy"}
[2025-09-08 23:55:58][DEBUG][send_user_login_payloads] {"count":0,"message_type":113,"pending_friend_requests_list":[]}
[2025-09-08 23:55:58][DEBUG][send_user_login_payloads] {"count":0,"friends_list":[],"message_type":112}
[2025-09-08 23:57:04][DEBUG] Message received from client {"message_type":107,"username":"s","requested_by":"so_sasssy"}
[2025-09-08 23:57:04][DEBUG] Message received from client {"message_type":107,"username":"sa","requested_by":"so_sasssy"}
[2025-09-08 23:57:04][DEBUG][process] in process func: {"message_type":107,"requested_by":"so_sasssy","username":"s"}
[2025-09-08 23:57:04][DEBUG] Message received from client {"message_type":107,"username":"sak","requested_by":"so_sasssy"}
[2025-09-08 23:57:04][DEBUG] Message received from client {"message_type":107,"username":"saks","requested_by":"so_sasssy"}
[2025-09-08 23:57:04][DEBUG] Message received from client {"message_type":107,"username":"saksh","requested_by":"so_sasssy"}
[2025-09-08 23:57:04][DEBUG] Message received from client {"message_type":107,"username":"saksho","requested_by":"so_sasssy"}
[2025-09-08 23:57:04][DEBUG][process_search_user_request] {"count":30,"message_type":108,"users":[{"display_name":"Harsh Dabhade","friendship_status":2,"user_id":35,"username":"Harsh"},{"display_name":"Sakshi","friendship_status":2,"user_id":36,"username":"Sakshi"},{"display_name":"Vaishnavi ","friendship_status":2,"user_id":39,"username":"vaishnavi10"},{"display_name":"Manasi Deshmukh","friendship_status":2,"user_id":1043,"username":"mdeshmukh402"},{"display_name":"Rohit Salunkhe","friendship_status":2,"user_id":1044,"username":"rsalunkhe058"},{"display_name":"Sachin Sawant","friendship_status":2,"user_id":1045,"username":"ssawant081"},{"display_name":"Tejas Joshi","friendship_status":2,"user_id":1048,"username":"tjoshi211"},{"display_name":"Ashwini Deshmukh","friendship_status":2,"user_id":1049,"username":"adeshmukh629"},{"display_name":"Vishal Pawar","friendship_status":2,"user_id":1053,"username":"vpawar008"},{"display_name":"Saurabh Naik","friendship_status":2,"user_id":1054,"username":"snaik444"},{"display_name":"Sayali Salunkhe","friendship_status":2,"user_id":1056,"username":"ssalunkhe404"},{"display_name":"Bhagyashree Gaikwad","friendship_status":2,"user_id":1057,"username":"bgaikwad533"},{"display_name":"Sayali Kadam","friendship_status":2,"user_id":1058,"username":"skadam067"},{"display_name":"Ashwini Bhosale","friendship_status":2,"user_id":1060,"username":"abhosale733"},{"display_name":"Smita Kulkarni","friendship_status":2,"user_id":1061,"username":"skulkarni201"},{"display_name":"Yogesh Bhosale","friendship_status":2,"user_id":1062,"username":"ybhosale217"},{"display_name":"Vaishnavi Inamdar","friendship_status":2,"user_id":1063,"username":"vinamdar778"},{"display_name":"Sayali Kadam","friendship_status":2,"user_id":1064,"username":"skadam268"},{"display_name":"Aakash Pawar","friendship_status":2,"user_id":1066,"username":"apawar122"},{"display_name":"Aishwarya Inamdar","friendship_status":2,"user_id":1067,"username":"ainamdar198"},{"display_name":"Shraddha Chavan","friendship_status":2,"user_id":1070,"username":"schavan386"},{"display_name":"Sayali Kadam","friendship_status":2,"user_id":1071,"username":"skadam783"},{"display_name":"Swapnil Joshi","friendship_status":2,"user_id":1073,"username":"sjoshi635"},{"display_name":"Siddhesh Shinde","friendship_status":2,"user_id":1075,"username":"sshinde482"},{"display_name":"Sachin Jadhav","friendship_status":2,"user_id":1076,"username":"sjadhav205"},{"display_name":"Yogesh Shinde","friendship_status":2,"user_id":1078,"username":"yshinde478"},{"display_name":"Yogesh Sawant","friendship_status":2,"user_id":1079,"username":"ysawant168"},{"display_name":"Amey Sawant","friendship_status":2,"user_id":1080,"username":"asawant856"},{"display_name":"Bhagyashree Chavan","friendship_status":2,"user_id":1081,"username":"bchavan171"},{"display_name":"Smita Pawar","friendship_status":2,"user_id":1082,"username":"spawar242"}]}
[2025-09-08 23:57:04][DEBUG][process] in process func: {"message_type":107,"requested_by":"so_sasssy","username":"sa"}
[2025-09-08 23:57:04][DEBUG][process_search_user_request] {"count":30,"message_type":108,"users":[{"display_name":"Sakshi","friendship_status":2,"user_id":36,"username":"Sakshi"},{"display_name":"Rohit Salunkhe","friendship_status":2,"user_id":1044,"username":"rsalunkhe058"},{"display_name":"Sachin Sawant","friendship_status":2,"user_id":1045,"username":"ssawant081"},{"display_name":"Saurabh Naik","friendship_status":2,"user_id":1054,"username":"snaik444"},{"display_name":"Sayali Salunkhe","friendship_status":2,"user_id":1056,"username":"ssalunkhe404"},{"display_name":"Sayali Kadam","friendship_status":2,"user_id":1058,"username":"skadam067"},{"display_name":"Ashwini Bhosale","friendship_status":2,"user_id":1060,"username":"abhosale733"},{"display_name":"Yogesh Bhosale","friendship_status":2,"user_id":1062,"username":"ybhosale217"},{"display_name":"Sayali Kadam","friendship_status":2,"user_id":1064,"username":"skadam268"},{"display_name":"Sayali Kadam","friendship_status":2,"user_id":1071,"username":"skadam783"},{"display_name":"Sachin Jadhav","friendship_status":2,"user_id":1076,"username":"sjadhav205"},{"display_name":"Yogesh Sawant","friendship_status":2,"user_id":1079,"username":"ysawant168"},{"display_name":"Amey Sawant","friendship_status":2,"user_id":1080,"username":"asawant856"},{"display_name":"Priyanka Sawant","friendship_status":2,"user_id":1095,"username":"psawant507"},{"display_name":"Ajinkya Bhosale","friendship_status":2,"user_id":1101,"username":"abhosale823"},{"display_name":"Siddhesh Salunkhe","friendship_status":2,"user_id":1103,"username":"ssalunkhe497"},{"display_name":"Saurabh Naik","friendship_status":2,"user_id":1104,"username":"snaik611"},{"display_name":"Smita Bhosale","friendship_status":2,"user_id":1109,"username":"sbhosale271"},{"display_name":"Saurabh Lokhande","friendship_status":2,"user_id":1118,"username":"slokhande328"},{"display_name":"Aishwarya Sawant","friendship_status":2,"user_id":1121,"username":"asawant920"},{"display_name":"Mayur Sawant","friendship_status":2,"user_id":1126,"username":"msawant802"},{"display_name":"Meghna Sawant","friendship_status":2,"user_id":1133,"username":"msawant160"},{"display_name":"Anuja Sawant","friendship_status":2,"user_id":1134,"username":"asawant735"},{"display_name":"Saurabh Kulkarni","friendship_status":2,"user_id":1148,"username":"skulkarni636"},{"display_name":"Saurabh More","friendship_status":2,"user_id":1149,"username":"smore102"},{"display_name":"Kajal Sawant","friendship_status":2,"user_id":1153,"username":"ksawant356"},{"display_name":"Saurabh Naik","friendship_status":2,"user_id":1161,"username":"snaik779"},{"display_name":"Sachin Bhosale","friendship_status":2,"user_id":1166,"username":"sbhosale558"},{"display_name":"Mayur Salunkhe","friendship_status":2,"user_id":1170,"username":"msalunkhe601"},{"display_name":"Pratik Sawant","friendship_status":2,"user_id":1172,"username":"psawant248"}]}
[2025-09-08 23:57:04][DEBUG][process] in process func: {"message_type":107,"requested_by":"so_sasssy","username":"sak"}
[2025-09-08 23:57:04][DEBUG][process_search_user_request] {"count":3,"message_type":108,"users":[{"display_name":"Sakshi","friendship_status":2,"user_id":36,"username":"Sakshi"},{"display_name":"sakshi chavan","friendship_status":2,"user_id":1251,"username":"saucy_sakshi"},{"display_name":"sakk","friendship_status":2,"user_id":1252,"username":"whatever"}]}
[2025-09-08 23:57:04][DEBUG][process] in process func: {"message_type":107,"requested_by":"so_sasssy","username":"saks"}
[2025-09-08 23:57:04][DEBUG][process_search_user_request] {"count":2,"message_type":108,"users":[{"display_name":"Sakshi","friendship_status":2,"user_id":36,"username":"Sakshi"},{"display_name":"sakshi chavan","friendship_status":2,"user_id":1251,"username":"saucy_sakshi"}]}
[2025-09-08 23:57:04][DEBUG][process] in process func: {"message_type":107,"requested_by":"so_sasssy","username":"saksh"}
[2025-09-08 23:57:04][DEBUG][process_search_user_request] {"count":2,"message_type":108,"users":[{"display_name":"Sakshi","friendship_status":2,"user_id":36,"username":"Sakshi"},{"display_name":"sakshi chavan","friendship_status":2,"user_id":1251,"username":"saucy_sakshi"}]}
[2025-09-08 23:57:04][DEBUG][process] in process func: {"message_type":107,"requested_by":"so_sasssy","username":"saksho"}
[2025-09-08 23:57:04][DEBUG] Message received from client {"message_type":107,"username":"saksh","requested_by":"so_sasssy"}
[2025-09-08 23:57:04][DEBUG][process] in process func: {"message_type":107,"requested_by":"so_sasssy","username":"saksh"}
[2025-09-08 23:57:04][DEBUG][process_search_user_request] {"count":2,"message_type":108,"users":[{"display_name":"Sakshi","friendship_status":2,"user_id":36,"username":"Sakshi"},{"display_name":"sakshi chavan","friendship_status":2,"user_id":1251,"username":"saucy_sakshi"}]}
[2025-09-08 23:57:04][DEBUG] Message received from client {"message_type":107,"username":"sakshi","requested_by":"so_sasssy"}
[2025-09-08 23:57:04][DEBUG][process] in process func: {"message_type":107,"requested_by":"so_sasssy","username":"sakshi"}
[2025-09-08 23:57:04][DEBUG][process_search_user_request] {"count":2,"message_type":108,"users":[{"display_name":"Sakshi","friendship_status":2,"user_id":36,"username":"Sakshi"},{"display_name":"sakshi chavan","friendship_status":2,"user_id":1251,"username":"saucy_sakshi"}]}
[2025-09-08 23:57:21][DEBUG] Message received from client {"message_type":109,"sender_id":1244,"sender":"so_sasssy","name_of_sender":"sakshi chavan","receiver_id":1251,"receiver":"saucy_sakshi","name_of_receiver":"sakshi chavan","timestamp":"2025-09-08T18:27:00.806Z"}
[2025-09-08 23:57:21][DEBUG] Message received from client {"message_type":107,"username":"sakshi","requested_by":"so_sasssy"}
[2025-09-08 23:57:21][DEBUG][process] in process func: {"message_type":109,"name_of_receiver":"sakshi chavan","name_of_sender":"sakshi chavan","receiver":"saucy_sakshi","receiver_id":1251,"sender":"so_sasssy","sender_id":1244,"timestamp":"2025-09-08T18:27:00.806Z"}
[2025-09-08 23:57:21][DEBUG][process] in process func: {"message_type":107,"requested_by":"so_sasssy","username":"sakshi"}
[2025-09-08 23:57:21][DEBUG][process_search_user_request] {"count":2,"message_type":108,"users":[{"display_name":"Sakshi","friendship_status":2,"user_id":36,"username":"Sakshi"},{"display_name":"sakshi chavan","friendship_status":1,"user_id":1251,"username":"saucy_sakshi"}]}
[2025-09-08 23:57:24][DEBUG] Message received from client {"message_type":109,"sender_id":1244,"sender":"so_sasssy","name_of_sender":"sakshi chavan","receiver_id":1251,"receiver":"saucy_sakshi","name_of_receiver":"sakshi chavan","timestamp":"2025-09-08T18:27:00.806Z"}
[2025-09-08 23:57:24][DEBUG] Message received from client {"message_type":107,"username":"sakshi","requested_by":"so_sasssy"}
[2025-09-08 23:57:24][DEBUG][process] in process func: {"message_type":109,"name_of_receiver":"sakshi chavan","name_of_sender":"sakshi chavan","receiver":"saucy_sakshi","receiver_id":1251,"sender":"so_sasssy","sender_id":1244,"timestamp":"2025-09-08T18:27:00.806Z"}
[2025-09-08 23:57:24][DEBUG][process] in process func: {"message_type":107,"requested_by":"so_sasssy","username":"sakshi"}
[2025-09-08 23:57:24][DEBUG][process_search_user_request] {"count":2,"message_type":108,"users":[{"display_name":"Sakshi","friendship_status":2,"user_id":36,"username":"Sakshi"},{"display_name":"sakshi chavan","friendship_status":1,"user_id":1251,"username":"saucy_sakshi"}]}
[2025-09-08 23:57:24][DEBUG] Message received from client {"message_type":109,"sender_id":1244,"sender":"so_sasssy","name_of_sender":"sakshi chavan","receiver_id":1251,"receiver":"saucy_sakshi","name_of_receiver":"sakshi chavan","timestamp":"2025-09-08T18:27:00.806Z"}
[2025-09-08 23:57:24][DEBUG][process] in process func: {"message_type":109,"name_of_receiver":"sakshi chavan","name_of_sender":"sakshi chavan","receiver":"saucy_sakshi","receiver_id":1251,"sender":"so_sasssy","sender_id":1244,"timestamp":"2025-09-08T18:27:00.806Z"}
[2025-09-08 23:57:24][DEBUG] Message received from client {"message_type":107,"username":"sakshi","requested_by":"so_sasssy"}
[2025-09-08 23:57:24][DEBUG][process] in process func: {"message_type":107,"requested_by":"so_sasssy","username":"sakshi"}
[2025-09-08 23:57:24][DEBUG][process_search_user_request] {"count":2,"message_type":108,"users":[{"display_name":"Sakshi","friendship_status":2,"user_id":36,"username":"Sakshi"},{"display_name":"sakshi chavan","friendship_status":1,"user_id":1251,"username":"saucy_sakshi"}]}
[2025-09-08 23:58:10][DEBUG] Message received from client {"message_type":109,"sender_id":1244,"sender":"so_sasssy","name_of_sender":"sakshi chavan","receiver_id":1251,"receiver":"saucy_sakshi","name_of_receiver":"sakshi chavan","timestamp":"2025-09-08T18:27:00.806Z"}
[2025-09-08 23:58:10][DEBUG] Message received from client {"message_type":107,"username":"sakshi","requested_by":"so_sasssy"}
[2025-09-08 23:58:10][DEBUG] Message received from client {"message_type":109,"sender_id":1244,"sender":"so_sasssy","name_of_sender":"sakshi chavan","receiver_id":1251,"receiver":"saucy_sakshi","name_of_receiver":"sakshi chavan","timestamp":"2025-09-08T18:27:00.806Z"}
[2025-09-08 23:58:10][DEBUG] Message received from client {"message_type":107,"username":"sakshi","requested_by":"so_sasssy"}
[2025-09-08 23:58:10][DEBUG] Message received from client {"message_type":109,"sender_id":1244,"sender":"so_sasssy","name_of_sender":"sakshi chavan","receiver_id":1251,"receiver":"saucy_sakshi","name_of_receiver":"sakshi chavan","timestamp":"2025-09-08T18:27:00.806Z"}
[2025-09-08 23:58:10][DEBUG] Message received from client {"message_type":107,"username":"sakshi","requested_by":"so_sasssy"}
[2025-09-08 23:58:10][DEBUG][process] in process func: {"message_type":109,"name_of_receiver":"sakshi chavan","name_of_sender":"sakshi chavan","receiver":"saucy_sakshi","receiver_id":1251,"sender":"so_sasssy","sender_id":1244,"timestamp":"2025-09-08T18:27:00.806Z"}
[2025-09-08 23:58:10][DEBUG] Message received from client {"message_type":109,"sender_id":1244,"sender":"so_sasssy","name_of_sender":"sakshi chavan","receiver_id":1251,"receiver":"saucy_sakshi","name_of_receiver":"sakshi chavan","timestamp":"2025-09-08T18:27:00.806Z"}
[2025-09-08 23:58:10][DEBUG] Message received from client {"message_type":107,"username":"sakshi","requested_by":"so_sasssy"}
[2025-09-08 23:58:10][DEBUG][process] in process func: {"message_type":107,"requested_by":"so_sasssy","username":"sakshi"}
[2025-09-08 23:58:10][DEBUG][process_search_user_request] {"count":2,"message_type":108,"users":[{"display_name":"Sakshi","friendship_status":2,"user_id":36,"username":"Sakshi"},{"display_name":"sakshi chavan","friendship_status":1,"user_id":1251,"username":"saucy_sakshi"}]}
[2025-09-08 23:58:10][DEBUG][process] in process func: {"message_type":109,"name_of_receiver":"sakshi chavan","name_of_sender":"sakshi chavan","receiver":"saucy_sakshi","receiver_id":1251,"sender":"so_sasssy","sender_id":1244,"timestamp":"2025-09-08T18:27:00.806Z"}
[2025-09-08 23:58:10][DEBUG][process] in process func: {"message_type":107,"requested_by":"so_sasssy","username":"sakshi"}
[2025-09-08 23:58:10][DEBUG][process_search_user_request] {"count":2,"message_type":108,"users":[{"display_name":"Sakshi","friendship_status":2,"user_id":36,"username":"Sakshi"},{"display_name":"sakshi chavan","friendship_status":1,"user_id":1251,"username":"saucy_sakshi"}]}
[2025-09-08 23:58:10][DEBUG][process] in process func: {"message_type":109,"name_of_receiver":"sakshi chavan","name_of_sender":"sakshi chavan","receiver":"saucy_sakshi","receiver_id":1251,"sender":"so_sasssy","sender_id":1244,"timestamp":"2025-09-08T18:27:00.806Z"}
[2025-09-08 23:58:10][DEBUG][process] in process func: {"message_type":107,"requested_by":"so_sasssy","username":"sakshi"}
[2025-09-08 23:58:10][DEBUG][process_search_user_request] {"count":2,"message_type":108,"users":[{"display_name":"Sakshi","friendship_status":2,"user_id":36,"username":"Sakshi"},{"display_name":"sakshi chavan","friendship_status":1,"user_id":1251,"username":"saucy_sakshi"}]}
[2025-09-08 23:58:10][DEBUG][process] in process func: {"message_type":109,"name_of_receiver":"sakshi chavan","name_of_sender":"sakshi chavan","receiver":"saucy_sakshi","receiver_id":1251,"sender":"so_sasssy","sender_id":1244,"timestamp":"2025-09-08T18:27:00.806Z"}
[2025-09-08 23:58:10][DEBUG][process] in process func: {"message_type":107,"requested_by":"so_sasssy","username":"sakshi"}
[2025-09-08 23:58:10][DEBUG][process_search_user_request] {"count":2,"message_type":108,"users":[{"display_name":"Sakshi","friendship_status":2,"user_id":36,"username":"Sakshi"},{"display_name":"sakshi chavan","friendship_status":1,"user_id":1251,"username":"saucy_sakshi"}]}
