[2025-10-03 23:03:39][INFO] Server started...
[2025-10-03 23:03:39][INFO] Listening on port: 2121
[2025-10-03 23:03:48][INFO] Client connected with IP: 127.0.0.1
[2025-10-03 23:03:58][DEBUG] Message received from client {"message_type":101,"username":"vaibz","password":"12345","timestamp":"2025-10-03T17:33:51.346Z"}
[2025-10-03 23:03:58][DEBUG][process] in process func: {"message_type":101,"password":"12345","timestamp":"2025-10-03T17:33:51.346Z","username":"vaibz"}
[2025-10-03 23:03:58][INFO][process_login_request] User 'vaibz' logged in successfully
[2025-10-03 23:03:58][DEBUG][send_user_login_payloads] {"dob":"2002-03-20","email":"vaibhav@google.com","fullname":"Vaibhav Gaikwad","gender":"Male","message_type":111,"phone":"7887401312","username":"vaibz"}
[2025-10-03 23:03:58][INFO] Client disconnected. No status received (no close frame), Reason: 
[2025-10-03 23:03:58][DEBUG][send_user_login_payloads] {"count":0,"message_type":113,"pending_friend_requests_list":[]}
[2025-10-03 23:03:58][DEBUG][send_user_login_payloads] {"count":0,"friends_list":[],"message_type":112}
[2025-10-03 23:03:58][INFO] Client connected with IP: 127.0.0.1
[2025-10-03 23:04:16][INFO] Client connected with IP: 127.0.0.1
[2025-10-03 23:04:16][DEBUG] Message received from client {"message_type":117,"user_id":21,"auth_token":"af412c26ef4431b0c1143fdb4fb17d67"}
[2025-10-03 23:04:16][DEBUG][process] in process func: {"auth_token":"af412c26ef4431b0c1143fdb4fb17d67","message_type":117,"user_id":21}
[2025-10-03 23:04:16][DEBUG][send_user_login_payloads] {"dob":"2002-03-20","email":"vaibhav@google.com","fullname":"Vaibhav Gaikwad","gender":"Male","message_type":111,"phone":"7887401312","username":"vaibz"}
[2025-10-03 23:04:16][DEBUG][send_user_login_payloads] {"count":0,"message_type":113,"pending_friend_requests_list":[]}
[2025-10-03 23:04:16][DEBUG][send_user_login_payloads] {"count":0,"friends_list":[],"message_type":112}
[2025-10-03 23:04:16][INFO][process_reconnect_request] Reconnect successful of user id: 21
[2025-10-03 23:04:19][INFO] Client disconnected. Client is going away, Reason: 
[2025-10-03 23:04:22][INFO] Client connected with IP: 127.0.0.1
[2025-10-03 23:04:22][DEBUG] Message received from client {"message_type":117,"user_id":21,"auth_token":"af412c26ef4431b0c1143fdb4fb17d67"}
[2025-10-03 23:04:22][DEBUG][process] in process func: {"auth_token":"af412c26ef4431b0c1143fdb4fb17d67","message_type":117,"user_id":21}
[2025-10-03 23:04:22][DEBUG][send_user_login_payloads] {"dob":"2002-03-20","email":"vaibhav@google.com","fullname":"Vaibhav Gaikwad","gender":"Male","message_type":111,"phone":"7887401312","username":"vaibz"}
[2025-10-03 23:04:22][DEBUG][send_user_login_payloads] {"count":0,"message_type":113,"pending_friend_requests_list":[]}
[2025-10-03 23:04:22][DEBUG][send_user_login_payloads] {"count":0,"friends_list":[],"message_type":112}
[2025-10-03 23:04:22][INFO][process_reconnect_request] Reconnect successful of user id: 21
[2025-10-03 23:04:29][DEBUG] Message received from client {"message_type":101,"username":"vaibz","password":"12345","timestamp":"2025-10-03T17:34:23.513Z"}
[2025-10-03 23:04:29][DEBUG][process] in process func: {"message_type":101,"password":"12345","timestamp":"2025-10-03T17:34:23.513Z","username":"vaibz"}
[2025-10-03 23:04:29][INFO][process_login_request] User 'vaibz' logged out forcefully
[2025-10-03 23:04:29][INFO][process_login_request] User 'vaibz' logged in successfully
[2025-10-03 23:04:29][DEBUG][send_user_login_payloads] {"dob":"2002-03-20","email":"vaibhav@google.com","fullname":"Vaibhav Gaikwad","gender":"Male","message_type":111,"phone":"7887401312","username":"vaibz"}
[2025-10-03 23:04:29][DEBUG][send_user_login_payloads] {"count":0,"message_type":113,"pending_friend_requests_list":[]}
[2025-10-03 23:04:29][DEBUG][send_user_login_payloads] {"count":0,"friends_list":[],"message_type":112}
[2025-10-03 23:04:29][INFO] Client disconnected. No status received (no close frame), Reason: 
[2025-10-03 23:04:29][INFO] Client connected with IP: 127.0.0.1
[2025-10-03 23:04:39][DEBUG] Message received from client {"message_type":101,"username":"vaibz","password":"12345","timestamp":"2025-10-03T17:34:33.951Z"}
[2025-10-03 23:04:39][DEBUG][process] in process func: {"message_type":101,"password":"12345","timestamp":"2025-10-03T17:34:33.951Z","username":"vaibz"}
[2025-10-03 23:04:39][INFO][process_login_request] User 'vaibz' logged in successfully
[2025-10-03 23:04:39][DEBUG][send_user_login_payloads] {"dob":"2002-03-20","email":"vaibhav@google.com","fullname":"Vaibhav Gaikwad","gender":"Male","message_type":111,"phone":"7887401312","username":"vaibz"}
[2025-10-03 23:04:39][DEBUG][send_user_login_payloads] {"count":0,"message_type":113,"pending_friend_requests_list":[]}
[2025-10-03 23:04:39][DEBUG][send_user_login_payloads] {"count":0,"friends_list":[],"message_type":112}
[2025-10-03 23:04:39][INFO] Client disconnected. No status received (no close frame), Reason: 
[2025-10-03 23:04:39][INFO] Client connected with IP: 127.0.0.1
[2025-10-03 23:04:39][DEBUG] Message received from client {"message_type":117,"user_id":21,"auth_token":"af412c26ef4431b0c1143fdb4fb17d67"}
[2025-10-03 23:04:39][DEBUG][process] in process func: {"auth_token":"af412c26ef4431b0c1143fdb4fb17d67","message_type":117,"user_id":21}
[2025-10-03 23:04:39][DEBUG][send_user_login_payloads] {"dob":"2002-03-20","email":"vaibhav@google.com","fullname":"Vaibhav Gaikwad","gender":"Male","message_type":111,"phone":"7887401312","username":"vaibz"}
[2025-10-03 23:04:39][DEBUG][send_user_login_payloads] {"count":0,"message_type":113,"pending_friend_requests_list":[]}
[2025-10-03 23:04:39][DEBUG][send_user_login_payloads] {"count":0,"friends_list":[],"message_type":112}
[2025-10-03 23:04:39][INFO][process_reconnect_request] Reconnect successful of user id: 21
[2025-10-03 23:05:02][DEBUG] Message received from client {"message_type":105,"user_id":21,"username":"vaibz"}
[2025-10-03 23:05:02][DEBUG][process] in process func: {"message_type":105,"user_id":21,"username":"vaibz"}
[2025-10-03 23:05:02][INFO][process_logout_request] User 'vaibz' logged out successfully
[2025-10-03 23:05:02][DEBUG][process_logout_request] {"message_type":106,"status":0}
[2025-10-03 23:05:02][INFO] Client connected with IP: 127.0.0.1
[2025-10-03 23:05:09][DEBUG] Message received from client {"message_type":101,"username":"vaibz","password":"12345","timestamp":"2025-10-03T17:35:02.036Z"}
[2025-10-03 23:05:09][DEBUG][process] in process func: {"message_type":101,"password":"12345","timestamp":"2025-10-03T17:35:02.036Z","username":"vaibz"}
[2025-10-03 23:05:09][INFO][process_login_request] User 'vaibz' logged in successfully
[2025-10-03 23:05:09][DEBUG][send_user_login_payloads] {"dob":"2002-03-20","email":"vaibhav@google.com","fullname":"Vaibhav Gaikwad","gender":"Male","message_type":111,"phone":"7887401312","username":"vaibz"}
[2025-10-03 23:05:09][DEBUG][send_user_login_payloads] {"count":0,"message_type":113,"pending_friend_requests_list":[]}
[2025-10-03 23:05:09][DEBUG][send_user_login_payloads] {"count":0,"friends_list":[],"message_type":112}
[2025-10-03 23:05:09][INFO] Client disconnected. No status received (no close frame), Reason: 
[2025-10-03 23:05:09][INFO] Client connected with IP: 127.0.0.1
[2025-10-03 23:05:09][DEBUG] Message received from client {"message_type":117,"user_id":21,"auth_token":"af412c26ef4431b0c1143fdb4fb17d67"}
[2025-10-03 23:05:09][DEBUG][process] in process func: {"auth_token":"af412c26ef4431b0c1143fdb4fb17d67","message_type":117,"user_id":21}
[2025-10-03 23:05:09][DEBUG][send_user_login_payloads] {"dob":"2002-03-20","email":"vaibhav@google.com","fullname":"Vaibhav Gaikwad","gender":"Male","message_type":111,"phone":"7887401312","username":"vaibz"}
[2025-10-03 23:05:09][DEBUG][send_user_login_payloads] {"count":0,"message_type":113,"pending_friend_requests_list":[]}
[2025-10-03 23:05:09][DEBUG][send_user_login_payloads] {"count":0,"friends_list":[],"message_type":112}
[2025-10-03 23:05:09][INFO][process_reconnect_request] Reconnect successful of user id: 21
[2025-10-03 23:05:19][DEBUG] Message received from client {"message_type":105,"user_id":21,"username":"vaibz"}
[2025-10-03 23:05:19][DEBUG][process] in process func: {"message_type":105,"user_id":21,"username":"vaibz"}
[2025-10-03 23:05:19][INFO][process_logout_request] User 'vaibz' logged out successfully
[2025-10-03 23:05:19][DEBUG][process_logout_request] {"message_type":106,"status":0}
[2025-10-03 23:05:19][INFO] Client connected with IP: 127.0.0.1
[2025-10-03 23:05:24][DEBUG] Message received from client {"message_type":101,"username":"vaibz","password":"12345","timestamp":"2025-10-03T17:35:19.103Z"}
[2025-10-03 23:05:24][DEBUG][process] in process func: {"message_type":101,"password":"12345","timestamp":"2025-10-03T17:35:19.103Z","username":"vaibz"}
[2025-10-03 23:05:24][INFO][process_login_request] User 'vaibz' logged in successfully
[2025-10-03 23:05:24][DEBUG][send_user_login_payloads] {"dob":"2002-03-20","email":"vaibhav@google.com","fullname":"Vaibhav Gaikwad","gender":"Male","message_type":111,"phone":"7887401312","username":"vaibz"}
[2025-10-03 23:05:24][DEBUG][send_user_login_payloads] {"count":0,"message_type":113,"pending_friend_requests_list":[]}
[2025-10-03 23:05:24][DEBUG][send_user_login_payloads] {"count":0,"friends_list":[],"message_type":112}
[2025-10-03 23:05:24][INFO] Client disconnected. No status received (no close frame), Reason: 
[2025-10-03 23:05:24][INFO] Client connected with IP: 127.0.0.1
[2025-10-03 23:05:24][DEBUG] Message received from client {"message_type":117,"user_id":21,"auth_token":"af412c26ef4431b0c1143fdb4fb17d67"}
[2025-10-03 23:05:24][DEBUG][process] in process func: {"auth_token":"af412c26ef4431b0c1143fdb4fb17d67","message_type":117,"user_id":21}
[2025-10-03 23:05:24][DEBUG][send_user_login_payloads] {"dob":"2002-03-20","email":"vaibhav@google.com","fullname":"Vaibhav Gaikwad","gender":"Male","message_type":111,"phone":"7887401312","username":"vaibz"}
[2025-10-03 23:05:24][DEBUG][send_user_login_payloads] {"count":0,"message_type":113,"pending_friend_requests_list":[]}
[2025-10-03 23:05:24][DEBUG][send_user_login_payloads] {"count":0,"friends_list":[],"message_type":112}
[2025-10-03 23:05:24][INFO][process_reconnect_request] Reconnect successful of user id: 21
[2025-10-03 23:05:37][DEBUG] Message received from client {"message_type":105,"user_id":21,"username":"vaibz"}
[2025-10-03 23:05:37][DEBUG][process] in process func: {"message_type":105,"user_id":21,"username":"vaibz"}
[2025-10-03 23:05:37][INFO][process_logout_request] User 'vaibz' logged out successfully
[2025-10-03 23:05:37][DEBUG][process_logout_request] {"message_type":106,"status":0}
[2025-10-03 23:05:37][INFO] Client connected with IP: 127.0.0.1
[2025-10-03 23:05:43][DEBUG] Message received from client {"message_type":101,"username":"vaibz","password":"1234","timestamp":"2025-10-03T17:35:37.685Z"}
[2025-10-03 23:05:43][DEBUG][process] in process func: {"message_type":101,"password":"1234","timestamp":"2025-10-03T17:35:37.685Z","username":"vaibz"}
[2025-10-03 23:05:43][ERROR][process_login_request] Password is incorrect for user: vaibz
[2025-10-03 23:06:07][DEBUG] Message received from client {"message_type":101,"username":"vaibz","password":"12345","timestamp":"2025-10-03T17:36:07.197Z"}
[2025-10-03 23:06:07][DEBUG][process] in process func: {"message_type":101,"password":"12345","timestamp":"2025-10-03T17:36:07.197Z","username":"vaibz"}
[2025-10-03 23:06:07][INFO][process_login_request] User 'vaibz' logged in successfully
[2025-10-03 23:06:07][DEBUG][send_user_login_payloads] {"dob":"2002-03-20","email":"vaibhav@google.com","fullname":"Vaibhav Gaikwad","gender":"Male","message_type":111,"phone":"7887401312","username":"vaibz"}
[2025-10-03 23:06:07][DEBUG][send_user_login_payloads] {"count":0,"message_type":113,"pending_friend_requests_list":[]}
[2025-10-03 23:06:07][DEBUG][send_user_login_payloads] {"count":0,"friends_list":[],"message_type":112}
[2025-10-03 23:06:07][INFO] Client disconnected. No status received (no close frame), Reason: 
[2025-10-03 23:06:07][INFO] Client connected with IP: 127.0.0.1
[2025-10-03 23:06:07][DEBUG] Message received from client {"message_type":117,"user_id":21,"auth_token":"af412c26ef4431b0c1143fdb4fb17d67"}
[2025-10-03 23:06:07][DEBUG][process] in process func: {"auth_token":"af412c26ef4431b0c1143fdb4fb17d67","message_type":117,"user_id":21}
[2025-10-03 23:06:07][DEBUG][send_user_login_payloads] {"dob":"2002-03-20","email":"vaibhav@google.com","fullname":"Vaibhav Gaikwad","gender":"Male","message_type":111,"phone":"7887401312","username":"vaibz"}
[2025-10-03 23:06:07][DEBUG][send_user_login_payloads] {"count":0,"message_type":113,"pending_friend_requests_list":[]}
[2025-10-03 23:06:07][DEBUG][send_user_login_payloads] {"count":0,"friends_list":[],"message_type":112}
[2025-10-03 23:06:07][INFO][process_reconnect_request] Reconnect successful of user id: 21
[2025-10-03 23:06:11][DEBUG] Message received from client {"message_type":105,"user_id":21,"username":"vaibz"}
[2025-10-03 23:06:11][DEBUG][process] in process func: {"message_type":105,"user_id":21,"username":"vaibz"}
[2025-10-03 23:06:11][INFO][process_logout_request] User 'vaibz' logged out successfully
[2025-10-03 23:06:11][DEBUG][process_logout_request] {"message_type":106,"status":0}
[2025-10-03 23:06:11][INFO] Client connected with IP: 127.0.0.1
[2025-10-03 23:06:18][DEBUG] Message received from client {"message_type":101,"username":"vaibz","password":"1234","timestamp":"2025-10-03T17:36:11.025Z"}
[2025-10-03 23:06:18][DEBUG][process] in process func: {"message_type":101,"password":"1234","timestamp":"2025-10-03T17:36:11.025Z","username":"vaibz"}
[2025-10-03 23:06:18][ERROR][process_login_request] Password is incorrect for user: vaibz
[2025-10-03 23:06:24][DEBUG] Message received from client {"message_type":101,"username":"vaibz","password":"12345","timestamp":"2025-10-03T17:36:24.218Z"}
[2025-10-03 23:06:24][DEBUG][process] in process func: {"message_type":101,"password":"12345","timestamp":"2025-10-03T17:36:24.218Z","username":"vaibz"}
[2025-10-03 23:06:24][INFO][process_login_request] User 'vaibz' logged in successfully
[2025-10-03 23:06:24][DEBUG][send_user_login_payloads] {"dob":"2002-03-20","email":"vaibhav@google.com","fullname":"Vaibhav Gaikwad","gender":"Male","message_type":111,"phone":"7887401312","username":"vaibz"}
[2025-10-03 23:06:24][DEBUG][send_user_login_payloads] {"count":0,"message_type":113,"pending_friend_requests_list":[]}
[2025-10-03 23:06:24][DEBUG][send_user_login_payloads] {"count":0,"friends_list":[],"message_type":112}
[2025-10-03 23:06:24][INFO] Client disconnected. No status received (no close frame), Reason: 
[2025-10-03 23:06:24][INFO] Client connected with IP: 127.0.0.1
[2025-10-03 23:06:24][DEBUG] Message received from client {"message_type":117,"user_id":21,"auth_token":"af412c26ef4431b0c1143fdb4fb17d67"}
[2025-10-03 23:06:24][DEBUG][process] in process func: {"auth_token":"af412c26ef4431b0c1143fdb4fb17d67","message_type":117,"user_id":21}
[2025-10-03 23:06:24][DEBUG][send_user_login_payloads] {"dob":"2002-03-20","email":"vaibhav@google.com","fullname":"Vaibhav Gaikwad","gender":"Male","message_type":111,"phone":"7887401312","username":"vaibz"}
[2025-10-03 23:06:24][DEBUG][send_user_login_payloads] {"count":0,"message_type":113,"pending_friend_requests_list":[]}
[2025-10-03 23:06:24][DEBUG][send_user_login_payloads] {"count":0,"friends_list":[],"message_type":112}
[2025-10-03 23:06:24][INFO][process_reconnect_request] Reconnect successful of user id: 21
[2025-10-03 23:09:38][DEBUG] Message received from client {"message_type":105,"user_id":21,"username":"vaibz"}
[2025-10-03 23:09:38][DEBUG][process] in process func: {"message_type":105,"user_id":21,"username":"vaibz"}
[2025-10-03 23:09:38][INFO][process_logout_request] User 'vaibz' logged out successfully
[2025-10-03 23:09:38][DEBUG][process_logout_request] {"message_type":106,"status":0}
[2025-10-03 23:09:38][INFO] Client connected with IP: 127.0.0.1
[2025-10-03 23:09:42][DEBUG] Message received from client {"message_type":101,"username":"vaibz","password":"12345","timestamp":"2025-10-03T17:39:38.265Z"}
[2025-10-03 23:09:42][DEBUG][process] in process func: {"message_type":101,"password":"12345","timestamp":"2025-10-03T17:39:38.265Z","username":"vaibz"}
[2025-10-03 23:09:42][INFO][process_login_request] User 'vaibz' logged in successfully
[2025-10-03 23:09:42][DEBUG][send_user_login_payloads] {"dob":"2002-03-20","email":"vaibhav@google.com","fullname":"Vaibhav Gaikwad","gender":"Male","message_type":111,"phone":"7887401312","username":"vaibz"}
[2025-10-03 23:09:42][DEBUG][send_user_login_payloads] {"count":0,"message_type":113,"pending_friend_requests_list":[]}
[2025-10-03 23:09:42][DEBUG][send_user_login_payloads] {"count":0,"friends_list":[],"message_type":112}
[2025-10-03 23:09:42][INFO] Client disconnected. No status received (no close frame), Reason: 
[2025-10-03 23:09:42][INFO] Client connected with IP: 127.0.0.1
[2025-10-03 23:09:42][DEBUG] Message received from client {"message_type":117,"user_id":21,"auth_token":"af412c26ef4431b0c1143fdb4fb17d67"}
[2025-10-03 23:09:42][DEBUG][process] in process func: {"auth_token":"af412c26ef4431b0c1143fdb4fb17d67","message_type":117,"user_id":21}
[2025-10-03 23:09:42][DEBUG][send_user_login_payloads] {"dob":"2002-03-20","email":"vaibhav@google.com","fullname":"Vaibhav Gaikwad","gender":"Male","message_type":111,"phone":"7887401312","username":"vaibz"}
[2025-10-03 23:09:42][DEBUG][send_user_login_payloads] {"count":0,"message_type":113,"pending_friend_requests_list":[]}
[2025-10-03 23:09:42][DEBUG][send_user_login_payloads] {"count":0,"friends_list":[],"message_type":112}
[2025-10-03 23:09:42][INFO][process_reconnect_request] Reconnect successful of user id: 21
[2025-10-03 23:09:49][INFO] Client connected with IP: 127.0.0.1
[2025-10-03 23:09:49][DEBUG] Message received from client {"message_type":117,"user_id":21,"auth_token":"af412c26ef4431b0c1143fdb4fb17d67"}
[2025-10-03 23:09:49][DEBUG][process] in process func: {"auth_token":"af412c26ef4431b0c1143fdb4fb17d67","message_type":117,"user_id":21}
[2025-10-03 23:09:49][DEBUG][send_user_login_payloads] {"dob":"2002-03-20","email":"vaibhav@google.com","fullname":"Vaibhav Gaikwad","gender":"Male","message_type":111,"phone":"7887401312","username":"vaibz"}
[2025-10-03 23:09:49][DEBUG][send_user_login_payloads] {"count":0,"message_type":113,"pending_friend_requests_list":[]}
[2025-10-03 23:09:49][DEBUG][send_user_login_payloads] {"count":0,"friends_list":[],"message_type":112}
[2025-10-03 23:09:49][INFO][process_reconnect_request] Reconnect successful of user id: 21
[2025-10-03 23:09:49][INFO] Client connected with IP: 127.0.0.1
[2025-10-03 23:12:01][INFO] Client disconnected. No status received (no close frame), Reason: 
[2025-10-03 23:12:01][INFO] Client connected with IP: 127.0.0.1
[2025-10-03 23:12:01][DEBUG] Message received from client {"message_type":117,"user_id":21,"auth_token":null}
[2025-10-03 23:12:01][DEBUG][process] in process func: {"auth_token":null,"message_type":117,"user_id":21}
[2025-10-03 23:12:01][ERROR][reconnect_request] [json.exception.type_error.302] type must be string, but is null
[2025-10-03 23:12:01][ERROR][process_reconnect_request] Reconnect unsuccessful of user id: 21
[2025-10-03 23:12:01][INFO] Client connected with IP: 127.0.0.1
[2025-10-03 23:12:01][INFO] Client connected with IP: 127.0.0.1
[2025-10-03 23:12:08][INFO] Client connected with IP: 127.0.0.1
[2025-10-03 23:12:09][INFO] Client connected with IP: 127.0.0.1
[2025-10-03 23:12:19][INFO] Client connected with IP: 127.0.0.1
[2025-10-03 23:12:27][DEBUG] Message received from client {"message_type":101,"username":"vaibz","password":"12345","timestamp":"2025-10-03T17:42:24.180Z"}
[2025-10-03 23:12:27][DEBUG][process] in process func: {"message_type":101,"password":"12345","timestamp":"2025-10-03T17:42:24.180Z","username":"vaibz"}
[2025-10-03 23:12:27][INFO][process_login_request] User 'vaibz' logged in successfully
[2025-10-03 23:12:27][DEBUG][send_user_login_payloads] {"dob":"2002-03-20","email":"vaibhav@google.com","fullname":"Vaibhav Gaikwad","gender":"Male","message_type":111,"phone":"7887401312","username":"vaibz"}
[2025-10-03 23:12:27][DEBUG][send_user_login_payloads] {"count":0,"message_type":113,"pending_friend_requests_list":[]}
[2025-10-03 23:12:27][DEBUG][send_user_login_payloads] {"count":0,"friends_list":[],"message_type":112}
[2025-10-03 23:12:27][INFO] Client disconnected. No status received (no close frame), Reason: 
[2025-10-03 23:12:27][INFO] Client connected with IP: 127.0.0.1
[2025-10-03 23:12:27][DEBUG] Message received from client {"message_type":117,"user_id":21,"auth_token":"af412c26ef4431b0c1143fdb4fb17d67"}
[2025-10-03 23:12:27][DEBUG][process] in process func: {"auth_token":"af412c26ef4431b0c1143fdb4fb17d67","message_type":117,"user_id":21}
[2025-10-03 23:12:27][DEBUG][send_user_login_payloads] {"dob":"2002-03-20","email":"vaibhav@google.com","fullname":"Vaibhav Gaikwad","gender":"Male","message_type":111,"phone":"7887401312","username":"vaibz"}
[2025-10-03 23:12:27][DEBUG][send_user_login_payloads] {"count":0,"message_type":113,"pending_friend_requests_list":[]}
[2025-10-03 23:12:27][DEBUG][send_user_login_payloads] {"count":0,"friends_list":[],"message_type":112}
[2025-10-03 23:12:27][INFO][process_reconnect_request] Reconnect successful of user id: 21
[2025-10-03 23:12:40][INFO] Client connected with IP: 127.0.0.1
[2025-10-03 23:13:27][INFO] Client connected with IP: 127.0.0.1
[2025-10-03 23:13:28][INFO] Client disconnected. No status received (no close frame), Reason: 
[2025-10-03 23:13:28][INFO] Client connected with IP: 127.0.0.1
[2025-10-03 23:13:28][DEBUG] Message received from client {"message_type":117,"auth_token":"af412c26ef4431b0c1143fdb4fb17d67"}
[2025-10-03 23:13:28][DEBUG][process] in process func: {"auth_token":"af412c26ef4431b0c1143fdb4fb17d67","message_type":117}
[2025-10-03 23:13:28][INFO] Received SIGABRT (Process aborted via abort()). Server terminated.
[2025-10-03 23:16:53][INFO] Server started...
[2025-10-03 23:16:53][INFO] Listening on port: 2121
[2025-10-03 23:17:01][INFO] Client connected with IP: 127.0.0.1
[2025-10-03 23:17:12][DEBUG] Message received from client {"message_type":101,"username":"vaibz","password":"12345","timestamp":"2025-10-03T17:47:07.848Z"}
[2025-10-03 23:17:12][DEBUG][process] in process func: {"message_type":101,"password":"12345","timestamp":"2025-10-03T17:47:07.848Z","username":"vaibz"}
[2025-10-03 23:17:12][INFO][process_login_request] User 'vaibz' logged in successfully
[2025-10-03 23:17:12][DEBUG][send_user_login_payloads] {"dob":"2002-03-20","email":"vaibhav@google.com","fullname":"Vaibhav Gaikwad","gender":"Male","message_type":111,"phone":"7887401312","username":"vaibz"}
[2025-10-03 23:17:12][DEBUG][send_user_login_payloads] {"count":0,"message_type":113,"pending_friend_requests_list":[]}
[2025-10-03 23:17:12][DEBUG][send_user_login_payloads] {"count":0,"friends_list":[],"message_type":112}
[2025-10-03 23:17:12][INFO] Client disconnected. No status received (no close frame), Reason: 
[2025-10-03 23:17:12][INFO] Client connected with IP: 127.0.0.1
[2025-10-03 23:17:12][DEBUG] Message received from client {"message_type":117,"user_id":21,"auth_token":"af412c26ef4431b0c1143fdb4fb17d67"}
[2025-10-03 23:17:12][DEBUG][process] in process func: {"auth_token":"af412c26ef4431b0c1143fdb4fb17d67","message_type":117,"user_id":21}
[2025-10-03 23:17:12][DEBUG][send_user_login_payloads] {"dob":"2002-03-20","email":"vaibhav@google.com","fullname":"Vaibhav Gaikwad","gender":"Male","message_type":111,"phone":"7887401312","username":"vaibz"}
[2025-10-03 23:17:12][DEBUG][send_user_login_payloads] {"count":0,"message_type":113,"pending_friend_requests_list":[]}
[2025-10-03 23:17:12][DEBUG][send_user_login_payloads] {"count":0,"friends_list":[],"message_type":112}
[2025-10-03 23:17:12][INFO][process_reconnect_request] Reconnect successful of user id: 21
[2025-10-03 23:17:20][INFO] Client connected with IP: 127.0.0.1
[2025-10-03 23:17:20][DEBUG] Message received from client {"message_type":117,"user_id":21,"auth_token":"af412c26ef4431b0c1143fdb4fb17d67"}
[2025-10-03 23:17:20][DEBUG][process] in process func: {"auth_token":"af412c26ef4431b0c1143fdb4fb17d67","message_type":117,"user_id":21}
[2025-10-03 23:17:20][DEBUG][send_user_login_payloads] {"dob":"2002-03-20","email":"vaibhav@google.com","fullname":"Vaibhav Gaikwad","gender":"Male","message_type":111,"phone":"7887401312","username":"vaibz"}
[2025-10-03 23:17:20][DEBUG][send_user_login_payloads] {"count":0,"message_type":113,"pending_friend_requests_list":[]}
[2025-10-03 23:17:20][DEBUG][send_user_login_payloads] {"count":0,"friends_list":[],"message_type":112}
[2025-10-03 23:17:20][INFO][process_reconnect_request] Reconnect successful of user id: 21
[2025-10-03 23:17:56][INFO] Client connected with IP: 127.0.0.1
[2025-10-03 23:17:57][INFO] Client disconnected. No status received (no close frame), Reason: 
[2025-10-03 23:17:57][INFO] Client connected with IP: 127.0.0.1
[2025-10-03 23:18:05][INFO] Client connected with IP: 127.0.0.1
[2025-10-03 23:18:06][INFO] Client connected with IP: 127.0.0.1
[2025-10-03 23:18:17][INFO] Client connected with IP: 127.0.0.1
[2025-10-03 23:18:18][INFO] Client connected with IP: 127.0.0.1
[2025-10-03 23:18:20][INFO] Client connected with IP: 127.0.0.1
[2025-10-03 23:18:21][INFO] Client connected with IP: 127.0.0.1
[2025-10-03 23:18:25][INFO] Client connected with IP: 127.0.0.1
[2025-10-03 23:18:26][INFO] Client connected with IP: 127.0.0.1
[2025-10-03 23:21:10][INFO] Client connected with IP: 127.0.0.1
[2025-10-03 23:21:15][DEBUG] Message received from client {"message_type":101,"username":"vaibz","password":"12345","timestamp":"2025-10-03T17:51:11.581Z"}
[2025-10-03 23:21:15][DEBUG][process] in process func: {"message_type":101,"password":"12345","timestamp":"2025-10-03T17:51:11.581Z","username":"vaibz"}
[2025-10-03 23:21:15][INFO][process_login_request] User 'vaibz' logged in successfully
[2025-10-03 23:21:15][DEBUG][send_user_login_payloads] {"dob":"2002-03-20","email":"vaibhav@google.com","fullname":"Vaibhav Gaikwad","gender":"Male","message_type":111,"phone":"7887401312","username":"vaibz"}
[2025-10-03 23:21:15][DEBUG][send_user_login_payloads] {"count":0,"message_type":113,"pending_friend_requests_list":[]}
[2025-10-03 23:21:15][DEBUG][send_user_login_payloads] {"count":0,"friends_list":[],"message_type":112}
[2025-10-03 23:21:15][INFO] Client disconnected. No status received (no close frame), Reason: 
[2025-10-03 23:21:15][INFO] Client connected with IP: 127.0.0.1
[2025-10-03 23:21:15][DEBUG] Message received from client {"message_type":117,"user_id":21,"auth_token":"af412c26ef4431b0c1143fdb4fb17d67"}
[2025-10-03 23:21:15][DEBUG][process] in process func: {"auth_token":"af412c26ef4431b0c1143fdb4fb17d67","message_type":117,"user_id":21}
[2025-10-03 23:21:15][DEBUG][send_user_login_payloads] {"dob":"2002-03-20","email":"vaibhav@google.com","fullname":"Vaibhav Gaikwad","gender":"Male","message_type":111,"phone":"7887401312","username":"vaibz"}
[2025-10-03 23:21:15][DEBUG][send_user_login_payloads] {"count":0,"message_type":113,"pending_friend_requests_list":[]}
[2025-10-03 23:21:15][DEBUG][send_user_login_payloads] {"count":0,"friends_list":[],"message_type":112}
[2025-10-03 23:21:15][INFO][process_reconnect_request] Reconnect successful of user id: 21
[2025-10-03 23:21:34][INFO] Client connected with IP: 127.0.0.1
[2025-10-03 23:21:43][INFO] Client connected with IP: 127.0.0.1
[2025-10-03 23:21:49][INFO] Client connected with IP: 127.0.0.1
[2025-10-03 23:21:54][INFO] Client connected with IP: 127.0.0.1
[2025-10-03 23:22:16][DEBUG] Message received from client {"message_type":105,"username":"vaibz"}
[2025-10-03 23:22:16][DEBUG][process] in process func: {"message_type":105,"username":"vaibz"}
[2025-10-03 23:22:16][INFO] Received SIGABRT (Process aborted via abort()). Server terminated.
[2025-10-03 23:22:25][INFO] Server started...
[2025-10-03 23:22:25][INFO] Listening on port: 2121
[2025-10-03 23:22:43][INFO] Client connected with IP: 127.0.0.1
[2025-10-03 23:22:59][DEBUG] Message received from client {"message_type":101,"username":"vaibz","password":"12345","timestamp":"2025-10-03T17:52:44.826Z"}
[2025-10-03 23:22:59][DEBUG][process] in process func: {"message_type":101,"password":"12345","timestamp":"2025-10-03T17:52:44.826Z","username":"vaibz"}
[2025-10-03 23:22:59][INFO][process_login_request] User 'vaibz' logged in successfully
[2025-10-03 23:22:59][DEBUG][send_user_login_payloads] {"dob":"2002-03-20","email":"vaibhav@google.com","fullname":"Vaibhav Gaikwad","gender":"Male","message_type":111,"phone":"7887401312","username":"vaibz"}
[2025-10-03 23:22:59][DEBUG][send_user_login_payloads] {"count":0,"message_type":113,"pending_friend_requests_list":[]}
[2025-10-03 23:22:59][DEBUG][send_user_login_payloads] {"count":0,"friends_list":[],"message_type":112}
[2025-10-03 23:22:59][INFO] Client disconnected. No status received (no close frame), Reason: 
[2025-10-03 23:22:59][INFO] Client connected with IP: 127.0.0.1
[2025-10-03 23:22:59][DEBUG] Message received from client {"message_type":117,"user_id":21,"auth_token":"af412c26ef4431b0c1143fdb4fb17d67"}
[2025-10-03 23:22:59][DEBUG][process] in process func: {"auth_token":"af412c26ef4431b0c1143fdb4fb17d67","message_type":117,"user_id":21}
[2025-10-03 23:22:59][DEBUG][send_user_login_payloads] {"dob":"2002-03-20","email":"vaibhav@google.com","fullname":"Vaibhav Gaikwad","gender":"Male","message_type":111,"phone":"7887401312","username":"vaibz"}
[2025-10-03 23:22:59][DEBUG][send_user_login_payloads] {"count":0,"message_type":113,"pending_friend_requests_list":[]}
[2025-10-03 23:22:59][DEBUG][send_user_login_payloads] {"count":0,"friends_list":[],"message_type":112}
[2025-10-03 23:22:59][INFO][process_reconnect_request] Reconnect successful of user id: 21
[2025-10-03 23:24:49][DEBUG] Message received from client {"message_type":105,"username":"vaibz"}
[2025-10-03 23:24:49][DEBUG][process] in process func: {"message_type":105,"username":"vaibz"}
[2025-10-03 23:24:49][INFO] Received SIGABRT (Process aborted via abort()). Server terminated.
[2025-10-03 23:25:26][INFO] Server started...
[2025-10-03 23:25:26][INFO] Listening on port: 2121
[2025-10-03 23:25:35][INFO] Client connected with IP: 127.0.0.1
[2025-10-03 23:25:35][DEBUG] Message received from client {"message_type":117,"user_id":21,"auth_token":"af412c26ef4431b0c1143fdb4fb17d67"}
[2025-10-03 23:25:35][DEBUG][process] in process func: {"auth_token":"af412c26ef4431b0c1143fdb4fb17d67","message_type":117,"user_id":21}
[2025-10-03 23:25:35][DEBUG][send_user_login_payloads] {"dob":"2002-03-20","email":"vaibhav@google.com","fullname":"Vaibhav Gaikwad","gender":"Male","message_type":111,"phone":"7887401312","username":"vaibz"}
[2025-10-03 23:25:35][DEBUG][send_user_login_payloads] {"count":0,"message_type":113,"pending_friend_requests_list":[]}
[2025-10-03 23:25:35][DEBUG][send_user_login_payloads] {"count":0,"friends_list":[],"message_type":112}
[2025-10-03 23:25:35][INFO][process_reconnect_request] Reconnect successful of user id: 21
[2025-10-03 23:25:41][DEBUG] Message received from client {"message_type":105,"username":"vaibz"}
[2025-10-03 23:25:41][DEBUG][process] in process func: {"message_type":105,"username":"vaibz"}
[2025-10-03 23:25:41][INFO] Received SIGABRT (Process aborted via abort()). Server terminated.
[2025-10-03 23:25:53][INFO] Server started...
[2025-10-03 23:25:53][INFO] Listening on port: 2121
[2025-10-03 23:25:57][INFO] Client connected with IP: 127.0.0.1
[2025-10-03 23:25:57][DEBUG] Message received from client {"message_type":117,"user_id":21,"auth_token":"af412c26ef4431b0c1143fdb4fb17d67"}
[2025-10-03 23:25:57][DEBUG][process] in process func: {"auth_token":"af412c26ef4431b0c1143fdb4fb17d67","message_type":117,"user_id":21}
[2025-10-03 23:25:57][DEBUG][send_user_login_payloads] {"dob":"2002-03-20","email":"vaibhav@google.com","fullname":"Vaibhav Gaikwad","gender":"Male","message_type":111,"phone":"7887401312","username":"vaibz"}
[2025-10-03 23:25:57][DEBUG][send_user_login_payloads] {"count":0,"message_type":113,"pending_friend_requests_list":[]}
[2025-10-03 23:25:57][DEBUG][send_user_login_payloads] {"count":0,"friends_list":[],"message_type":112}
[2025-10-03 23:25:57][INFO][process_reconnect_request] Reconnect successful of user id: 21
[2025-10-03 23:29:29][INFO] Client disconnected. Client is going away, Reason: 
[2025-10-03 23:29:32][INFO] Received SIGTERM (Termination request, e.g. 'kill' command). Server terminated.
