[2025-11-05 20:53:28][INFO] Server started...
[2025-11-05 20:53:28][INFO] Listening on port: 2121
[2025-11-05 20:53:52][INFO] Client connected with IP: 127.0.0.1
[2025-11-05 20:53:52][DEBUG] Message received from client {"message_type":117,"user_id":1245,"auth_token":"8ee93f947109d15a3211d0f67f874646"}
[2025-11-05 20:53:52][DEBUG][process] in process func: {"auth_token":"8ee93f947109d15a3211d0f67f874646","message_type":117,"user_id":1245}
[2025-11-05 20:53:52][DEBUG][send_user_login_payloads] {"dob":"2005-01-27","email":"chetanap2005@gmail.com","fullname":"Chetana Patil","gender":"Female","message_type":111,"phone":"1234567890","username":"chetanap"}
[2025-11-05 20:53:52][DEBUG][send_user_login_payloads] {"count":0,"message_type":113,"pending_friend_requests_list":[]}
[2025-11-05 20:53:52][DEBUG][send_user_login_payloads] {"count":4,"friends_list":[{"dob":"2001-02-11","fullname":"Achal Bhamare","gender":"Female","user_id":1266,"username":"achalb11"},{"dob":"2004-05-31","fullname":"Rutuja Dabhade","gender":"Female","user_id":34,"username":"Rutuja"},{"dob":"2025-06-03","fullname":"Vaishnavi ","gender":"Female","user_id":39,"username":"vaishnavi10"},{"dob":"2017-08-26","fullname":"Anvi Dabhade","gender":"Female","user_id":1247,"username":"kuhu"}],"message_type":112}
[2025-11-05 20:53:52][INFO][process_reconnect_request] Reconnect successful of user id: 1245
[2025-11-05 20:54:49][INFO] Client connected with IP: 127.0.0.1
[2025-11-05 20:55:01][DEBUG] Message received from client {"message_type":101,"username":"rutuja","password":"1234","timestamp":"2025-11-05T15:24:53.870Z"}
[2025-11-05 20:55:01][DEBUG][process] in process func: {"message_type":101,"password":"1234","timestamp":"2025-11-05T15:24:53.870Z","username":"rutuja"}
[2025-11-05 20:55:01][INFO][process_login_request] User 'rutuja' logged in successfully
[2025-11-05 20:55:01][DEBUG][send_user_login_payloads] {"dob":"2004-05-31","email":"rutuja04dabhade@gmail.com","fullname":"Rutuja Vijay Dabhade","gender":"Female","message_type":111,"phone":"8668470451","username":"rutuja"}
[2025-11-05 20:55:01][DEBUG][send_user_login_payloads] {"count":0,"message_type":113,"pending_friend_requests_list":[]}
[2025-11-05 20:55:01][DEBUG][send_user_login_payloads] {"count":4,"friends_list":[{"dob":"2001-02-11","fullname":"Achal Bhamare","gender":"Female","user_id":1266,"username":"achalb11"},{"dob":"2005-01-27","fullname":"Chetana Patil","gender":"Female","user_id":1245,"username":"chetanap"},{"dob":"2025-06-03","fullname":"Vaishnavi ","gender":"Female","user_id":39,"username":"vaishnavi10"},{"dob":"2017-08-26","fullname":"Anvi Dabhade","gender":"Female","user_id":1247,"username":"kuhu"}],"message_type":112}
[2025-11-05 20:55:41][INFO] Client disconnected. Client is going away, Reason: 
[2025-11-05 20:55:42][INFO] Client connected with IP: 127.0.0.1
[2025-11-05 20:55:44][INFO] Client connected with IP: 127.0.0.1
[2025-11-05 20:55:51][INFO] Client connected with IP: 127.0.0.1
[2025-11-05 20:56:10][INFO] Client connected with IP: 127.0.0.1
[2025-11-05 20:56:11][INFO] Client connected with IP: 127.0.0.1
[2025-11-05 20:56:16][INFO] Client connected with IP: 127.0.0.1
[2025-11-05 20:56:24][DEBUG] Message received from client {"message_type":101,"username":"rutuja","password":"1234","timestamp":"2025-11-05T15:26:18.284Z"}
[2025-11-05 20:56:24][DEBUG][process] in process func: {"message_type":101,"password":"1234","timestamp":"2025-11-05T15:26:18.284Z","username":"rutuja"}
[2025-11-05 20:56:24][INFO][process_login_request] User 'rutuja' logged in successfully
[2025-11-05 20:56:24][DEBUG][send_user_login_payloads] {"dob":"2004-05-31","email":"rutuja04dabhade@gmail.com","fullname":"Rutuja Vijay Dabhade","gender":"Female","message_type":111,"phone":"8668470451","username":"rutuja"}
[2025-11-05 20:56:24][DEBUG][send_user_login_payloads] {"count":0,"message_type":113,"pending_friend_requests_list":[]}
[2025-11-05 20:56:24][DEBUG][send_user_login_payloads] {"count":4,"friends_list":[{"dob":"2001-02-11","fullname":"Achal Bhamare","gender":"Female","user_id":1266,"username":"achalb11"},{"dob":"2005-01-27","fullname":"Chetana Patil","gender":"Female","user_id":1245,"username":"chetanap"},{"dob":"2025-06-03","fullname":"Vaishnavi ","gender":"Female","user_id":39,"username":"vaishnavi10"},{"dob":"2017-08-26","fullname":"Anvi Dabhade","gender":"Female","user_id":1247,"username":"kuhu"}],"message_type":112}
[2025-11-05 20:56:47][INFO] Client disconnected. Client is going away, Reason: 
[2025-11-05 20:56:48][INFO] Client connected with IP: 127.0.0.1
[2025-11-05 20:57:24][INFO] Client connected with IP: 127.0.0.1
[2025-11-05 20:57:45][INFO] Client connected with IP: 127.0.0.1
[2025-11-05 20:57:53][DEBUG] Message received from client {"message_type":101,"username":"rutuja","password":"1234","timestamp":"2025-11-05T15:27:47.339Z"}
[2025-11-05 20:57:53][DEBUG][process] in process func: {"message_type":101,"password":"1234","timestamp":"2025-11-05T15:27:47.339Z","username":"rutuja"}
[2025-11-05 20:57:53][INFO][process_login_request] User 'rutuja' logged in successfully
[2025-11-05 20:57:53][DEBUG][send_user_login_payloads] {"dob":"2004-05-31","email":"rutuja04dabhade@gmail.com","fullname":"Rutuja Vijay Dabhade","gender":"Female","message_type":111,"phone":"8668470451","username":"rutuja"}
[2025-11-05 20:57:53][DEBUG][send_user_login_payloads] {"count":0,"message_type":113,"pending_friend_requests_list":[]}
[2025-11-05 20:57:53][DEBUG][send_user_login_payloads] {"count":4,"friends_list":[{"dob":"2001-02-11","fullname":"Achal Bhamare","gender":"Female","user_id":1266,"username":"achalb11"},{"dob":"2005-01-27","fullname":"Chetana Patil","gender":"Female","user_id":1245,"username":"chetanap"},{"dob":"2025-06-03","fullname":"Vaishnavi ","gender":"Female","user_id":39,"username":"vaishnavi10"},{"dob":"2017-08-26","fullname":"Anvi Dabhade","gender":"Female","user_id":1247,"username":"kuhu"}],"message_type":112}
[2025-11-05 20:58:59][INFO] Client disconnected. Client is going away, Reason: 
[2025-11-05 20:59:00][INFO] Client connected with IP: 127.0.0.1
[2025-11-05 20:59:04][INFO] Client connected with IP: 127.0.0.1
[2025-11-05 20:59:11][INFO] Client connected with IP: 127.0.0.1
[2025-11-05 20:59:16][INFO] Client connected with IP: 127.0.0.1
[2025-11-05 20:59:22][INFO] Client connected with IP: 127.0.0.1
[2025-11-05 20:59:45][DEBUG] Message received from client {"message_type":101,"username":"rutuja","password":"1234","timestamp":"2025-11-05T15:29:36.820Z"}
[2025-11-05 20:59:45][DEBUG][process] in process func: {"message_type":101,"password":"1234","timestamp":"2025-11-05T15:29:36.820Z","username":"rutuja"}
[2025-11-05 20:59:45][INFO][process_login_request] User 'rutuja' logged in successfully
[2025-11-05 20:59:45][DEBUG][send_user_login_payloads] {"dob":"2004-05-31","email":"rutuja04dabhade@gmail.com","fullname":"Rutuja Vijay Dabhade","gender":"Female","message_type":111,"phone":"8668470451","username":"rutuja"}
[2025-11-05 20:59:45][DEBUG][send_user_login_payloads] {"count":0,"message_type":113,"pending_friend_requests_list":[]}
[2025-11-05 20:59:45][DEBUG][send_user_login_payloads] {"count":4,"friends_list":[{"dob":"2001-02-11","fullname":"Achal Bhamare","gender":"Female","user_id":1266,"username":"achalb11"},{"dob":"2005-01-27","fullname":"Chetana Patil","gender":"Female","user_id":1245,"username":"chetanap"},{"dob":"2025-06-03","fullname":"Vaishnavi ","gender":"Female","user_id":39,"username":"vaishnavi10"},{"dob":"2017-08-26","fullname":"Anvi Dabhade","gender":"Female","user_id":1247,"username":"kuhu"}],"message_type":112}
[2025-11-05 20:59:45][INFO] Client disconnected. Client is going away, Reason: 
[2025-11-05 20:59:46][INFO] Client connected with IP: 127.0.0.1
[2025-11-05 20:59:46][DEBUG] Message received from client {"message_type":117,"user_id":1245,"auth_token":"8ee93f947109d15a3211d0f67f874646"}
[2025-11-05 20:59:46][DEBUG][process] in process func: {"auth_token":"8ee93f947109d15a3211d0f67f874646","message_type":117,"user_id":1245}
[2025-11-05 20:59:46][DEBUG][send_user_login_payloads] {"dob":"2005-01-27","email":"chetanap2005@gmail.com","fullname":"Chetana Patil","gender":"Female","message_type":111,"phone":"1234567890","username":"chetanap"}
[2025-11-05 20:59:46][DEBUG][send_user_login_payloads] {"count":0,"message_type":113,"pending_friend_requests_list":[]}
[2025-11-05 20:59:46][DEBUG][send_user_login_payloads] {"count":4,"friends_list":[{"dob":"2001-02-11","fullname":"Achal Bhamare","gender":"Female","user_id":1266,"username":"achalb11"},{"dob":"2004-05-31","fullname":"Rutuja Dabhade","gender":"Female","user_id":34,"username":"Rutuja"},{"dob":"2025-06-03","fullname":"Vaishnavi ","gender":"Female","user_id":39,"username":"vaishnavi10"},{"dob":"2017-08-26","fullname":"Anvi Dabhade","gender":"Female","user_id":1247,"username":"kuhu"}],"message_type":112}
[2025-11-05 20:59:46][INFO][process_reconnect_request] Reconnect successful of user id: 1245
[2025-11-05 21:00:00][INFO] Client disconnected. Client is going away, Reason: 
[2025-11-05 21:00:00][INFO] Client connected with IP: 127.0.0.1
[2025-11-05 21:00:00][DEBUG] Message received from client {"message_type":117,"user_id":1245,"auth_token":"8ee93f947109d15a3211d0f67f874646"}
[2025-11-05 21:00:00][DEBUG][process] in process func: {"auth_token":"8ee93f947109d15a3211d0f67f874646","message_type":117,"user_id":1245}
[2025-11-05 21:00:00][DEBUG][send_user_login_payloads] {"dob":"2005-01-27","email":"chetanap2005@gmail.com","fullname":"Chetana Patil","gender":"Female","message_type":111,"phone":"1234567890","username":"chetanap"}
[2025-11-05 21:00:00][DEBUG][send_user_login_payloads] {"count":0,"message_type":113,"pending_friend_requests_list":[]}
[2025-11-05 21:00:00][DEBUG][send_user_login_payloads] {"count":4,"friends_list":[{"dob":"2001-02-11","fullname":"Achal Bhamare","gender":"Female","user_id":1266,"username":"achalb11"},{"dob":"2004-05-31","fullname":"Rutuja Dabhade","gender":"Female","user_id":34,"username":"Rutuja"},{"dob":"2025-06-03","fullname":"Vaishnavi ","gender":"Female","user_id":39,"username":"vaishnavi10"},{"dob":"2017-08-26","fullname":"Anvi Dabhade","gender":"Female","user_id":1247,"username":"kuhu"}],"message_type":112}
[2025-11-05 21:00:00][INFO][process_reconnect_request] Reconnect successful of user id: 1245
[2025-11-05 21:00:19][INFO] Client disconnected. Client is going away, Reason: 
[2025-11-05 21:00:20][INFO] Client connected with IP: 127.0.0.1
[2025-11-05 21:00:28][INFO] Client connected with IP: 127.0.0.1
[2025-11-05 21:00:44][DEBUG] Message received from client {"message_type":101,"username":"rutuja","password":"1234","timestamp":"2025-11-05T15:30:29.051Z"}
[2025-11-05 21:00:44][DEBUG][process] in process func: {"message_type":101,"password":"1234","timestamp":"2025-11-05T15:30:29.051Z","username":"rutuja"}
[2025-11-05 21:00:44][INFO][process_login_request] User 'rutuja' logged in successfully
[2025-11-05 21:00:44][DEBUG][send_user_login_payloads] {"dob":"2004-05-31","email":"rutuja04dabhade@gmail.com","fullname":"Rutuja Vijay Dabhade","gender":"Female","message_type":111,"phone":"8668470451","username":"rutuja"}
[2025-11-05 21:00:44][DEBUG][send_user_login_payloads] {"count":0,"message_type":113,"pending_friend_requests_list":[]}
[2025-11-05 21:00:44][DEBUG][send_user_login_payloads] {"count":4,"friends_list":[{"dob":"2001-02-11","fullname":"Achal Bhamare","gender":"Female","user_id":1266,"username":"achalb11"},{"dob":"2005-01-27","fullname":"Chetana Patil","gender":"Female","user_id":1245,"username":"chetanap"},{"dob":"2025-06-03","fullname":"Vaishnavi ","gender":"Female","user_id":39,"username":"vaishnavi10"},{"dob":"2017-08-26","fullname":"Anvi Dabhade","gender":"Female","user_id":1247,"username":"kuhu"}],"message_type":112}
[2025-11-05 21:00:49][DEBUG] Message received from client {"message_type":107,"username":"j","requested_by":"chetanap"}
[2025-11-05 21:00:49][DEBUG][process] in process func: {"message_type":107,"requested_by":"chetanap","username":"j"}
[2025-11-05 21:00:49][DEBUG][process_search_user_request] {"count":23,"message_type":108,"users":[{"display_name":"Rutuja Vijay Dabhade","friendship_status":0,"user_id":34,"username":"rutuja"},{"display_name":"VIjay","friendship_status":2,"user_id":37,"username":"Vijay"},{"display_name":"VIjay","friendship_status":2,"user_id":38,"username":"vijay1234"},{"display_name":"Meghna Jadhav","friendship_status":2,"user_id":1047,"username":"mjadhav670"},{"display_name":"Tejas Joshi","friendship_status":2,"user_id":1048,"username":"tjoshi211"},{"display_name":"Rutuja Jadhav","friendship_status":2,"user_id":1051,"username":"rjadhav009"},{"display_name":"Swapnil Joshi","friendship_status":2,"user_id":1073,"username":"sjoshi635"},{"display_name":"Sachin Jadhav","friendship_status":2,"user_id":1076,"username":"sjadhav205"},{"display_name":"Vaishnavi Jadhav","friendship_status":2,"user_id":1092,"username":"vjadhav942"},{"display_name":"Omkar Jadhav","friendship_status":2,"user_id":1119,"username":"ojadhav797"},{"display_name":"Snehal Jadhav","friendship_status":2,"user_id":1130,"username":"sjadhav930"},{"display_name":"Aditya Jadhav","friendship_status":2,"user_id":1146,"username":"ajadhav963"},{"display_name":"Amey Jadhav","friendship_status":2,"user_id":1154,"username":"ajadhav446"},{"display_name":"Bhagyashree Joshi","friendship_status":2,"user_id":1174,"username":"bjoshi108"},{"display_name":"Siddhesh Jadhav","friendship_status":2,"user_id":1180,"username":"sjadhav475"},{"display_name":"Meghna Joshi","friendship_status":2,"user_id":1185,"username":"mjoshi490"},{"display_name":"Neha Joshi","friendship_status":2,"user_id":1196,"username":"njoshi358"},{"display_name":"Sayali Joshi","friendship_status":2,"user_id":1205,"username":"sjoshi625"},{"display_name":"Ruturaj Jadhav","friendship_status":2,"user_id":1207,"username":"rjadhav555"},{"display_name":"Pratik Joshi","friendship_status":2,"user_id":1215,"username":"pjoshi416"},{"display_name":"Kanchan Joshi","friendship_status":2,"user_id":1232,"username":"kjoshi101"},{"display_name":"Munja Pawar","friendship_status":2,"user_id":1262,"username":"munja"},{"display_name":"Prajkta Ubale","friendship_status":2,"user_id":1276,"username":"prajkta_u01"}]}
[2025-11-05 21:00:52][DEBUG] Message received from client {"message_type":107,"username":"ja","requested_by":"chetanap"}
[2025-11-05 21:00:52][DEBUG][process] in process func: {"message_type":107,"requested_by":"chetanap","username":"ja"}
[2025-11-05 21:00:52][DEBUG][process_search_user_request] {"count":14,"message_type":108,"users":[{"display_name":"Rutuja Vijay Dabhade","friendship_status":0,"user_id":34,"username":"rutuja"},{"display_name":"VIjay","friendship_status":2,"user_id":37,"username":"Vijay"},{"display_name":"VIjay","friendship_status":2,"user_id":38,"username":"vijay1234"},{"display_name":"Meghna Jadhav","friendship_status":2,"user_id":1047,"username":"mjadhav670"},{"display_name":"Rutuja Jadhav","friendship_status":2,"user_id":1051,"username":"rjadhav009"},{"display_name":"Sachin Jadhav","friendship_status":2,"user_id":1076,"username":"sjadhav205"},{"display_name":"Vaishnavi Jadhav","friendship_status":2,"user_id":1092,"username":"vjadhav942"},{"display_name":"Omkar Jadhav","friendship_status":2,"user_id":1119,"username":"ojadhav797"},{"display_name":"Snehal Jadhav","friendship_status":2,"user_id":1130,"username":"sjadhav930"},{"display_name":"Aditya Jadhav","friendship_status":2,"user_id":1146,"username":"ajadhav963"},{"display_name":"Amey Jadhav","friendship_status":2,"user_id":1154,"username":"ajadhav446"},{"display_name":"Siddhesh Jadhav","friendship_status":2,"user_id":1180,"username":"sjadhav475"},{"display_name":"Ruturaj Jadhav","friendship_status":2,"user_id":1207,"username":"rjadhav555"},{"display_name":"Munja Pawar","friendship_status":2,"user_id":1262,"username":"munja"}]}
[2025-11-05 21:00:52][INFO] Client disconnected. Client is going away, Reason: 
[2025-11-05 21:00:52][INFO] Client connected with IP: 127.0.0.1
[2025-11-05 21:01:04][INFO] Client connected with IP: 127.0.0.1
[2025-11-05 21:01:05][INFO] Client connected with IP: 127.0.0.1
[2025-11-05 21:01:07][INFO] Client connected with IP: 127.0.0.1
[2025-11-05 21:01:09][DEBUG] Message received from client {"message_type":105,"user_id":1245,"username":"chetanap"}
[2025-11-05 21:01:09][DEBUG][process] in process func: {"message_type":105,"user_id":1245,"username":"chetanap"}
[2025-11-05 21:01:09][INFO][process_logout_request] User 'chetanap' failed to logged out. Session not found.
[2025-11-05 21:01:09][INFO][process_logout_request] User 'chetanap' logged out successfully
[2025-11-05 21:01:09][DEBUG][process_logout_request] {"message_type":106,"status":0}
[2025-11-05 21:01:11][INFO] Client connected with IP: 127.0.0.1
[2025-11-05 21:01:27][INFO] Client connected with IP: 127.0.0.1
[2025-11-05 21:01:36][DEBUG] Message received from client {"message_type":101,"username":"vaibz","password":"1234","timestamp":"2025-11-05T15:31:31.174Z"}
[2025-11-05 21:01:36][DEBUG][process] in process func: {"message_type":101,"password":"1234","timestamp":"2025-11-05T15:31:31.174Z","username":"vaibz"}
[2025-11-05 21:01:36][ERROR][process_login_request] Password is incorrect for user: vaibz
[2025-11-05 21:01:38][DEBUG] Message received from client {"message_type":101,"username":"vaibz","password":"12345","timestamp":"2025-11-05T15:31:38.608Z"}
[2025-11-05 21:01:38][DEBUG][process] in process func: {"message_type":101,"password":"12345","timestamp":"2025-11-05T15:31:38.608Z","username":"vaibz"}
[2025-11-05 21:01:38][INFO][process_login_request] User 'vaibz' logged in successfully
[2025-11-05 21:01:38][DEBUG][send_user_login_payloads] {"dob":"2002-03-20","email":"vaibhav@google.com","fullname":"Vaibhav Gaikwad","gender":"Male","message_type":111,"phone":"7887401312","username":"vaibz"}
[2025-11-05 21:01:38][DEBUG][send_user_login_payloads] {"count":0,"message_type":113,"pending_friend_requests_list":[]}
[2025-11-05 21:01:38][DEBUG][send_user_login_payloads] {"count":0,"friends_list":[],"message_type":112}
[2025-11-05 21:01:46][DEBUG] Message received from client {"message_type":105,"user_id":21,"username":"vaibz"}
[2025-11-05 21:01:46][DEBUG][process] in process func: {"message_type":105,"user_id":21,"username":"vaibz"}
[2025-11-05 21:01:46][INFO][process_logout_request] User 'vaibz' failed to logged out. Session not found.
[2025-11-05 21:01:46][INFO][process_logout_request] User 'vaibz' logged out successfully
[2025-11-05 21:01:46][DEBUG][process_logout_request] {"message_type":106,"status":0}
[2025-11-05 21:01:59][DEBUG] Message received from client {"message_type":101,"username":"chetanap","password":"4567","timestamp":"2025-11-05T15:31:46.815Z"}
[2025-11-05 21:01:59][DEBUG][process] in process func: {"message_type":101,"password":"4567","timestamp":"2025-11-05T15:31:46.815Z","username":"chetanap"}
[2025-11-05 21:01:59][ERROR][process_login_request] Password is incorrect for user: chetanap
[2025-11-05 21:02:02][DEBUG] Message received from client {"message_type":101,"username":"chetanap","password":"5678","timestamp":"2025-11-05T15:32:00.177Z"}
[2025-11-05 21:02:02][DEBUG][process] in process func: {"message_type":101,"password":"5678","timestamp":"2025-11-05T15:32:00.177Z","username":"chetanap"}
[2025-11-05 21:02:02][INFO][process_login_request] User 'chetanap' logged in successfully
[2025-11-05 21:02:02][DEBUG][send_user_login_payloads] {"dob":"2005-01-27","email":"chetanap2005@gmail.com","fullname":"Chetana Patil","gender":"Female","message_type":111,"phone":"1234567890","username":"chetanap"}
[2025-11-05 21:02:02][DEBUG][send_user_login_payloads] {"count":0,"message_type":113,"pending_friend_requests_list":[]}
[2025-11-05 21:02:02][DEBUG][send_user_login_payloads] {"count":4,"friends_list":[{"dob":"2001-02-11","fullname":"Achal Bhamare","gender":"Female","user_id":1266,"username":"achalb11"},{"dob":"2004-05-31","fullname":"Rutuja Dabhade","gender":"Female","user_id":34,"username":"Rutuja"},{"dob":"2025-06-03","fullname":"Vaishnavi ","gender":"Female","user_id":39,"username":"vaishnavi10"},{"dob":"2017-08-26","fullname":"Anvi Dabhade","gender":"Female","user_id":1247,"username":"kuhu"}],"message_type":112}
[2025-11-05 21:02:07][INFO] Client disconnected. Client is going away, Reason: 
[2025-11-05 21:02:11][INFO] Client connected with IP: 127.0.0.1
[2025-11-05 21:02:11][DEBUG] Message received from client {"message_type":117,"user_id":1245,"auth_token":"8ee93f947109d15a3211d0f67f874646"}
[2025-11-05 21:02:11][DEBUG][process] in process func: {"auth_token":"8ee93f947109d15a3211d0f67f874646","message_type":117,"user_id":1245}
[2025-11-05 21:02:11][DEBUG][send_user_login_payloads] {"dob":"2005-01-27","email":"chetanap2005@gmail.com","fullname":"Chetana Patil","gender":"Female","message_type":111,"phone":"1234567890","username":"chetanap"}
[2025-11-05 21:02:11][DEBUG][send_user_login_payloads] {"count":0,"message_type":113,"pending_friend_requests_list":[]}
[2025-11-05 21:02:11][DEBUG][send_user_login_payloads] {"count":4,"friends_list":[{"dob":"2001-02-11","fullname":"Achal Bhamare","gender":"Female","user_id":1266,"username":"achalb11"},{"dob":"2004-05-31","fullname":"Rutuja Dabhade","gender":"Female","user_id":34,"username":"Rutuja"},{"dob":"2025-06-03","fullname":"Vaishnavi ","gender":"Female","user_id":39,"username":"vaishnavi10"},{"dob":"2017-08-26","fullname":"Anvi Dabhade","gender":"Female","user_id":1247,"username":"kuhu"}],"message_type":112}
[2025-11-05 21:02:11][INFO][process_reconnect_request] Reconnect successful of user id: 1245
[2025-11-05 21:04:29][INFO] Client connected with IP: 127.0.0.1
[2025-11-05 21:04:37][DEBUG] Message received from client {"message_type":101,"username":"rutuja","password":"1234","timestamp":"2025-11-05T15:34:31.111Z"}
[2025-11-05 21:04:37][DEBUG][process] in process func: {"message_type":101,"password":"1234","timestamp":"2025-11-05T15:34:31.111Z","username":"rutuja"}
[2025-11-05 21:04:37][INFO][process_login_request] User 'rutuja' logged in successfully
[2025-11-05 21:04:37][DEBUG][send_user_login_payloads] {"dob":"2004-05-31","email":"rutuja04dabhade@gmail.com","fullname":"Rutuja Vijay Dabhade","gender":"Female","message_type":111,"phone":"8668470451","username":"rutuja"}
[2025-11-05 21:04:37][DEBUG][send_user_login_payloads] {"count":0,"message_type":113,"pending_friend_requests_list":[]}
[2025-11-05 21:04:37][DEBUG][send_user_login_payloads] {"count":4,"friends_list":[{"dob":"2001-02-11","fullname":"Achal Bhamare","gender":"Female","user_id":1266,"username":"achalb11"},{"dob":"2005-01-27","fullname":"Chetana Patil","gender":"Female","user_id":1245,"username":"chetanap"},{"dob":"2025-06-03","fullname":"Vaishnavi ","gender":"Female","user_id":39,"username":"vaishnavi10"},{"dob":"2017-08-26","fullname":"Anvi Dabhade","gender":"Female","user_id":1247,"username":"kuhu"}],"message_type":112}
[2025-11-05 21:04:43][INFO] Client disconnected. Client is going away, Reason: 
[2025-11-05 21:04:45][INFO] Client connected with IP: 127.0.0.1
[2025-11-05 21:06:44][INFO] Client connected with IP: 127.0.0.1
[2025-11-05 21:06:58][INFO] Client connected with IP: 127.0.0.1
[2025-11-05 21:07:06][DEBUG] Message received from client {"message_type":101,"username":"rutuja","password":"1234","timestamp":"2025-11-05T15:36:59.103Z"}
[2025-11-05 21:07:06][DEBUG] Message received from client {"message_type":101,"username":"rutuja","password":"1234","timestamp":"2025-11-05T15:36:59.103Z"}
[2025-11-05 21:07:06][DEBUG] Message received from client {"message_type":101,"username":"rutuja","password":"1234","timestamp":"2025-11-05T15:36:59.103Z"}
[2025-11-05 21:07:06][DEBUG] Message received from client {"message_type":101,"username":"rutuja","password":"1234","timestamp":"2025-11-05T15:36:59.103Z"}
[2025-11-05 21:07:06][DEBUG] Message received from client {"message_type":101,"username":"rutuja","password":"1234","timestamp":"2025-11-05T15:36:59.103Z"}
[2025-11-05 21:07:06][DEBUG][process] in process func: {"message_type":101,"password":"1234","timestamp":"2025-11-05T15:36:59.103Z","username":"rutuja"}
[2025-11-05 21:07:06][DEBUG] Message received from client {"message_type":101,"username":"rutuja","password":"1234","timestamp":"2025-11-05T15:36:59.103Z"}
[2025-11-05 21:07:06][DEBUG] Message received from client {"message_type":101,"username":"rutuja","password":"1234","timestamp":"2025-11-05T15:36:59.103Z"}
[2025-11-05 21:07:06][INFO][process_login_request] User 'rutuja' logged in successfully
[2025-11-05 21:07:06][DEBUG][send_user_login_payloads] {"dob":"2004-05-31","email":"rutuja04dabhade@gmail.com","fullname":"Rutuja Vijay Dabhade","gender":"Female","message_type":111,"phone":"8668470451","username":"rutuja"}
[2025-11-05 21:07:06][DEBUG][send_user_login_payloads] {"count":0,"message_type":113,"pending_friend_requests_list":[]}
[2025-11-05 21:07:06][DEBUG][send_user_login_payloads] {"count":4,"friends_list":[{"dob":"2001-02-11","fullname":"Achal Bhamare","gender":"Female","user_id":1266,"username":"achalb11"},{"dob":"2005-01-27","fullname":"Chetana Patil","gender":"Female","user_id":1245,"username":"chetanap"},{"dob":"2025-06-03","fullname":"Vaishnavi ","gender":"Female","user_id":39,"username":"vaishnavi10"},{"dob":"2017-08-26","fullname":"Anvi Dabhade","gender":"Female","user_id":1247,"username":"kuhu"}],"message_type":112}
[2025-11-05 21:07:06][DEBUG][process] in process func: {"message_type":101,"password":"1234","timestamp":"2025-11-05T15:36:59.103Z","username":"rutuja"}
[2025-11-05 21:07:06][INFO][process_login_request] User 'rutuja' logged out forcefully
[2025-11-05 21:07:06][INFO][process_login_request] User 'rutuja' logged in successfully
[2025-11-05 21:07:06][DEBUG][send_user_login_payloads] {"dob":"2004-05-31","email":"rutuja04dabhade@gmail.com","fullname":"Rutuja Vijay Dabhade","gender":"Female","message_type":111,"phone":"8668470451","username":"rutuja"}
[2025-11-05 21:07:06][DEBUG][send_user_login_payloads] {"count":0,"message_type":113,"pending_friend_requests_list":[]}
[2025-11-05 21:07:06][DEBUG][send_user_login_payloads] {"count":4,"friends_list":[{"dob":"2001-02-11","fullname":"Achal Bhamare","gender":"Female","user_id":1266,"username":"achalb11"},{"dob":"2005-01-27","fullname":"Chetana Patil","gender":"Female","user_id":1245,"username":"chetanap"},{"dob":"2025-06-03","fullname":"Vaishnavi ","gender":"Female","user_id":39,"username":"vaishnavi10"},{"dob":"2017-08-26","fullname":"Anvi Dabhade","gender":"Female","user_id":1247,"username":"kuhu"}],"message_type":112}
[2025-11-05 21:07:06][DEBUG][process] in process func: {"message_type":101,"password":"1234","timestamp":"2025-11-05T15:36:59.103Z","username":"rutuja"}
[2025-11-05 21:07:06][INFO][process_login_request] User 'rutuja' logged out forcefully
[2025-11-05 21:07:06][INFO][process_login_request] User 'rutuja' logged in successfully
[2025-11-05 21:07:06][DEBUG][send_user_login_payloads] {"dob":"2004-05-31","email":"rutuja04dabhade@gmail.com","fullname":"Rutuja Vijay Dabhade","gender":"Female","message_type":111,"phone":"8668470451","username":"rutuja"}
[2025-11-05 21:07:06][DEBUG][send_user_login_payloads] {"count":0,"message_type":113,"pending_friend_requests_list":[]}
[2025-11-05 21:07:06][DEBUG][send_user_login_payloads] {"count":4,"friends_list":[{"dob":"2001-02-11","fullname":"Achal Bhamare","gender":"Female","user_id":1266,"username":"achalb11"},{"dob":"2005-01-27","fullname":"Chetana Patil","gender":"Female","user_id":1245,"username":"chetanap"},{"dob":"2025-06-03","fullname":"Vaishnavi ","gender":"Female","user_id":39,"username":"vaishnavi10"},{"dob":"2017-08-26","fullname":"Anvi Dabhade","gender":"Female","user_id":1247,"username":"kuhu"}],"message_type":112}
[2025-11-05 21:07:06][DEBUG][process] in process func: {"message_type":101,"password":"1234","timestamp":"2025-11-05T15:36:59.103Z","username":"rutuja"}
[2025-11-05 21:07:06][INFO][process_login_request] User 'rutuja' logged out forcefully
[2025-11-05 21:07:06][INFO][process_login_request] User 'rutuja' logged in successfully
[2025-11-05 21:07:06][DEBUG][send_user_login_payloads] {"dob":"2004-05-31","email":"rutuja04dabhade@gmail.com","fullname":"Rutuja Vijay Dabhade","gender":"Female","message_type":111,"phone":"8668470451","username":"rutuja"}
[2025-11-05 21:07:06][DEBUG][send_user_login_payloads] {"count":0,"message_type":113,"pending_friend_requests_list":[]}
[2025-11-05 21:07:06][DEBUG][send_user_login_payloads] {"count":4,"friends_list":[{"dob":"2001-02-11","fullname":"Achal Bhamare","gender":"Female","user_id":1266,"username":"achalb11"},{"dob":"2005-01-27","fullname":"Chetana Patil","gender":"Female","user_id":1245,"username":"chetanap"},{"dob":"2025-06-03","fullname":"Vaishnavi ","gender":"Female","user_id":39,"username":"vaishnavi10"},{"dob":"2017-08-26","fullname":"Anvi Dabhade","gender":"Female","user_id":1247,"username":"kuhu"}],"message_type":112}
[2025-11-05 21:07:06][DEBUG][process] in process func: {"message_type":101,"password":"1234","timestamp":"2025-11-05T15:36:59.103Z","username":"rutuja"}
[2025-11-05 21:07:06][INFO][process_login_request] User 'rutuja' logged out forcefully
[2025-11-05 21:07:06][INFO][process_login_request] User 'rutuja' logged in successfully
[2025-11-05 21:07:06][DEBUG][send_user_login_payloads] {"dob":"2004-05-31","email":"rutuja04dabhade@gmail.com","fullname":"Rutuja Vijay Dabhade","gender":"Female","message_type":111,"phone":"8668470451","username":"rutuja"}
[2025-11-05 21:07:06][DEBUG][send_user_login_payloads] {"count":0,"message_type":113,"pending_friend_requests_list":[]}
[2025-11-05 21:07:06][DEBUG][send_user_login_payloads] {"count":4,"friends_list":[{"dob":"2001-02-11","fullname":"Achal Bhamare","gender":"Female","user_id":1266,"username":"achalb11"},{"dob":"2005-01-27","fullname":"Chetana Patil","gender":"Female","user_id":1245,"username":"chetanap"},{"dob":"2025-06-03","fullname":"Vaishnavi ","gender":"Female","user_id":39,"username":"vaishnavi10"},{"dob":"2017-08-26","fullname":"Anvi Dabhade","gender":"Female","user_id":1247,"username":"kuhu"}],"message_type":112}
[2025-11-05 21:07:06][DEBUG][process] in process func: {"message_type":101,"password":"1234","timestamp":"2025-11-05T15:36:59.103Z","username":"rutuja"}
[2025-11-05 21:07:06][INFO][process_login_request] User 'rutuja' logged out forcefully
[2025-11-05 21:07:06][INFO][process_login_request] User 'rutuja' logged in successfully
[2025-11-05 21:07:06][DEBUG][send_user_login_payloads] {"dob":"2004-05-31","email":"rutuja04dabhade@gmail.com","fullname":"Rutuja Vijay Dabhade","gender":"Female","message_type":111,"phone":"8668470451","username":"rutuja"}
[2025-11-05 21:07:06][DEBUG][send_user_login_payloads] {"count":0,"message_type":113,"pending_friend_requests_list":[]}
[2025-11-05 21:07:06][DEBUG][send_user_login_payloads] {"count":4,"friends_list":[{"dob":"2001-02-11","fullname":"Achal Bhamare","gender":"Female","user_id":1266,"username":"achalb11"},{"dob":"2005-01-27","fullname":"Chetana Patil","gender":"Female","user_id":1245,"username":"chetanap"},{"dob":"2025-06-03","fullname":"Vaishnavi ","gender":"Female","user_id":39,"username":"vaishnavi10"},{"dob":"2017-08-26","fullname":"Anvi Dabhade","gender":"Female","user_id":1247,"username":"kuhu"}],"message_type":112}
[2025-11-05 21:07:06][DEBUG][process] in process func: {"message_type":101,"password":"1234","timestamp":"2025-11-05T15:36:59.103Z","username":"rutuja"}
[2025-11-05 21:07:06][INFO][process_login_request] User 'rutuja' logged out forcefully
[2025-11-05 21:07:06][INFO][process_login_request] User 'rutuja' logged in successfully
[2025-11-05 21:07:06][DEBUG][send_user_login_payloads] {"dob":"2004-05-31","email":"rutuja04dabhade@gmail.com","fullname":"Rutuja Vijay Dabhade","gender":"Female","message_type":111,"phone":"8668470451","username":"rutuja"}
[2025-11-05 21:07:06][DEBUG][send_user_login_payloads] {"count":0,"message_type":113,"pending_friend_requests_list":[]}
[2025-11-05 21:07:06][DEBUG][send_user_login_payloads] {"count":4,"friends_list":[{"dob":"2001-02-11","fullname":"Achal Bhamare","gender":"Female","user_id":1266,"username":"achalb11"},{"dob":"2005-01-27","fullname":"Chetana Patil","gender":"Female","user_id":1245,"username":"chetanap"},{"dob":"2025-06-03","fullname":"Vaishnavi ","gender":"Female","user_id":39,"username":"vaishnavi10"},{"dob":"2017-08-26","fullname":"Anvi Dabhade","gender":"Female","user_id":1247,"username":"kuhu"}],"message_type":112}
[2025-11-05 21:07:07][INFO] Client disconnected. Client is going away, Reason: 
[2025-11-05 21:07:09][INFO] Client connected with IP: 127.0.0.1
[2025-11-05 21:14:05][INFO] Client connected with IP: 127.0.0.1
[2025-11-05 21:14:26][INFO] Client connected with IP: 127.0.0.1
[2025-11-05 21:14:50][INFO] Client connected with IP: 127.0.0.1
[2025-11-05 21:15:21][INFO] Client connected with IP: 127.0.0.1
[2025-11-05 21:15:35][INFO] Client connected with IP: 127.0.0.1
[2025-11-05 21:15:38][INFO] Client connected with IP: 127.0.0.1
[2025-11-05 21:15:47][DEBUG] Message received from client {"message_type":101,"username":"rutuja","password":"1234","timestamp":"2025-11-05T15:45:40.576Z"}
[2025-11-05 21:15:47][DEBUG][process] in process func: {"message_type":101,"password":"1234","timestamp":"2025-11-05T15:45:40.576Z","username":"rutuja"}
[2025-11-05 21:15:47][INFO][process_login_request] User 'rutuja' logged in successfully
[2025-11-05 21:15:47][DEBUG][send_user_login_payloads] {"dob":"2004-05-31","email":"rutuja04dabhade@gmail.com","fullname":"Rutuja Vijay Dabhade","gender":"Female","message_type":111,"phone":"8668470451","username":"rutuja"}
[2025-11-05 21:15:47][DEBUG][send_user_login_payloads] {"count":0,"message_type":113,"pending_friend_requests_list":[]}
[2025-11-05 21:15:47][DEBUG][send_user_login_payloads] {"count":4,"friends_list":[{"dob":"2001-02-11","fullname":"Achal Bhamare","gender":"Female","user_id":1266,"username":"achalb11"},{"dob":"2005-01-27","fullname":"Chetana Patil","gender":"Female","user_id":1245,"username":"chetanap"},{"dob":"2025-06-03","fullname":"Vaishnavi ","gender":"Female","user_id":39,"username":"vaishnavi10"},{"dob":"2017-08-26","fullname":"Anvi Dabhade","gender":"Female","user_id":1247,"username":"kuhu"}],"message_type":112}
[2025-11-05 21:15:50][INFO] Client disconnected. Client is going away, Reason: 
[2025-11-05 21:15:50][INFO] Client connected with IP: 127.0.0.1
[2025-11-05 21:18:15][INFO] Client connected with IP: 127.0.0.1
[2025-11-05 21:18:15][DEBUG] Message received from client {"message_type":117,"user_id":3,"auth_token":"123"}
[2025-11-05 21:18:15][DEBUG][process] in process func: {"auth_token":"123","message_type":117,"user_id":3}
[2025-11-05 21:18:15][ERROR][process_reconnect_request] Reconnect unsuccessful of user id: 3
[2025-11-05 21:18:17][DEBUG] Message received from client {"message_type":101,"username":"so_sasssy","password":"2356","timestamp":"2025-11-05T15:48:18.269Z"}
[2025-11-05 21:18:17][DEBUG][process] in process func: {"message_type":101,"password":"2356","timestamp":"2025-11-05T15:48:18.269Z","username":"so_sasssy"}
[2025-11-05 21:18:17][INFO][process_login_request] User 'so_sasssy' logged in successfully
[2025-11-05 21:18:17][DEBUG][send_user_login_payloads] {"dob":"2004-09-07","email":"sakshirc7@gmail.com","fullname":"Chavan","gender":"Female","message_type":111,"phone":"2365689655","username":"so_sasssy"}
[2025-11-05 21:18:17][DEBUG][send_user_login_payloads] {"count":0,"message_type":113,"pending_friend_requests_list":[]}
[2025-11-05 21:18:17][DEBUG][send_user_login_payloads] {"count":5,"friends_list":[{"dob":"2001-02-11","fullname":"Achal Bhamare","gender":"Female","user_id":1266,"username":"achalb11"},{"dob":"2025-09-01","fullname":"shlok shirke","gender":"Male","user_id":1273,"username":"shlokshirke"},{"dob":"2025-09-03","fullname":"yashwardhan patil","gender":"Male","user_id":1274,"username":"merayashu"},{"dob":"2025-09-01","fullname":"Manisha Chavan","gender":"Female","user_id":1268,"username":"manisha06"},{"dob":"2025-09-30","fullname":"soham rohidas chavan","gender":"Male","user_id":1280,"username":"sohamchavan"}],"message_type":112}
[2025-11-05 21:19:44][INFO] Client disconnected. Client is going away, Reason: 
[2025-11-05 21:19:44][INFO] Client connected with IP: 127.0.0.1
[2025-11-05 21:19:44][DEBUG] Message received from client {"message_type":117,"user_id":1244,"auth_token":"eb6b6ffedecc94e89dd1ebac62227f74"}
[2025-11-05 21:19:44][DEBUG][process] in process func: {"auth_token":"eb6b6ffedecc94e89dd1ebac62227f74","message_type":117,"user_id":1244}
[2025-11-05 21:19:44][DEBUG][send_user_login_payloads] {"dob":"2004-09-07","email":"sakshirc7@gmail.com","fullname":"Chavan","gender":"Female","message_type":111,"phone":"2365689655","username":"so_sasssy"}
[2025-11-05 21:19:44][DEBUG][send_user_login_payloads] {"count":0,"message_type":113,"pending_friend_requests_list":[]}
[2025-11-05 21:19:44][DEBUG][send_user_login_payloads] {"count":5,"friends_list":[{"dob":"2001-02-11","fullname":"Achal Bhamare","gender":"Female","user_id":1266,"username":"achalb11"},{"dob":"2025-09-01","fullname":"shlok shirke","gender":"Male","user_id":1273,"username":"shlokshirke"},{"dob":"2025-09-03","fullname":"yashwardhan patil","gender":"Male","user_id":1274,"username":"merayashu"},{"dob":"2025-09-01","fullname":"Manisha Chavan","gender":"Female","user_id":1268,"username":"manisha06"},{"dob":"2025-09-30","fullname":"soham rohidas chavan","gender":"Male","user_id":1280,"username":"sohamchavan"}],"message_type":112}
[2025-11-05 21:19:44][INFO][process_reconnect_request] Reconnect successful of user id: 1244
[2025-11-05 21:19:53][INFO] Client disconnected. Client is going away, Reason: 
[2025-11-05 21:19:53][INFO] Client connected with IP: 127.0.0.1
[2025-11-05 21:19:53][DEBUG] Message received from client {"message_type":117,"user_id":1244,"auth_token":"eb6b6ffedecc94e89dd1ebac62227f74"}
[2025-11-05 21:19:53][DEBUG][process] in process func: {"auth_token":"eb6b6ffedecc94e89dd1ebac62227f74","message_type":117,"user_id":1244}
[2025-11-05 21:19:53][DEBUG][send_user_login_payloads] {"dob":"2004-09-07","email":"sakshirc7@gmail.com","fullname":"Chavan","gender":"Female","message_type":111,"phone":"2365689655","username":"so_sasssy"}
[2025-11-05 21:19:53][DEBUG][send_user_login_payloads] {"count":0,"message_type":113,"pending_friend_requests_list":[]}
[2025-11-05 21:19:53][DEBUG][send_user_login_payloads] {"count":5,"friends_list":[{"dob":"2001-02-11","fullname":"Achal Bhamare","gender":"Female","user_id":1266,"username":"achalb11"},{"dob":"2025-09-01","fullname":"shlok shirke","gender":"Male","user_id":1273,"username":"shlokshirke"},{"dob":"2025-09-03","fullname":"yashwardhan patil","gender":"Male","user_id":1274,"username":"merayashu"},{"dob":"2025-09-01","fullname":"Manisha Chavan","gender":"Female","user_id":1268,"username":"manisha06"},{"dob":"2025-09-30","fullname":"soham rohidas chavan","gender":"Male","user_id":1280,"username":"sohamchavan"}],"message_type":112}
[2025-11-05 21:19:53][INFO][process_reconnect_request] Reconnect successful of user id: 1244
[2025-11-05 21:20:12][INFO] Client disconnected. Client is going away, Reason: 
[2025-11-05 21:20:12][INFO] Client connected with IP: 127.0.0.1
[2025-11-05 21:20:12][DEBUG] Message received from client {"message_type":117,"user_id":1244,"auth_token":"eb6b6ffedecc94e89dd1ebac62227f74"}
[2025-11-05 21:20:12][DEBUG][process] in process func: {"auth_token":"eb6b6ffedecc94e89dd1ebac62227f74","message_type":117,"user_id":1244}
[2025-11-05 21:20:12][DEBUG][send_user_login_payloads] {"dob":"2004-09-07","email":"sakshirc7@gmail.com","fullname":"Chavan","gender":"Female","message_type":111,"phone":"2365689655","username":"so_sasssy"}
[2025-11-05 21:20:12][DEBUG][send_user_login_payloads] {"count":0,"message_type":113,"pending_friend_requests_list":[]}
[2025-11-05 21:20:12][DEBUG][send_user_login_payloads] {"count":5,"friends_list":[{"dob":"2001-02-11","fullname":"Achal Bhamare","gender":"Female","user_id":1266,"username":"achalb11"},{"dob":"2025-09-01","fullname":"shlok shirke","gender":"Male","user_id":1273,"username":"shlokshirke"},{"dob":"2025-09-03","fullname":"yashwardhan patil","gender":"Male","user_id":1274,"username":"merayashu"},{"dob":"2025-09-01","fullname":"Manisha Chavan","gender":"Female","user_id":1268,"username":"manisha06"},{"dob":"2025-09-30","fullname":"soham rohidas chavan","gender":"Male","user_id":1280,"username":"sohamchavan"}],"message_type":112}
[2025-11-05 21:20:12][INFO][process_reconnect_request] Reconnect successful of user id: 1244
[2025-11-05 21:20:53][INFO] Client connected with IP: 127.0.0.1
[2025-11-05 21:20:58][DEBUG] Message received from client {"message_type":101,"username":"rutuja","password":"1234","timestamp":"2025-11-05T15:50:53.570Z"}
[2025-11-05 21:20:58][DEBUG][process] in process func: {"message_type":101,"password":"1234","timestamp":"2025-11-05T15:50:53.570Z","username":"rutuja"}
[2025-11-05 21:20:58][INFO][process_login_request] User 'rutuja' logged in successfully
[2025-11-05 21:20:58][DEBUG][send_user_login_payloads] {"dob":"2004-05-31","email":"rutuja04dabhade@gmail.com","fullname":"Rutuja Vijay Dabhade","gender":"Female","message_type":111,"phone":"8668470451","username":"rutuja"}
[2025-11-05 21:20:58][DEBUG][send_user_login_payloads] {"count":0,"message_type":113,"pending_friend_requests_list":[]}
[2025-11-05 21:20:58][DEBUG][send_user_login_payloads] {"count":4,"friends_list":[{"dob":"2001-02-11","fullname":"Achal Bhamare","gender":"Female","user_id":1266,"username":"achalb11"},{"dob":"2005-01-27","fullname":"Chetana Patil","gender":"Female","user_id":1245,"username":"chetanap"},{"dob":"2025-06-03","fullname":"Vaishnavi ","gender":"Female","user_id":39,"username":"vaishnavi10"},{"dob":"2017-08-26","fullname":"Anvi Dabhade","gender":"Female","user_id":1247,"username":"kuhu"}],"message_type":112}
[2025-11-05 21:21:23][INFO] Client disconnected. Client is going away, Reason: 
[2025-11-05 21:21:24][INFO] Client connected with IP: 127.0.0.1
[2025-11-05 21:21:30][DEBUG] Message received from client {"message_type":119,"user_id":1244,"fullname":"Sakshi Chavan","username":"so_sasssy","dob":"2004-09-07","gender":"Female","email":"sakshirc7@gmail.com","phone":"2365689655"}
[2025-11-05 21:21:30][DEBUG][process] in process func: {"dob":"2004-09-07","email":"sakshirc7@gmail.com","fullname":"Sakshi Chavan","gender":"Female","message_type":119,"phone":"2365689655","user_id":1244,"username":"so_sasssy"}
[2025-11-05 21:21:30][DEBUG][process_update_profile_request] {"dob":"2004-09-07","email":"sakshirc7@gmail.com","fullname":"Sakshi Chavan","gender":"Female","message_type":111,"phone":"2365689655","username":"so_sasssy"}
[2025-11-05 21:21:30][INFO][process_update_profile_request] Update profile of user 'so_sasssy' is successful
[2025-11-05 21:24:20][INFO] Client connected with IP: 127.0.0.1
[2025-11-05 21:24:28][DEBUG] Message received from client {"message_type":101,"username":"rutuja","password":"1234","timestamp":"2025-11-05T15:54:20.645Z"}
[2025-11-05 21:24:28][DEBUG][process] in process func: {"message_type":101,"password":"1234","timestamp":"2025-11-05T15:54:20.645Z","username":"rutuja"}
[2025-11-05 21:24:28][INFO][process_login_request] User 'rutuja' logged in successfully
[2025-11-05 21:24:28][DEBUG][send_user_login_payloads] {"dob":"2004-05-31","email":"rutuja04dabhade@gmail.com","fullname":"Rutuja Vijay Dabhade","gender":"Female","message_type":111,"phone":"8668470451","username":"rutuja"}
[2025-11-05 21:24:28][DEBUG][send_user_login_payloads] {"count":0,"message_type":113,"pending_friend_requests_list":[]}
[2025-11-05 21:24:28][DEBUG][send_user_login_payloads] {"count":4,"friends_list":[{"dob":"2001-02-11","fullname":"Achal Bhamare","gender":"Female","user_id":1266,"username":"achalb11"},{"dob":"2005-01-27","fullname":"Chetana Patil","gender":"Female","user_id":1245,"username":"chetanap"},{"dob":"2025-06-03","fullname":"Vaishnavi ","gender":"Female","user_id":39,"username":"vaishnavi10"},{"dob":"2017-08-26","fullname":"Anvi Dabhade","gender":"Female","user_id":1247,"username":"kuhu"}],"message_type":112}
[2025-11-05 21:24:30][INFO] Client disconnected. Client is going away, Reason: 
[2025-11-05 21:24:30][INFO] Client connected with IP: 127.0.0.1
[2025-11-05 21:26:40][INFO] Client connected with IP: 127.0.0.1
[2025-11-05 21:27:11][INFO] Client connected with IP: 127.0.0.1
[2025-11-05 21:27:18][DEBUG] Message received from client {"message_type":101,"username":"rutuja","password":"1234","timestamp":"2025-11-05T15:57:12.041Z"}
[2025-11-05 21:27:18][DEBUG][process] in process func: {"message_type":101,"password":"1234","timestamp":"2025-11-05T15:57:12.041Z","username":"rutuja"}
[2025-11-05 21:27:18][INFO][process_login_request] User 'rutuja' logged in successfully
[2025-11-05 21:27:18][DEBUG][send_user_login_payloads] {"dob":"2004-05-31","email":"rutuja04dabhade@gmail.com","fullname":"Rutuja Vijay Dabhade","gender":"Female","message_type":111,"phone":"8668470451","username":"rutuja"}
[2025-11-05 21:27:18][DEBUG][send_user_login_payloads] {"count":0,"message_type":113,"pending_friend_requests_list":[]}
[2025-11-05 21:27:18][DEBUG][send_user_login_payloads] {"count":4,"friends_list":[{"dob":"2001-02-11","fullname":"Achal Bhamare","gender":"Female","user_id":1266,"username":"achalb11"},{"dob":"2005-01-27","fullname":"Chetana Patil","gender":"Female","user_id":1245,"username":"chetanap"},{"dob":"2025-06-03","fullname":"Vaishnavi ","gender":"Female","user_id":39,"username":"vaishnavi10"},{"dob":"2017-08-26","fullname":"Anvi Dabhade","gender":"Female","user_id":1247,"username":"kuhu"}],"message_type":112}
[2025-11-05 21:27:24][INFO] Client disconnected. Abnormal closure (no close frame received), Reason: Received TCP FIN before WebSocket close frame
[2025-11-05 21:27:33][INFO] Client disconnected. Client is going away, Reason: 
[2025-11-05 21:27:34][INFO] Client connected with IP: 127.0.0.1
[2025-11-05 21:52:52][INFO] Client disconnected. Client is going away, Reason: 
[2025-11-05 21:53:53][INFO] Received SIGTERM (Termination request, e.g. 'kill' command). Server terminated.
