[2025-06-11 00:05:20][INFO] Server started...
[2025-06-11 00:05:27][INFO] Client connected with IP: 0000:0000:0000:0000:0000:ffff:7f00:0001
[2025-06-11 00:05:39][INFO] Client disconnected. Code: 1001, Reason: 
[2025-06-11 22:29:55][INFO] Server started...
[2025-06-11 22:31:27][INFO] Client connected with IP: 0000:0000:0000:0000:0000:ffff:7f00:0001
[2025-06-11 22:32:07][INFO] Client disconnected. Code: 1000, Reason: connection closed by client
[2025-06-11 22:32:12][INFO] Client connected with IP: 0000:0000:0000:0000:0000:ffff:7f00:0001
[2025-06-11 22:35:50][INFO] Client connected with IP: 0000:0000:0000:0000:0000:ffff:7f00:0001
[2025-06-11 22:35:51][INFO] Client disconnected. Code: 1001, Reason: 
[2025-06-11 22:35:51][INFO] Client connected with IP: 0000:0000:0000:0000:0000:ffff:7f00:0001
[2025-06-11 22:36:10][INFO] [json.exception.parse_error.101] parse error at line 1, column 2: syntax error while parsing value - invalid literal; last read: 'te'
[2025-06-11 22:37:42][INFO] Server started...
[2025-06-11 22:37:47][INFO] Client connected with IP: 0000:0000:0000:0000:0000:ffff:7f00:0001
[2025-06-11 22:37:49][ERROR] [json.exception.parse_error.101] parse error at line 1, column 2: syntax error while parsing value - invalid literal; last read: 'te'
[2025-06-11 22:38:28][INFO] Server started...
[2025-06-11 22:38:32][INFO] Client connected with IP: 0000:0000:0000:0000:0000:ffff:7f00:0001
[2025-06-11 22:38:48][INFO] Server started...
[2025-06-11 22:39:07][INFO] Client connected with IP: 0000:0000:0000:0000:0000:ffff:7f00:0001
[2025-06-11 22:39:08][ERROR] [json.exception.parse_error.101] parse error at line 1, column 1: syntax error while parsing value - invalid literal; last read: 's'
[2025-06-11 22:39:13][INFO] Client connected with IP: 0000:0000:0000:0000:0000:ffff:7f00:0001
[2025-06-11 22:54:30][INFO] Server started...
[2025-06-11 22:54:37][INFO] Client connected with IP: 0000:0000:0000:0000:0000:ffff:7f00:0001
[2025-06-11 22:54:39][INFO] Client disconnected. Code: 1000, Reason: connection closed by client
[2025-06-11 22:54:41][INFO] Client connected with IP: 0000:0000:0000:0000:0000:ffff:7f00:0001
[2025-06-11 22:56:22][INFO] Client connected with IP: 0000:0000:0000:0000:0000:ffff:7f00:0001
[2025-06-11 22:56:43][INFO] Client disconnected. Code: 1005, Reason: 
[2025-06-11 22:56:53][INFO] Client connected with IP: 0000:0000:0000:0000:0000:ffff:7f00:0001
[2025-06-11 22:57:38][INFO] Client disconnected. Code: 1005, Reason: 
[2025-06-11 22:57:42][INFO] Client connected with IP: 0000:0000:0000:0000:0000:ffff:7f00:0001
[2025-06-11 22:58:36][INFO] Client disconnected. Code: 1005, Reason: 
[2025-06-11 22:58:58][INFO] Client connected with IP: 0000:0000:0000:0000:0000:ffff:7f00:0001
[2025-06-11 22:59:00][INFO] Client disconnected. Code: 1005, Reason: 
[2025-06-11 22:59:03][INFO] Client connected with IP: 0000:0000:0000:0000:0000:ffff:7f00:0001
[2025-06-11 23:01:04][INFO] Client disconnected. Code: 1005, Reason: 
[2025-06-11 23:01:05][INFO] Client connected with IP: 0000:0000:0000:0000:0000:ffff:7f00:0001
[2025-06-11 23:01:09][INFO] Client disconnected. Code: 1005, Reason: 
[2025-06-11 23:01:10][INFO] Client connected with IP: 0000:0000:0000:0000:0000:ffff:7f00:0001
[2025-06-11 23:01:14][INFO] Client disconnected. Code: 1005, Reason: 
[2025-06-11 23:01:15][INFO] Client connected with IP: 0000:0000:0000:0000:0000:ffff:7f00:0001
[2025-06-11 23:01:30][ERROR] [json.exception.parse_error.101] parse error at line 1, column 1: syntax error while parsing value - invalid literal; last read: 'y'
[2025-06-11 23:01:44][ERROR] [json.exception.parse_error.101] parse error at line 1, column 5: syntax error while parsing value - unexpected end of input; expected '[', '{', or a literal
[2025-06-11 23:01:50][ERROR] [json.exception.type_error.305] cannot use operator[] with a string argument with array
[2025-06-11 23:01:54][ERROR] [json.exception.type_error.305] cannot use operator[] with a string argument with array
[2025-06-11 23:01:58][ERROR] [json.exception.type_error.305] cannot use operator[] with a string argument with array
[2025-06-11 23:02:19][ERROR] [json.exception.parse_error.101] parse error at line 1, column 3: syntax error while parsing object key - unexpected number literal; expected string literal

