[2025-09-23 22:29:28][INFO] Server started...
[2025-09-23 22:29:28][INFO] Listening on port: 2121
[2025-09-23 22:30:06][INFO] Client connected with IP: 127.0.0.1
[2025-09-23 22:30:12][DEBUG] Message received from client {"message_type":101,"username":"vaibz","password":"12345","timestamp":"2025-09-23T17:00:08.054Z"}
[2025-09-23 22:30:12][DEBUG][process] in process func: {"message_type":101,"password":"12345","timestamp":"2025-09-23T17:00:08.054Z","username":"vaibz"}
[2025-09-23 22:30:12][INFO][process_login_request] User 'vaibz' logged in successfully
[2025-09-23 22:30:12][DEBUG][send_user_login_payloads] {"dob":"2002-03-20","email":"vaibhav@google.com","fullname":"Vaibhav Gaikwad","gender":"Male","message_type":111,"phone":"+91-7887401312","username":"vaibz"}
[2025-09-23 22:30:12][DEBUG][send_user_login_payloads] {"count":0,"message_type":113,"pending_friend_requests_list":[]}
[2025-09-23 22:30:12][DEBUG][send_user_login_payloads] {"count":0,"friends_list":[],"message_type":112}
[2025-09-23 22:32:50][INFO] Client connected with IP: 127.0.0.1
[2025-09-23 22:34:03][INFO] Client connected with IP: 127.0.0.1
[2025-09-23 22:34:13][DEBUG] Message received from client {"message_type":101,"username":"rutuja","password":"1234","timestamp":"2025-09-23T17:04:04.012Z"}
[2025-09-23 22:34:13][DEBUG][process] in process func: {"message_type":101,"password":"1234","timestamp":"2025-09-23T17:04:04.012Z","username":"rutuja"}
[2025-09-23 22:34:13][INFO][process_login_request] User 'rutuja' logged in successfully
[2025-09-23 22:34:13][DEBUG][send_user_login_payloads] {"dob":"2025-06-06","email":"rutuja04dabhade@gmail.com","fullname":"Rutuja Dabhade","gender":"Female","message_type":111,"phone":"9978789089","username":"Rutuja"}
[2025-09-23 22:34:13][DEBUG][send_user_login_payloads] {"count":0,"message_type":113,"pending_friend_requests_list":[]}
[2025-09-23 22:34:13][DEBUG][send_user_login_payloads] {"count":1,"friends_list":[{"dob":"2025-06-03","fullname":"Vaishnavi ","gender":"Female","user_id":39,"username":"vaishnavi10"}],"message_type":112}
[2025-09-23 22:34:24][INFO] Client disconnected. No status received (no close frame), Reason: 
[2025-09-23 22:35:43][INFO] Client connected with IP: 127.0.0.1
[2025-09-23 22:45:43][INFO] Client connected with IP: 127.0.0.1
[2025-09-23 22:57:03][DEBUG] Message received from client {"message_type":105,"user_id":21,"username":"vaibz"}
[2025-09-23 22:57:03][DEBUG][process] in process func: {"message_type":105,"user_id":21,"username":"vaibz"}
[2025-09-23 22:57:03][INFO][process_logout_request] User 'vaibz' logged out successfully
[2025-09-23 22:57:03][DEBUG][process_logout_request] {"message_type":106,"status":0}
[2025-09-23 22:57:37][DEBUG] Message received from client {"message_type":101,"username":"so_sassy","password":"2345","timestamp":"2025-09-23T17:27:03.590Z"}
[2025-09-23 22:57:37][DEBUG][process] in process func: {"message_type":101,"password":"2345","timestamp":"2025-09-23T17:27:03.590Z","username":"so_sassy"}
[2025-09-23 22:57:37][ERROR][process_login_request] Username does not exists: so_sassy
[2025-09-23 22:57:39][DEBUG] Message received from client {"message_type":101,"username":"so_sasssy","password":"2345","timestamp":"2025-09-23T17:27:39.809Z"}
[2025-09-23 22:57:39][DEBUG][process] in process func: {"message_type":101,"password":"2345","timestamp":"2025-09-23T17:27:39.809Z","username":"so_sasssy"}
[2025-09-23 22:57:39][ERROR][process_login_request] Password is incorrect for user: so_sasssy
[2025-09-23 22:57:43][DEBUG] Message received from client {"message_type":101,"username":"so_sasssy","password":"23456","timestamp":"2025-09-23T17:27:42.968Z"}
[2025-09-23 22:57:43][DEBUG][process] in process func: {"message_type":101,"password":"23456","timestamp":"2025-09-23T17:27:42.968Z","username":"so_sasssy"}
[2025-09-23 22:57:43][ERROR][process_login_request] Password is incorrect for user: so_sasssy
[2025-09-23 22:57:52][DEBUG] Message received from client {"message_type":101,"username":"so_sasssy","password":"2356","timestamp":"2025-09-23T17:27:51.136Z"}
[2025-09-23 22:57:52][DEBUG][process] in process func: {"message_type":101,"password":"2356","timestamp":"2025-09-23T17:27:51.136Z","username":"so_sasssy"}
[2025-09-23 22:57:52][INFO][process_login_request] User 'so_sasssy' logged in successfully
[2025-09-23 22:57:52][DEBUG][send_user_login_payloads] {"dob":"2004-09-07","email":"sakshirc7@gmail.com","fullname":"sakshi chavan","gender":"Female","message_type":111,"phone":"2365689655","username":"so_sasssy"}
[2025-09-23 22:57:52][DEBUG][send_user_login_payloads] {"count":0,"message_type":113,"pending_friend_requests_list":[]}
[2025-09-23 22:57:52][DEBUG][send_user_login_payloads] {"count":7,"friends_list":[{"dob":"2025-09-01","fullname":"shlok shirke","gender":"Male","user_id":1273,"username":"shlokshirke"},{"dob":"2025-09-01","fullname":"shlok shirke","gender":"Male","user_id":1273,"username":"shlokshirke"},{"dob":"2025-09-15","fullname":"aryan shirke","gender":"Male","user_id":1272,"username":"aryanshirke"},{"dob":"2025-09-15","fullname":"aryan shirke","gender":"Male","user_id":1272,"username":"aryanshirke"},{"dob":"2025-09-13","fullname":"Suyash chavan","gender":"Male","user_id":1270,"username":"suyashchavan"},{"dob":"2025-09-13","fullname":"Suyash chavan","gender":"Male","user_id":1270,"username":"suyashchavan"},{"dob":"2025-09-07","fullname":"kiran shirke","gender":"Female","user_id":1271,"username":"kiranshirke"}],"message_type":112}
[2025-09-23 23:01:28][DEBUG] Message received from client {"message_type":105,"user_id":1244,"username":"so_sasssy"}
[2025-09-23 23:01:28][DEBUG][process] in process func: {"message_type":105,"user_id":1244,"username":"so_sasssy"}
[2025-09-23 23:01:28][INFO][process_logout_request] User 'so_sasssy' logged out successfully
[2025-09-23 23:01:28][DEBUG][process_logout_request] {"message_type":106,"status":0}
[2025-09-23 23:01:37][DEBUG] Message received from client {"message_type":101,"username":"so_sasssy","password":"2356","timestamp":"2025-09-23T17:31:28.463Z"}
[2025-09-23 23:01:37][DEBUG][process] in process func: {"message_type":101,"password":"2356","timestamp":"2025-09-23T17:31:28.463Z","username":"so_sasssy"}
[2025-09-23 23:01:37][INFO][process_login_request] User 'so_sasssy' logged in successfully
[2025-09-23 23:01:37][DEBUG][send_user_login_payloads] {"dob":"2004-09-07","email":"sakshirc7@gmail.com","fullname":"sakshi chavan","gender":"Female","message_type":111,"phone":"2365689655","username":"so_sasssy"}
[2025-09-23 23:01:37][DEBUG][send_user_login_payloads] {"count":0,"message_type":113,"pending_friend_requests_list":[]}
[2025-09-23 23:01:37][DEBUG][send_user_login_payloads] {"count":7,"friends_list":[{"dob":"2025-09-01","fullname":"shlok shirke","gender":"Male","user_id":1273,"username":"shlokshirke"},{"dob":"2025-09-01","fullname":"shlok shirke","gender":"Male","user_id":1273,"username":"shlokshirke"},{"dob":"2025-09-15","fullname":"aryan shirke","gender":"Male","user_id":1272,"username":"aryanshirke"},{"dob":"2025-09-15","fullname":"aryan shirke","gender":"Male","user_id":1272,"username":"aryanshirke"},{"dob":"2025-09-13","fullname":"Suyash chavan","gender":"Male","user_id":1270,"username":"suyashchavan"},{"dob":"2025-09-13","fullname":"Suyash chavan","gender":"Male","user_id":1270,"username":"suyashchavan"},{"dob":"2025-09-07","fullname":"kiran shirke","gender":"Female","user_id":1271,"username":"kiranshirke"}],"message_type":112}
[2025-09-23 23:03:08][DEBUG] Message received from client {"message_type":107,"username":"a","requested_by":"so_sasssy"}
[2025-09-23 23:03:08][DEBUG][process] in process func: {"message_type":107,"requested_by":"so_sasssy","username":"a"}
[2025-09-23 23:03:08][DEBUG][process_search_user_request] {"count":30,"message_type":108,"users":[{"display_name":"Vaibhav Gaikwad","friendship_status":2,"user_id":21,"username":"vaibz"},{"display_name":"Rutuja Dabhade","friendship_status":2,"user_id":34,"username":"Rutuja"},{"display_name":"Harsh Dabhade","friendship_status":2,"user_id":35,"username":"Harsh"},{"display_name":"Sakshi","friendship_status":2,"user_id":36,"username":"Sakshi"},{"display_name":"VIjay","friendship_status":2,"user_id":37,"username":"Vijay"},{"display_name":"VIjay","friendship_status":2,"user_id":38,"username":"vijay1234"},{"display_name":"Vaishnavi ","friendship_status":2,"user_id":39,"username":"vaishnavi10"},{"display_name":"vaibhav","friendship_status":2,"user_id":41,"username":"vaibz12"},{"display_name":"Mandar Chavan","friendship_status":2,"user_id":1042,"username":"mchavan882"},{"display_name":"Rohit Salunkhe","friendship_status":2,"user_id":1044,"username":"rsalunkhe058"},{"display_name":"Sachin Sawant","friendship_status":2,"user_id":1045,"username":"ssawant081"},{"display_name":"Chinmay Chavan","friendship_status":2,"user_id":1046,"username":"cchavan838"},{"display_name":"Meghna Jadhav","friendship_status":2,"user_id":1047,"username":"mjadhav670"},{"display_name":"Ashwini Deshmukh","friendship_status":2,"user_id":1049,"username":"adeshmukh629"},{"display_name":"Rutuja Jadhav","friendship_status":2,"user_id":1051,"username":"rjadhav009"},{"display_name":"Pooja Inamdar","friendship_status":2,"user_id":1052,"username":"pinamdar233"},{"display_name":"Vishal Pawar","friendship_status":2,"user_id":1053,"username":"vpawar008"},{"display_name":"Saurabh Naik","friendship_status":2,"user_id":1054,"username":"snaik444"},{"display_name":"Mandar Apte","friendship_status":2,"user_id":1055,"username":"mapte284"},{"display_name":"Sayali Salunkhe","friendship_status":2,"user_id":1056,"username":"ssalunkhe404"},{"display_name":"Bhagyashree Gaikwad","friendship_status":2,"user_id":1057,"username":"bgaikwad533"},{"display_name":"Sayali Kadam","friendship_status":2,"user_id":1058,"username":"skadam067"},{"display_name":"Kajal Kadam","friendship_status":2,"user_id":1059,"username":"kkadam640"},{"display_name":"Ashwini Bhosale","friendship_status":2,"user_id":1060,"username":"abhosale733"},{"display_name":"Smita Kulkarni","friendship_status":2,"user_id":1061,"username":"skulkarni201"},{"display_name":"Yogesh Bhosale","friendship_status":2,"user_id":1062,"username":"ybhosale217"},{"display_name":"Vaishnavi Inamdar","friendship_status":2,"user_id":1063,"username":"vinamdar778"},{"display_name":"Sayali Kadam","friendship_status":2,"user_id":1064,"username":"skadam268"},{"display_name":"Neha Inamdar","friendship_status":2,"user_id":1065,"username":"ninamdar282"},{"display_name":"Aakash Pawar","friendship_status":2,"user_id":1066,"username":"apawar122"}]}
[2025-09-23 23:03:30][DEBUG] Message received from client {"message_type":105,"user_id":1244,"username":"so_sasssy"}
[2025-09-23 23:03:30][DEBUG][process] in process func: {"message_type":105,"user_id":1244,"username":"so_sasssy"}
[2025-09-23 23:03:30][INFO][process_logout_request] User 'so_sasssy' logged out successfully
[2025-09-23 23:03:30][DEBUG][process_logout_request] {"message_type":106,"status":0}
[2025-09-23 23:04:43][DEBUG] Message received from client {"message_type":101,"username":"so_sasssy","password":"2367","timestamp":"2025-09-23T17:33:30.547Z"}
[2025-09-23 23:04:43][DEBUG][process] in process func: {"message_type":101,"password":"2367","timestamp":"2025-09-23T17:33:30.547Z","username":"so_sasssy"}
[2025-09-23 23:04:43][ERROR][process_login_request] Password is incorrect for user: so_sasssy
[2025-09-23 23:04:45][DEBUG] Message received from client {"message_type":101,"username":"so_sasssy","password":"256","timestamp":"2025-09-23T17:34:44.306Z"}
[2025-09-23 23:04:45][DEBUG][process] in process func: {"message_type":101,"password":"256","timestamp":"2025-09-23T17:34:44.306Z","username":"so_sasssy"}
[2025-09-23 23:04:45][ERROR][process_login_request] Password is incorrect for user: so_sasssy
[2025-09-23 23:04:47][DEBUG] Message received from client {"message_type":101,"username":"so_sasssy","password":"2556","timestamp":"2025-09-23T17:34:46.423Z"}
[2025-09-23 23:04:47][DEBUG][process] in process func: {"message_type":101,"password":"2556","timestamp":"2025-09-23T17:34:46.423Z","username":"so_sasssy"}
[2025-09-23 23:04:47][ERROR][process_login_request] Password is incorrect for user: so_sasssy
[2025-09-23 23:04:50][DEBUG] Message received from client {"message_type":101,"username":"so_sasssy","password":"2356","timestamp":"2025-09-23T17:34:48.382Z"}
[2025-09-23 23:04:50][DEBUG][process] in process func: {"message_type":101,"password":"2356","timestamp":"2025-09-23T17:34:48.382Z","username":"so_sasssy"}
[2025-09-23 23:04:50][INFO][process_login_request] User 'so_sasssy' logged in successfully
[2025-09-23 23:04:50][DEBUG][send_user_login_payloads] {"dob":"2004-09-07","email":"sakshirc7@gmail.com","fullname":"sakshi chavan","gender":"Female","message_type":111,"phone":"2365689655","username":"so_sasssy"}
[2025-09-23 23:04:50][DEBUG][send_user_login_payloads] {"count":0,"message_type":113,"pending_friend_requests_list":[]}
[2025-09-23 23:04:50][DEBUG][send_user_login_payloads] {"count":7,"friends_list":[{"dob":"2025-09-01","fullname":"shlok shirke","gender":"Male","user_id":1273,"username":"shlokshirke"},{"dob":"2025-09-01","fullname":"shlok shirke","gender":"Male","user_id":1273,"username":"shlokshirke"},{"dob":"2025-09-15","fullname":"aryan shirke","gender":"Male","user_id":1272,"username":"aryanshirke"},{"dob":"2025-09-15","fullname":"aryan shirke","gender":"Male","user_id":1272,"username":"aryanshirke"},{"dob":"2025-09-13","fullname":"Suyash chavan","gender":"Male","user_id":1270,"username":"suyashchavan"},{"dob":"2025-09-13","fullname":"Suyash chavan","gender":"Male","user_id":1270,"username":"suyashchavan"},{"dob":"2025-09-07","fullname":"kiran shirke","gender":"Female","user_id":1271,"username":"kiranshirke"}],"message_type":112}
[2025-09-23 23:04:52][DEBUG] Message received from client {"message_type":107,"username":"r","requested_by":"so_sasssy"}
[2025-09-23 23:04:52][DEBUG][process] in process func: {"message_type":107,"requested_by":"so_sasssy","username":"r"}
[2025-09-23 23:04:52][DEBUG][process_search_user_request] {"count":30,"message_type":108,"users":[{"display_name":"Rutuja Dabhade","friendship_status":2,"user_id":34,"username":"Rutuja"},{"display_name":"Harsh Dabhade","friendship_status":2,"user_id":35,"username":"Harsh"},{"display_name":"Rutuja D","friendship_status":2,"user_id":40,"username":"__rutu"},{"display_name":"Rohit Salunkhe","friendship_status":2,"user_id":1044,"username":"rsalunkhe058"},{"display_name":"Kanchan More","friendship_status":2,"user_id":1050,"username":"kmore898"},{"display_name":"Rutuja Jadhav","friendship_status":2,"user_id":1051,"username":"rjadhav009"},{"display_name":"Pooja Inamdar","friendship_status":2,"user_id":1052,"username":"pinamdar233"},{"display_name":"Vishal Pawar","friendship_status":2,"user_id":1053,"username":"vpawar008"},{"display_name":"Smita Kulkarni","friendship_status":2,"user_id":1061,"username":"skulkarni201"},{"display_name":"Vaishnavi Inamdar","friendship_status":2,"user_id":1063,"username":"vinamdar778"},{"display_name":"Neha Inamdar","friendship_status":2,"user_id":1065,"username":"ninamdar282"},{"display_name":"Aakash Pawar","friendship_status":2,"user_id":1066,"username":"apawar122"},{"display_name":"Aishwarya Inamdar","friendship_status":2,"user_id":1067,"username":"ainamdar198"},{"display_name":"Neha Pawar","friendship_status":2,"user_id":1068,"username":"npawar641"},{"display_name":"Prachi Kulkarni","friendship_status":2,"user_id":1069,"username":"pkulkarni824"},{"display_name":"Mandar Inamdar","friendship_status":2,"user_id":1077,"username":"minamdar487"},{"display_name":"Smita Pawar","friendship_status":2,"user_id":1082,"username":"spawar242"},{"display_name":"Diksha Inamdar","friendship_status":2,"user_id":1085,"username":"dinamdar034"},{"display_name":"Aditya Inamdar","friendship_status":2,"user_id":1087,"username":"ainamdar406"},{"display_name":"Tejas Kulkarni","friendship_status":2,"user_id":1093,"username":"tkulkarni548"},{"display_name":"Amey More","friendship_status":2,"user_id":1094,"username":"amore956"},{"display_name":"Omkar Inamdar","friendship_status":2,"user_id":1097,"username":"oinamdar140"},{"display_name":"Kajal Pawar","friendship_status":2,"user_id":1098,"username":"kpawar579"},{"display_name":"Rupali Deshmukh","friendship_status":2,"user_id":1107,"username":"rdeshmukh637"},{"display_name":"Ruturaj More","friendship_status":2,"user_id":1110,"username":"rmore985"},{"display_name":"Amey Pawar","friendship_status":2,"user_id":1112,"username":"apawar018"},{"display_name":"Kunal Kulkarni","friendship_status":2,"user_id":1113,"username":"kkulkarni684"},{"display_name":"Ruturaj Pawar","friendship_status":2,"user_id":1122,"username":"rpawar967"},{"display_name":"Rupali Kulkarni","friendship_status":2,"user_id":1125,"username":"rkulkarni109"},{"display_name":"Vaishnavi Kulkarni","friendship_status":2,"user_id":1135,"username":"vkulkarni090"}]}
[2025-09-23 23:04:52][DEBUG] Message received from client {"message_type":107,"username":"ru","requested_by":"so_sasssy"}
[2025-09-23 23:04:52][DEBUG][process] in process func: {"message_type":107,"requested_by":"so_sasssy","username":"ru"}
[2025-09-23 23:04:52][DEBUG][process_search_user_request] {"count":15,"message_type":108,"users":[{"display_name":"Rutuja Dabhade","friendship_status":2,"user_id":34,"username":"Rutuja"},{"display_name":"Rutuja D","friendship_status":2,"user_id":40,"username":"__rutu"},{"display_name":"Rutuja Jadhav","friendship_status":2,"user_id":1051,"username":"rjadhav009"},{"display_name":"Rupali Deshmukh","friendship_status":2,"user_id":1107,"username":"rdeshmukh637"},{"display_name":"Ruturaj More","friendship_status":2,"user_id":1110,"username":"rmore985"},{"display_name":"Ruturaj Pawar","friendship_status":2,"user_id":1122,"username":"rpawar967"},{"display_name":"Rupali Kulkarni","friendship_status":2,"user_id":1125,"username":"rkulkarni109"},{"display_name":"Ruturaj Deshmukh","friendship_status":2,"user_id":1142,"username":"rdeshmukh590"},{"display_name":"Rutuja Bhosale","friendship_status":2,"user_id":1176,"username":"rbhosale161"},{"display_name":"Rupali Pawar","friendship_status":2,"user_id":1186,"username":"rpawar087"},{"display_name":"Rutuja Kadam","friendship_status":2,"user_id":1187,"username":"rkadam339"},{"display_name":"Ruturaj Inamdar","friendship_status":2,"user_id":1204,"username":"rinamdar954"},{"display_name":"Ruturaj Jadhav","friendship_status":2,"user_id":1207,"username":"rjadhav555"},{"display_name":"Ruturaj Phadke","friendship_status":2,"user_id":1214,"username":"rphadke560"},{"display_name":"Rutujs","friendship_status":2,"user_id":1258,"username":"_rutu_"}]}
[2025-09-23 23:04:52][DEBUG] Message received from client {"message_type":107,"username":"rut","requested_by":"so_sasssy"}
[2025-09-23 23:04:52][DEBUG][process] in process func: {"message_type":107,"requested_by":"so_sasssy","username":"rut"}
[2025-09-23 23:04:52][DEBUG][process_search_user_request] {"count":12,"message_type":108,"users":[{"display_name":"Rutuja Dabhade","friendship_status":2,"user_id":34,"username":"Rutuja"},{"display_name":"Rutuja D","friendship_status":2,"user_id":40,"username":"__rutu"},{"display_name":"Rutuja Jadhav","friendship_status":2,"user_id":1051,"username":"rjadhav009"},{"display_name":"Ruturaj More","friendship_status":2,"user_id":1110,"username":"rmore985"},{"display_name":"Ruturaj Pawar","friendship_status":2,"user_id":1122,"username":"rpawar967"},{"display_name":"Ruturaj Deshmukh","friendship_status":2,"user_id":1142,"username":"rdeshmukh590"},{"display_name":"Rutuja Bhosale","friendship_status":2,"user_id":1176,"username":"rbhosale161"},{"display_name":"Rutuja Kadam","friendship_status":2,"user_id":1187,"username":"rkadam339"},{"display_name":"Ruturaj Inamdar","friendship_status":2,"user_id":1204,"username":"rinamdar954"},{"display_name":"Ruturaj Jadhav","friendship_status":2,"user_id":1207,"username":"rjadhav555"},{"display_name":"Ruturaj Phadke","friendship_status":2,"user_id":1214,"username":"rphadke560"},{"display_name":"Rutujs","friendship_status":2,"user_id":1258,"username":"_rutu_"}]}
[2025-09-23 23:04:52][DEBUG] Message received from client {"message_type":107,"username":"rutu","requested_by":"so_sasssy"}
[2025-09-23 23:04:52][DEBUG][process] in process func: {"message_type":107,"requested_by":"so_sasssy","username":"rutu"}
[2025-09-23 23:04:52][DEBUG][process_search_user_request] {"count":12,"message_type":108,"users":[{"display_name":"Rutuja Dabhade","friendship_status":2,"user_id":34,"username":"Rutuja"},{"display_name":"Rutuja D","friendship_status":2,"user_id":40,"username":"__rutu"},{"display_name":"Rutuja Jadhav","friendship_status":2,"user_id":1051,"username":"rjadhav009"},{"display_name":"Ruturaj More","friendship_status":2,"user_id":1110,"username":"rmore985"},{"display_name":"Ruturaj Pawar","friendship_status":2,"user_id":1122,"username":"rpawar967"},{"display_name":"Ruturaj Deshmukh","friendship_status":2,"user_id":1142,"username":"rdeshmukh590"},{"display_name":"Rutuja Bhosale","friendship_status":2,"user_id":1176,"username":"rbhosale161"},{"display_name":"Rutuja Kadam","friendship_status":2,"user_id":1187,"username":"rkadam339"},{"display_name":"Ruturaj Inamdar","friendship_status":2,"user_id":1204,"username":"rinamdar954"},{"display_name":"Ruturaj Jadhav","friendship_status":2,"user_id":1207,"username":"rjadhav555"},{"display_name":"Ruturaj Phadke","friendship_status":2,"user_id":1214,"username":"rphadke560"},{"display_name":"Rutujs","friendship_status":2,"user_id":1258,"username":"_rutu_"}]}
[2025-09-23 23:04:55][DEBUG] Message received from client {"message_type":109,"sender_id":1244,"sender":"so_sasssy","name_of_sender":"sakshi chavan","receiver_id":34,"receiver":"Rutuja","name_of_receiver":"Rutuja Dabhade","timestamp":"2025-09-23T17:34:52.927Z"}
[2025-09-23 23:04:55][DEBUG] Message received from client {"message_type":107,"username":"rutu","requested_by":"so_sasssy"}
[2025-09-23 23:04:55][DEBUG][process] in process func: {"message_type":109,"name_of_receiver":"Rutuja Dabhade","name_of_sender":"sakshi chavan","receiver":"Rutuja","receiver_id":34,"sender":"so_sasssy","sender_id":1244,"timestamp":"2025-09-23T17:34:52.927Z"}
[2025-09-23 23:04:55][DEBUG][process] in process func: {"message_type":107,"requested_by":"so_sasssy","username":"rutu"}
[2025-09-23 23:04:55][DEBUG][process_search_user_request] {"count":12,"message_type":108,"users":[{"display_name":"Rutuja Dabhade","friendship_status":1,"user_id":34,"username":"Rutuja"},{"display_name":"Rutuja D","friendship_status":2,"user_id":40,"username":"__rutu"},{"display_name":"Rutuja Jadhav","friendship_status":2,"user_id":1051,"username":"rjadhav009"},{"display_name":"Ruturaj More","friendship_status":2,"user_id":1110,"username":"rmore985"},{"display_name":"Ruturaj Pawar","friendship_status":2,"user_id":1122,"username":"rpawar967"},{"display_name":"Ruturaj Deshmukh","friendship_status":2,"user_id":1142,"username":"rdeshmukh590"},{"display_name":"Rutuja Bhosale","friendship_status":2,"user_id":1176,"username":"rbhosale161"},{"display_name":"Rutuja Kadam","friendship_status":2,"user_id":1187,"username":"rkadam339"},{"display_name":"Ruturaj Inamdar","friendship_status":2,"user_id":1204,"username":"rinamdar954"},{"display_name":"Ruturaj Jadhav","friendship_status":2,"user_id":1207,"username":"rjadhav555"},{"display_name":"Ruturaj Phadke","friendship_status":2,"user_id":1214,"username":"rphadke560"},{"display_name":"Rutujs","friendship_status":2,"user_id":1258,"username":"_rutu_"}]}
[2025-09-23 23:05:00][DEBUG] Message received from client {"message_type":105,"user_id":1244,"username":"so_sasssy"}
[2025-09-23 23:05:00][DEBUG][process] in process func: {"message_type":105,"user_id":1244,"username":"so_sasssy"}
[2025-09-23 23:05:00][INFO][process_logout_request] User 'so_sasssy' logged out successfully
[2025-09-23 23:05:00][DEBUG][process_logout_request] {"message_type":106,"status":0}
[2025-09-23 23:05:05][DEBUG] Message received from client {"message_type":101,"username":"vaibz","password":"1234","timestamp":"2025-09-23T17:35:00.043Z"}
[2025-09-23 23:05:05][DEBUG][process] in process func: {"message_type":101,"password":"1234","timestamp":"2025-09-23T17:35:00.043Z","username":"vaibz"}
[2025-09-23 23:05:05][ERROR][process_login_request] Password is incorrect for user: vaibz
[2025-09-23 23:05:06][DEBUG] Message received from client {"message_type":101,"username":"vaibz","password":"12345","timestamp":"2025-09-23T17:35:06.457Z"}
[2025-09-23 23:05:06][DEBUG][process] in process func: {"message_type":101,"password":"12345","timestamp":"2025-09-23T17:35:06.457Z","username":"vaibz"}
[2025-09-23 23:05:06][INFO][process_login_request] User 'vaibz' logged in successfully
[2025-09-23 23:05:06][DEBUG][send_user_login_payloads] {"dob":"2002-03-20","email":"vaibhav@google.com","fullname":"Vaibhav Gaikwad","gender":"Male","message_type":111,"phone":"+91-7887401312","username":"vaibz"}
[2025-09-23 23:05:06][DEBUG][send_user_login_payloads] {"count":0,"message_type":113,"pending_friend_requests_list":[]}
[2025-09-23 23:05:06][DEBUG][send_user_login_payloads] {"count":0,"friends_list":[],"message_type":112}
[2025-09-23 23:05:09][DEBUG] Message received from client {"message_type":107,"username":"r","requested_by":"vaibz"}
[2025-09-23 23:05:09][DEBUG][process] in process func: {"message_type":107,"requested_by":"vaibz","username":"r"}
[2025-09-23 23:05:09][DEBUG][process_search_user_request] {"count":30,"message_type":108,"users":[{"display_name":"Rutuja Dabhade","friendship_status":2,"user_id":34,"username":"Rutuja"},{"display_name":"Harsh Dabhade","friendship_status":2,"user_id":35,"username":"Harsh"},{"display_name":"Rutuja D","friendship_status":2,"user_id":40,"username":"__rutu"},{"display_name":"Rohit Salunkhe","friendship_status":2,"user_id":1044,"username":"rsalunkhe058"},{"display_name":"Kanchan More","friendship_status":2,"user_id":1050,"username":"kmore898"},{"display_name":"Rutuja Jadhav","friendship_status":2,"user_id":1051,"username":"rjadhav009"},{"display_name":"Pooja Inamdar","friendship_status":2,"user_id":1052,"username":"pinamdar233"},{"display_name":"Vishal Pawar","friendship_status":2,"user_id":1053,"username":"vpawar008"},{"display_name":"Smita Kulkarni","friendship_status":2,"user_id":1061,"username":"skulkarni201"},{"display_name":"Vaishnavi Inamdar","friendship_status":2,"user_id":1063,"username":"vinamdar778"},{"display_name":"Neha Inamdar","friendship_status":2,"user_id":1065,"username":"ninamdar282"},{"display_name":"Aakash Pawar","friendship_status":2,"user_id":1066,"username":"apawar122"},{"display_name":"Aishwarya Inamdar","friendship_status":2,"user_id":1067,"username":"ainamdar198"},{"display_name":"Neha Pawar","friendship_status":2,"user_id":1068,"username":"npawar641"},{"display_name":"Prachi Kulkarni","friendship_status":2,"user_id":1069,"username":"pkulkarni824"},{"display_name":"Mandar Inamdar","friendship_status":2,"user_id":1077,"username":"minamdar487"},{"display_name":"Smita Pawar","friendship_status":2,"user_id":1082,"username":"spawar242"},{"display_name":"Diksha Inamdar","friendship_status":2,"user_id":1085,"username":"dinamdar034"},{"display_name":"Aditya Inamdar","friendship_status":2,"user_id":1087,"username":"ainamdar406"},{"display_name":"Tejas Kulkarni","friendship_status":2,"user_id":1093,"username":"tkulkarni548"},{"display_name":"Amey More","friendship_status":2,"user_id":1094,"username":"amore956"},{"display_name":"Omkar Inamdar","friendship_status":2,"user_id":1097,"username":"oinamdar140"},{"display_name":"Kajal Pawar","friendship_status":2,"user_id":1098,"username":"kpawar579"},{"display_name":"Rupali Deshmukh","friendship_status":2,"user_id":1107,"username":"rdeshmukh637"},{"display_name":"Ruturaj More","friendship_status":2,"user_id":1110,"username":"rmore985"},{"display_name":"Amey Pawar","friendship_status":2,"user_id":1112,"username":"apawar018"},{"display_name":"Kunal Kulkarni","friendship_status":2,"user_id":1113,"username":"kkulkarni684"},{"display_name":"Ruturaj Pawar","friendship_status":2,"user_id":1122,"username":"rpawar967"},{"display_name":"Rupali Kulkarni","friendship_status":2,"user_id":1125,"username":"rkulkarni109"},{"display_name":"Vaishnavi Kulkarni","friendship_status":2,"user_id":1135,"username":"vkulkarni090"}]}
[2025-09-23 23:05:09][DEBUG] Message received from client {"message_type":107,"username":"ru","requested_by":"vaibz"}
[2025-09-23 23:05:09][DEBUG][process] in process func: {"message_type":107,"requested_by":"vaibz","username":"ru"}
[2025-09-23 23:05:09][DEBUG][process_search_user_request] {"count":15,"message_type":108,"users":[{"display_name":"Rutuja Dabhade","friendship_status":2,"user_id":34,"username":"Rutuja"},{"display_name":"Rutuja D","friendship_status":2,"user_id":40,"username":"__rutu"},{"display_name":"Rutuja Jadhav","friendship_status":2,"user_id":1051,"username":"rjadhav009"},{"display_name":"Rupali Deshmukh","friendship_status":2,"user_id":1107,"username":"rdeshmukh637"},{"display_name":"Ruturaj More","friendship_status":2,"user_id":1110,"username":"rmore985"},{"display_name":"Ruturaj Pawar","friendship_status":2,"user_id":1122,"username":"rpawar967"},{"display_name":"Rupali Kulkarni","friendship_status":2,"user_id":1125,"username":"rkulkarni109"},{"display_name":"Ruturaj Deshmukh","friendship_status":2,"user_id":1142,"username":"rdeshmukh590"},{"display_name":"Rutuja Bhosale","friendship_status":2,"user_id":1176,"username":"rbhosale161"},{"display_name":"Rupali Pawar","friendship_status":2,"user_id":1186,"username":"rpawar087"},{"display_name":"Rutuja Kadam","friendship_status":2,"user_id":1187,"username":"rkadam339"},{"display_name":"Ruturaj Inamdar","friendship_status":2,"user_id":1204,"username":"rinamdar954"},{"display_name":"Ruturaj Jadhav","friendship_status":2,"user_id":1207,"username":"rjadhav555"},{"display_name":"Ruturaj Phadke","friendship_status":2,"user_id":1214,"username":"rphadke560"},{"display_name":"Rutujs","friendship_status":2,"user_id":1258,"username":"_rutu_"}]}
[2025-09-23 23:05:09][DEBUG] Message received from client {"message_type":107,"username":"rut","requested_by":"vaibz"}
[2025-09-23 23:05:09][DEBUG][process] in process func: {"message_type":107,"requested_by":"vaibz","username":"rut"}
[2025-09-23 23:05:09][DEBUG][process_search_user_request] {"count":12,"message_type":108,"users":[{"display_name":"Rutuja Dabhade","friendship_status":2,"user_id":34,"username":"Rutuja"},{"display_name":"Rutuja D","friendship_status":2,"user_id":40,"username":"__rutu"},{"display_name":"Rutuja Jadhav","friendship_status":2,"user_id":1051,"username":"rjadhav009"},{"display_name":"Ruturaj More","friendship_status":2,"user_id":1110,"username":"rmore985"},{"display_name":"Ruturaj Pawar","friendship_status":2,"user_id":1122,"username":"rpawar967"},{"display_name":"Ruturaj Deshmukh","friendship_status":2,"user_id":1142,"username":"rdeshmukh590"},{"display_name":"Rutuja Bhosale","friendship_status":2,"user_id":1176,"username":"rbhosale161"},{"display_name":"Rutuja Kadam","friendship_status":2,"user_id":1187,"username":"rkadam339"},{"display_name":"Ruturaj Inamdar","friendship_status":2,"user_id":1204,"username":"rinamdar954"},{"display_name":"Ruturaj Jadhav","friendship_status":2,"user_id":1207,"username":"rjadhav555"},{"display_name":"Ruturaj Phadke","friendship_status":2,"user_id":1214,"username":"rphadke560"},{"display_name":"Rutujs","friendship_status":2,"user_id":1258,"username":"_rutu_"}]}
[2025-09-23 23:05:11][DEBUG] Message received from client {"message_type":109,"sender_id":21,"sender":"vaibz","name_of_sender":"Vaibhav Gaikwad","receiver_id":34,"receiver":"Rutuja","name_of_receiver":"Rutuja Dabhade","timestamp":"2025-09-23T17:35:09.670Z"}
[2025-09-23 23:05:11][DEBUG] Message received from client {"message_type":107,"username":"rut","requested_by":"vaibz"}
[2025-09-23 23:05:11][DEBUG][process] in process func: {"message_type":109,"name_of_receiver":"Rutuja Dabhade","name_of_sender":"Vaibhav Gaikwad","receiver":"Rutuja","receiver_id":34,"sender":"vaibz","sender_id":21,"timestamp":"2025-09-23T17:35:09.670Z"}
[2025-09-23 23:05:11][DEBUG][process] in process func: {"message_type":107,"requested_by":"vaibz","username":"rut"}
[2025-09-23 23:05:11][DEBUG][process_search_user_request] {"count":12,"message_type":108,"users":[{"display_name":"Rutuja Dabhade","friendship_status":1,"user_id":34,"username":"Rutuja"},{"display_name":"Rutuja D","friendship_status":2,"user_id":40,"username":"__rutu"},{"display_name":"Rutuja Jadhav","friendship_status":2,"user_id":1051,"username":"rjadhav009"},{"display_name":"Ruturaj More","friendship_status":2,"user_id":1110,"username":"rmore985"},{"display_name":"Ruturaj Pawar","friendship_status":2,"user_id":1122,"username":"rpawar967"},{"display_name":"Ruturaj Deshmukh","friendship_status":2,"user_id":1142,"username":"rdeshmukh590"},{"display_name":"Rutuja Bhosale","friendship_status":2,"user_id":1176,"username":"rbhosale161"},{"display_name":"Rutuja Kadam","friendship_status":2,"user_id":1187,"username":"rkadam339"},{"display_name":"Ruturaj Inamdar","friendship_status":2,"user_id":1204,"username":"rinamdar954"},{"display_name":"Ruturaj Jadhav","friendship_status":2,"user_id":1207,"username":"rjadhav555"},{"display_name":"Ruturaj Phadke","friendship_status":2,"user_id":1214,"username":"rphadke560"},{"display_name":"Rutujs","friendship_status":2,"user_id":1258,"username":"_rutu_"}]}
[2025-09-23 23:05:19][INFO] Client connected with IP: 127.0.0.1
[2025-09-23 23:05:51][DEBUG] Message received from client {"message_type":105,"user_id":34,"username":"rutuja"}
[2025-09-23 23:05:51][DEBUG][process] in process func: {"message_type":105,"user_id":34,"username":"rutuja"}
[2025-09-23 23:05:51][ERROR][process_logout_request] Failed to log out user 'rutuja'
[2025-09-23 23:05:51][DEBUG][process_logout_request] {"message_type":106,"status":1}
[2025-09-23 23:05:58][INFO] Client connected with IP: 127.0.0.1
[2025-09-23 23:06:05][DEBUG] Message received from client {"message_type":101,"username":"rutuja","password":"1234","timestamp":"2025-09-23T17:35:59.356Z"}
[2025-09-23 23:06:05][DEBUG][process] in process func: {"message_type":101,"password":"1234","timestamp":"2025-09-23T17:35:59.356Z","username":"rutuja"}
[2025-09-23 23:06:05][INFO][process_login_request] User 'rutuja' logged in successfully
[2025-09-23 23:06:05][DEBUG][send_user_login_payloads] {"dob":"2025-06-06","email":"rutuja04dabhade@gmail.com","fullname":"Rutuja Dabhade","gender":"Female","message_type":111,"phone":"9978789089","username":"Rutuja"}
[2025-09-23 23:06:05][DEBUG][send_user_login_payloads] {"count":2,"message_type":113,"pending_friend_requests_list":[{"name_of_receiver":"Rutuja Dabhade","name_of_sender":"sakshi chavan","receiver":"Rutuja","receiver_id":34,"request_status":"pending","sender":"so_sasssy","sender_id":1244,"timestamp":"2025-09-23 23:04:55"},{"name_of_receiver":"Rutuja Dabhade","name_of_sender":"Vaibhav Gaikwad","receiver":"Rutuja","receiver_id":34,"request_status":"pending","sender":"vaibz","sender_id":21,"timestamp":"2025-09-23 23:05:11"}]}
[2025-09-23 23:06:05][DEBUG][send_user_login_payloads] {"count":1,"friends_list":[{"dob":"2025-06-03","fullname":"Vaishnavi ","gender":"Female","user_id":39,"username":"vaishnavi10"}],"message_type":112}
[2025-09-23 23:06:20][DEBUG] Message received from client {"message_type":110,"sender_id":34,"sender":"Rutuja","name_of_sender":"Rutuja Dabhade","receiver_id":1244,"receiver":"so_sasssy","name_of_receiver":"sakshi chavan","request_status":1,"timestamp":"2025-09-23T17:36:16.611Z"}
[2025-09-23 23:06:20][DEBUG][process] in process func: {"message_type":110,"name_of_receiver":"sakshi chavan","name_of_sender":"Rutuja Dabhade","receiver":"so_sasssy","receiver_id":1244,"request_status":1,"sender":"Rutuja","sender_id":34,"timestamp":"2025-09-23T17:36:16.611Z"}
[2025-09-23 23:06:23][DEBUG] Message received from client {"message_type":110,"sender_id":34,"sender":"Rutuja","name_of_sender":"Rutuja Dabhade","receiver_id":21,"receiver":"vaibz","name_of_receiver":"Vaibhav Gaikwad","request_status":1,"timestamp":"2025-09-23T17:36:21.271Z"}
[2025-09-23 23:06:23][DEBUG][process] in process func: {"message_type":110,"name_of_receiver":"Vaibhav Gaikwad","name_of_sender":"Rutuja Dabhade","receiver":"vaibz","receiver_id":21,"request_status":1,"sender":"Rutuja","sender_id":34,"timestamp":"2025-09-23T17:36:21.271Z"}
[2025-09-23 23:06:45][INFO] Client connected with IP: 127.0.0.1
[2025-09-23 23:06:51][DEBUG] Message received from client {"message_type":107,"username":"s","requested_by":"vaibz"}
[2025-09-23 23:06:51][DEBUG][process] in process func: {"message_type":107,"requested_by":"vaibz","username":"s"}
[2025-09-23 23:06:51][DEBUG][process_search_user_request] {"count":30,"message_type":108,"users":[{"display_name":"Harsh Dabhade","friendship_status":2,"user_id":35,"username":"Harsh"},{"display_name":"Sakshi","friendship_status":2,"user_id":36,"username":"Sakshi"},{"display_name":"Vaishnavi ","friendship_status":2,"user_id":39,"username":"vaishnavi10"},{"display_name":"Manasi Deshmukh","friendship_status":2,"user_id":1043,"username":"mdeshmukh402"},{"display_name":"Rohit Salunkhe","friendship_status":2,"user_id":1044,"username":"rsalunkhe058"},{"display_name":"Sachin Sawant","friendship_status":2,"user_id":1045,"username":"ssawant081"},{"display_name":"Tejas Joshi","friendship_status":2,"user_id":1048,"username":"tjoshi211"},{"display_name":"Ashwini Deshmukh","friendship_status":2,"user_id":1049,"username":"adeshmukh629"},{"display_name":"Saurabh Naik","friendship_status":2,"user_id":1054,"username":"snaik444"},{"display_name":"Sayali Salunkhe","friendship_status":2,"user_id":1056,"username":"ssalunkhe404"},{"display_name":"Sayali Kadam","friendship_status":2,"user_id":1058,"username":"skadam067"},{"display_name":"Ashwini Bhosale","friendship_status":2,"user_id":1060,"username":"abhosale733"},{"display_name":"Smita Kulkarni","friendship_status":2,"user_id":1061,"username":"skulkarni201"},{"display_name":"Yogesh Bhosale","friendship_status":2,"user_id":1062,"username":"ybhosale217"},{"display_name":"Sayali Kadam","friendship_status":2,"user_id":1064,"username":"skadam268"},{"display_name":"Shraddha Chavan","friendship_status":2,"user_id":1070,"username":"schavan386"},{"display_name":"Sayali Kadam","friendship_status":2,"user_id":1071,"username":"skadam783"},{"display_name":"Swapnil Joshi","friendship_status":2,"user_id":1073,"username":"sjoshi635"},{"display_name":"Siddhesh Shinde","friendship_status":2,"user_id":1075,"username":"sshinde482"},{"display_name":"Sachin Jadhav","friendship_status":2,"user_id":1076,"username":"sjadhav205"},{"display_name":"Yogesh Shinde","friendship_status":2,"user_id":1078,"username":"yshinde478"},{"display_name":"Yogesh Sawant","friendship_status":2,"user_id":1079,"username":"ysawant168"},{"display_name":"Amey Sawant","friendship_status":2,"user_id":1080,"username":"asawant856"},{"display_name":"Smita Pawar","friendship_status":2,"user_id":1082,"username":"spawar242"},{"display_name":"Shraddha Phadke","friendship_status":2,"user_id":1083,"username":"sphadke181"},{"display_name":"Siddhesh Kamble","friendship_status":2,"user_id":1084,"username":"skamble173"},{"display_name":"Tejas Shinde","friendship_status":2,"user_id":1086,"username":"tshinde522"},{"display_name":"Ajinkya Shinde","friendship_status":2,"user_id":1091,"username":"ashinde112"},{"display_name":"Priyanka Sawant","friendship_status":2,"user_id":1095,"username":"psawant507"},{"display_name":"Ajinkya Bhosale","friendship_status":2,"user_id":1101,"username":"abhosale823"}]}
[2025-09-23 23:06:51][DEBUG] Message received from client {"message_type":107,"username":"sa","requested_by":"vaibz"}
[2025-09-23 23:06:51][DEBUG][process] in process func: {"message_type":107,"requested_by":"vaibz","username":"sa"}
[2025-09-23 23:06:51][DEBUG][process_search_user_request] {"count":30,"message_type":108,"users":[{"display_name":"Sakshi","friendship_status":2,"user_id":36,"username":"Sakshi"},{"display_name":"Rohit Salunkhe","friendship_status":2,"user_id":1044,"username":"rsalunkhe058"},{"display_name":"Sachin Sawant","friendship_status":2,"user_id":1045,"username":"ssawant081"},{"display_name":"Saurabh Naik","friendship_status":2,"user_id":1054,"username":"snaik444"},{"display_name":"Sayali Salunkhe","friendship_status":2,"user_id":1056,"username":"ssalunkhe404"},{"display_name":"Sayali Kadam","friendship_status":2,"user_id":1058,"username":"skadam067"},{"display_name":"Ashwini Bhosale","friendship_status":2,"user_id":1060,"username":"abhosale733"},{"display_name":"Yogesh Bhosale","friendship_status":2,"user_id":1062,"username":"ybhosale217"},{"display_name":"Sayali Kadam","friendship_status":2,"user_id":1064,"username":"skadam268"},{"display_name":"Sayali Kadam","friendship_status":2,"user_id":1071,"username":"skadam783"},{"display_name":"Sachin Jadhav","friendship_status":2,"user_id":1076,"username":"sjadhav205"},{"display_name":"Yogesh Sawant","friendship_status":2,"user_id":1079,"username":"ysawant168"},{"display_name":"Amey Sawant","friendship_status":2,"user_id":1080,"username":"asawant856"},{"display_name":"Priyanka Sawant","friendship_status":2,"user_id":1095,"username":"psawant507"},{"display_name":"Ajinkya Bhosale","friendship_status":2,"user_id":1101,"username":"abhosale823"},{"display_name":"Siddhesh Salunkhe","friendship_status":2,"user_id":1103,"username":"ssalunkhe497"},{"display_name":"Saurabh Naik","friendship_status":2,"user_id":1104,"username":"snaik611"},{"display_name":"Smita Bhosale","friendship_status":2,"user_id":1109,"username":"sbhosale271"},{"display_name":"Saurabh Lokhande","friendship_status":2,"user_id":1118,"username":"slokhande328"},{"display_name":"Aishwarya Sawant","friendship_status":2,"user_id":1121,"username":"asawant920"},{"display_name":"Mayur Sawant","friendship_status":2,"user_id":1126,"username":"msawant802"},{"display_name":"Meghna Sawant","friendship_status":2,"user_id":1133,"username":"msawant160"},{"display_name":"Anuja Sawant","friendship_status":2,"user_id":1134,"username":"asawant735"},{"display_name":"Saurabh Kulkarni","friendship_status":2,"user_id":1148,"username":"skulkarni636"},{"display_name":"Saurabh More","friendship_status":2,"user_id":1149,"username":"smore102"},{"display_name":"Kajal Sawant","friendship_status":2,"user_id":1153,"username":"ksawant356"},{"display_name":"Saurabh Naik","friendship_status":2,"user_id":1161,"username":"snaik779"},{"display_name":"Sachin Bhosale","friendship_status":2,"user_id":1166,"username":"sbhosale558"},{"display_name":"Mayur Salunkhe","friendship_status":2,"user_id":1170,"username":"msalunkhe601"},{"display_name":"Pratik Sawant","friendship_status":2,"user_id":1172,"username":"psawant248"}]}
[2025-09-23 23:06:51][DEBUG] Message received from client {"message_type":107,"username":"sak","requested_by":"vaibz"}
[2025-09-23 23:06:51][DEBUG][process] in process func: {"message_type":107,"requested_by":"vaibz","username":"sak"}
[2025-09-23 23:06:51][DEBUG][process_search_user_request] {"count":4,"message_type":108,"users":[{"display_name":"Sakshi","friendship_status":2,"user_id":36,"username":"Sakshi"},{"display_name":"sakshi chavan","friendship_status":2,"user_id":1244,"username":"so_sasssy"},{"display_name":"sakshi chavan","friendship_status":2,"user_id":1251,"username":"saucy_sakshi"},{"display_name":"sakk","friendship_status":2,"user_id":1252,"username":"whatever"}]}
[2025-09-23 23:06:53][DEBUG] Message received from client {"message_type":109,"sender_id":21,"sender":"vaibz","name_of_sender":"Vaibhav Gaikwad","receiver_id":1244,"receiver":"so_sasssy","name_of_receiver":"sakshi chavan","timestamp":"2025-09-23T17:36:51.646Z"}
[2025-09-23 23:06:53][DEBUG] Message received from client {"message_type":107,"username":"sak","requested_by":"vaibz"}
[2025-09-23 23:06:53][DEBUG][process] in process func: {"message_type":109,"name_of_receiver":"sakshi chavan","name_of_sender":"Vaibhav Gaikwad","receiver":"so_sasssy","receiver_id":1244,"sender":"vaibz","sender_id":21,"timestamp":"2025-09-23T17:36:51.646Z"}
[2025-09-23 23:06:53][DEBUG][process] in process func: {"message_type":107,"requested_by":"vaibz","username":"sak"}
[2025-09-23 23:06:53][DEBUG][process_search_user_request] {"count":4,"message_type":108,"users":[{"display_name":"Sakshi","friendship_status":2,"user_id":36,"username":"Sakshi"},{"display_name":"sakshi chavan","friendship_status":1,"user_id":1244,"username":"so_sasssy"},{"display_name":"sakshi chavan","friendship_status":2,"user_id":1251,"username":"saucy_sakshi"},{"display_name":"sakk","friendship_status":2,"user_id":1252,"username":"whatever"}]}
[2025-09-23 23:07:04][DEBUG] Message received from client {"message_type":101,"username":"so_sasssy","password":"2356","timestamp":"2025-09-23T17:36:45.856Z"}
[2025-09-23 23:07:04][DEBUG][process] in process func: {"message_type":101,"password":"2356","timestamp":"2025-09-23T17:36:45.856Z","username":"so_sasssy"}
[2025-09-23 23:07:04][INFO][process_login_request] User 'so_sasssy' logged in successfully
[2025-09-23 23:07:04][DEBUG][send_user_login_payloads] {"dob":"2004-09-07","email":"sakshirc7@gmail.com","fullname":"sakshi chavan","gender":"Female","message_type":111,"phone":"2365689655","username":"so_sasssy"}
[2025-09-23 23:07:04][DEBUG][send_user_login_payloads] {"count":1,"message_type":113,"pending_friend_requests_list":[{"name_of_receiver":"sakshi chavan","name_of_sender":"Vaibhav Gaikwad","receiver":"so_sasssy","receiver_id":1244,"request_status":"pending","sender":"vaibz","sender_id":21,"timestamp":"2025-09-23 23:06:53"}]}
[2025-09-23 23:07:04][DEBUG][send_user_login_payloads] {"count":8,"friends_list":[{"dob":"2025-09-01","fullname":"shlok shirke","gender":"Male","user_id":1273,"username":"shlokshirke"},{"dob":"2025-09-01","fullname":"shlok shirke","gender":"Male","user_id":1273,"username":"shlokshirke"},{"dob":"2025-09-15","fullname":"aryan shirke","gender":"Male","user_id":1272,"username":"aryanshirke"},{"dob":"2025-09-15","fullname":"aryan shirke","gender":"Male","user_id":1272,"username":"aryanshirke"},{"dob":"2025-09-13","fullname":"Suyash chavan","gender":"Male","user_id":1270,"username":"suyashchavan"},{"dob":"2025-09-13","fullname":"Suyash chavan","gender":"Male","user_id":1270,"username":"suyashchavan"},{"dob":"2025-09-07","fullname":"kiran shirke","gender":"Female","user_id":1271,"username":"kiranshirke"},{"dob":"2025-06-06","fullname":"Rutuja Dabhade","gender":"Female","user_id":34,"username":"Rutuja"}],"message_type":112}
[2025-09-23 23:07:06][DEBUG] Message received from client {"message_type":110,"sender_id":1244,"sender":"so_sasssy","name_of_sender":"sakshi chavan","receiver_id":21,"receiver":"vaibz","name_of_receiver":"Vaibhav Gaikwad","request_status":0,"timestamp":"2025-09-23T17:37:06.031Z"}
[2025-09-23 23:07:06][DEBUG][process] in process func: {"message_type":110,"name_of_receiver":"Vaibhav Gaikwad","name_of_sender":"sakshi chavan","receiver":"vaibz","receiver_id":21,"request_status":0,"sender":"so_sasssy","sender_id":1244,"timestamp":"2025-09-23T17:37:06.031Z"}
[2025-09-23 23:07:10][DEBUG] Message received from client {"message_type":107,"username":"s","requested_by":"vaibz"}
[2025-09-23 23:07:10][DEBUG][process] in process func: {"message_type":107,"requested_by":"vaibz","username":"s"}
[2025-09-23 23:07:10][DEBUG][process_search_user_request] {"count":30,"message_type":108,"users":[{"display_name":"Harsh Dabhade","friendship_status":2,"user_id":35,"username":"Harsh"},{"display_name":"Sakshi","friendship_status":2,"user_id":36,"username":"Sakshi"},{"display_name":"Vaishnavi ","friendship_status":2,"user_id":39,"username":"vaishnavi10"},{"display_name":"Manasi Deshmukh","friendship_status":2,"user_id":1043,"username":"mdeshmukh402"},{"display_name":"Rohit Salunkhe","friendship_status":2,"user_id":1044,"username":"rsalunkhe058"},{"display_name":"Sachin Sawant","friendship_status":2,"user_id":1045,"username":"ssawant081"},{"display_name":"Tejas Joshi","friendship_status":2,"user_id":1048,"username":"tjoshi211"},{"display_name":"Ashwini Deshmukh","friendship_status":2,"user_id":1049,"username":"adeshmukh629"},{"display_name":"Saurabh Naik","friendship_status":2,"user_id":1054,"username":"snaik444"},{"display_name":"Sayali Salunkhe","friendship_status":2,"user_id":1056,"username":"ssalunkhe404"},{"display_name":"Sayali Kadam","friendship_status":2,"user_id":1058,"username":"skadam067"},{"display_name":"Ashwini Bhosale","friendship_status":2,"user_id":1060,"username":"abhosale733"},{"display_name":"Smita Kulkarni","friendship_status":2,"user_id":1061,"username":"skulkarni201"},{"display_name":"Yogesh Bhosale","friendship_status":2,"user_id":1062,"username":"ybhosale217"},{"display_name":"Sayali Kadam","friendship_status":2,"user_id":1064,"username":"skadam268"},{"display_name":"Shraddha Chavan","friendship_status":2,"user_id":1070,"username":"schavan386"},{"display_name":"Sayali Kadam","friendship_status":2,"user_id":1071,"username":"skadam783"},{"display_name":"Swapnil Joshi","friendship_status":2,"user_id":1073,"username":"sjoshi635"},{"display_name":"Siddhesh Shinde","friendship_status":2,"user_id":1075,"username":"sshinde482"},{"display_name":"Sachin Jadhav","friendship_status":2,"user_id":1076,"username":"sjadhav205"},{"display_name":"Yogesh Shinde","friendship_status":2,"user_id":1078,"username":"yshinde478"},{"display_name":"Yogesh Sawant","friendship_status":2,"user_id":1079,"username":"ysawant168"},{"display_name":"Amey Sawant","friendship_status":2,"user_id":1080,"username":"asawant856"},{"display_name":"Smita Pawar","friendship_status":2,"user_id":1082,"username":"spawar242"},{"display_name":"Shraddha Phadke","friendship_status":2,"user_id":1083,"username":"sphadke181"},{"display_name":"Siddhesh Kamble","friendship_status":2,"user_id":1084,"username":"skamble173"},{"display_name":"Tejas Shinde","friendship_status":2,"user_id":1086,"username":"tshinde522"},{"display_name":"Ajinkya Shinde","friendship_status":2,"user_id":1091,"username":"ashinde112"},{"display_name":"Priyanka Sawant","friendship_status":2,"user_id":1095,"username":"psawant507"},{"display_name":"Ajinkya Bhosale","friendship_status":2,"user_id":1101,"username":"abhosale823"}]}
[2025-09-23 23:07:10][DEBUG] Message received from client {"message_type":107,"username":"sa","requested_by":"vaibz"}
[2025-09-23 23:07:10][DEBUG][process] in process func: {"message_type":107,"requested_by":"vaibz","username":"sa"}
[2025-09-23 23:07:10][DEBUG][process_search_user_request] {"count":30,"message_type":108,"users":[{"display_name":"Sakshi","friendship_status":2,"user_id":36,"username":"Sakshi"},{"display_name":"Rohit Salunkhe","friendship_status":2,"user_id":1044,"username":"rsalunkhe058"},{"display_name":"Sachin Sawant","friendship_status":2,"user_id":1045,"username":"ssawant081"},{"display_name":"Saurabh Naik","friendship_status":2,"user_id":1054,"username":"snaik444"},{"display_name":"Sayali Salunkhe","friendship_status":2,"user_id":1056,"username":"ssalunkhe404"},{"display_name":"Sayali Kadam","friendship_status":2,"user_id":1058,"username":"skadam067"},{"display_name":"Ashwini Bhosale","friendship_status":2,"user_id":1060,"username":"abhosale733"},{"display_name":"Yogesh Bhosale","friendship_status":2,"user_id":1062,"username":"ybhosale217"},{"display_name":"Sayali Kadam","friendship_status":2,"user_id":1064,"username":"skadam268"},{"display_name":"Sayali Kadam","friendship_status":2,"user_id":1071,"username":"skadam783"},{"display_name":"Sachin Jadhav","friendship_status":2,"user_id":1076,"username":"sjadhav205"},{"display_name":"Yogesh Sawant","friendship_status":2,"user_id":1079,"username":"ysawant168"},{"display_name":"Amey Sawant","friendship_status":2,"user_id":1080,"username":"asawant856"},{"display_name":"Priyanka Sawant","friendship_status":2,"user_id":1095,"username":"psawant507"},{"display_name":"Ajinkya Bhosale","friendship_status":2,"user_id":1101,"username":"abhosale823"},{"display_name":"Siddhesh Salunkhe","friendship_status":2,"user_id":1103,"username":"ssalunkhe497"},{"display_name":"Saurabh Naik","friendship_status":2,"user_id":1104,"username":"snaik611"},{"display_name":"Smita Bhosale","friendship_status":2,"user_id":1109,"username":"sbhosale271"},{"display_name":"Saurabh Lokhande","friendship_status":2,"user_id":1118,"username":"slokhande328"},{"display_name":"Aishwarya Sawant","friendship_status":2,"user_id":1121,"username":"asawant920"},{"display_name":"Mayur Sawant","friendship_status":2,"user_id":1126,"username":"msawant802"},{"display_name":"Meghna Sawant","friendship_status":2,"user_id":1133,"username":"msawant160"},{"display_name":"Anuja Sawant","friendship_status":2,"user_id":1134,"username":"asawant735"},{"display_name":"Saurabh Kulkarni","friendship_status":2,"user_id":1148,"username":"skulkarni636"},{"display_name":"Saurabh More","friendship_status":2,"user_id":1149,"username":"smore102"},{"display_name":"Kajal Sawant","friendship_status":2,"user_id":1153,"username":"ksawant356"},{"display_name":"Saurabh Naik","friendship_status":2,"user_id":1161,"username":"snaik779"},{"display_name":"Sachin Bhosale","friendship_status":2,"user_id":1166,"username":"sbhosale558"},{"display_name":"Mayur Salunkhe","friendship_status":2,"user_id":1170,"username":"msalunkhe601"},{"display_name":"Pratik Sawant","friendship_status":2,"user_id":1172,"username":"psawant248"}]}
[2025-09-23 23:07:11][DEBUG] Message received from client {"message_type":107,"username":"sak","requested_by":"vaibz"}
[2025-09-23 23:07:11][DEBUG][process] in process func: {"message_type":107,"requested_by":"vaibz","username":"sak"}
[2025-09-23 23:07:11][DEBUG][process_search_user_request] {"count":4,"message_type":108,"users":[{"display_name":"Sakshi","friendship_status":2,"user_id":36,"username":"Sakshi"},{"display_name":"sakshi chavan","friendship_status":2,"user_id":1244,"username":"so_sasssy"},{"display_name":"sakshi chavan","friendship_status":2,"user_id":1251,"username":"saucy_sakshi"},{"display_name":"sakk","friendship_status":2,"user_id":1252,"username":"whatever"}]}
[2025-09-23 23:07:12][DEBUG] Message received from client {"message_type":109,"sender_id":21,"sender":"vaibz","name_of_sender":"Vaibhav Gaikwad","receiver_id":1244,"receiver":"so_sasssy","name_of_receiver":"sakshi chavan","timestamp":"2025-09-23T17:37:11.100Z"}
[2025-09-23 23:07:12][DEBUG] Message received from client {"message_type":107,"username":"sak","requested_by":"vaibz"}
[2025-09-23 23:07:12][DEBUG][process] in process func: {"message_type":109,"name_of_receiver":"sakshi chavan","name_of_sender":"Vaibhav Gaikwad","receiver":"so_sasssy","receiver_id":1244,"sender":"vaibz","sender_id":21,"timestamp":"2025-09-23T17:37:11.100Z"}
[2025-09-23 23:07:12][DEBUG][process] in process func: {"message_type":107,"requested_by":"vaibz","username":"sak"}
[2025-09-23 23:07:12][DEBUG][process_search_user_request] {"count":4,"message_type":108,"users":[{"display_name":"Sakshi","friendship_status":2,"user_id":36,"username":"Sakshi"},{"display_name":"sakshi chavan","friendship_status":1,"user_id":1244,"username":"so_sasssy"},{"display_name":"sakshi chavan","friendship_status":2,"user_id":1251,"username":"saucy_sakshi"},{"display_name":"sakk","friendship_status":2,"user_id":1252,"username":"whatever"}]}
[2025-09-23 23:08:14][DEBUG] Message received from client {"message_type":105,"user_id":1244,"username":"so_sasssy"}
[2025-09-23 23:08:14][DEBUG][process] in process func: {"message_type":105,"user_id":1244,"username":"so_sasssy"}
[2025-09-23 23:08:14][INFO][process_logout_request] User 'so_sasssy' logged out successfully
[2025-09-23 23:08:14][DEBUG][process_logout_request] {"message_type":106,"status":0}
[2025-09-23 23:08:18][DEBUG] Message received from client {"message_type":101,"username":"rutuja","password":"1234","timestamp":"2025-09-23T17:38:14.471Z"}
[2025-09-23 23:08:18][DEBUG][process] in process func: {"message_type":101,"password":"1234","timestamp":"2025-09-23T17:38:14.471Z","username":"rutuja"}
[2025-09-23 23:08:18][INFO][process_login_request] User 'rutuja' logged out forcefully
[2025-09-23 23:08:18][INFO][process_login_request] User 'rutuja' logged in successfully
[2025-09-23 23:08:18][DEBUG][send_user_login_payloads] {"dob":"2025-06-06","email":"rutuja04dabhade@gmail.com","fullname":"Rutuja Dabhade","gender":"Female","message_type":111,"phone":"9978789089","username":"Rutuja"}
[2025-09-23 23:08:18][DEBUG][send_user_login_payloads] {"count":0,"message_type":113,"pending_friend_requests_list":[]}
[2025-09-23 23:08:18][DEBUG][send_user_login_payloads] {"count":3,"friends_list":[{"dob":"2025-06-03","fullname":"Vaishnavi ","gender":"Female","user_id":39,"username":"vaishnavi10"},{"dob":"2004-09-07","fullname":"sakshi chavan","gender":"Female","user_id":1244,"username":"so_sasssy"},{"dob":"2002-03-20","fullname":"Vaibhav Gaikwad","gender":"Male","user_id":21,"username":"vaibz"}],"message_type":112}
[2025-09-23 23:08:57][DEBUG] Message received from client {"message_type":105,"user_id":21,"username":"vaibz"}
[2025-09-23 23:08:57][DEBUG][process] in process func: {"message_type":105,"user_id":21,"username":"vaibz"}
[2025-09-23 23:08:57][INFO][process_logout_request] User 'vaibz' logged out successfully
[2025-09-23 23:08:57][DEBUG][process_logout_request] {"message_type":106,"status":0}
[2025-09-23 23:09:18][DEBUG] Message received from client {"message_type":101,"username":"so_sasssy","password":"2356","timestamp":"2025-09-23T17:38:57.753Z"}
[2025-09-23 23:09:18][DEBUG][process] in process func: {"message_type":101,"password":"2356","timestamp":"2025-09-23T17:38:57.753Z","username":"so_sasssy"}
[2025-09-23 23:09:18][INFO][process_login_request] User 'so_sasssy' logged in successfully
[2025-09-23 23:09:18][DEBUG][send_user_login_payloads] {"dob":"2004-09-07","email":"sakshirc7@gmail.com","fullname":"sakshi chavan","gender":"Female","message_type":111,"phone":"2365689655","username":"so_sasssy"}
[2025-09-23 23:09:18][DEBUG][send_user_login_payloads] {"count":1,"message_type":113,"pending_friend_requests_list":[{"name_of_receiver":"sakshi chavan","name_of_sender":"Vaibhav Gaikwad","receiver":"so_sasssy","receiver_id":1244,"request_status":"pending","sender":"vaibz","sender_id":21,"timestamp":"2025-09-23 23:07:12"}]}
[2025-09-23 23:09:18][DEBUG][send_user_login_payloads] {"count":8,"friends_list":[{"dob":"2025-09-01","fullname":"shlok shirke","gender":"Male","user_id":1273,"username":"shlokshirke"},{"dob":"2025-09-01","fullname":"shlok shirke","gender":"Male","user_id":1273,"username":"shlokshirke"},{"dob":"2025-09-15","fullname":"aryan shirke","gender":"Male","user_id":1272,"username":"aryanshirke"},{"dob":"2025-09-15","fullname":"aryan shirke","gender":"Male","user_id":1272,"username":"aryanshirke"},{"dob":"2025-09-13","fullname":"Suyash chavan","gender":"Male","user_id":1270,"username":"suyashchavan"},{"dob":"2025-09-13","fullname":"Suyash chavan","gender":"Male","user_id":1270,"username":"suyashchavan"},{"dob":"2025-09-07","fullname":"kiran shirke","gender":"Female","user_id":1271,"username":"kiranshirke"},{"dob":"2025-06-06","fullname":"Rutuja Dabhade","gender":"Female","user_id":34,"username":"Rutuja"}],"message_type":112}
[2025-09-23 23:10:04][DEBUG] Message received from client {"message_type":105,"user_id":1244,"username":"so_sasssy"}
[2025-09-23 23:10:04][DEBUG][process] in process func: {"message_type":105,"user_id":1244,"username":"so_sasssy"}
[2025-09-23 23:10:04][INFO][process_logout_request] User 'so_sasssy' logged out successfully
[2025-09-23 23:10:04][DEBUG][process_logout_request] {"message_type":106,"status":0}
[2025-09-23 23:10:16][DEBUG] Message received from client {"message_type":101,"username":"aryanshirke","password":"aryanshirke*","timestamp":"2025-09-23T17:40:04.543Z"}
[2025-09-23 23:10:16][DEBUG][process] in process func: {"message_type":101,"password":"aryanshirke*","timestamp":"2025-09-23T17:40:04.543Z","username":"aryanshirke"}
[2025-09-23 23:10:16][INFO][process_login_request] User 'aryanshirke' logged in successfully
[2025-09-23 23:10:16][DEBUG][send_user_login_payloads] {"dob":"2025-09-15","email":"aryan500@gmail.com","fullname":"aryan shirke","gender":"Male","message_type":111,"phone":"6319404566","username":"aryanshirke"}
[2025-09-23 23:10:16][DEBUG][send_user_login_payloads] {"count":0,"message_type":113,"pending_friend_requests_list":[]}
[2025-09-23 23:10:16][DEBUG][send_user_login_payloads] {"count":6,"friends_list":[{"dob":"2025-09-01","fullname":"shlok shirke","gender":"Male","user_id":1273,"username":"shlokshirke"},{"dob":"2025-09-01","fullname":"shlok shirke","gender":"Male","user_id":1273,"username":"shlokshirke"},{"dob":"2004-09-07","fullname":"sakshi chavan","gender":"Female","user_id":1244,"username":"so_sasssy"},{"dob":"2004-09-07","fullname":"sakshi chavan","gender":"Female","user_id":1244,"username":"so_sasssy"},{"dob":"2025-09-13","fullname":"Suyash chavan","gender":"Male","user_id":1270,"username":"suyashchavan"},{"dob":"2025-09-13","fullname":"Suyash chavan","gender":"Male","user_id":1270,"username":"suyashchavan"}],"message_type":112}
[2025-09-23 23:10:19][DEBUG] Message received from client {"message_type":107,"username":"r","requested_by":"aryanshirke"}
[2025-09-23 23:10:19][DEBUG][process] in process func: {"message_type":107,"requested_by":"aryanshirke","username":"r"}
[2025-09-23 23:10:19][DEBUG][process_search_user_request] {"count":30,"message_type":108,"users":[{"display_name":"Rutuja Dabhade","friendship_status":2,"user_id":34,"username":"Rutuja"},{"display_name":"Harsh Dabhade","friendship_status":2,"user_id":35,"username":"Harsh"},{"display_name":"Rutuja D","friendship_status":2,"user_id":40,"username":"__rutu"},{"display_name":"Rohit Salunkhe","friendship_status":2,"user_id":1044,"username":"rsalunkhe058"},{"display_name":"Kanchan More","friendship_status":2,"user_id":1050,"username":"kmore898"},{"display_name":"Rutuja Jadhav","friendship_status":2,"user_id":1051,"username":"rjadhav009"},{"display_name":"Pooja Inamdar","friendship_status":2,"user_id":1052,"username":"pinamdar233"},{"display_name":"Vishal Pawar","friendship_status":2,"user_id":1053,"username":"vpawar008"},{"display_name":"Smita Kulkarni","friendship_status":2,"user_id":1061,"username":"skulkarni201"},{"display_name":"Vaishnavi Inamdar","friendship_status":2,"user_id":1063,"username":"vinamdar778"},{"display_name":"Neha Inamdar","friendship_status":2,"user_id":1065,"username":"ninamdar282"},{"display_name":"Aakash Pawar","friendship_status":2,"user_id":1066,"username":"apawar122"},{"display_name":"Aishwarya Inamdar","friendship_status":2,"user_id":1067,"username":"ainamdar198"},{"display_name":"Neha Pawar","friendship_status":2,"user_id":1068,"username":"npawar641"},{"display_name":"Prachi Kulkarni","friendship_status":2,"user_id":1069,"username":"pkulkarni824"},{"display_name":"Mandar Inamdar","friendship_status":2,"user_id":1077,"username":"minamdar487"},{"display_name":"Smita Pawar","friendship_status":2,"user_id":1082,"username":"spawar242"},{"display_name":"Diksha Inamdar","friendship_status":2,"user_id":1085,"username":"dinamdar034"},{"display_name":"Aditya Inamdar","friendship_status":2,"user_id":1087,"username":"ainamdar406"},{"display_name":"Tejas Kulkarni","friendship_status":2,"user_id":1093,"username":"tkulkarni548"},{"display_name":"Amey More","friendship_status":2,"user_id":1094,"username":"amore956"},{"display_name":"Omkar Inamdar","friendship_status":2,"user_id":1097,"username":"oinamdar140"},{"display_name":"Kajal Pawar","friendship_status":2,"user_id":1098,"username":"kpawar579"},{"display_name":"Rupali Deshmukh","friendship_status":2,"user_id":1107,"username":"rdeshmukh637"},{"display_name":"Ruturaj More","friendship_status":2,"user_id":1110,"username":"rmore985"},{"display_name":"Amey Pawar","friendship_status":2,"user_id":1112,"username":"apawar018"},{"display_name":"Kunal Kulkarni","friendship_status":2,"user_id":1113,"username":"kkulkarni684"},{"display_name":"Ruturaj Pawar","friendship_status":2,"user_id":1122,"username":"rpawar967"},{"display_name":"Rupali Kulkarni","friendship_status":2,"user_id":1125,"username":"rkulkarni109"},{"display_name":"Vaishnavi Kulkarni","friendship_status":2,"user_id":1135,"username":"vkulkarni090"}]}
[2025-09-23 23:10:19][DEBUG] Message received from client {"message_type":107,"username":"ru","requested_by":"aryanshirke"}
[2025-09-23 23:10:19][DEBUG][process] in process func: {"message_type":107,"requested_by":"aryanshirke","username":"ru"}
[2025-09-23 23:10:19][DEBUG][process_search_user_request] {"count":15,"message_type":108,"users":[{"display_name":"Rutuja Dabhade","friendship_status":2,"user_id":34,"username":"Rutuja"},{"display_name":"Rutuja D","friendship_status":2,"user_id":40,"username":"__rutu"},{"display_name":"Rutuja Jadhav","friendship_status":2,"user_id":1051,"username":"rjadhav009"},{"display_name":"Rupali Deshmukh","friendship_status":2,"user_id":1107,"username":"rdeshmukh637"},{"display_name":"Ruturaj More","friendship_status":2,"user_id":1110,"username":"rmore985"},{"display_name":"Ruturaj Pawar","friendship_status":2,"user_id":1122,"username":"rpawar967"},{"display_name":"Rupali Kulkarni","friendship_status":2,"user_id":1125,"username":"rkulkarni109"},{"display_name":"Ruturaj Deshmukh","friendship_status":2,"user_id":1142,"username":"rdeshmukh590"},{"display_name":"Rutuja Bhosale","friendship_status":2,"user_id":1176,"username":"rbhosale161"},{"display_name":"Rupali Pawar","friendship_status":2,"user_id":1186,"username":"rpawar087"},{"display_name":"Rutuja Kadam","friendship_status":2,"user_id":1187,"username":"rkadam339"},{"display_name":"Ruturaj Inamdar","friendship_status":2,"user_id":1204,"username":"rinamdar954"},{"display_name":"Ruturaj Jadhav","friendship_status":2,"user_id":1207,"username":"rjadhav555"},{"display_name":"Ruturaj Phadke","friendship_status":2,"user_id":1214,"username":"rphadke560"},{"display_name":"Rutujs","friendship_status":2,"user_id":1258,"username":"_rutu_"}]}
[2025-09-23 23:10:19][DEBUG] Message received from client {"message_type":107,"username":"rut","requested_by":"aryanshirke"}
[2025-09-23 23:10:19][DEBUG][process] in process func: {"message_type":107,"requested_by":"aryanshirke","username":"rut"}
[2025-09-23 23:10:19][DEBUG][process_search_user_request] {"count":12,"message_type":108,"users":[{"display_name":"Rutuja Dabhade","friendship_status":2,"user_id":34,"username":"Rutuja"},{"display_name":"Rutuja D","friendship_status":2,"user_id":40,"username":"__rutu"},{"display_name":"Rutuja Jadhav","friendship_status":2,"user_id":1051,"username":"rjadhav009"},{"display_name":"Ruturaj More","friendship_status":2,"user_id":1110,"username":"rmore985"},{"display_name":"Ruturaj Pawar","friendship_status":2,"user_id":1122,"username":"rpawar967"},{"display_name":"Ruturaj Deshmukh","friendship_status":2,"user_id":1142,"username":"rdeshmukh590"},{"display_name":"Rutuja Bhosale","friendship_status":2,"user_id":1176,"username":"rbhosale161"},{"display_name":"Rutuja Kadam","friendship_status":2,"user_id":1187,"username":"rkadam339"},{"display_name":"Ruturaj Inamdar","friendship_status":2,"user_id":1204,"username":"rinamdar954"},{"display_name":"Ruturaj Jadhav","friendship_status":2,"user_id":1207,"username":"rjadhav555"},{"display_name":"Ruturaj Phadke","friendship_status":2,"user_id":1214,"username":"rphadke560"},{"display_name":"Rutujs","friendship_status":2,"user_id":1258,"username":"_rutu_"}]}
[2025-09-23 23:10:21][DEBUG] Message received from client {"message_type":109,"sender_id":1272,"sender":"aryanshirke","name_of_sender":"aryan shirke","receiver_id":34,"receiver":"Rutuja","name_of_receiver":"Rutuja Dabhade","timestamp":"2025-09-23T17:40:19.523Z"}
[2025-09-23 23:10:21][DEBUG] Message received from client {"message_type":107,"username":"rut","requested_by":"aryanshirke"}
[2025-09-23 23:10:21][DEBUG][process] in process func: {"message_type":109,"name_of_receiver":"Rutuja Dabhade","name_of_sender":"aryan shirke","receiver":"Rutuja","receiver_id":34,"sender":"aryanshirke","sender_id":1272,"timestamp":"2025-09-23T17:40:19.523Z"}
[2025-09-23 23:10:21][DEBUG][process] in process func: {"message_type":107,"requested_by":"aryanshirke","username":"rut"}
[2025-09-23 23:10:21][DEBUG][process_search_user_request] {"count":12,"message_type":108,"users":[{"display_name":"Rutuja Dabhade","friendship_status":1,"user_id":34,"username":"Rutuja"},{"display_name":"Rutuja D","friendship_status":2,"user_id":40,"username":"__rutu"},{"display_name":"Rutuja Jadhav","friendship_status":2,"user_id":1051,"username":"rjadhav009"},{"display_name":"Ruturaj More","friendship_status":2,"user_id":1110,"username":"rmore985"},{"display_name":"Ruturaj Pawar","friendship_status":2,"user_id":1122,"username":"rpawar967"},{"display_name":"Ruturaj Deshmukh","friendship_status":2,"user_id":1142,"username":"rdeshmukh590"},{"display_name":"Rutuja Bhosale","friendship_status":2,"user_id":1176,"username":"rbhosale161"},{"display_name":"Rutuja Kadam","friendship_status":2,"user_id":1187,"username":"rkadam339"},{"display_name":"Ruturaj Inamdar","friendship_status":2,"user_id":1204,"username":"rinamdar954"},{"display_name":"Ruturaj Jadhav","friendship_status":2,"user_id":1207,"username":"rjadhav555"},{"display_name":"Ruturaj Phadke","friendship_status":2,"user_id":1214,"username":"rphadke560"},{"display_name":"Rutujs","friendship_status":2,"user_id":1258,"username":"_rutu_"}]}
[2025-09-23 23:10:24][DEBUG] Message received from client {"message_type":110,"sender_id":34,"sender":"Rutuja","name_of_sender":"Rutuja Dabhade","receiver_id":1272,"receiver":"aryanshirke","name_of_receiver":"aryan shirke","request_status":1,"timestamp":"2025-09-23T17:40:22.958Z"}
[2025-09-23 23:10:24][DEBUG][process] in process func: {"message_type":110,"name_of_receiver":"aryan shirke","name_of_sender":"Rutuja Dabhade","receiver":"aryanshirke","receiver_id":1272,"request_status":1,"sender":"Rutuja","sender_id":34,"timestamp":"2025-09-23T17:40:22.958Z"}
[2025-09-23 23:10:38][DEBUG] Message received from client {"message_type":105,"user_id":34,"username":"rutuja"}
[2025-09-23 23:10:38][DEBUG][process] in process func: {"message_type":105,"user_id":34,"username":"rutuja"}
[2025-09-23 23:10:38][INFO][process_logout_request] User 'rutuja' logged out successfully
[2025-09-23 23:10:38][DEBUG][process_logout_request] {"message_type":106,"status":0}
[2025-09-23 23:10:42][DEBUG] Message received from client {"message_type":101,"username":"rutuja","password":"1234","timestamp":"2025-09-23T17:40:38.322Z"}
[2025-09-23 23:10:42][DEBUG][process] in process func: {"message_type":101,"password":"1234","timestamp":"2025-09-23T17:40:38.322Z","username":"rutuja"}
[2025-09-23 23:10:42][INFO][process_login_request] User 'rutuja' logged in successfully
[2025-09-23 23:10:42][DEBUG][send_user_login_payloads] {"dob":"2025-06-06","email":"rutuja04dabhade@gmail.com","fullname":"Rutuja Dabhade","gender":"Female","message_type":111,"phone":"9978789089","username":"Rutuja"}
[2025-09-23 23:10:42][DEBUG][send_user_login_payloads] {"count":0,"message_type":113,"pending_friend_requests_list":[]}
[2025-09-23 23:10:42][DEBUG][send_user_login_payloads] {"count":4,"friends_list":[{"dob":"2025-06-03","fullname":"Vaishnavi ","gender":"Female","user_id":39,"username":"vaishnavi10"},{"dob":"2004-09-07","fullname":"sakshi chavan","gender":"Female","user_id":1244,"username":"so_sasssy"},{"dob":"2002-03-20","fullname":"Vaibhav Gaikwad","gender":"Male","user_id":21,"username":"vaibz"},{"dob":"2025-09-15","fullname":"aryan shirke","gender":"Male","user_id":1272,"username":"aryanshirke"}],"message_type":112}
[2025-09-23 23:11:11][DEBUG] Message received from client {"message_type":101,"username":"rutuja","password":"1234","timestamp":"2025-09-23T17:38:19.248Z"}
[2025-09-23 23:11:11][DEBUG][process] in process func: {"message_type":101,"password":"1234","timestamp":"2025-09-23T17:38:19.248Z","username":"rutuja"}
[2025-09-23 23:11:11][INFO][process_login_request] User 'rutuja' logged out forcefully
[2025-09-23 23:11:11][INFO][process_login_request] User 'rutuja' logged in successfully
[2025-09-23 23:11:11][DEBUG][send_user_login_payloads] {"dob":"2025-06-06","email":"rutuja04dabhade@gmail.com","fullname":"Rutuja Dabhade","gender":"Female","message_type":111,"phone":"9978789089","username":"Rutuja"}
[2025-09-23 23:11:11][DEBUG][send_user_login_payloads] {"count":0,"message_type":113,"pending_friend_requests_list":[]}
[2025-09-23 23:11:11][DEBUG][send_user_login_payloads] {"count":4,"friends_list":[{"dob":"2025-06-03","fullname":"Vaishnavi ","gender":"Female","user_id":39,"username":"vaishnavi10"},{"dob":"2004-09-07","fullname":"sakshi chavan","gender":"Female","user_id":1244,"username":"so_sasssy"},{"dob":"2002-03-20","fullname":"Vaibhav Gaikwad","gender":"Male","user_id":21,"username":"vaibz"},{"dob":"2025-09-15","fullname":"aryan shirke","gender":"Male","user_id":1272,"username":"aryanshirke"}],"message_type":112}
[2025-09-23 23:11:32][DEBUG] Message received from client {"message_type":105,"user_id":1272,"username":"aryanshirke"}
[2025-09-23 23:11:32][DEBUG][process] in process func: {"message_type":105,"user_id":1272,"username":"aryanshirke"}
[2025-09-23 23:11:32][INFO][process_logout_request] User 'aryanshirke' logged out successfully
[2025-09-23 23:11:32][DEBUG][process_logout_request] {"message_type":106,"status":0}
[2025-09-23 23:12:00][DEBUG] Message received from client {"message_type":101,"username":"aryanshirke","password":"aryanshirke*","timestamp":"2025-09-23T17:41:32.850Z"}
[2025-09-23 23:12:00][DEBUG][process] in process func: {"message_type":101,"password":"aryanshirke*","timestamp":"2025-09-23T17:41:32.850Z","username":"aryanshirke"}
[2025-09-23 23:12:00][INFO][process_login_request] User 'aryanshirke' logged in successfully
[2025-09-23 23:12:00][DEBUG][send_user_login_payloads] {"dob":"2025-09-15","email":"aryan500@gmail.com","fullname":"aryan shirke","gender":"Male","message_type":111,"phone":"6319404566","username":"aryanshirke"}
[2025-09-23 23:12:00][DEBUG][send_user_login_payloads] {"count":0,"message_type":113,"pending_friend_requests_list":[]}
[2025-09-23 23:12:00][DEBUG][send_user_login_payloads] {"count":7,"friends_list":[{"dob":"2025-09-01","fullname":"shlok shirke","gender":"Male","user_id":1273,"username":"shlokshirke"},{"dob":"2025-09-01","fullname":"shlok shirke","gender":"Male","user_id":1273,"username":"shlokshirke"},{"dob":"2004-09-07","fullname":"sakshi chavan","gender":"Female","user_id":1244,"username":"so_sasssy"},{"dob":"2004-09-07","fullname":"sakshi chavan","gender":"Female","user_id":1244,"username":"so_sasssy"},{"dob":"2025-09-13","fullname":"Suyash chavan","gender":"Male","user_id":1270,"username":"suyashchavan"},{"dob":"2025-09-13","fullname":"Suyash chavan","gender":"Male","user_id":1270,"username":"suyashchavan"},{"dob":"2025-06-06","fullname":"Rutuja Dabhade","gender":"Female","user_id":34,"username":"Rutuja"}],"message_type":112}
[2025-09-23 23:13:00][DEBUG] Message received from client {"message_type":105,"user_id":1272,"username":"aryanshirke"}
[2025-09-23 23:13:00][DEBUG][process] in process func: {"message_type":105,"user_id":1272,"username":"aryanshirke"}
[2025-09-23 23:13:00][INFO][process_logout_request] User 'aryanshirke' logged out successfully
[2025-09-23 23:13:00][DEBUG][process_logout_request] {"message_type":106,"status":0}
[2025-09-23 23:13:20][DEBUG] Message received from client {"message_type":101,"username":"aryanshirke","password":"aryanshirke*","timestamp":"2025-09-23T17:43:00.180Z"}
[2025-09-23 23:13:20][DEBUG][process] in process func: {"message_type":101,"password":"aryanshirke*","timestamp":"2025-09-23T17:43:00.180Z","username":"aryanshirke"}
[2025-09-23 23:13:20][INFO][process_login_request] User 'aryanshirke' logged in successfully
[2025-09-23 23:13:20][DEBUG][send_user_login_payloads] {"dob":"2025-09-15","email":"aryan500@gmail.com","fullname":"aryan shirke","gender":"Male","message_type":111,"phone":"6319404566","username":"aryanshirke"}
[2025-09-23 23:13:20][DEBUG][send_user_login_payloads] {"count":0,"message_type":113,"pending_friend_requests_list":[]}
[2025-09-23 23:13:20][DEBUG][send_user_login_payloads] {"count":6,"friends_list":[{"dob":"2025-09-01","fullname":"shlok shirke","gender":"Male","user_id":1273,"username":"shlokshirke"},{"dob":"2004-09-07","fullname":"sakshi chavan","gender":"Female","user_id":1244,"username":"so_sasssy"},{"dob":"2004-09-07","fullname":"sakshi chavan","gender":"Female","user_id":1244,"username":"so_sasssy"},{"dob":"2025-09-13","fullname":"Suyash chavan","gender":"Male","user_id":1270,"username":"suyashchavan"},{"dob":"2025-09-13","fullname":"Suyash chavan","gender":"Male","user_id":1270,"username":"suyashchavan"},{"dob":"2025-06-06","fullname":"Rutuja Dabhade","gender":"Female","user_id":34,"username":"Rutuja"}],"message_type":112}
[2025-09-23 23:13:47][DEBUG] Message received from client {"message_type":105,"user_id":1272,"username":"aryanshirke"}
[2025-09-23 23:13:47][DEBUG][process] in process func: {"message_type":105,"user_id":1272,"username":"aryanshirke"}
[2025-09-23 23:13:47][INFO][process_logout_request] User 'aryanshirke' logged out successfully
[2025-09-23 23:13:47][DEBUG][process_logout_request] {"message_type":106,"status":0}
[2025-09-23 23:16:11][DEBUG] Message received from client {"message_type":101,"username":"aryanshirke","password":"aryanshirke*","timestamp":"2025-09-23T17:43:47.333Z"}
[2025-09-23 23:16:11][DEBUG][process] in process func: {"message_type":101,"password":"aryanshirke*","timestamp":"2025-09-23T17:43:47.333Z","username":"aryanshirke"}
[2025-09-23 23:16:11][INFO][process_login_request] User 'aryanshirke' logged in successfully
[2025-09-23 23:16:11][DEBUG][send_user_login_payloads] {"dob":"2025-09-15","email":"aryan500@gmail.com","fullname":"aryan shirke","gender":"Male","message_type":111,"phone":"6319404566","username":"aryanshirke"}
[2025-09-23 23:16:11][DEBUG][send_user_login_payloads] {"count":0,"message_type":113,"pending_friend_requests_list":[]}
[2025-09-23 23:16:11][DEBUG][send_user_login_payloads] {"count":6,"friends_list":[{"dob":"2025-09-01","fullname":"shlok shirke","gender":"Male","user_id":1273,"username":"shlokshirke"},{"dob":"2004-09-07","fullname":"sakshi chavan","gender":"Female","user_id":1244,"username":"so_sasssy"},{"dob":"2004-09-07","fullname":"sakshi chavan","gender":"Female","user_id":1244,"username":"so_sasssy"},{"dob":"2025-09-13","fullname":"Suyash chavan","gender":"Male","user_id":1270,"username":"suyashchavan"},{"dob":"2025-09-13","fullname":"Suyash chavan","gender":"Male","user_id":1270,"username":"suyashchavan"},{"dob":"2025-06-06","fullname":"Rutuja Dabhade","gender":"Female","user_id":34,"username":"Rutuja"}],"message_type":112}
[2025-09-23 23:16:29][INFO] Client disconnected. Client is going away, Reason: 
[2025-09-23 23:16:40][INFO] Client connected with IP: 127.0.0.1
[2025-09-23 23:16:59][DEBUG] Message received from client {"message_type":105,"user_id":1272,"username":"aryanshirke"}
[2025-09-23 23:16:59][DEBUG][process] in process func: {"message_type":105,"user_id":1272,"username":"aryanshirke"}
[2025-09-23 23:16:59][INFO][process_logout_request] User 'aryanshirke' logged out successfully
[2025-09-23 23:16:59][DEBUG][process_logout_request] {"message_type":106,"status":0}
[2025-09-23 23:17:04][DEBUG] Message received from client {"message_type":101,"username":"aryanshirke","password":"aryanshirke*","timestamp":"2025-09-23T17:46:59.264Z"}
[2025-09-23 23:17:04][DEBUG][process] in process func: {"message_type":101,"password":"aryanshirke*","timestamp":"2025-09-23T17:46:59.264Z","username":"aryanshirke"}
[2025-09-23 23:17:04][INFO][process_login_request] User 'aryanshirke' logged in successfully
[2025-09-23 23:17:04][DEBUG][send_user_login_payloads] {"dob":"2025-09-15","email":"aryan500@gmail.com","fullname":"aryan shirke","gender":"Male","message_type":111,"phone":"6319404566","username":"aryanshirke"}
[2025-09-23 23:17:04][DEBUG][send_user_login_payloads] {"count":0,"message_type":113,"pending_friend_requests_list":[]}
[2025-09-23 23:17:04][DEBUG][send_user_login_payloads] {"count":5,"friends_list":[{"dob":"2025-09-01","fullname":"shlok shirke","gender":"Male","user_id":1273,"username":"shlokshirke"},{"dob":"2004-09-07","fullname":"sakshi chavan","gender":"Female","user_id":1244,"username":"so_sasssy"},{"dob":"2004-09-07","fullname":"sakshi chavan","gender":"Female","user_id":1244,"username":"so_sasssy"},{"dob":"2025-09-13","fullname":"Suyash chavan","gender":"Male","user_id":1270,"username":"suyashchavan"},{"dob":"2025-06-06","fullname":"Rutuja Dabhade","gender":"Female","user_id":34,"username":"Rutuja"}],"message_type":112}
[2025-09-23 23:17:21][INFO] Client connected with IP: 127.0.0.1
[2025-09-23 23:17:28][INFO] Client connected with IP: 127.0.0.1
[2025-09-23 23:17:37][INFO] Client connected with IP: 127.0.0.1
[2025-09-23 23:17:49][INFO] Client connected with IP: 127.0.0.1
[2025-09-23 23:17:49][DEBUG] Message received from client {"message_type":105,"user_id":1272,"username":"aryanshirke"}
[2025-09-23 23:17:49][DEBUG][process] in process func: {"message_type":105,"user_id":1272,"username":"aryanshirke"}
[2025-09-23 23:17:49][INFO][process_logout_request] User 'aryanshirke' logged out successfully
[2025-09-23 23:17:49][DEBUG][process_logout_request] {"message_type":106,"status":0}
[2025-09-23 23:17:54][DEBUG] Message received from client {"message_type":101,"username":"aryanshirke","password":"aryanshirke*","timestamp":"2025-09-23T17:47:49.945Z"}
[2025-09-23 23:17:54][DEBUG][process] in process func: {"message_type":101,"password":"aryanshirke*","timestamp":"2025-09-23T17:47:49.945Z","username":"aryanshirke"}
[2025-09-23 23:17:54][INFO][process_login_request] User 'aryanshirke' logged in successfully
[2025-09-23 23:17:54][DEBUG][send_user_login_payloads] {"dob":"2025-09-15","email":"aryan500@gmail.com","fullname":"aryan shirke","gender":"Male","message_type":111,"phone":"6319404566","username":"aryanshirke"}
[2025-09-23 23:17:54][DEBUG][send_user_login_payloads] {"count":0,"message_type":113,"pending_friend_requests_list":[]}
[2025-09-23 23:17:54][DEBUG][send_user_login_payloads] {"count":4,"friends_list":[{"dob":"2025-09-01","fullname":"shlok shirke","gender":"Male","user_id":1273,"username":"shlokshirke"},{"dob":"2004-09-07","fullname":"sakshi chavan","gender":"Female","user_id":1244,"username":"so_sasssy"},{"dob":"2025-09-13","fullname":"Suyash chavan","gender":"Male","user_id":1270,"username":"suyashchavan"},{"dob":"2025-06-06","fullname":"Rutuja Dabhade","gender":"Female","user_id":34,"username":"Rutuja"}],"message_type":112}
[2025-09-23 23:19:38][INFO] Client connected with IP: 127.0.0.1
[2025-09-23 23:19:40][INFO] Client connected with IP: 127.0.0.1
[2025-09-23 23:19:41][INFO] Client connected with IP: 127.0.0.1
[2025-09-23 23:19:44][INFO] Client connected with IP: 127.0.0.1
[2025-09-23 23:19:52][INFO] Client connected with IP: 127.0.0.1
[2025-09-23 23:20:02][INFO] Client connected with IP: 127.0.0.1
[2025-09-23 23:20:09][INFO] Client connected with IP: 127.0.0.1
[2025-09-23 23:20:12][INFO] Client connected with IP: 127.0.0.1
[2025-09-23 23:20:29][INFO] Client connected with IP: 127.0.0.1
[2025-09-23 23:20:38][DEBUG] Message received from client {"message_type":105,"user_id":1272,"username":"aryanshirke"}
[2025-09-23 23:20:38][DEBUG][process] in process func: {"message_type":105,"user_id":1272,"username":"aryanshirke"}
[2025-09-23 23:20:38][INFO][process_logout_request] User 'aryanshirke' logged out successfully
[2025-09-23 23:20:38][DEBUG][process_logout_request] {"message_type":106,"status":0}
[2025-09-23 23:20:59][INFO] Client connected with IP: 127.0.0.1
[2025-09-23 23:21:07][INFO] Client connected with IP: 127.0.0.1
[2025-09-23 23:21:12][DEBUG] Message received from client {"message_type":101,"username":"so_sasssy","password":"2356","timestamp":"2025-09-23T17:50:41.871Z"}
[2025-09-23 23:21:12][DEBUG][process] in process func: {"message_type":101,"password":"2356","timestamp":"2025-09-23T17:50:41.871Z","username":"so_sasssy"}
[2025-09-23 23:21:12][INFO][process_login_request] User 'so_sasssy' logged in successfully
[2025-09-23 23:21:12][DEBUG][send_user_login_payloads] {"dob":"2004-09-07","email":"sakshirc7@gmail.com","fullname":"sakshi chavan","gender":"Female","message_type":111,"phone":"2365689655","username":"so_sasssy"}
[2025-09-23 23:21:12][DEBUG][send_user_login_payloads] {"count":1,"message_type":113,"pending_friend_requests_list":[{"name_of_receiver":"sakshi chavan","name_of_sender":"Vaibhav Gaikwad","receiver":"so_sasssy","receiver_id":1244,"request_status":"pending","sender":"vaibz","sender_id":21,"timestamp":"2025-09-23 23:07:12"}]}
[2025-09-23 23:21:12][DEBUG][send_user_login_payloads] {"count":7,"friends_list":[{"dob":"2025-09-01","fullname":"shlok shirke","gender":"Male","user_id":1273,"username":"shlokshirke"},{"dob":"2025-09-01","fullname":"shlok shirke","gender":"Male","user_id":1273,"username":"shlokshirke"},{"dob":"2025-09-15","fullname":"aryan shirke","gender":"Male","user_id":1272,"username":"aryanshirke"},{"dob":"2025-09-13","fullname":"Suyash chavan","gender":"Male","user_id":1270,"username":"suyashchavan"},{"dob":"2025-09-13","fullname":"Suyash chavan","gender":"Male","user_id":1270,"username":"suyashchavan"},{"dob":"2025-09-07","fullname":"kiran shirke","gender":"Female","user_id":1271,"username":"kiranshirke"},{"dob":"2025-06-06","fullname":"Rutuja Dabhade","gender":"Female","user_id":34,"username":"Rutuja"}],"message_type":112}
[2025-09-23 23:21:15][INFO] Client connected with IP: 127.0.0.1
[2025-09-23 23:21:18][INFO] Client connected with IP: 127.0.0.1
[2025-09-23 23:21:26][INFO] Client connected with IP: 127.0.0.1
[2025-09-23 23:21:34][INFO] Client connected with IP: 127.0.0.1
[2025-09-23 23:21:44][INFO] Client connected with IP: 127.0.0.1
[2025-09-23 23:22:10][INFO] Client connected with IP: 127.0.0.1
[2025-09-23 23:22:27][INFO] Client connected with IP: 127.0.0.1
[2025-09-23 23:22:40][INFO] Client connected with IP: 127.0.0.1
[2025-09-23 23:23:00][DEBUG] Message received from client {"message_type":110,"sender_id":1244,"sender":"so_sasssy","name_of_sender":"sakshi chavan","receiver_id":21,"receiver":"vaibz","name_of_receiver":"Vaibhav Gaikwad","request_status":1,"timestamp":"2025-09-23T17:52:57.779Z"}
[2025-09-23 23:23:00][DEBUG][process] in process func: {"message_type":110,"name_of_receiver":"Vaibhav Gaikwad","name_of_sender":"sakshi chavan","receiver":"vaibz","receiver_id":21,"request_status":1,"sender":"so_sasssy","sender_id":1244,"timestamp":"2025-09-23T17:52:57.779Z"}
[2025-09-23 23:23:05][INFO] Client connected with IP: 127.0.0.1
[2025-09-23 23:23:15][INFO] Client connected with IP: 127.0.0.1
[2025-09-23 23:23:41][DEBUG] Message received from client {"message_type":105,"user_id":1244,"username":"so_sasssy"}
[2025-09-23 23:23:41][DEBUG][process] in process func: {"message_type":105,"user_id":1244,"username":"so_sasssy"}
[2025-09-23 23:23:41][INFO][process_logout_request] User 'so_sasssy' logged out successfully
[2025-09-23 23:23:41][DEBUG][process_logout_request] {"message_type":106,"status":0}
[2025-09-23 23:23:54][INFO] Client connected with IP: 127.0.0.1
[2025-09-23 23:24:02][INFO] Client connected with IP: 127.0.0.1
[2025-09-23 23:24:12][INFO] Client connected with IP: 127.0.0.1
[2025-09-23 23:25:45][INFO] Received SIGTERM (Termination request, e.g. 'kill' command). Server terminated.
