[2025-08-26 19:51:14][INFO] Server started...
[2025-08-26 19:51:14][INFO] Listening on port: 2121
[2025-08-26 22:16:30][INFO] Server started...
[2025-08-26 22:16:30][INFO] Listening on port: 2121
[2025-08-26 22:37:42][INFO] Server started...
[2025-08-26 22:37:42][INFO] Listening on port: 2121
[2025-08-26 22:54:18][INFO] Server started...
[2025-08-26 22:54:18][INFO] Listening on port: 2121
[2025-08-26 22:54:22][INFO] Received SIGTERM (Termination request, e.g. 'kill' command)
[2025-08-26 22:56:58][INFO] Server started...
[2025-08-26 22:56:58][INFO] Listening on port: 2121
[2025-08-26 22:57:12][INFO] Received SIGTERM (Termination request, e.g. 'kill' command). Server terminated.
[2025-08-26 22:57:26][INFO] Server started...
[2025-08-26 22:57:26][INFO] Listening on port: 2121
[2025-08-26 22:57:30][INFO] Received SIGTERM (Termination request, e.g. 'kill' command). Server terminated.
[2025-08-26 22:57:30][INFO] Server started...
[2025-08-26 22:57:30][INFO] Listening on port: 2121
[2025-08-26 22:57:37][INFO] Received SIGTERM (Termination request, e.g. 'kill' command). Server terminated.
[2025-08-26 22:58:00][INFO] Server started...
[2025-08-26 22:58:00][INFO] Listening on port: 2121
[2025-08-26 22:58:04][INFO] Received SIGINT (Interrupt from keyboard: Ctrl+C). Server terminated.
[2025-08-26 22:58:08][INFO] Server started...
[2025-08-26 22:58:08][INFO] Listening on port: 2121
[2025-08-26 22:58:11][INFO] Received SIGQUIT (Quit from keyboard: Ctrl+\). Server terminated.
[2025-08-26 22:58:27][INFO] Server started...
[2025-08-26 22:58:27][INFO] Listening on port: 2121
[2025-08-26 22:58:30][INFO] Received SIGTERM (Termination request, e.g. 'kill' command). Server terminated.
