[2025-11-02 22:06:34][INFO] Server started...
[2025-11-02 22:06:34][INFO] Listening on port: 2121
[2025-11-02 22:07:25][INFO] Client connected with IP: 127.0.0.1
[2025-11-02 22:07:25][DEBUG] Message received from client {"message_type":117,"user_id":21,"auth_token":"af412c26ef4431b0c1143fdb4fb17d67"}
[2025-11-02 22:07:25][DEBUG][process] in process func: {"auth_token":"af412c26ef4431b0c1143fdb4fb17d67","message_type":117,"user_id":21}
[2025-11-02 22:07:25][DEBUG][send_user_login_payloads] {"dob":"2002-03-20","email":"vaibhav@google.com","fullname":"Vaibhav Gaikwad","gender":"Male","message_type":111,"phone":"7887401312","username":"vaibz"}
[2025-11-02 22:07:25][DEBUG][send_user_login_payloads] {"count":0,"message_type":113,"pending_friend_requests_list":[]}
[2025-11-02 22:07:25][DEBUG][send_user_login_payloads] {"count":0,"friends_list":[],"message_type":112}
[2025-11-02 22:07:25][INFO][process_reconnect_request] Reconnect successful of user id: 21
[2025-11-02 22:07:39][DEBUG] Message received from client {"message_type":105,"user_id":21,"username":"vaibz"}
[2025-11-02 22:07:39][DEBUG][process] in process func: {"message_type":105,"user_id":21,"username":"vaibz"}
[2025-11-02 22:07:39][INFO][process_logout_request] User 'vaibz' failed to logged out. Session not found.
[2025-11-02 22:07:39][INFO][process_logout_request] User 'vaibz' logged out successfully
[2025-11-02 22:07:39][DEBUG][process_logout_request] {"message_type":106,"status":0}
[2025-11-02 22:07:59][DEBUG] Message received from client {"message_type":101,"username":"vaibz","password":"1234","timestamp":"2025-11-02T16:37:39.123Z"}
[2025-11-02 22:07:59][DEBUG][process] in process func: {"message_type":101,"password":"1234","timestamp":"2025-11-02T16:37:39.123Z","username":"vaibz"}
[2025-11-02 22:07:59][ERROR][process_login_request] Password is incorrect for user: vaibz
[2025-11-02 22:08:01][DEBUG] Message received from client {"message_type":101,"username":"vaibz","password":"12345","timestamp":"2025-11-02T16:38:00.944Z"}
[2025-11-02 22:08:01][DEBUG][process] in process func: {"message_type":101,"password":"12345","timestamp":"2025-11-02T16:38:00.944Z","username":"vaibz"}
[2025-11-02 22:08:01][INFO][process_login_request] User 'vaibz' logged in successfully
[2025-11-02 22:08:01][DEBUG][send_user_login_payloads] {"dob":"2002-03-20","email":"vaibhav@google.com","fullname":"Vaibhav Gaikwad","gender":"Male","message_type":111,"phone":"7887401312","username":"vaibz"}
[2025-11-02 22:08:01][DEBUG][send_user_login_payloads] {"count":0,"message_type":113,"pending_friend_requests_list":[]}
[2025-11-02 22:08:01][DEBUG][send_user_login_payloads] {"count":0,"friends_list":[],"message_type":112}
[2025-11-02 22:09:06][DEBUG] Message received from client {"message_type":119,"user_id":21,"fullname":"Vaibhav Gaikwad","username":"vaibz","dob":"2002-03-20","gender":"Male","email":"vaibhav@google.com","phone":"7887401312"}
[2025-11-02 22:09:06][DEBUG][process] in process func: {"dob":"2002-03-20","email":"vaibhav@google.com","fullname":"Vaibhav Gaikwad","gender":"Male","message_type":119,"phone":"7887401312","user_id":21,"username":"vaibz"}
[2025-11-02 22:09:06][DEBUG][process_update_profile_request] {"dob":"2002-03-20","email":"vaibhav@google.com","fullname":"Vaibhav Gaikwad","gender":"Male","message_type":111,"phone":"7887401312","username":"vaibz"}
[2025-11-02 22:09:06][INFO][process_update_profile_request] Update profile of user 'vaibz' is successful
[2025-11-02 22:09:33][DEBUG] Message received from client {"message_type":105,"user_id":21,"username":"vaibz"}
[2025-11-02 22:09:33][DEBUG][process] in process func: {"message_type":105,"user_id":21,"username":"vaibz"}
[2025-11-02 22:09:33][INFO][process_logout_request] User 'vaibz' failed to logged out. Session not found.
[2025-11-02 22:09:33][INFO][process_logout_request] User 'vaibz' logged out successfully
[2025-11-02 22:09:33][DEBUG][process_logout_request] {"message_type":106,"status":0}
[2025-11-02 22:12:21][DEBUG] Message received from client {"message_type":103,"firstname":"Sakshi","lastname":"Chavan Patil","username":"sakshi7654","password":"Sakshi@12345","dob":"2023-11-06","email":"sakshio@test.com","phone":"6754234672","gender":"Female","fullname":"Sakshi Chavan Patil","timestamp":"2025-11-02T16:42:17.324Z"}
[2025-11-02 22:12:21][DEBUG][process] in process func: {"dob":"2023-11-06","email":"sakshio@test.com","firstname":"Sakshi","fullname":"Sakshi Chavan Patil","gender":"Female","lastname":"Chavan Patil","message_type":103,"password":"Sakshi@12345","phone":"6754234672","timestamp":"2025-11-02T16:42:17.324Z","username":"sakshi7654"}
[2025-11-02 22:12:21][INFO][process_signup_request] Signed up successfully: sakshi7654
[2025-11-02 22:13:09][DEBUG] Message received from client {"message_type":101,"username":"sakshi7654","password":"Sakshi@12345","timestamp":"2025-11-02T16:42:23.643Z"}
[2025-11-02 22:13:09][DEBUG][process] in process func: {"message_type":101,"password":"Sakshi@12345","timestamp":"2025-11-02T16:42:23.643Z","username":"sakshi7654"}
[2025-11-02 22:13:09][INFO][process_login_request] User 'sakshi7654' logged in successfully
[2025-11-02 22:13:09][DEBUG][send_user_login_payloads] {"dob":"2023-11-06","email":"sakshio@test.com","fullname":"Sakshi Chavan Patil","gender":"Female","message_type":111,"phone":"6754234672","username":"sakshi7654"}
[2025-11-02 22:13:09][DEBUG][send_user_login_payloads] {"count":0,"message_type":113,"pending_friend_requests_list":[]}
[2025-11-02 22:13:09][DEBUG][send_user_login_payloads] {"count":0,"friends_list":[],"message_type":112}
[2025-11-02 22:17:41][INFO] Client connected with IP: 127.0.0.1
[2025-11-02 22:17:54][DEBUG] Message received from client {"message_type":105,"user_id":1281,"username":"sakshi7654"}
[2025-11-02 22:17:54][DEBUG][process] in process func: {"message_type":105,"user_id":1281,"username":"sakshi7654"}
[2025-11-02 22:17:54][INFO][process_logout_request] User 'sakshi7654' failed to logged out. Session not found.
[2025-11-02 22:17:54][INFO][process_logout_request] User 'sakshi7654' logged out successfully
[2025-11-02 22:17:54][DEBUG][process_logout_request] {"message_type":106,"status":0}
[2025-11-02 22:18:03][INFO] Client connected with IP: 127.0.0.1
[2025-11-02 22:18:12][DEBUG] Message received from client {"message_type":101,"username":"rutuja","password":"1234","timestamp":"2025-11-02T16:48:03.972Z"}
[2025-11-02 22:18:12][DEBUG][process] in process func: {"message_type":101,"password":"1234","timestamp":"2025-11-02T16:48:03.972Z","username":"rutuja"}
[2025-11-02 22:18:12][INFO][process_login_request] User 'rutuja' logged in successfully
[2025-11-02 22:18:12][DEBUG][send_user_login_payloads] {"dob":"2004-05-31","email":"rutuja04dabhade@gmail.com","fullname":"Rutuja Vijay Dabhade","gender":"Female","message_type":111,"phone":"8668470451","username":"rutuja"}
[2025-11-02 22:18:12][DEBUG][send_user_login_payloads] {"count":0,"message_type":113,"pending_friend_requests_list":[]}
[2025-11-02 22:18:12][DEBUG][send_user_login_payloads] {"count":4,"friends_list":[{"dob":"2001-02-11","fullname":"Achal Bhamare","gender":"Female","user_id":1266,"username":"achalb11"},{"dob":"2005-01-27","fullname":"Chetana Patil","gender":"Female","user_id":1245,"username":"chetanap"},{"dob":"2025-06-03","fullname":"Vaishnavi ","gender":"Female","user_id":39,"username":"vaishnavi10"},{"dob":"2017-08-26","fullname":"Anvi Dabhade","gender":"Female","user_id":1247,"username":"kuhu"}],"message_type":112}
[2025-11-02 22:18:22][DEBUG] Message received from client {"message_type":107,"username":"s","requested_by":"rutuja"}
[2025-11-02 22:18:22][DEBUG][process] in process func: {"message_type":107,"requested_by":"rutuja","username":"s"}
[2025-11-02 22:18:22][DEBUG][process_search_user_request] {"count":30,"message_type":108,"users":[{"display_name":"Harsh Dabhade","friendship_status":2,"user_id":35,"username":"Harsh"},{"display_name":"Sakshi","friendship_status":1,"user_id":36,"username":"Sakshi"},{"display_name":"Vaishnavi ","friendship_status":0,"user_id":39,"username":"vaishnavi10"},{"display_name":"Manasi Deshmukh","friendship_status":2,"user_id":1043,"username":"mdeshmukh402"},{"display_name":"Rohit Salunkhe","friendship_status":2,"user_id":1044,"username":"rsalunkhe058"},{"display_name":"Sachin Sawant","friendship_status":2,"user_id":1045,"username":"ssawant081"},{"display_name":"Tejas Joshi","friendship_status":2,"user_id":1048,"username":"tjoshi211"},{"display_name":"Ashwini Deshmukh","friendship_status":2,"user_id":1049,"username":"adeshmukh629"},{"display_name":"Saurabh Naik","friendship_status":2,"user_id":1054,"username":"snaik444"},{"display_name":"Sayali Salunkhe","friendship_status":2,"user_id":1056,"username":"ssalunkhe404"},{"display_name":"Sayali Kadam","friendship_status":2,"user_id":1058,"username":"skadam067"},{"display_name":"Ashwini Bhosale","friendship_status":2,"user_id":1060,"username":"abhosale733"},{"display_name":"Smita Kulkarni","friendship_status":2,"user_id":1061,"username":"skulkarni201"},{"display_name":"Yogesh Bhosale","friendship_status":2,"user_id":1062,"username":"ybhosale217"},{"display_name":"Sayali Kadam","friendship_status":2,"user_id":1064,"username":"skadam268"},{"display_name":"Shraddha Chavan","friendship_status":2,"user_id":1070,"username":"schavan386"},{"display_name":"Sayali Kadam","friendship_status":2,"user_id":1071,"username":"skadam783"},{"display_name":"Swapnil Joshi","friendship_status":2,"user_id":1073,"username":"sjoshi635"},{"display_name":"Siddhesh Shinde","friendship_status":2,"user_id":1075,"username":"sshinde482"},{"display_name":"Sachin Jadhav","friendship_status":2,"user_id":1076,"username":"sjadhav205"},{"display_name":"Yogesh Shinde","friendship_status":2,"user_id":1078,"username":"yshinde478"},{"display_name":"Yogesh Sawant","friendship_status":2,"user_id":1079,"username":"ysawant168"},{"display_name":"Amey Sawant","friendship_status":2,"user_id":1080,"username":"asawant856"},{"display_name":"Smita Pawar","friendship_status":2,"user_id":1082,"username":"spawar242"},{"display_name":"Shraddha Phadke","friendship_status":2,"user_id":1083,"username":"sphadke181"},{"display_name":"Siddhesh Kamble","friendship_status":2,"user_id":1084,"username":"skamble173"},{"display_name":"Tejas Shinde","friendship_status":2,"user_id":1086,"username":"tshinde522"},{"display_name":"Ajinkya Shinde","friendship_status":2,"user_id":1091,"username":"ashinde112"},{"display_name":"Priyanka Sawant","friendship_status":2,"user_id":1095,"username":"psawant507"},{"display_name":"Ajinkya Bhosale","friendship_status":2,"user_id":1101,"username":"abhosale823"}]}
[2025-11-02 22:18:24][DEBUG] Message received from client {"message_type":107,"username":"sa","requested_by":"rutuja"}
[2025-11-02 22:18:24][DEBUG][process] in process func: {"message_type":107,"requested_by":"rutuja","username":"sa"}
[2025-11-02 22:18:24][DEBUG][process_search_user_request] {"count":30,"message_type":108,"users":[{"display_name":"Sakshi","friendship_status":1,"user_id":36,"username":"Sakshi"},{"display_name":"Rohit Salunkhe","friendship_status":2,"user_id":1044,"username":"rsalunkhe058"},{"display_name":"Sachin Sawant","friendship_status":2,"user_id":1045,"username":"ssawant081"},{"display_name":"Saurabh Naik","friendship_status":2,"user_id":1054,"username":"snaik444"},{"display_name":"Sayali Salunkhe","friendship_status":2,"user_id":1056,"username":"ssalunkhe404"},{"display_name":"Sayali Kadam","friendship_status":2,"user_id":1058,"username":"skadam067"},{"display_name":"Ashwini Bhosale","friendship_status":2,"user_id":1060,"username":"abhosale733"},{"display_name":"Yogesh Bhosale","friendship_status":2,"user_id":1062,"username":"ybhosale217"},{"display_name":"Sayali Kadam","friendship_status":2,"user_id":1064,"username":"skadam268"},{"display_name":"Sayali Kadam","friendship_status":2,"user_id":1071,"username":"skadam783"},{"display_name":"Sachin Jadhav","friendship_status":2,"user_id":1076,"username":"sjadhav205"},{"display_name":"Yogesh Sawant","friendship_status":2,"user_id":1079,"username":"ysawant168"},{"display_name":"Amey Sawant","friendship_status":2,"user_id":1080,"username":"asawant856"},{"display_name":"Priyanka Sawant","friendship_status":2,"user_id":1095,"username":"psawant507"},{"display_name":"Ajinkya Bhosale","friendship_status":2,"user_id":1101,"username":"abhosale823"},{"display_name":"Siddhesh Salunkhe","friendship_status":2,"user_id":1103,"username":"ssalunkhe497"},{"display_name":"Saurabh Naik","friendship_status":2,"user_id":1104,"username":"snaik611"},{"display_name":"Smita Bhosale","friendship_status":2,"user_id":1109,"username":"sbhosale271"},{"display_name":"Saurabh Lokhande","friendship_status":2,"user_id":1118,"username":"slokhande328"},{"display_name":"Aishwarya Sawant","friendship_status":2,"user_id":1121,"username":"asawant920"},{"display_name":"Mayur Sawant","friendship_status":2,"user_id":1126,"username":"msawant802"},{"display_name":"Meghna Sawant","friendship_status":2,"user_id":1133,"username":"msawant160"},{"display_name":"Anuja Sawant","friendship_status":2,"user_id":1134,"username":"asawant735"},{"display_name":"Saurabh Kulkarni","friendship_status":2,"user_id":1148,"username":"skulkarni636"},{"display_name":"Saurabh More","friendship_status":2,"user_id":1149,"username":"smore102"},{"display_name":"Kajal Sawant","friendship_status":2,"user_id":1153,"username":"ksawant356"},{"display_name":"Saurabh Naik","friendship_status":2,"user_id":1161,"username":"snaik779"},{"display_name":"Sachin Bhosale","friendship_status":2,"user_id":1166,"username":"sbhosale558"},{"display_name":"Mayur Salunkhe","friendship_status":2,"user_id":1170,"username":"msalunkhe601"},{"display_name":"Pratik Sawant","friendship_status":2,"user_id":1172,"username":"psawant248"}]}
[2025-11-02 22:18:25][DEBUG] Message received from client {"message_type":107,"username":"sak","requested_by":"rutuja"}
[2025-11-02 22:18:25][DEBUG][process] in process func: {"message_type":107,"requested_by":"rutuja","username":"sak"}
[2025-11-02 22:18:25][DEBUG][process_search_user_request] {"count":4,"message_type":108,"users":[{"display_name":"Sakshi","friendship_status":1,"user_id":36,"username":"Sakshi"},{"display_name":"sakshi chavan","friendship_status":2,"user_id":1251,"username":"saucy_sakshi"},{"display_name":"sakk","friendship_status":2,"user_id":1252,"username":"whatever"},{"display_name":"Sakshi Chavan Patil","friendship_status":2,"user_id":1281,"username":"sakshi7654"}]}
[2025-11-02 22:18:26][DEBUG] Message received from client {"message_type":107,"username":"saks","requested_by":"rutuja"}
[2025-11-02 22:18:26][DEBUG][process] in process func: {"message_type":107,"requested_by":"rutuja","username":"saks"}
[2025-11-02 22:18:26][DEBUG][process_search_user_request] {"count":3,"message_type":108,"users":[{"display_name":"Sakshi","friendship_status":1,"user_id":36,"username":"Sakshi"},{"display_name":"sakshi chavan","friendship_status":2,"user_id":1251,"username":"saucy_sakshi"},{"display_name":"Sakshi Chavan Patil","friendship_status":2,"user_id":1281,"username":"sakshi7654"}]}
[2025-11-02 22:18:26][DEBUG] Message received from client {"message_type":107,"username":"saksh","requested_by":"rutuja"}
[2025-11-02 22:18:26][DEBUG][process] in process func: {"message_type":107,"requested_by":"rutuja","username":"saksh"}
[2025-11-02 22:18:26][DEBUG][process_search_user_request] {"count":3,"message_type":108,"users":[{"display_name":"Sakshi","friendship_status":1,"user_id":36,"username":"Sakshi"},{"display_name":"sakshi chavan","friendship_status":2,"user_id":1251,"username":"saucy_sakshi"},{"display_name":"Sakshi Chavan Patil","friendship_status":2,"user_id":1281,"username":"sakshi7654"}]}
[2025-11-02 22:18:26][DEBUG] Message received from client {"message_type":107,"username":"sakshi","requested_by":"rutuja"}
[2025-11-02 22:18:26][DEBUG][process] in process func: {"message_type":107,"requested_by":"rutuja","username":"sakshi"}
[2025-11-02 22:18:26][DEBUG][process_search_user_request] {"count":3,"message_type":108,"users":[{"display_name":"Sakshi","friendship_status":1,"user_id":36,"username":"Sakshi"},{"display_name":"sakshi chavan","friendship_status":2,"user_id":1251,"username":"saucy_sakshi"},{"display_name":"Sakshi Chavan Patil","friendship_status":2,"user_id":1281,"username":"sakshi7654"}]}
[2025-11-02 22:18:27][DEBUG] Message received from client {"message_type":107,"username":"saksh","requested_by":"rutuja"}
[2025-11-02 22:18:27][DEBUG][process] in process func: {"message_type":107,"requested_by":"rutuja","username":"saksh"}
[2025-11-02 22:18:27][DEBUG][process_search_user_request] {"count":3,"message_type":108,"users":[{"display_name":"Sakshi","friendship_status":1,"user_id":36,"username":"Sakshi"},{"display_name":"sakshi chavan","friendship_status":2,"user_id":1251,"username":"saucy_sakshi"},{"display_name":"Sakshi Chavan Patil","friendship_status":2,"user_id":1281,"username":"sakshi7654"}]}
[2025-11-02 22:18:27][DEBUG] Message received from client {"message_type":107,"username":"saks","requested_by":"rutuja"}
[2025-11-02 22:18:27][DEBUG][process] in process func: {"message_type":107,"requested_by":"rutuja","username":"saks"}
[2025-11-02 22:18:27][DEBUG][process_search_user_request] {"count":3,"message_type":108,"users":[{"display_name":"Sakshi","friendship_status":1,"user_id":36,"username":"Sakshi"},{"display_name":"sakshi chavan","friendship_status":2,"user_id":1251,"username":"saucy_sakshi"},{"display_name":"Sakshi Chavan Patil","friendship_status":2,"user_id":1281,"username":"sakshi7654"}]}
[2025-11-02 22:18:27][DEBUG] Message received from client {"message_type":107,"username":"sak","requested_by":"rutuja"}
[2025-11-02 22:18:27][DEBUG][process] in process func: {"message_type":107,"requested_by":"rutuja","username":"sak"}
[2025-11-02 22:18:27][DEBUG][process_search_user_request] {"count":4,"message_type":108,"users":[{"display_name":"Sakshi","friendship_status":1,"user_id":36,"username":"Sakshi"},{"display_name":"sakshi chavan","friendship_status":2,"user_id":1251,"username":"saucy_sakshi"},{"display_name":"sakk","friendship_status":2,"user_id":1252,"username":"whatever"},{"display_name":"Sakshi Chavan Patil","friendship_status":2,"user_id":1281,"username":"sakshi7654"}]}
[2025-11-02 22:18:27][DEBUG] Message received from client {"message_type":107,"username":"sa","requested_by":"rutuja"}
[2025-11-02 22:18:27][DEBUG][process] in process func: {"message_type":107,"requested_by":"rutuja","username":"sa"}
[2025-11-02 22:18:27][DEBUG][process_search_user_request] {"count":30,"message_type":108,"users":[{"display_name":"Sakshi","friendship_status":1,"user_id":36,"username":"Sakshi"},{"display_name":"Rohit Salunkhe","friendship_status":2,"user_id":1044,"username":"rsalunkhe058"},{"display_name":"Sachin Sawant","friendship_status":2,"user_id":1045,"username":"ssawant081"},{"display_name":"Saurabh Naik","friendship_status":2,"user_id":1054,"username":"snaik444"},{"display_name":"Sayali Salunkhe","friendship_status":2,"user_id":1056,"username":"ssalunkhe404"},{"display_name":"Sayali Kadam","friendship_status":2,"user_id":1058,"username":"skadam067"},{"display_name":"Ashwini Bhosale","friendship_status":2,"user_id":1060,"username":"abhosale733"},{"display_name":"Yogesh Bhosale","friendship_status":2,"user_id":1062,"username":"ybhosale217"},{"display_name":"Sayali Kadam","friendship_status":2,"user_id":1064,"username":"skadam268"},{"display_name":"Sayali Kadam","friendship_status":2,"user_id":1071,"username":"skadam783"},{"display_name":"Sachin Jadhav","friendship_status":2,"user_id":1076,"username":"sjadhav205"},{"display_name":"Yogesh Sawant","friendship_status":2,"user_id":1079,"username":"ysawant168"},{"display_name":"Amey Sawant","friendship_status":2,"user_id":1080,"username":"asawant856"},{"display_name":"Priyanka Sawant","friendship_status":2,"user_id":1095,"username":"psawant507"},{"display_name":"Ajinkya Bhosale","friendship_status":2,"user_id":1101,"username":"abhosale823"},{"display_name":"Siddhesh Salunkhe","friendship_status":2,"user_id":1103,"username":"ssalunkhe497"},{"display_name":"Saurabh Naik","friendship_status":2,"user_id":1104,"username":"snaik611"},{"display_name":"Smita Bhosale","friendship_status":2,"user_id":1109,"username":"sbhosale271"},{"display_name":"Saurabh Lokhande","friendship_status":2,"user_id":1118,"username":"slokhande328"},{"display_name":"Aishwarya Sawant","friendship_status":2,"user_id":1121,"username":"asawant920"},{"display_name":"Mayur Sawant","friendship_status":2,"user_id":1126,"username":"msawant802"},{"display_name":"Meghna Sawant","friendship_status":2,"user_id":1133,"username":"msawant160"},{"display_name":"Anuja Sawant","friendship_status":2,"user_id":1134,"username":"asawant735"},{"display_name":"Saurabh Kulkarni","friendship_status":2,"user_id":1148,"username":"skulkarni636"},{"display_name":"Saurabh More","friendship_status":2,"user_id":1149,"username":"smore102"},{"display_name":"Kajal Sawant","friendship_status":2,"user_id":1153,"username":"ksawant356"},{"display_name":"Saurabh Naik","friendship_status":2,"user_id":1161,"username":"snaik779"},{"display_name":"Sachin Bhosale","friendship_status":2,"user_id":1166,"username":"sbhosale558"},{"display_name":"Mayur Salunkhe","friendship_status":2,"user_id":1170,"username":"msalunkhe601"},{"display_name":"Pratik Sawant","friendship_status":2,"user_id":1172,"username":"psawant248"}]}
[2025-11-02 22:18:27][DEBUG] Message received from client {"message_type":107,"username":"s","requested_by":"rutuja"}
[2025-11-02 22:18:27][DEBUG] Message received from client {"message_type":107,"username":"","requested_by":"rutuja"}
[2025-11-02 22:18:27][DEBUG][process] in process func: {"message_type":107,"requested_by":"rutuja","username":"s"}
[2025-11-02 22:18:27][DEBUG][process_search_user_request] {"count":30,"message_type":108,"users":[{"display_name":"Harsh Dabhade","friendship_status":2,"user_id":35,"username":"Harsh"},{"display_name":"Sakshi","friendship_status":1,"user_id":36,"username":"Sakshi"},{"display_name":"Vaishnavi ","friendship_status":0,"user_id":39,"username":"vaishnavi10"},{"display_name":"Manasi Deshmukh","friendship_status":2,"user_id":1043,"username":"mdeshmukh402"},{"display_name":"Rohit Salunkhe","friendship_status":2,"user_id":1044,"username":"rsalunkhe058"},{"display_name":"Sachin Sawant","friendship_status":2,"user_id":1045,"username":"ssawant081"},{"display_name":"Tejas Joshi","friendship_status":2,"user_id":1048,"username":"tjoshi211"},{"display_name":"Ashwini Deshmukh","friendship_status":2,"user_id":1049,"username":"adeshmukh629"},{"display_name":"Saurabh Naik","friendship_status":2,"user_id":1054,"username":"snaik444"},{"display_name":"Sayali Salunkhe","friendship_status":2,"user_id":1056,"username":"ssalunkhe404"},{"display_name":"Sayali Kadam","friendship_status":2,"user_id":1058,"username":"skadam067"},{"display_name":"Ashwini Bhosale","friendship_status":2,"user_id":1060,"username":"abhosale733"},{"display_name":"Smita Kulkarni","friendship_status":2,"user_id":1061,"username":"skulkarni201"},{"display_name":"Yogesh Bhosale","friendship_status":2,"user_id":1062,"username":"ybhosale217"},{"display_name":"Sayali Kadam","friendship_status":2,"user_id":1064,"username":"skadam268"},{"display_name":"Shraddha Chavan","friendship_status":2,"user_id":1070,"username":"schavan386"},{"display_name":"Sayali Kadam","friendship_status":2,"user_id":1071,"username":"skadam783"},{"display_name":"Swapnil Joshi","friendship_status":2,"user_id":1073,"username":"sjoshi635"},{"display_name":"Siddhesh Shinde","friendship_status":2,"user_id":1075,"username":"sshinde482"},{"display_name":"Sachin Jadhav","friendship_status":2,"user_id":1076,"username":"sjadhav205"},{"display_name":"Yogesh Shinde","friendship_status":2,"user_id":1078,"username":"yshinde478"},{"display_name":"Yogesh Sawant","friendship_status":2,"user_id":1079,"username":"ysawant168"},{"display_name":"Amey Sawant","friendship_status":2,"user_id":1080,"username":"asawant856"},{"display_name":"Smita Pawar","friendship_status":2,"user_id":1082,"username":"spawar242"},{"display_name":"Shraddha Phadke","friendship_status":2,"user_id":1083,"username":"sphadke181"},{"display_name":"Siddhesh Kamble","friendship_status":2,"user_id":1084,"username":"skamble173"},{"display_name":"Tejas Shinde","friendship_status":2,"user_id":1086,"username":"tshinde522"},{"display_name":"Ajinkya Shinde","friendship_status":2,"user_id":1091,"username":"ashinde112"},{"display_name":"Priyanka Sawant","friendship_status":2,"user_id":1095,"username":"psawant507"},{"display_name":"Ajinkya Bhosale","friendship_status":2,"user_id":1101,"username":"abhosale823"}]}
[2025-11-02 22:18:27][DEBUG][process] in process func: {"message_type":107,"requested_by":"rutuja","username":""}
[2025-11-02 22:18:27][DEBUG][process_search_user_request] {"count":0,"message_type":108,"users":[]}
[2025-11-02 22:18:29][DEBUG] Message received from client {"message_type":107,"username":"r","requested_by":"rutuja"}
[2025-11-02 22:18:29][DEBUG][process] in process func: {"message_type":107,"requested_by":"rutuja","username":"r"}
[2025-11-02 22:18:29][DEBUG][process_search_user_request] {"count":30,"message_type":108,"users":[{"display_name":"Harsh Dabhade","friendship_status":2,"user_id":35,"username":"Harsh"},{"display_name":"Rutuja D","friendship_status":2,"user_id":40,"username":"__rutu"},{"display_name":"Rohit Salunkhe","friendship_status":2,"user_id":1044,"username":"rsalunkhe058"},{"display_name":"Kanchan More","friendship_status":2,"user_id":1050,"username":"kmore898"},{"display_name":"Rutuja Jadhav","friendship_status":2,"user_id":1051,"username":"rjadhav009"},{"display_name":"Pooja Inamdar","friendship_status":2,"user_id":1052,"username":"pinamdar233"},{"display_name":"Vishal Pawar","friendship_status":2,"user_id":1053,"username":"vpawar008"},{"display_name":"Smita Kulkarni","friendship_status":2,"user_id":1061,"username":"skulkarni201"},{"display_name":"Vaishnavi Inamdar","friendship_status":2,"user_id":1063,"username":"vinamdar778"},{"display_name":"Neha Inamdar","friendship_status":2,"user_id":1065,"username":"ninamdar282"},{"display_name":"Aakash Pawar","friendship_status":2,"user_id":1066,"username":"apawar122"},{"display_name":"Aishwarya Inamdar","friendship_status":2,"user_id":1067,"username":"ainamdar198"},{"display_name":"Neha Pawar","friendship_status":2,"user_id":1068,"username":"npawar641"},{"display_name":"Prachi Kulkarni","friendship_status":2,"user_id":1069,"username":"pkulkarni824"},{"display_name":"Mandar Inamdar","friendship_status":2,"user_id":1077,"username":"minamdar487"},{"display_name":"Smita Pawar","friendship_status":2,"user_id":1082,"username":"spawar242"},{"display_name":"Diksha Inamdar","friendship_status":2,"user_id":1085,"username":"dinamdar034"},{"display_name":"Aditya Inamdar","friendship_status":2,"user_id":1087,"username":"ainamdar406"},{"display_name":"Tejas Kulkarni","friendship_status":2,"user_id":1093,"username":"tkulkarni548"},{"display_name":"Amey More","friendship_status":2,"user_id":1094,"username":"amore956"},{"display_name":"Omkar Inamdar","friendship_status":2,"user_id":1097,"username":"oinamdar140"},{"display_name":"Kajal Pawar","friendship_status":2,"user_id":1098,"username":"kpawar579"},{"display_name":"Rupali Deshmukh","friendship_status":2,"user_id":1107,"username":"rdeshmukh637"},{"display_name":"Ruturaj More","friendship_status":2,"user_id":1110,"username":"rmore985"},{"display_name":"Amey Pawar","friendship_status":2,"user_id":1112,"username":"apawar018"},{"display_name":"Kunal Kulkarni","friendship_status":2,"user_id":1113,"username":"kkulkarni684"},{"display_name":"Ruturaj Pawar","friendship_status":2,"user_id":1122,"username":"rpawar967"},{"display_name":"Rupali Kulkarni","friendship_status":2,"user_id":1125,"username":"rkulkarni109"},{"display_name":"Vaishnavi Kulkarni","friendship_status":2,"user_id":1135,"username":"vkulkarni090"},{"display_name":"Chinmay Pawar","friendship_status":2,"user_id":1136,"username":"cpawar337"}]}
[2025-11-02 22:18:33][DEBUG] Message received from client {"message_type":101,"username":"chetanap","password":"5678","timestamp":"2025-11-02T16:47:54.540Z"}
[2025-11-02 22:18:33][DEBUG][process] in process func: {"message_type":101,"password":"5678","timestamp":"2025-11-02T16:47:54.540Z","username":"chetanap"}
[2025-11-02 22:18:33][INFO][process_login_request] User 'chetanap' logged in successfully
[2025-11-02 22:18:33][DEBUG][send_user_login_payloads] {"dob":"2005-01-27","email":"chetanap2005@gmail.com","fullname":"Chetana Patil","gender":"Female","message_type":111,"phone":"1234567890","username":"chetanap"}
[2025-11-02 22:18:33][DEBUG][send_user_login_payloads] {"count":0,"message_type":113,"pending_friend_requests_list":[]}
[2025-11-02 22:18:33][DEBUG][send_user_login_payloads] {"count":4,"friends_list":[{"dob":"2001-02-11","fullname":"Achal Bhamare","gender":"Female","user_id":1266,"username":"achalb11"},{"dob":"2004-05-31","fullname":"Rutuja Dabhade","gender":"Female","user_id":34,"username":"Rutuja"},{"dob":"2025-06-03","fullname":"Vaishnavi ","gender":"Female","user_id":39,"username":"vaishnavi10"},{"dob":"2017-08-26","fullname":"Anvi Dabhade","gender":"Female","user_id":1247,"username":"kuhu"}],"message_type":112}
[2025-11-02 22:18:54][DEBUG] Message received from client {"message_type":119,"user_id":34,"fullname":"Rutuja Dabhade","username":"rutuja","dob":"2004-05-31","gender":"Female","email":"rutuja04dabhade@gmail.com","phone":"8668470451"}
[2025-11-02 22:18:54][DEBUG][process] in process func: {"dob":"2004-05-31","email":"rutuja04dabhade@gmail.com","fullname":"Rutuja Dabhade","gender":"Female","message_type":119,"phone":"8668470451","user_id":34,"username":"rutuja"}
[2025-11-02 22:18:54][DEBUG][process_update_profile_request] {"dob":"2004-05-31","email":"rutuja04dabhade@gmail.com","fullname":"Rutuja Dabhade","gender":"Female","message_type":111,"phone":"8668470451","username":"rutuja"}
[2025-11-02 22:18:54][INFO][process_update_profile_request] Update profile of user 'rutuja' is successful
[2025-11-02 22:19:06][DEBUG] Message received from client {"message_type":119,"user_id":34,"fullname":"Rutuja Vijay Dabhade","username":"rutuja","dob":"2004-05-31","gender":"Female","email":"rutuja04dabhade@gmail.com","phone":"8668470451"}
[2025-11-02 22:19:06][DEBUG][process] in process func: {"dob":"2004-05-31","email":"rutuja04dabhade@gmail.com","fullname":"Rutuja Vijay Dabhade","gender":"Female","message_type":119,"phone":"8668470451","user_id":34,"username":"rutuja"}
[2025-11-02 22:19:06][DEBUG][process_update_profile_request] {"dob":"2004-05-31","email":"rutuja04dabhade@gmail.com","fullname":"Rutuja Vijay Dabhade","gender":"Female","message_type":111,"phone":"8668470451","username":"rutuja"}
[2025-11-02 22:19:06][INFO][process_update_profile_request] Update profile of user 'rutuja' is successful
[2025-11-02 22:20:02][DEBUG] Message received from client {"message_type":105,"user_id":34,"username":"rutuja"}
[2025-11-02 22:20:02][DEBUG][process] in process func: {"message_type":105,"user_id":34,"username":"rutuja"}
[2025-11-02 22:20:02][INFO][process_logout_request] User 'rutuja' failed to logged out. Session not found.
[2025-11-02 22:20:02][INFO][process_logout_request] User 'rutuja' logged out successfully
[2025-11-02 22:20:02][DEBUG][process_logout_request] {"message_type":106,"status":0}
[2025-11-02 22:21:12][INFO] Client disconnected. Client is going away, Reason: 
[2025-11-02 22:22:02][DEBUG] Message received from client {"message_type":103,"username":"manu","password":"Manali@1234","firstname":"Manali","middlename":"nagesh","dob":"2025-10-27","email":"manu@gmail.com","phone":"8898989898","gender":"Female","lastname":"ketkar","fullname":"Manali nagesh ketkar","timestamp":"2025-11-02T16:51:58.214Z"}
[2025-11-02 22:22:02][DEBUG][process] in process func: {"dob":"2025-10-27","email":"manu@gmail.com","firstname":"Manali","fullname":"Manali nagesh ketkar","gender":"Female","lastname":"ketkar","message_type":103,"middlename":"nagesh","password":"Manali@1234","phone":"8898989898","timestamp":"2025-11-02T16:51:58.214Z","username":"manu"}
[2025-11-02 22:22:02][INFO][process_signup_request] Signed up successfully: manu
[2025-11-02 22:22:16][DEBUG] Message received from client {"message_type":101,"username":"manu","password":"Manali@1234","timestamp":"2025-11-02T16:52:05.355Z"}
[2025-11-02 22:22:16][DEBUG][process] in process func: {"message_type":101,"password":"Manali@1234","timestamp":"2025-11-02T16:52:05.355Z","username":"manu"}
[2025-11-02 22:22:16][INFO][process_login_request] User 'manu' logged in successfully
[2025-11-02 22:22:16][DEBUG][send_user_login_payloads] {"dob":"2025-10-27","email":"manu@gmail.com","fullname":"Manali nagesh ketkar","gender":"Female","message_type":111,"phone":"8898989898","username":"manu"}
[2025-11-02 22:22:16][DEBUG][send_user_login_payloads] {"count":0,"message_type":113,"pending_friend_requests_list":[]}
[2025-11-02 22:22:16][DEBUG][send_user_login_payloads] {"count":0,"friends_list":[],"message_type":112}
[2025-11-02 22:22:20][INFO] Client disconnected. Client is going away, Reason: 
[2025-11-02 22:22:20][INFO] Client connected with IP: 127.0.0.1
[2025-11-02 22:22:45][DEBUG] Message received from client {"message_type":105,"user_id":-1,"username":"manu"}
[2025-11-02 22:22:45][DEBUG][process] in process func: {"message_type":105,"user_id":-1,"username":"manu"}
[2025-11-02 22:22:45][ERROR][process_logout_request] Failed to log out user 'manu'
[2025-11-02 22:22:45][DEBUG][process_logout_request] {"message_type":106,"status":1}
[2025-11-02 22:23:18][INFO] Client connected with IP: 127.0.0.1
[2025-11-02 22:23:19][INFO] Client connected with IP: 127.0.0.1
[2025-11-02 22:23:53][INFO] Client connected with IP: 127.0.0.1
[2025-11-02 22:23:59][INFO] Client connected with IP: 127.0.0.1
[2025-11-02 22:24:39][INFO] Client connected with IP: 127.0.0.1
[2025-11-02 22:27:41][DEBUG] Message received from client {"message_type":101,"username":"rutuja","password":"1234","timestamp":"2025-11-02T16:57:35.530Z"}
[2025-11-02 22:27:41][DEBUG][process] in process func: {"message_type":101,"password":"1234","timestamp":"2025-11-02T16:57:35.530Z","username":"rutuja"}
[2025-11-02 22:27:41][INFO][process_login_request] User 'rutuja' logged in successfully
[2025-11-02 22:27:41][DEBUG][send_user_login_payloads] {"dob":"2004-05-31","email":"rutuja04dabhade@gmail.com","fullname":"Rutuja Vijay Dabhade","gender":"Female","message_type":111,"phone":"8668470451","username":"rutuja"}
[2025-11-02 22:27:41][DEBUG][send_user_login_payloads] {"count":0,"message_type":113,"pending_friend_requests_list":[]}
[2025-11-02 22:27:41][DEBUG][send_user_login_payloads] {"count":4,"friends_list":[{"dob":"2001-02-11","fullname":"Achal Bhamare","gender":"Female","user_id":1266,"username":"achalb11"},{"dob":"2005-01-27","fullname":"Chetana Patil","gender":"Female","user_id":1245,"username":"chetanap"},{"dob":"2025-06-03","fullname":"Vaishnavi ","gender":"Female","user_id":39,"username":"vaishnavi10"},{"dob":"2017-08-26","fullname":"Anvi Dabhade","gender":"Female","user_id":1247,"username":"kuhu"}],"message_type":112}
[2025-11-02 22:50:25][INFO] Client disconnected. Client is going away, Reason: 
[2025-11-02 22:51:16][INFO] Received SIGTERM (Termination request, e.g. 'kill' command). Server terminated.
