[2025-06-30 21:52:22][INFO] Server started...
[2025-06-30 21:52:49][INFO] Client connected with IP: 0000:0000:0000:0000:0000:0000:0000:0001
[2025-06-30 21:52:49][INFO] Client connected with IP: 0000:0000:0000:0000:0000:0000:0000:0001
[2025-06-30 21:53:00][INFO] User 'vaibz' logged in successfully
[2025-06-30 21:56:33][INFO] Server started...
[2025-06-30 21:57:12][INFO] Client connected with IP: 0000:0000:0000:0000:0000:0000:0000:0001
[2025-06-30 21:57:12][INFO] Client connected with IP: 0000:0000:0000:0000:0000:0000:0000:0001
[2025-06-30 21:57:38][INFO] User 'vaibhav' logged in successfully
[2025-06-30 21:57:56][INFO] Client connected with IP: 0000:0000:0000:0000:0000:ffff:7f00:0001
[2025-06-30 21:57:56][INFO] Client connected with IP: 0000:0000:0000:0000:0000:ffff:7f00:0001
[2025-06-30 21:58:07][INFO] User 'vaibz' logged in successfully
[2025-06-30 21:59:24][INFO] Client disconnected. Code: 1001, Reason: 
[2025-06-30 21:59:24][INFO] Client disconnected. Code: 1001, Reason: 
[2025-06-30 21:59:24][INFO] Client connected with IP: 0000:0000:0000:0000:0000:ffff:7f00:0001
[2025-06-30 21:59:24][INFO] Client connected with IP: 0000:0000:0000:0000:0000:ffff:7f00:0001
[2025-06-30 22:01:33][ERROR] Username does not exists: vaibz2
[2025-06-30 22:01:57][ERROR] Username does not exists: _vaibz
[2025-06-30 22:02:03][INFO] User 'vaibz21' logged in successfully
[2025-06-30 22:02:34][INFO] Client disconnected. Code: 1001, Reason: 
[2025-06-30 22:02:34][INFO] Client disconnected. Code: 1001, Reason: 
[2025-06-30 22:02:34][INFO] Client connected with IP: 0000:0000:0000:0000:0000:ffff:7f00:0001
[2025-06-30 22:02:34][INFO] Client connected with IP: 0000:0000:0000:0000:0000:ffff:7f00:0001
[2025-06-30 22:02:58][INFO] User 'vaibz' logged in successfully
[2025-06-30 22:03:09][INFO] Client disconnected. Code: 1001, Reason: 
[2025-06-30 22:03:09][INFO] Client disconnected. Code: 1001, Reason: 
[2025-06-30 22:03:09][INFO] Client connected with IP: 0000:0000:0000:0000:0000:ffff:7f00:0001
[2025-06-30 22:03:09][INFO] Client connected with IP: 0000:0000:0000:0000:0000:ffff:7f00:0001
[2025-06-30 22:03:37][INFO] Client disconnected. Code: 1001, Reason: 
[2025-06-30 22:03:37][INFO] Client disconnected. Code: 1001, Reason: 
[2025-06-30 22:03:37][INFO] Client connected with IP: 0000:0000:0000:0000:0000:0000:0000:0001
[2025-06-30 22:03:37][INFO] Client connected with IP: 0000:0000:0000:0000:0000:0000:0000:0001
[2025-06-30 22:03:53][INFO] User 'vaibz' logged in successfully
[2025-06-30 22:04:06][INFO] User 'vaibz' logged in successfully
[2025-06-30 22:04:20][INFO] Client disconnected. Code: 1001, Reason: 
[2025-06-30 22:04:20][INFO] Client disconnected. Code: 1001, Reason: 
[2025-06-30 22:04:20][INFO] Client connected with IP: 0000:0000:0000:0000:0000:ffff:7f00:0001
[2025-06-30 22:04:20][INFO] Client connected with IP: 0000:0000:0000:0000:0000:ffff:7f00:0001
[2025-06-30 22:33:54][INFO] Client connected with IP: 0000:0000:0000:0000:0000:0000:0000:0001
[2025-06-30 22:33:54][INFO] Client connected with IP: 0000:0000:0000:0000:0000:0000:0000:0001
[2025-06-30 23:23:47][INFO] Client disconnected. Code: 1001, Reason: 
[2025-06-30 23:23:47][INFO] Client disconnected. Code: 1001, Reason: 
[2025-06-30 23:50:51][INFO] Server started...
[2025-06-30 23:51:47][INFO] Client connected with IP: 0000:0000:0000:0000:0000:0000:0000:0001
[2025-06-30 23:51:47][INFO] Client connected with IP: 0000:0000:0000:0000:0000:0000:0000:0001
[2025-06-30 23:51:51][ERROR] Password is incorrect for user: vaibz
[2025-06-30 23:51:56][INFO] User 'vaibz' logged in successfully
[2025-06-30 23:52:03][INFO] Client connected with IP: 0000:0000:0000:0000:0000:0000:0000:0001
[2025-06-30 23:52:03][INFO] Client connected with IP: 0000:0000:0000:0000:0000:0000:0000:0001
[2025-06-30 23:52:10][INFO] User 'vaibz' logged in successfully
[2025-06-30 23:52:17][INFO] Client disconnected. Code: 1001, Reason: 
[2025-06-30 23:52:17][INFO] Client disconnected. Code: 1001, Reason: 
[2025-06-30 23:52:17][INFO] Client connected with IP: 0000:0000:0000:0000:0000:0000:0000:0001
[2025-06-30 23:52:17][INFO] Client connected with IP: 0000:0000:0000:0000:0000:0000:0000:0001
[2025-06-30 23:52:22][INFO] Client disconnected. Code: 1001, Reason: 
[2025-06-30 23:52:22][INFO] Client disconnected. Code: 1001, Reason: 
[2025-06-30 23:52:22][INFO] Client connected with IP: 0000:0000:0000:0000:0000:0000:0000:0001
[2025-06-30 23:52:22][INFO] Client connected with IP: 0000:0000:0000:0000:0000:0000:0000:0001
