[2025-07-08 00:01:29][INFO] Client disconnected. Code: 1001, Reason: 
[2025-07-08 21:49:48][INFO] Server started...
[2025-07-08 21:50:41][INFO] Client connected with IP: 0000:0000:0000:0000:0000:ffff:7f00:0001
[2025-07-08 21:50:41][INFO] Client connected with IP: 0000:0000:0000:0000:0000:ffff:7f00:0001
[2025-07-08 21:50:50][INFO] User 'rutuja' logged in successfully
[2025-07-08 22:04:42][INFO] Client disconnected. Code: 1001, Reason: 
[2025-07-08 22:04:42][INFO] Client disconnected. Code: 1001, Reason: 
[2025-07-08 22:04:43][INFO] Client connected with IP: 0000:0000:0000:0000:0000:ffff:7f00:0001
[2025-07-08 22:04:43][INFO] Client connected with IP: 0000:0000:0000:0000:0000:ffff:7f00:0001
[2025-07-08 22:05:00][INFO] Client disconnected. Code: 1001, Reason: 
[2025-07-08 22:05:00][INFO] Client disconnected. Code: 1001, Reason: 
[2025-07-08 22:05:00][INFO] Client connected with IP: 0000:0000:0000:0000:0000:ffff:7f00:0001
[2025-07-08 22:05:01][INFO] Client connected with IP: 0000:0000:0000:0000:0000:ffff:7f00:0001
[2025-07-08 22:05:11][INFO] User 'rutuja' logged in successfully
[2025-07-08 22:05:54][INFO] Client connected with IP: 0000:0000:0000:0000:0000:0000:0000:0001
[2025-07-08 22:05:54][INFO] Client connected with IP: 0000:0000:0000:0000:0000:0000:0000:0001
[2025-07-08 22:06:00][INFO] User 'vaibz' logged in successfully
[2025-07-08 22:06:47][INFO] Client connected with IP: 0000:0000:0000:0000:0000:ffff:7f00:0001
[2025-07-08 22:06:47][INFO] Client connected with IP: 0000:0000:0000:0000:0000:ffff:7f00:0001
[2025-07-08 22:06:56][INFO] User 'vaibz' logged in successfully
[2025-07-08 22:08:22][INFO] Client disconnected. Code: 1001, Reason: 
[2025-07-08 22:08:22][INFO] Client disconnected. Code: 1001, Reason: 
[2025-07-08 22:08:31][INFO] Client connected with IP: 0000:0000:0000:0000:0000:ffff:7f00:0001
[2025-07-08 22:08:31][INFO] Client connected with IP: 0000:0000:0000:0000:0000:ffff:7f00:0001
[2025-07-08 22:08:37][INFO] User 'rutuja' logged in successfully
[2025-07-08 22:15:57][INFO] Client disconnected. Code: 1001, Reason: 
[2025-07-08 22:15:57][INFO] Client disconnected. Code: 1001, Reason: 
[2025-07-08 22:15:57][INFO] Client connected with IP: 0000:0000:0000:0000:0000:0000:0000:0001
[2025-07-08 22:15:57][INFO] Client connected with IP: 0000:0000:0000:0000:0000:0000:0000:0001
[2025-07-08 22:18:04][INFO] Client disconnected. Code: 1001, Reason: 
[2025-07-08 22:18:04][INFO] Client disconnected. Code: 1001, Reason: 
[2025-07-08 22:18:04][INFO] Client connected with IP: 0000:0000:0000:0000:0000:0000:0000:0001
[2025-07-08 22:18:04][INFO] Client connected with IP: 0000:0000:0000:0000:0000:0000:0000:0001
[2025-07-08 22:18:32][INFO] Server started...
[2025-07-08 22:18:48][INFO] Client connected with IP: 0000:0000:0000:0000:0000:0000:0000:0001
[2025-07-08 22:18:48][INFO] Client connected with IP: 0000:0000:0000:0000:0000:0000:0000:0001
[2025-07-08 22:18:54][INFO] User 'vaibz' logged in successfully
[2025-07-08 22:19:06][INFO] Client connected with IP: 0000:0000:0000:0000:0000:0000:0000:0001
[2025-07-08 22:19:06][INFO] Client connected with IP: 0000:0000:0000:0000:0000:0000:0000:0001
[2025-07-08 22:19:13][ERROR] Password is incorrect for user: rutuja
[2025-07-08 22:19:16][INFO] User 'rutuja' logged in successfully
[2025-07-08 22:22:00][INFO] Client disconnected. Code: 1001, Reason: 
[2025-07-08 22:22:00][INFO] Client disconnected. Code: 1001, Reason: 
[2025-07-08 22:22:04][INFO] Client disconnected. Code: 1001, Reason: 
[2025-07-08 22:22:05][INFO] Client disconnected. Code: 1001, Reason: 
[2025-07-08 22:22:10][INFO] Client connected with IP: 0000:0000:0000:0000:0000:ffff:7f00:0001
[2025-07-08 22:22:11][INFO] Client connected with IP: 0000:0000:0000:0000:0000:ffff:7f00:0001
[2025-07-08 22:22:14][INFO] Client connected with IP: 0000:0000:0000:0000:0000:ffff:7f00:0001
[2025-07-08 22:22:14][INFO] Client connected with IP: 0000:0000:0000:0000:0000:ffff:7f00:0001
[2025-07-08 22:22:19][INFO] User 'rutuja' logged in successfully
[2025-07-08 22:22:31][INFO] User 'vaibz' logged in successfully
[2025-07-08 22:22:50][INFO] User 'vaibz' logged in successfully
[2025-07-08 22:22:52][INFO] User 'vaibz' logged in successfully
[2025-07-08 22:22:53][INFO] User 'vaibz' logged in successfully
[2025-07-08 22:22:53][INFO] User 'vaibz' logged in successfully
[2025-07-08 22:22:53][INFO] User 'vaibz' logged in successfully
[2025-07-08 22:22:53][INFO] User 'vaibz' logged in successfully
[2025-07-08 22:22:54][INFO] User 'vaibz' logged in successfully
[2025-07-08 22:22:54][INFO] User 'vaibz' logged in successfully
[2025-07-08 22:22:54][INFO] User 'vaibz' logged in successfully
[2025-07-08 22:32:35][INFO] Client disconnected. Code: 1001, Reason: 
[2025-07-08 22:32:35][INFO] Client disconnected. Code: 1001, Reason: 
[2025-07-08 22:32:36][INFO] Client disconnected. Code: 1001, Reason: 
[2025-07-08 22:32:36][INFO] Client disconnected. Code: 1001, Reason: 
[2025-07-08 22:32:36][INFO] Client connected with IP: 0000:0000:0000:0000:0000:ffff:7f00:0001
[2025-07-08 22:32:36][INFO] Client connected with IP: 0000:0000:0000:0000:0000:ffff:7f00:0001
[2025-07-08 22:32:36][INFO] Client connected with IP: 0000:0000:0000:0000:0000:ffff:7f00:0001
[2025-07-08 22:32:36][INFO] Client connected with IP: 0000:0000:0000:0000:0000:ffff:7f00:0001
[2025-07-08 22:32:36][INFO] Client connected with IP: 0000:0000:0000:0000:0000:ffff:7f00:0001
[2025-07-08 22:32:36][INFO] Client connected with IP: 0000:0000:0000:0000:0000:ffff:7f00:0001
[2025-07-08 22:32:36][INFO] Client connected with IP: 0000:0000:0000:0000:0000:ffff:7f00:0001
[2025-07-08 22:32:36][INFO] Client connected with IP: 0000:0000:0000:0000:0000:ffff:7f00:0001
[2025-07-08 22:32:36][INFO] Client connected with IP: 0000:0000:0000:0000:0000:ffff:7f00:0001
[2025-07-08 22:32:36][INFO] Client connected with IP: 0000:0000:0000:0000:0000:ffff:7f00:0001
[2025-07-08 22:32:36][INFO] Client connected with IP: 0000:0000:0000:0000:0000:ffff:7f00:0001
[2025-07-08 22:32:36][INFO] Client connected with IP: 0000:0000:0000:0000:0000:ffff:7f00:0001
[2025-07-08 22:32:36][INFO] Client connected with IP: 0000:0000:0000:0000:0000:ffff:7f00:0001
[2025-07-08 22:32:36][INFO] Client connected with IP: 0000:0000:0000:0000:0000:ffff:7f00:0001
[2025-07-08 22:32:36][INFO] Client connected with IP: 0000:0000:0000:0000:0000:ffff:7f00:0001
[2025-07-08 22:32:36][INFO] Client connected with IP: 0000:0000:0000:0000:0000:ffff:7f00:0001
[2025-07-08 22:32:36][INFO] Client disconnected. Code: 1006, Reason: 
[2025-07-08 22:32:36][INFO] Client disconnected. Code: 1006, Reason: 
[2025-07-08 22:32:36][INFO] Client disconnected. Code: 1006, Reason: 
[2025-07-08 22:32:36][INFO] Client disconnected. Code: 1006, Reason: 
[2025-07-08 22:32:36][INFO] Client disconnected. Code: 1006, Reason: 
[2025-07-08 22:32:36][INFO] Client disconnected. Code: 1006, Reason: 
[2025-07-08 22:32:36][INFO] Client disconnected. Code: 1006, Reason: 
[2025-07-08 22:32:36][INFO] Client disconnected. Code: 1006, Reason: 
[2025-07-08 22:32:36][INFO] Client disconnected. Code: 1006, Reason: 
[2025-07-08 22:32:36][INFO] Client disconnected. Code: 1006, Reason: 
[2025-07-08 22:32:36][INFO] Client disconnected. Code: 1006, Reason: 
[2025-07-08 22:32:36][INFO] Client disconnected. Code: 1006, Reason: 
[2025-07-08 22:32:39][INFO] Server started...
[2025-07-08 22:32:42][INFO] Server started...
[2025-07-08 22:33:18][INFO] Client connected with IP: 0000:0000:0000:0000:0000:ffff:7f00:0001
[2025-07-08 22:33:18][INFO] Client connected with IP: 0000:0000:0000:0000:0000:ffff:7f00:0001
[2025-07-08 22:33:30][INFO] User 'rutuja' logged in successfully
[2025-07-08 22:33:41][INFO] Client connected with IP: 0000:0000:0000:0000:0000:ffff:7f00:0001
[2025-07-08 22:33:42][INFO] Client connected with IP: 0000:0000:0000:0000:0000:ffff:7f00:0001
[2025-07-08 22:33:50][INFO] User 'vaibz' logged in successfully
[2025-07-08 22:36:09][INFO] Client disconnected. Code: 1005, Reason: 
[2025-07-08 22:36:14][INFO] Client connected with IP: 0000:0000:0000:0000:0000:ffff:7f00:0001
[2025-07-08 22:36:14][INFO] Client connected with IP: 0000:0000:0000:0000:0000:ffff:7f00:0001
[2025-07-08 22:36:29][INFO] User 'vaibz' logged in successfully
[2025-07-08 22:36:41][INFO] Client disconnected. Code: 1005, Reason: 
[2025-07-08 22:37:00][INFO] Client disconnected. Code: 1001, Reason: 
[2025-07-08 22:37:00][INFO] Client disconnected. Code: 1001, Reason: 
[2025-07-08 22:37:01][INFO] Client connected with IP: 0000:0000:0000:0000:0000:ffff:7f00:0001
[2025-07-08 22:37:01][INFO] Client connected with IP: 0000:0000:0000:0000:0000:ffff:7f00:0001
[2025-07-08 22:37:03][INFO] Client disconnected. Code: 1001, Reason: 
[2025-07-08 22:37:03][INFO] Client disconnected. Code: 1001, Reason: 
[2025-07-08 22:37:04][INFO] Client connected with IP: 0000:0000:0000:0000:0000:ffff:7f00:0001
[2025-07-08 22:37:04][INFO] Client connected with IP: 0000:0000:0000:0000:0000:ffff:7f00:0001
[2025-07-08 22:37:10][INFO] User 'rutuja' logged in successfully
[2025-07-08 22:37:18][INFO] User 'vaibz' logged in successfully
[2025-07-08 22:37:35][INFO] Client disconnected. Code: 1005, Reason: 
[2025-07-08 22:38:40][INFO] Client connected with IP: 0000:0000:0000:0000:0000:ffff:7f00:0001
[2025-07-08 22:38:40][INFO] Client connected with IP: 0000:0000:0000:0000:0000:ffff:7f00:0001
[2025-07-08 22:39:11][INFO] Client disconnected. Code: 1001, Reason: 
[2025-07-08 22:39:11][INFO] Client disconnected. Code: 1001, Reason: 
[2025-07-08 22:39:12][INFO] Client connected with IP: 0000:0000:0000:0000:0000:ffff:7f00:0001
[2025-07-08 22:39:12][INFO] Client connected with IP: 0000:0000:0000:0000:0000:ffff:7f00:0001
[2025-07-08 22:39:19][INFO] User 'rutuja' logged in successfully
[2025-07-08 22:40:00][INFO] Client disconnected. Code: 1001, Reason: 
[2025-07-08 22:40:00][INFO] Client disconnected. Code: 1001, Reason: 
[2025-07-08 22:40:00][INFO] Client disconnected. Code: 1001, Reason: 
[2025-07-08 22:40:02][INFO] Client connected with IP: 0000:0000:0000:0000:0000:ffff:7f00:0001
[2025-07-08 22:40:02][INFO] Client connected with IP: 0000:0000:0000:0000:0000:ffff:7f00:0001
[2025-07-08 22:40:23][INFO] User 'vaibz' logged in successfully
[2025-07-08 22:40:32][INFO] Client disconnected. Code: 1001, Reason: 
[2025-07-08 22:40:32][INFO] Client disconnected. Code: 1001, Reason: 
[2025-07-08 22:40:33][INFO] Client connected with IP: 0000:0000:0000:0000:0000:ffff:7f00:0001
[2025-07-08 22:40:34][INFO] Client connected with IP: 0000:0000:0000:0000:0000:ffff:7f00:0001
[2025-07-08 22:40:40][INFO] User 'rutuja' logged in successfully
[2025-07-08 22:40:48][INFO] Client disconnected. Code: 1005, Reason: 
[2025-07-08 22:41:24][INFO] Client connected with IP: 0000:0000:0000:0000:0000:ffff:7f00:0001
[2025-07-08 22:41:24][INFO] Client connected with IP: 0000:0000:0000:0000:0000:ffff:7f00:0001
[2025-07-08 22:41:28][INFO] Client disconnected. Code: 1001, Reason: 
[2025-07-08 22:41:28][INFO] Client disconnected. Code: 1001, Reason: 
[2025-07-08 22:41:28][INFO] Client disconnected. Code: 1001, Reason: 
[2025-07-08 22:41:30][INFO] Client connected with IP: 0000:0000:0000:0000:0000:ffff:7f00:0001
[2025-07-08 22:41:30][INFO] Client connected with IP: 0000:0000:0000:0000:0000:ffff:7f00:0001
[2025-07-08 22:41:31][INFO] Client disconnected. Code: 1001, Reason: 
[2025-07-08 22:41:31][INFO] Client disconnected. Code: 1001, Reason: 
[2025-07-08 22:41:32][INFO] Client connected with IP: 0000:0000:0000:0000:0000:ffff:7f00:0001
[2025-07-08 22:41:32][INFO] Client connected with IP: 0000:0000:0000:0000:0000:ffff:7f00:0001
[2025-07-08 22:41:38][INFO] User 'rutuja' logged in successfully
[2025-07-08 22:41:49][INFO] User 'vaibz' logged in successfully
[2025-07-08 22:42:02][INFO] Client disconnected. Code: 1005, Reason: 
[2025-07-08 22:42:37][INFO] Client connected with IP: 0000:0000:0000:0000:0000:ffff:7f00:0001
[2025-07-08 22:42:37][INFO] Client connected with IP: 0000:0000:0000:0000:0000:ffff:7f00:0001
[2025-07-08 22:42:41][INFO] Client disconnected. Code: 1001, Reason: 
[2025-07-08 22:42:41][INFO] Client disconnected. Code: 1001, Reason: 
[2025-07-08 22:42:41][INFO] Client disconnected. Code: 1001, Reason: 
[2025-07-08 22:42:42][INFO] Client connected with IP: 0000:0000:0000:0000:0000:ffff:7f00:0001
[2025-07-08 22:42:43][INFO] Client connected with IP: 0000:0000:0000:0000:0000:ffff:7f00:0001
[2025-07-08 22:42:45][INFO] Client disconnected. Code: 1001, Reason: 
[2025-07-08 22:42:45][INFO] Client disconnected. Code: 1001, Reason: 
[2025-07-08 22:42:46][INFO] Client connected with IP: 0000:0000:0000:0000:0000:ffff:7f00:0001
[2025-07-08 22:42:46][INFO] Client connected with IP: 0000:0000:0000:0000:0000:ffff:7f00:0001
[2025-07-08 22:42:52][INFO] User 'rutuja' logged in successfully
[2025-07-08 22:43:01][INFO] User 'vaibz' logged in successfully
[2025-07-08 22:43:31][INFO] Client disconnected. Code: 1005, Reason: 
[2025-07-08 22:45:19][INFO] Client connected with IP: 0000:0000:0000:0000:0000:ffff:7f00:0001
[2025-07-08 22:45:19][INFO] Client connected with IP: 0000:0000:0000:0000:0000:ffff:7f00:0001
[2025-07-08 22:45:42][INFO] Client disconnected. Code: 1001, Reason: 
[2025-07-08 22:45:42][INFO] Client disconnected. Code: 1001, Reason: 
[2025-07-08 22:45:42][INFO] Client disconnected. Code: 1001, Reason: 
[2025-07-08 22:45:43][INFO] Client connected with IP: 0000:0000:0000:0000:0000:ffff:7f00:0001
[2025-07-08 22:45:43][INFO] Client connected with IP: 0000:0000:0000:0000:0000:ffff:7f00:0001
[2025-07-08 22:45:46][INFO] Client disconnected. Code: 1001, Reason: 
[2025-07-08 22:45:46][INFO] Client disconnected. Code: 1001, Reason: 
[2025-07-08 22:45:47][INFO] Client connected with IP: 0000:0000:0000:0000:0000:ffff:7f00:0001
[2025-07-08 22:45:47][INFO] Client connected with IP: 0000:0000:0000:0000:0000:ffff:7f00:0001
[2025-07-08 22:45:57][INFO] User 'rutuja' logged in successfully
[2025-07-08 22:46:09][INFO] User 'vaibz' logged in successfully
[2025-07-08 22:46:21][INFO] Client disconnected. Code: 1005, Reason: 
[2025-07-08 22:46:33][INFO] Client connected with IP: 0000:0000:0000:0000:0000:ffff:7f00:0001
[2025-07-08 22:46:33][INFO] Client connected with IP: 0000:0000:0000:0000:0000:ffff:7f00:0001
[2025-07-08 22:47:27][INFO] Client disconnected. Code: 1001, Reason: 
[2025-07-08 22:47:27][INFO] Client disconnected. Code: 1001, Reason: 
[2025-07-08 22:47:27][INFO] Client disconnected. Code: 1001, Reason: 
[2025-07-08 22:47:28][INFO] Client connected with IP: 0000:0000:0000:0000:0000:ffff:7f00:0001
[2025-07-08 22:47:28][INFO] Client connected with IP: 0000:0000:0000:0000:0000:ffff:7f00:0001
[2025-07-08 22:47:31][INFO] Client disconnected. Code: 1001, Reason: 
[2025-07-08 22:47:31][INFO] Client disconnected. Code: 1001, Reason: 
[2025-07-08 22:47:32][INFO] Client connected with IP: 0000:0000:0000:0000:0000:ffff:7f00:0001
[2025-07-08 22:47:33][INFO] Client connected with IP: 0000:0000:0000:0000:0000:ffff:7f00:0001
[2025-07-08 22:47:39][INFO] User 'rutuja' logged in successfully
[2025-07-08 22:47:48][INFO] User 'vaibz' logged in successfully
[2025-07-08 22:48:01][INFO] Client disconnected. Code: 1005, Reason: 
[2025-07-08 22:48:30][INFO] Client connected with IP: 0000:0000:0000:0000:0000:ffff:7f00:0001
[2025-07-08 22:48:30][INFO] Client connected with IP: 0000:0000:0000:0000:0000:ffff:7f00:0001
[2025-07-08 22:49:51][INFO] Client disconnected. Code: 1001, Reason: 
[2025-07-08 22:49:51][INFO] Client disconnected. Code: 1001, Reason: 
[2025-07-08 22:49:51][INFO] Client disconnected. Code: 1001, Reason: 
[2025-07-08 22:49:52][INFO] Client connected with IP: 0000:0000:0000:0000:0000:ffff:7f00:0001
[2025-07-08 22:49:53][INFO] Client connected with IP: 0000:0000:0000:0000:0000:ffff:7f00:0001
[2025-07-08 22:49:54][INFO] Client disconnected. Code: 1001, Reason: 
[2025-07-08 22:49:54][INFO] Client disconnected. Code: 1001, Reason: 
[2025-07-08 22:49:55][INFO] Client connected with IP: 0000:0000:0000:0000:0000:ffff:7f00:0001
[2025-07-08 22:49:55][INFO] Client connected with IP: 0000:0000:0000:0000:0000:ffff:7f00:0001
[2025-07-08 22:50:03][INFO] User 'rutuja' logged in successfully
[2025-07-08 22:50:11][INFO] User 'vaibz' logged in successfully
[2025-07-08 22:50:40][INFO] Client disconnected. Code: 1005, Reason: 
[2025-07-08 22:50:43][INFO] Client connected with IP: 0000:0000:0000:0000:0000:ffff:7f00:0001
[2025-07-08 22:50:43][INFO] Client connected with IP: 0000:0000:0000:0000:0000:ffff:7f00:0001
[2025-07-08 22:51:08][INFO] Client disconnected. Code: 1005, Reason: 
[2025-07-08 22:51:08][INFO] Client disconnected. Code: 1005, Reason: 
[2025-07-08 22:51:08][INFO] Client connected with IP: 0000:0000:0000:0000:0000:ffff:7f00:0001
[2025-07-08 22:51:08][INFO] Client connected with IP: 0000:0000:0000:0000:0000:ffff:7f00:0001
[2025-07-08 22:51:12][INFO] Client disconnected. Code: 1001, Reason: 
[2025-07-08 22:51:12][INFO] Client disconnected. Code: 1001, Reason: 
[2025-07-08 22:51:12][INFO] Client disconnected. Code: 1001, Reason: 
[2025-07-08 22:51:13][INFO] Client connected with IP: 0000:0000:0000:0000:0000:ffff:7f00:0001
[2025-07-08 22:51:14][INFO] Client connected with IP: 0000:0000:0000:0000:0000:ffff:7f00:0001
[2025-07-08 22:51:15][INFO] Client disconnected. Code: 1001, Reason: 
[2025-07-08 22:51:15][INFO] Client disconnected. Code: 1001, Reason: 
[2025-07-08 22:51:16][INFO] Client connected with IP: 0000:0000:0000:0000:0000:ffff:7f00:0001
[2025-07-08 22:51:16][INFO] Client connected with IP: 0000:0000:0000:0000:0000:ffff:7f00:0001
[2025-07-08 22:51:24][ERROR] Password is incorrect for user: rutuja
[2025-07-08 22:51:26][INFO] User 'rutuja' logged in successfully
[2025-07-08 22:51:37][INFO] User 'vaibz' logged in successfully
[2025-07-08 22:51:50][INFO] Client disconnected. Code: 1005, Reason: 
[2025-07-08 22:53:46][INFO] Client connected with IP: 0000:0000:0000:0000:0000:ffff:7f00:0001
[2025-07-08 22:53:46][INFO] Client connected with IP: 0000:0000:0000:0000:0000:ffff:7f00:0001
[2025-07-08 22:54:19][INFO] Client disconnected. Code: 1001, Reason: 
[2025-07-08 22:54:19][INFO] Client disconnected. Code: 1001, Reason: 
[2025-07-08 22:54:19][INFO] Client disconnected. Code: 1001, Reason: 
[2025-07-08 22:54:21][INFO] Client connected with IP: 0000:0000:0000:0000:0000:ffff:7f00:0001
[2025-07-08 22:54:21][INFO] Client connected with IP: 0000:0000:0000:0000:0000:ffff:7f00:0001
[2025-07-08 22:54:22][INFO] Client disconnected. Code: 1001, Reason: 
[2025-07-08 22:54:22][INFO] Client disconnected. Code: 1001, Reason: 
[2025-07-08 22:54:23][INFO] Client connected with IP: 0000:0000:0000:0000:0000:ffff:7f00:0001
[2025-07-08 22:54:24][INFO] Client connected with IP: 0000:0000:0000:0000:0000:ffff:7f00:0001
[2025-07-08 22:54:29][INFO] User 'rutuja' logged in successfully
[2025-07-08 22:54:37][INFO] User 'vaibz' logged in successfully
[2025-07-08 22:54:49][INFO] Client disconnected. Code: 1005, Reason: 
[2025-07-08 22:55:24][INFO] Client connected with IP: 0000:0000:0000:0000:0000:ffff:7f00:0001
[2025-07-08 22:55:24][INFO] Client connected with IP: 0000:0000:0000:0000:0000:ffff:7f00:0001
[2025-07-08 22:56:08][INFO] Client disconnected. Code: 1001, Reason: 
[2025-07-08 22:56:08][INFO] Client disconnected. Code: 1001, Reason: 
[2025-07-08 22:56:09][INFO] Client connected with IP: 0000:0000:0000:0000:0000:ffff:7f00:0001
[2025-07-08 22:56:09][INFO] Client connected with IP: 0000:0000:0000:0000:0000:ffff:7f00:0001
[2025-07-08 22:56:11][INFO] Client disconnected. Code: 1001, Reason: 
[2025-07-08 22:56:11][INFO] Client disconnected. Code: 1001, Reason: 
[2025-07-08 22:56:11][INFO] Client disconnected. Code: 1001, Reason: 
[2025-07-08 22:56:11][INFO] Client connected with IP: 0000:0000:0000:0000:0000:ffff:7f00:0001
[2025-07-08 22:56:12][INFO] Client connected with IP: 0000:0000:0000:0000:0000:ffff:7f00:0001
[2025-07-08 22:56:18][INFO] User 'rutuja' logged in successfully
[2025-07-08 22:56:29][INFO] User 'vaibz' logged in successfully
[2025-07-08 22:56:42][INFO] Client disconnected. Code: 1005, Reason: 
[2025-07-08 23:04:22][INFO] Client connected with IP: 0000:0000:0000:0000:0000:ffff:7f00:0001
[2025-07-08 23:04:22][INFO] Client connected with IP: 0000:0000:0000:0000:0000:ffff:7f00:0001
[2025-07-08 23:14:19][INFO] Client disconnected. Code: 1001, Reason: 
[2025-07-08 23:14:19][INFO] Client disconnected. Code: 1001, Reason: 
[2025-07-08 23:14:20][INFO] Client connected with IP: 0000:0000:0000:0000:0000:ffff:7f00:0001
[2025-07-08 23:14:21][INFO] Client connected with IP: 0000:0000:0000:0000:0000:ffff:7f00:0001
[2025-07-08 23:14:22][INFO] Client disconnected. Code: 1001, Reason: 
[2025-07-08 23:14:22][INFO] Client disconnected. Code: 1001, Reason: 
[2025-07-08 23:14:22][INFO] Client disconnected. Code: 1001, Reason: 
[2025-07-08 23:14:23][INFO] Client connected with IP: 0000:0000:0000:0000:0000:ffff:7f00:0001
[2025-07-08 23:14:24][INFO] Client connected with IP: 0000:0000:0000:0000:0000:ffff:7f00:0001
[2025-07-08 23:14:38][INFO] User 'rutuja' logged in successfully
[2025-07-08 23:14:47][INFO] User 'vaibz' logged in successfully
[2025-07-08 23:15:54][INFO] Client connected with IP: 0000:0000:0000:0000:0000:ffff:7f00:0001
[2025-07-08 23:15:55][INFO] Client connected with IP: 0000:0000:0000:0000:0000:ffff:7f00:0001
[2025-07-08 23:16:05][INFO] User 'vaishnavi10' logged in successfully
[2025-07-08 23:23:19][INFO] Client disconnected. Code: 1001, Reason: 
[2025-07-08 23:23:19][INFO] Client disconnected. Code: 1001, Reason: 
[2025-07-08 23:23:21][INFO] Client disconnected. Code: 1001, Reason: 
[2025-07-08 23:23:21][INFO] Client disconnected. Code: 1001, Reason: 
[2025-07-08 23:23:21][INFO] Client disconnected. Code: 1001, Reason: 
[2025-07-08 23:23:21][INFO] Client disconnected. Code: 1001, Reason: 
