[2025-06-29 16:10:53][INFO] Server started...
[2025-06-29 16:11:05][INFO] Client connected with IP: 0000:0000:0000:0000:0000:0000:0000:0001
[2025-06-29 16:11:05][INFO] Client connected with IP: 0000:0000:0000:0000:0000:0000:0000:0001
[2025-06-29 16:11:27][INFO] User 'vaibz' logged in successfully
[2025-06-29 16:16:25][INFO] Client disconnected. Code: 1001, Reason: 
[2025-06-29 16:16:25][INFO] Client disconnected. Code: 1001, Reason: 
[2025-06-29 16:16:25][INFO] Client connected with IP: 0000:0000:0000:0000:0000:0000:0000:0001
[2025-06-29 16:16:25][INFO] Client connected with IP: 0000:0000:0000:0000:0000:0000:0000:0001
[2025-06-29 16:16:38][INFO] User 'vaibz' logged in successfully
[2025-06-29 16:26:15][INFO] Client disconnected. Code: 1001, Reason: 
[2025-06-29 16:26:15][INFO] Client disconnected. Code: 1001, Reason: 
[2025-06-29 22:35:20][INFO] Server started...
[2025-06-29 22:35:54][INFO] Client connected with IP: 0000:0000:0000:0000:0000:0000:0000:0001
[2025-06-29 22:35:54][INFO] Client connected with IP: 0000:0000:0000:0000:0000:0000:0000:0001
[2025-06-29 22:36:11][INFO] User 'vaibz' logged in successfully
[2025-06-29 22:36:17][INFO] User 'vaibz' logged in successfully
[2025-06-29 22:36:21][INFO] Client disconnected. Code: 1001, Reason: 
[2025-06-29 22:36:21][INFO] Client disconnected. Code: 1001, Reason: 
[2025-06-29 22:36:21][INFO] Client connected with IP: 0000:0000:0000:0000:0000:0000:0000:0001
[2025-06-29 22:36:21][INFO] Client connected with IP: 0000:0000:0000:0000:0000:0000:0000:0001
[2025-06-29 22:36:26][INFO] Server started...
[2025-06-29 22:36:31][INFO] Client connected with IP: 0000:0000:0000:0000:0000:0000:0000:0001
[2025-06-29 22:36:31][INFO] Client connected with IP: 0000:0000:0000:0000:0000:0000:0000:0001
[2025-06-29 22:36:37][ERROR] Password is incorrect for user: vaibz
[2025-06-29 22:36:43][ERROR] Password is incorrect for user: vaibz
[2025-06-29 22:36:54][INFO] User 'vaibz' logged in successfully
[2025-06-29 22:37:14][ERROR] [json.exception.parse_error.101] parse error at line 1, column 59: syntax error while parsing object - unexpected end of input; expected '}'
[2025-06-29 22:38:46][ERROR] [json.exception.parse_error.101] parse error at line 1, column 61: syntax error while parsing object - unexpected end of input; expected '}'
[2025-06-29 22:39:01][ERROR] [json.exception.parse_error.101] parse error at line 1, column 59: syntax error while parsing object - unexpected end of input; expected '}'
[2025-06-29 22:40:36][INFO] Server started...
[2025-06-29 22:40:40][INFO] Client connected with IP: 0000:0000:0000:0000:0000:0000:0000:0001
[2025-06-29 22:40:40][INFO] Client connected with IP: 0000:0000:0000:0000:0000:0000:0000:0001
[2025-06-29 22:40:46][INFO] User 'vaibz' logged in successfully
[2025-06-29 22:41:04][ERROR] [json.exception.parse_error.101] parse error at line 1, column 59: syntax error while parsing object - unexpected end of input; expected '}'
