[2025-07-11 18:22:32][INFO] Server started...
[2025-07-11 18:24:50][INFO] Client connected with IP: 0000:0000:0000:0000:0000:0000:0000:0001
[2025-07-11 18:24:50][INFO] Client connected with IP: 0000:0000:0000:0000:0000:0000:0000:0001
[2025-07-11 18:25:09][INFO] User 'vaibz' logged in successfully
[2025-07-11 18:27:59][INFO] Client disconnected. Code: 1001, Reason: 
[2025-07-11 18:28:16][INFO] Client disconnected. Code: 1001, Reason: 
[2025-07-11 18:28:24][INFO] Client connected with IP: 0000:0000:0000:0000:0000:0000:0000:0001
[2025-07-11 18:28:25][INFO] Client connected with IP: 0000:0000:0000:0000:0000:ffff:7f00:0001
[2025-07-11 18:28:39][INFO] User 'vaibz' logged in successfully
[2025-07-11 18:29:56][INFO] Client disconnected. Code: 1001, Reason: 
[2025-07-11 18:29:59][INFO] Client disconnected. Code: 1001, Reason: 
[2025-07-11 18:33:19][INFO] Client connected with IP: 0000:0000:0000:0000:0000:0000:0000:0001
[2025-07-11 18:33:22][INFO] Client connected with IP: 0000:0000:0000:0000:0000:ffff:7f00:0001
[2025-07-11 18:33:31][INFO] Client disconnected. Code: 1001, Reason: 
[2025-07-11 18:33:36][INFO] Client disconnected. Code: 1001, Reason: 
[2025-07-11 18:33:36][INFO] Client connected with IP: 0000:0000:0000:0000:0000:0000:0000:0001
[2025-07-11 18:33:37][INFO] Client connected with IP: 0000:0000:0000:0000:0000:ffff:7f00:0001
[2025-07-11 18:33:58][INFO] Client disconnected. Code: 1001, Reason: 
[2025-07-11 18:34:03][INFO] Client disconnected. Code: 1001, Reason: 
[2025-07-11 18:34:50][INFO] Client connected with IP: 0000:0000:0000:0000:0000:0000:0000:0001
[2025-07-11 18:35:03][INFO] Client connected with IP: 0000:0000:0000:0000:0000:ffff:7f00:0001
[2025-07-11 18:35:20][INFO] User 'vaibz' logged in successfully
[2025-07-11 18:38:51][INFO] Server started...
[2025-07-11 18:38:58][INFO] Client connected with IP: 0000:0000:0000:0000:0000:0000:0000:0001
[2025-07-11 18:39:22][INFO] User 'vaibz' logged in successfully
[2025-07-11 18:39:38][INFO] Client connected with IP: 0000:0000:0000:0000:0000:0000:0000:0001
[2025-07-11 18:39:46][INFO] User 'vaibz' logged in successfully
[2025-07-11 18:41:52][INFO] Client disconnected. Code: 1001, Reason: 
[2025-07-11 18:41:53][INFO] Client connected with IP: 0000:0000:0000:0000:0000:0000:0000:0001
[2025-07-11 18:42:05][INFO] User 'vaibz' logged in successfully
[2025-07-11 18:43:14][INFO] Client disconnected. Code: 1001, Reason: 
[2025-07-11 18:43:19][INFO] Server started...
[2025-07-11 18:43:44][INFO] Client connected with IP: 0000:0000:0000:0000:0000:0000:0000:0001
[2025-07-11 18:43:56][INFO] User 'vaibz' logged in successfully
[2025-07-11 18:44:10][INFO] Client connected with IP: 0000:0000:0000:0000:0000:0000:0000:0001
[2025-07-11 18:44:17][INFO] User 'rutuja' logged in successfully
[2025-07-11 18:46:14][INFO] Client disconnected. Code: 1001, Reason: 
[2025-07-11 18:46:27][INFO] Server started...
[2025-07-11 18:46:33][INFO] Client connected with IP: 0000:0000:0000:0000:0000:0000:0000:0001
[2025-07-11 18:46:40][INFO] User 'vaibz' logged in successfully
[2025-07-11 18:46:49][INFO] Client connected with IP: 0000:0000:0000:0000:0000:0000:0000:0001
[2025-07-11 18:46:57][INFO] User 'rutuja' logged in successfully
[2025-07-11 18:47:41][INFO] Client disconnected. Code: 1001, Reason: 
[2025-07-11 18:47:51][INFO] Client disconnected. Code: 1001, Reason: 
[2025-07-11 18:48:31][INFO] Client connected with IP: 0000:0000:0000:0000:0000:0000:0000:0001
[2025-07-11 18:48:38][INFO] Client connected with IP: 0000:0000:0000:0000:0000:0000:0000:0001
[2025-07-11 18:48:46][INFO] User 'vaibz' logged in successfully
[2025-07-11 18:48:57][ERROR] Password is incorrect for user: rutuja
[2025-07-11 18:48:59][INFO] User 'rutuja' logged in successfully
[2025-07-11 18:50:50][INFO] Client disconnected. Code: 1005, Reason: 
[2025-07-11 18:50:53][INFO] Client disconnected. Code: 1005, Reason: 
[2025-07-11 18:50:53][INFO] Client connected with IP: 0000:0000:0000:0000:0000:0000:0000:0001
[2025-07-11 18:50:54][INFO] Client connected with IP: 0000:0000:0000:0000:0000:ffff:7f00:0001
[2025-07-11 18:51:11][INFO] Client disconnected. Code: 1001, Reason: 
[2025-07-11 18:51:11][INFO] Client connected with IP: 0000:0000:0000:0000:0000:0000:0000:0001
[2025-07-11 18:51:19][INFO] User 'vaibz' logged in successfully
[2025-07-11 18:51:33][INFO] Client disconnected. Code: 1001, Reason: 
[2025-07-11 18:51:33][INFO] Client connected with IP: 0000:0000:0000:0000:0000:0000:0000:0001
[2025-07-11 18:51:42][INFO] User 'rutuja' logged in successfully
[2025-07-11 21:05:53][INFO] Server started...
[2025-07-11 21:05:59][INFO] Client connected with IP: 0000:0000:0000:0000:0000:0000:0000:0001
[2025-07-11 21:06:05][INFO] User 'vaibz' logged in successfully
