[2025-07-17 21:29:31][INFO] Server started...
[2025-07-17 21:31:23][INFO] Client connected with IP: 0000:0000:0000:0000:0000:ffff:7f00:0001
[2025-07-17 21:31:24][INFO] Client connected with IP: 0000:0000:0000:0000:0000:ffff:7f00:0001
[2025-07-17 21:31:58][INFO] Client disconnected. Code: 1001, Reason: 
[2025-07-17 21:31:58][INFO] Client disconnected. Code: 1001, Reason: 
[2025-07-17 21:32:14][INFO] Client connected with IP: 0000:0000:0000:0000:0000:ffff:7f00:0001
[2025-07-17 21:32:44][INFO] User 'vaibz' logged in successfully
[2025-07-17 21:36:06][INFO] Client disconnected. Code: 1005, Reason: 
[2025-07-17 21:36:09][INFO] Client connected with IP: 0000:0000:0000:0000:0000:ffff:7f00:0001
[2025-07-17 21:36:17][INFO] Client disconnected. Code: 1001, Reason: 
[2025-07-17 21:36:18][INFO] Client connected with IP: 0000:0000:0000:0000:0000:ffff:7f00:0001
[2025-07-17 21:36:26][INFO] User 'vaibz' logged in successfully
[2025-07-17 21:38:52][INFO] Client disconnected. Code: 1005, Reason: 
[2025-07-17 21:38:55][INFO] Client connected with IP: 0000:0000:0000:0000:0000:ffff:7f00:0001
[2025-07-17 21:39:19][INFO] Client disconnected. Code: 1001, Reason: 
[2025-07-17 21:39:20][INFO] Client connected with IP: 0000:0000:0000:0000:0000:ffff:7f00:0001
[2025-07-17 21:39:27][INFO] User 'vaibz' logged in successfully
[2025-07-17 21:39:33][INFO] Client disconnected. Code: 1005, Reason: 
[2025-07-17 21:39:47][INFO] Client connected with IP: 0000:0000:0000:0000:0000:ffff:7f00:0001
[2025-07-17 21:40:54][INFO] Client disconnected. Code: 1001, Reason: 
[2025-07-17 21:40:55][INFO] Client connected with IP: 0000:0000:0000:0000:0000:ffff:7f00:0001
[2025-07-17 21:41:03][INFO] User 'vaibz' logged in successfully
[2025-07-17 21:44:02][INFO] Client disconnected. Code: 1005, Reason: 
[2025-07-17 21:44:09][INFO] Client connected with IP: 0000:0000:0000:0000:0000:ffff:7f00:0001
[2025-07-17 21:44:31][INFO] Client disconnected. Code: 1001, Reason: 
[2025-07-17 21:44:32][INFO] Client connected with IP: 0000:0000:0000:0000:0000:ffff:7f00:0001
[2025-07-17 21:44:39][ERROR] Password is incorrect for user: vaibz
[2025-07-17 21:44:47][INFO] User 'vaibz' logged in successfully
[2025-07-17 21:46:21][INFO] Client connected with IP: 0000:0000:0000:0000:0000:0000:0000:0001
[2025-07-17 21:46:53][INFO] User 'skadam268' logged in successfully
[2025-07-17 21:48:56][INFO] Client disconnected. Code: 1005, Reason: 
[2025-07-17 21:49:00][INFO] Client connected with IP: 0000:0000:0000:0000:0000:ffff:7f00:0001
[2025-07-17 21:49:29][INFO] Client disconnected. Code: 1001, Reason: 
[2025-07-17 21:49:29][INFO] Client connected with IP: 0000:0000:0000:0000:0000:0000:0000:0001
[2025-07-17 21:49:33][INFO] Client disconnected. Code: 1001, Reason: 
[2025-07-17 21:49:34][INFO] Client connected with IP: 0000:0000:0000:0000:0000:ffff:7f00:0001
[2025-07-17 21:49:42][INFO] User 'vaibz' logged in successfully
[2025-07-17 21:49:47][INFO] Client disconnected. Code: 1005, Reason: 
[2025-07-17 21:50:09][INFO] Client connected with IP: 0000:0000:0000:0000:0000:ffff:7f00:0001
[2025-07-17 21:50:55][INFO] Client disconnected. Code: 1001, Reason: 
[2025-07-17 21:50:56][INFO] Client connected with IP: 0000:0000:0000:0000:0000:ffff:7f00:0001
[2025-07-17 21:50:57][INFO] User 'ninamdar282' logged in successfully
[2025-07-17 21:51:01][INFO] User 'vaibz' logged in successfully
[2025-07-17 21:52:59][INFO] Client disconnected. Code: 1006, Reason: WebSocket timed out from inactivity
[2025-07-17 21:54:37][INFO] Client connected with IP: 0000:0000:0000:0000:0000:ffff:7f00:0001
[2025-07-17 21:54:46][INFO] User 'vaibz' logged in successfully
[2025-07-17 21:54:51][INFO] Client disconnected. Code: 1001, Reason: 
[2025-07-17 21:54:52][INFO] Client connected with IP: 0000:0000:0000:0000:0000:ffff:7f00:0001
[2025-07-17 21:55:01][INFO] User 'vaibz' logged in successfully
[2025-07-17 22:02:43][INFO] Client disconnected. Code: 1005, Reason: 
[2025-07-17 22:02:44][INFO] Client connected with IP: 0000:0000:0000:0000:0000:ffff:7f00:0001
[2025-07-17 22:02:46][INFO] Client disconnected. Code: 1005, Reason: 
[2025-07-17 22:02:47][INFO] Client connected with IP: 0000:0000:0000:0000:0000:ffff:7f00:0001
[2025-07-17 22:02:56][INFO] Client disconnected. Code: 1005, Reason: 
[2025-07-17 22:02:57][INFO] Client connected with IP: 0000:0000:0000:0000:0000:ffff:7f00:0001
[2025-07-17 22:03:03][INFO] Client disconnected. Code: 1005, Reason: 
[2025-07-17 22:03:04][INFO] Client connected with IP: 0000:0000:0000:0000:0000:ffff:7f00:0001
[2025-07-17 22:03:10][INFO] Client disconnected. Code: 1005, Reason: 
[2025-07-17 22:03:10][INFO] Client connected with IP: 0000:0000:0000:0000:0000:ffff:7f00:0001
[2025-07-17 22:03:13][INFO] Client disconnected. Code: 1005, Reason: 
[2025-07-17 22:03:14][INFO] Client connected with IP: 0000:0000:0000:0000:0000:ffff:7f00:0001
[2025-07-17 22:03:15][INFO] Client disconnected. Code: 1005, Reason: 
[2025-07-17 22:03:15][INFO] Client connected with IP: 0000:0000:0000:0000:0000:ffff:7f00:0001
[2025-07-17 22:03:18][INFO] Client disconnected. Code: 1005, Reason: 
[2025-07-17 22:03:19][INFO] Client connected with IP: 0000:0000:0000:0000:0000:ffff:7f00:0001
[2025-07-17 22:03:22][INFO] Client disconnected. Code: 1005, Reason: 
[2025-07-17 22:03:23][INFO] Client connected with IP: 0000:0000:0000:0000:0000:ffff:7f00:0001
[2025-07-17 22:03:27][INFO] Client disconnected. Code: 1005, Reason: 
[2025-07-17 22:03:28][INFO] Client connected with IP: 0000:0000:0000:0000:0000:ffff:7f00:0001
[2025-07-17 22:03:30][INFO] Client disconnected. Code: 1005, Reason: 
[2025-07-17 22:03:30][INFO] Client connected with IP: 0000:0000:0000:0000:0000:ffff:7f00:0001
[2025-07-17 22:03:31][INFO] Client disconnected. Code: 1005, Reason: 
[2025-07-17 22:03:32][INFO] Client connected with IP: 0000:0000:0000:0000:0000:ffff:7f00:0001
[2025-07-17 22:03:38][INFO] Client disconnected. Code: 1005, Reason: 
[2025-07-17 22:03:39][INFO] Client connected with IP: 0000:0000:0000:0000:0000:ffff:7f00:0001
[2025-07-17 22:03:41][INFO] Client disconnected. Code: 1005, Reason: 
[2025-07-17 22:03:42][INFO] Client connected with IP: 0000:0000:0000:0000:0000:ffff:7f00:0001
[2025-07-17 22:03:45][INFO] Client disconnected. Code: 1005, Reason: 
[2025-07-17 22:03:46][INFO] Client connected with IP: 0000:0000:0000:0000:0000:ffff:7f00:0001
[2025-07-17 22:03:54][INFO] Client disconnected. Code: 1005, Reason: 
[2025-07-17 22:03:55][INFO] Client connected with IP: 0000:0000:0000:0000:0000:ffff:7f00:0001
[2025-07-17 22:03:55][INFO] Client disconnected. Code: 1005, Reason: 
[2025-07-17 22:03:56][INFO] Client connected with IP: 0000:0000:0000:0000:0000:ffff:7f00:0001
[2025-07-17 22:04:02][INFO] Client disconnected. Code: 1005, Reason: 
[2025-07-17 22:04:03][INFO] Client connected with IP: 0000:0000:0000:0000:0000:ffff:7f00:0001
[2025-07-17 22:04:03][INFO] Client disconnected. Code: 1005, Reason: 
[2025-07-17 22:04:04][INFO] Client connected with IP: 0000:0000:0000:0000:0000:ffff:7f00:0001
[2025-07-17 22:04:45][INFO] Client disconnected. Code: 1005, Reason: 
[2025-07-17 22:04:46][INFO] Client connected with IP: 0000:0000:0000:0000:0000:ffff:7f00:0001
[2025-07-17 22:05:42][INFO] Client disconnected. Code: 1005, Reason: 
[2025-07-17 22:05:43][INFO] Client connected with IP: 0000:0000:0000:0000:0000:ffff:7f00:0001
[2025-07-17 22:05:58][INFO] Client disconnected. Code: 1005, Reason: 
[2025-07-17 22:05:58][INFO] Client connected with IP: 0000:0000:0000:0000:0000:ffff:7f00:0001
[2025-07-17 22:11:07][INFO] Client disconnected. Code: 1005, Reason: 
[2025-07-17 22:16:33][INFO] Client connected with IP: 0000:0000:0000:0000:0000:ffff:7f00:0001
[2025-07-17 22:16:35][INFO] Client disconnected. Code: 1001, Reason: 
[2025-07-17 22:16:36][INFO] Client connected with IP: 0000:0000:0000:0000:0000:ffff:7f00:0001
[2025-07-17 22:16:43][INFO] User 'vaibz' logged in successfully
[2025-07-17 22:18:08][INFO] Client disconnected. Code: 1005, Reason: 
[2025-07-17 22:18:09][INFO] Client connected with IP: 0000:0000:0000:0000:0000:ffff:7f00:0001
[2025-07-17 22:18:20][INFO] Client disconnected. Code: 1001, Reason: 
[2025-07-17 22:18:21][INFO] Client connected with IP: 0000:0000:0000:0000:0000:ffff:7f00:0001
[2025-07-17 22:18:28][INFO] User 'vaibz' logged in successfully
[2025-07-17 22:19:08][INFO] Client disconnected. Code: 1005, Reason: 
[2025-07-17 22:19:08][INFO] Client connected with IP: 0000:0000:0000:0000:0000:ffff:7f00:0001
[2025-07-17 22:19:43][INFO] Client disconnected. Code: 1001, Reason: 
[2025-07-17 22:19:44][INFO] Client connected with IP: 0000:0000:0000:0000:0000:ffff:7f00:0001
[2025-07-17 22:19:50][INFO] User 'vaibz' logged in successfully
[2025-07-17 22:41:38][INFO] Client disconnected. Code: 1001, Reason: 
[2025-07-17 23:44:13][INFO] Server started...
