[2025-06-19 11:33:03][INFO] Server started...
[2025-06-19 11:33:58][INFO] Server started...
[2025-06-19 11:34:06][INFO] Client connected with IP: 0000:0000:0000:0000:0000:ffff:7f00:0001
[2025-06-19 11:34:06][INFO] Client connected with IP: 0000:0000:0000:0000:0000:ffff:7f00:0001
[2025-06-19 11:34:21][INFO] Client connected with IP: 0000:0000:0000:0000:0000:ffff:7f00:0001
[2025-06-19 11:34:21][INFO] Client connected with IP: 0000:0000:0000:0000:0000:ffff:7f00:0001
[2025-06-19 11:35:03][INFO] Server started...
[2025-06-19 11:35:32][INFO] Client connected with IP: 0000:0000:0000:0000:0000:ffff:7f00:0001
[2025-06-19 11:35:33][INFO] Client connected with IP: 0000:0000:0000:0000:0000:ffff:7f00:0001
[2025-06-19 11:36:07][INFO] Server started...
[2025-06-19 11:36:54][INFO] Client connected with IP: 0000:0000:0000:0000:0000:ffff:7f00:0001
[2025-06-19 11:36:54][INFO] Client connected with IP: 0000:0000:0000:0000:0000:ffff:7f00:0001
[2025-06-19 11:45:39][INFO] Client disconnected. Code: 1006, Reason: Received TCP FIN before WebSocket close frame
[2025-06-19 11:45:39][INFO] Client disconnected. Code: 1006, Reason: Received TCP FIN before WebSocket close frame
[2025-06-19 11:49:58][INFO] Client connected with IP: 0000:0000:0000:0000:0000:ffff:7f00:0001
[2025-06-19 11:49:59][INFO] Client connected with IP: 0000:0000:0000:0000:0000:ffff:7f00:0001
[2025-06-19 11:53:50][INFO] Client disconnected. Code: 1001, Reason: 
[2025-06-19 11:53:50][INFO] Client disconnected. Code: 1001, Reason: 
[2025-06-19 11:53:51][INFO] Client connected with IP: 0000:0000:0000:0000:0000:ffff:7f00:0001
[2025-06-19 11:53:51][INFO] Client connected with IP: 0000:0000:0000:0000:0000:ffff:7f00:0001
[2025-06-19 12:02:47][INFO] Client disconnected. Code: 1006, Reason: WebSocket timed out from inactivity
[2025-06-19 17:02:27][INFO] Server started...
[2025-06-19 17:04:20][INFO] Client connected with IP: 0000:0000:0000:0000:0000:ffff:7f00:0001
[2025-06-19 17:04:20][INFO] Client connected with IP: 0000:0000:0000:0000:0000:ffff:7f00:0001
[2025-06-19 17:04:26][ERROR] Invalid username: dasd
[2025-06-19 17:04:57][ERROR] Invalid username: dasd
[2025-06-19 17:04:58][ERROR] Invalid username: dasd
[2025-06-19 17:06:48][INFO] Server started...
[2025-06-19 17:06:55][INFO] Client connected with IP: 0000:0000:0000:0000:0000:ffff:7f00:0001
[2025-06-19 17:06:55][INFO] Client connected with IP: 0000:0000:0000:0000:0000:ffff:7f00:0001
[2025-06-19 17:06:58][ERROR] Invalid username: sadas
[2025-06-19 17:07:09][ERROR] Invalid username: sadas
[2025-06-19 17:07:11][ERROR] Invalid username: sadas
[2025-06-19 17:07:41][ERROR] Invalid username: sadas
[2025-06-19 17:07:57][ERROR] Invalid username: sadas
[2025-06-19 17:08:09][ERROR] Invalid username: sadas
[2025-06-19 17:08:34][INFO] Server started...
[2025-06-19 17:08:39][INFO] Client connected with IP: 0000:0000:0000:0000:0000:ffff:7f00:0001
[2025-06-19 17:08:39][INFO] Client connected with IP: 0000:0000:0000:0000:0000:ffff:7f00:0001
[2025-06-19 17:08:42][ERROR] Invalid username: asdas
[2025-06-19 17:09:02][ERROR] Invalid username: asdas
[2025-06-19 17:09:37][INFO] Server started...
[2025-06-19 17:09:40][INFO] Client connected with IP: 0000:0000:0000:0000:0000:ffff:7f00:0001
[2025-06-19 17:09:40][INFO] Client connected with IP: 0000:0000:0000:0000:0000:ffff:7f00:0001
[2025-06-19 17:09:43][ERROR] Invalid username: asdasd
[2025-06-19 17:10:12][INFO] Server started...
[2025-06-19 17:10:15][INFO] Client connected with IP: 0000:0000:0000:0000:0000:ffff:7f00:0001
[2025-06-19 17:10:15][INFO] Client connected with IP: 0000:0000:0000:0000:0000:ffff:7f00:0001
[2025-06-19 17:10:18][ERROR] Invalid username: asdasd
[2025-06-19 17:14:42][INFO] Server started...
[2025-06-19 17:15:02][INFO] Client connected with IP: 0000:0000:0000:0000:0000:ffff:7f00:0001
[2025-06-19 17:15:02][INFO] Client connected with IP: 0000:0000:0000:0000:0000:ffff:7f00:0001
[2025-06-19 17:15:07][ERROR] Invalid password for user: vaibz
[2025-06-19 17:15:32][INFO] User 'vaibz' logged in successfully
[2025-06-19 17:33:50][INFO] Server started...
[2025-06-19 17:33:58][INFO] Client connected with IP: 0000:0000:0000:0000:0000:ffff:7f00:0001
[2025-06-19 17:33:58][INFO] Client connected with IP: 0000:0000:0000:0000:0000:ffff:7f00:0001
[2025-06-19 17:34:18][ERROR] Invalid username: asda
[2025-06-19 17:35:41][INFO] User 'vaibz' logged in successfully
[2025-06-19 17:36:00][INFO] User 'vaibz' logged in successfully
[2025-06-19 17:36:28][INFO] Server started...
[2025-06-19 17:36:35][INFO] Client connected with IP: 0000:0000:0000:0000:0000:ffff:7f00:0001
[2025-06-19 17:36:35][INFO] Client connected with IP: 0000:0000:0000:0000:0000:ffff:7f00:0001
[2025-06-19 17:36:43][INFO] User 'vaibz' logged in successfully
[2025-06-19 18:28:05][INFO] Server started...
[2025-06-19 18:28:43][INFO] Client connected with IP: 0000:0000:0000:0000:0000:ffff:7f00:0001
[2025-06-19 18:28:44][INFO] Client connected with IP: 0000:0000:0000:0000:0000:ffff:7f00:0001
[2025-06-19 18:36:03][INFO] Server started...
[2025-06-19 18:36:09][INFO] Client connected with IP: 0000:0000:0000:0000:0000:ffff:7f00:0001
[2025-06-19 18:36:10][INFO] Client connected with IP: 0000:0000:0000:0000:0000:ffff:7f00:0001
[2025-06-19 18:36:18][ERROR] [json.exception.type_error.302] type must be string, but is null
[2025-06-19 18:37:36][ERROR] CDK Error: Data truncated for column 'gender' at row 1
[2025-06-19 18:38:00][ERROR] CDK Error: Data truncated for column 'gender' at row 1
[2025-06-19 18:38:09][ERROR] CDK Error: Data truncated for column 'gender' at row 1
[2025-06-19 18:38:37][INFO] Server started...
[2025-06-19 18:38:41][INFO] Client connected with IP: 0000:0000:0000:0000:0000:ffff:7f00:0001
[2025-06-19 18:38:42][INFO] Client connected with IP: 0000:0000:0000:0000:0000:ffff:7f00:0001
[2025-06-19 18:38:51][ERROR] CDK Error: Data truncated for column 'gender' at row 1
[2025-06-19 18:41:05][ERROR] CDK Error: Data truncated for column 'gender' at row 1
[2025-06-19 18:41:10][ERROR] Invalid username: asdasd
[2025-06-19 18:41:30][ERROR] CDK Error: Data truncated for column 'gender' at row 1
[2025-06-19 18:42:09][INFO] Server started...
[2025-06-19 18:42:09][INFO] Client connected with IP: 0000:0000:0000:0000:0000:ffff:7f00:0001
[2025-06-19 18:42:29][ERROR] CDK Error: Data truncated for column 'gender' at row 1
[2025-06-19 18:42:52][ERROR] CDK Error: Data truncated for column 'gender' at row 1
[2025-06-19 18:43:40][ERROR] CDK Error: Data truncated for column 'gender' at row 1
[2025-06-19 18:44:01][ERROR] CDK Error: Data truncated for column 'gender' at row 1
[2025-06-19 18:44:02][ERROR] CDK Error: Data truncated for column 'gender' at row 1
[2025-06-19 18:49:10][INFO] Server started...
[2025-06-19 18:49:17][INFO] Client connected with IP: 0000:0000:0000:0000:0000:ffff:7f00:0001
[2025-06-19 18:49:18][INFO] Client connected with IP: 0000:0000:0000:0000:0000:ffff:7f00:0001
[2025-06-19 18:49:26][ERROR] CDK Error: Incorrect datetime value: '2025-06-19T13:19:18.428Z' for column 'signup_timestamp' at row 1
[2025-06-19 18:58:39][INFO] Server started...
[2025-06-19 18:58:40][INFO] Client connected with IP: 0000:0000:0000:0000:0000:ffff:7f00:0001
[2025-06-19 18:58:41][INFO] Client connected with IP: 0000:0000:0000:0000:0000:ffff:7f00:0001
[2025-06-19 18:58:55][ERROR] CDK Error: Incorrect date value: '11111-11-01' for column 'dob' at row 1
[2025-06-19 18:59:52][ERROR] Username already exists: asdasd
[2025-06-19 18:59:52][ERROR] Username already exists: asdasd
[2025-06-19 19:00:14][ERROR] CDK Error: Duplicate entry 'asdas@dasd.com' for key 'user_credentials.email'
[2025-06-19 19:07:53][ERROR] CDK Error: Duplicate entry 'asdas@dasd.com' for key 'user_credentials.email'
[2025-06-19 19:08:17][INFO] Server started...
[2025-06-19 19:08:23][INFO] Client connected with IP: 0000:0000:0000:0000:0000:ffff:7f00:0001
[2025-06-19 19:08:23][INFO] Client connected with IP: 0000:0000:0000:0000:0000:ffff:7f00:0001
[2025-06-19 19:08:48][ERROR] CDK Error: Duplicate entry 'asdas@dasd.com' for key 'user_credentials.email'
[2025-06-19 19:12:58][ERROR] Username already exists: asda
[2025-06-19 19:12:58][ERROR] Username already exists: asda
[2025-06-19 19:13:04][INFO] Server started...
[2025-06-19 19:13:07][INFO] Client connected with IP: 0000:0000:0000:0000:0000:ffff:7f00:0001
[2025-06-19 19:13:07][INFO] Client connected with IP: 0000:0000:0000:0000:0000:ffff:7f00:0001
[2025-06-19 19:19:34][INFO] Server started...
[2025-06-19 19:19:46][INFO] Client connected with IP: 0000:0000:0000:0000:0000:ffff:7f00:0001
[2025-06-19 19:19:46][INFO] Client connected with IP: 0000:0000:0000:0000:0000:ffff:7f00:0001
[2025-06-19 19:19:58][ERROR] Email already exists: asdas@dasd.com
[2025-06-19 19:20:18][ERROR] Phone already exists: 2432444352
[2025-06-19 19:21:15][ERROR] Username already exists: dasd
[2025-06-19 19:21:15][ERROR] Username already exists: dasd
[2025-06-19 19:21:24][ERROR] Email already exists: asdaasds@dasd.com
[2025-06-19 19:21:37][ERROR] Email already exists: asdaasds@dasd.com
[2025-06-19 19:25:07][INFO] Server started...
[2025-06-19 19:25:18][INFO] Client connected with IP: 0000:0000:0000:0000:0000:ffff:7f00:0001
[2025-06-19 19:25:18][INFO] Client connected with IP: 0000:0000:0000:0000:0000:ffff:7f00:0001
[2025-06-19 19:25:25][INFO] User 'vaibz' logged in successfully
[2025-06-19 21:31:06][INFO] Server started...
[2025-06-19 21:33:16][INFO] Client connected with IP: 0000:0000:0000:0000:0000:ffff:7f00:0001
[2025-06-19 21:33:16][INFO] Client connected with IP: 0000:0000:0000:0000:0000:ffff:7f00:0001
[2025-06-19 21:36:09][ERROR] Username already exists: test
[2025-06-19 21:36:09][ERROR] Username already exists: test
[2025-06-19 21:36:31][ERROR] Email already exists: test@gmail.com
[2025-06-19 21:36:45][ERROR] Phone already exists: 1234567890
[2025-06-19 21:37:48][ERROR] Invalid username: test3232
[2025-06-19 21:37:58][INFO] User 'test' logged in successfully
[2025-06-19 21:47:39][INFO] Server started...
[2025-06-19 21:48:28][INFO] Client connected with IP: 0000:0000:0000:0000:0000:ffff:7f00:0001
[2025-06-19 21:48:28][INFO] Client connected with IP: 0000:0000:0000:0000:0000:ffff:7f00:0001
[2025-06-19 21:51:30][ERROR] [json.exception.type_error.302] type must be string, but is null
[2025-06-19 21:52:07][INFO] Server started...
[2025-06-19 21:52:10][INFO] Server started...
[2025-06-19 21:52:15][INFO] Server started...
[2025-06-19 21:52:38][INFO] Client connected with IP: 0000:0000:0000:0000:0000:ffff:7f00:0001
[2025-06-19 21:52:38][INFO] Client connected with IP: 0000:0000:0000:0000:0000:ffff:7f00:0001
[2025-06-19 21:52:40][INFO] Client disconnected. Code: 1001, Reason: 
[2025-06-19 21:52:40][INFO] Client disconnected. Code: 1001, Reason: 
[2025-06-19 21:53:18][ERROR] [json.exception.type_error.302] type must be string, but is null
[2025-06-19 21:53:42][ERROR] [json.exception.type_error.302] type must be string, but is null
[2025-06-19 21:55:15][ERROR] [json.exception.type_error.302] type must be string, but is null
[2025-06-19 21:56:24][ERROR] [json.exception.type_error.302] type must be string, but is null
[2025-06-19 21:57:26][INFO] Server started...
[2025-06-19 21:59:35][ERROR] [json.exception.type_error.302] type must be string, but is null
[2025-06-19 22:00:15][INFO] Client connected with IP: 0000:0000:0000:0000:0000:ffff:7f00:0001
[2025-06-19 22:00:15][INFO] Client connected with IP: 0000:0000:0000:0000:0000:ffff:7f00:0001
[2025-06-19 22:00:31][INFO] Client disconnected. Code: 1001, Reason: 
[2025-06-19 22:00:32][INFO] Client disconnected. Code: 1001, Reason: 
[2025-06-19 22:00:32][INFO] Client connected with IP: 0000:0000:0000:0000:0000:ffff:7f00:0001
[2025-06-19 22:00:33][INFO] Client connected with IP: 0000:0000:0000:0000:0000:ffff:7f00:0001
[2025-06-19 22:00:50][ERROR] [json.exception.type_error.302] type must be string, but is null
[2025-06-19 22:02:46][INFO] Server started...
[2025-06-19 22:02:59][INFO] Client disconnected. Code: 1001, Reason: 
[2025-06-19 22:02:59][INFO] Client connected with IP: 0000:0000:0000:0000:0000:ffff:7f00:0001
[2025-06-19 22:03:00][INFO] Client connected with IP: 0000:0000:0000:0000:0000:ffff:7f00:0001
[2025-06-19 22:04:00][INFO] Server started...
[2025-06-19 22:04:03][INFO] Client disconnected. Code: 1001, Reason: 
[2025-06-19 22:04:03][INFO] Client disconnected. Code: 1001, Reason: 
[2025-06-19 22:04:04][INFO] Client connected with IP: 0000:0000:0000:0000:0000:ffff:7f00:0001
[2025-06-19 22:04:04][INFO] Client connected with IP: 0000:0000:0000:0000:0000:ffff:7f00:0001
[2025-06-19 22:05:00][ERROR] [json.exception.type_error.302] type must be string, but is null
[2025-06-19 22:07:58][INFO] Server started...
[2025-06-19 22:07:59][INFO] Client connected with IP: 0000:0000:0000:0000:0000:ffff:7f00:0001
[2025-06-19 22:07:59][INFO] Client connected with IP: 0000:0000:0000:0000:0000:ffff:7f00:0001
[2025-06-19 22:08:20][ERROR] [json.exception.type_error.302] type must be string, but is null
[2025-06-19 22:08:28][ERROR] [json.exception.type_error.302] type must be string, but is null
[2025-06-19 22:09:42][ERROR] [json.exception.type_error.302] type must be string, but is null
[2025-06-19 22:13:29][ERROR] Invalid username: Rutuja
[2025-06-19 22:14:34][INFO] Server started...
[2025-06-19 22:15:44][INFO] Client connected with IP: 0000:0000:0000:0000:0000:ffff:7f00:0001
[2025-06-19 22:17:42][INFO] Client disconnected. Code: 1006, Reason: WebSocket timed out from inactivity
[2025-06-19 22:20:19][INFO] Client disconnected. Code: 1001, Reason: 
[2025-06-19 22:20:19][INFO] Client disconnected. Code: 1001, Reason: 
[2025-06-19 22:20:19][INFO] Client connected with IP: 0000:0000:0000:0000:0000:ffff:7f00:0001
[2025-06-19 22:20:19][INFO] Client connected with IP: 0000:0000:0000:0000:0000:ffff:7f00:0001
[2025-06-19 22:20:27][INFO] Client disconnected. Code: 1001, Reason: 
[2025-06-19 22:20:27][INFO] Client disconnected. Code: 1001, Reason: 
[2025-06-19 22:20:27][INFO] Client connected with IP: 0000:0000:0000:0000:0000:ffff:7f00:0001
[2025-06-19 22:20:28][INFO] Client connected with IP: 0000:0000:0000:0000:0000:ffff:7f00:0001
[2025-06-19 22:20:48][INFO] Client disconnected. Code: 1001, Reason: 
[2025-06-19 22:20:48][INFO] Client disconnected. Code: 1001, Reason: 
[2025-06-19 22:20:48][INFO] Client connected with IP: 0000:0000:0000:0000:0000:ffff:7f00:0001
[2025-06-19 22:20:48][INFO] Client connected with IP: 0000:0000:0000:0000:0000:ffff:7f00:0001
[2025-06-19 22:42:59][INFO] Client connected with IP: 0000:0000:0000:0000:0000:ffff:7f00:0001
[2025-06-19 22:42:59][INFO] Client connected with IP: 0000:0000:0000:0000:0000:ffff:7f00:0001
[2025-06-19 23:00:35][INFO] Client disconnected. Code: 1001, Reason: 
[2025-06-19 23:00:35][INFO] Client disconnected. Code: 1001, Reason: 
