[2025-07-01 00:00:52][INFO] Server started...
[2025-07-01 00:00:57][INFO] Client connected with IP: 0000:0000:0000:0000:0000:0000:0000:0001
[2025-07-01 00:00:57][INFO] Client connected with IP: 0000:0000:0000:0000:0000:0000:0000:0001
[2025-07-01 00:01:02][INFO] User 'vaibz' logged in successfully
[2025-07-01 00:01:08][INFO] Client connected with IP: 0000:0000:0000:0000:0000:0000:0000:0001
[2025-07-01 00:01:08][INFO] Client connected with IP: 0000:0000:0000:0000:0000:0000:0000:0001
[2025-07-01 00:01:13][INFO] User 'vaibz' logged in successfully
[2025-07-01 00:01:21][INFO] Client disconnected. Code: 1001, Reason: 
[2025-07-01 00:01:21][INFO] Client disconnected. Code: 1001, Reason: 
[2025-07-01 00:01:21][INFO] Client connected with IP: 0000:0000:0000:0000:0000:0000:0000:0001
[2025-07-01 00:01:21][INFO] Client connected with IP: 0000:0000:0000:0000:0000:0000:0000:0001
[2025-07-01 00:01:30][INFO] Client disconnected. Code: 1001, Reason: 
[2025-07-01 00:01:30][INFO] Client disconnected. Code: 1001, Reason: 
[2025-07-01 00:01:30][INFO] Client connected with IP: 0000:0000:0000:0000:0000:0000:0000:0001
[2025-07-01 00:01:30][INFO] Client connected with IP: 0000:0000:0000:0000:0000:0000:0000:0001
[2025-07-01 00:02:03][INFO] Server started...
[2025-07-01 00:02:07][INFO] Client connected with IP: 0000:0000:0000:0000:0000:0000:0000:0001
[2025-07-01 00:02:07][INFO] Client connected with IP: 0000:0000:0000:0000:0000:0000:0000:0001
[2025-07-01 00:02:15][INFO] User 'vaibz' logged in successfully
[2025-07-01 00:02:27][INFO] Client connected with IP: 0000:0000:0000:0000:0000:0000:0000:0001
[2025-07-01 00:02:27][INFO] Client connected with IP: 0000:0000:0000:0000:0000:0000:0000:0001
[2025-07-01 00:02:32][INFO] User 'vaibz' logged in successfully
[2025-07-01 00:02:40][INFO] Client disconnected. Code: 1001, Reason: 
[2025-07-01 00:02:40][INFO] Client disconnected. Code: 1001, Reason: 
[2025-07-01 00:02:40][INFO] Client connected with IP: 0000:0000:0000:0000:0000:0000:0000:0001
[2025-07-01 00:02:40][INFO] Client connected with IP: 0000:0000:0000:0000:0000:0000:0000:0001
[2025-07-01 00:02:58][INFO] User 'vaibz' logged in successfully
[2025-07-01 00:03:01][INFO] Client disconnected. Code: 1001, Reason: 
[2025-07-01 00:03:01][INFO] Client disconnected. Code: 1001, Reason: 
[2025-07-01 00:03:01][INFO] Client connected with IP: 0000:0000:0000:0000:0000:0000:0000:0001
[2025-07-01 00:03:01][INFO] Client connected with IP: 0000:0000:0000:0000:0000:0000:0000:0001
[2025-07-01 00:03:57][INFO] Server started...
[2025-07-01 00:05:03][INFO] Server started...
[2025-07-01 00:05:07][INFO] Client connected with IP: 0000:0000:0000:0000:0000:0000:0000:0001
[2025-07-01 00:05:07][INFO] Client connected with IP: 0000:0000:0000:0000:0000:0000:0000:0001
[2025-07-01 00:05:13][INFO] User 'vaibz' logged in successfully
[2025-07-01 00:05:17][INFO] Client connected with IP: 0000:0000:0000:0000:0000:0000:0000:0001
[2025-07-01 00:05:17][INFO] Client connected with IP: 0000:0000:0000:0000:0000:0000:0000:0001
[2025-07-01 00:05:22][INFO] User 'vaibz' logged in successfully
[2025-07-01 00:05:33][INFO] Client disconnected. Code: 1001, Reason: 
[2025-07-01 00:05:33][INFO] Client disconnected. Code: 1001, Reason: 
[2025-07-01 00:05:33][INFO] Client connected with IP: 0000:0000:0000:0000:0000:0000:0000:0001
[2025-07-01 00:05:33][INFO] Client connected with IP: 0000:0000:0000:0000:0000:0000:0000:0001
[2025-07-01 00:05:55][INFO] User 'vaibz' logged in successfully
[2025-07-01 00:06:00][INFO] Client disconnected. Code: 1001, Reason: 
[2025-07-01 00:06:00][INFO] Client disconnected. Code: 1001, Reason: 
[2025-07-01 00:06:00][INFO] Client connected with IP: 0000:0000:0000:0000:0000:0000:0000:0001
[2025-07-01 00:06:00][INFO] Client connected with IP: 0000:0000:0000:0000:0000:0000:0000:0001
[2025-07-01 00:17:18][INFO] Server started...
[2025-07-01 00:17:21][INFO] Client connected with IP: 0000:0000:0000:0000:0000:0000:0000:0001
[2025-07-01 00:17:21][INFO] Client connected with IP: 0000:0000:0000:0000:0000:0000:0000:0001
[2025-07-01 00:17:25][INFO] User 'vaibz' logged in successfully
[2025-07-01 00:17:49][INFO] Client disconnected. Code: 1001, Reason: 
[2025-07-01 00:17:58][INFO] Client disconnected. Code: 1001, Reason: 
[2025-07-01 00:17:58][INFO] Client connected with IP: 0000:0000:0000:0000:0000:0000:0000:0001
[2025-07-01 00:17:58][INFO] Client connected with IP: 0000:0000:0000:0000:0000:ffff:7f00:0001
[2025-07-01 00:18:18][INFO] User 'vaibz' logged in successfully
[2025-07-01 00:19:47][INFO] Client disconnected. Code: 1001, Reason: 
[2025-07-01 00:19:52][INFO] Client disconnected. Code: 1001, Reason: 
[2025-07-01 00:19:52][INFO] Client connected with IP: 0000:0000:0000:0000:0000:0000:0000:0001
[2025-07-01 00:19:52][INFO] Client connected with IP: 0000:0000:0000:0000:0000:ffff:7f00:0001
[2025-07-01 00:19:58][INFO] Client connected with IP: 0000:0000:0000:0000:0000:0000:0000:0001
[2025-07-01 00:19:58][INFO] Client connected with IP: 0000:0000:0000:0000:0000:0000:0000:0001
[2025-07-01 00:22:37][INFO] Client disconnected. Code: 1001, Reason: 
[2025-07-01 00:22:45][INFO] Client disconnected. Code: 1001, Reason: 
[2025-07-01 00:22:45][INFO] Client connected with IP: 0000:0000:0000:0000:0000:0000:0000:0001
[2025-07-01 00:22:45][INFO] Client connected with IP: 0000:0000:0000:0000:0000:ffff:7f00:0001
[2025-07-01 00:26:19][INFO] Server started...
[2025-07-01 00:26:25][INFO] Client connected with IP: 0000:0000:0000:0000:0000:0000:0000:0001
[2025-07-01 00:26:25][INFO] Client connected with IP: 0000:0000:0000:0000:0000:0000:0000:0001
[2025-07-01 00:26:30][INFO] User 'vaibz' logged in successfully
[2025-07-01 00:26:35][INFO] Client disconnected. Code: 1001, Reason: 
[2025-07-01 00:26:35][INFO] Client disconnected. Code: 1001, Reason: 
[2025-07-01 00:26:35][INFO] Client connected with IP: 0000:0000:0000:0000:0000:0000:0000:0001
[2025-07-01 00:26:35][INFO] Client connected with IP: 0000:0000:0000:0000:0000:0000:0000:0001
[2025-07-01 00:26:36][INFO] Client disconnected. Code: 1001, Reason: 
[2025-07-01 00:26:36][INFO] Client disconnected. Code: 1001, Reason: 
[2025-07-01 00:26:36][INFO] Client connected with IP: 0000:0000:0000:0000:0000:0000:0000:0001
[2025-07-01 00:26:36][INFO] Client connected with IP: 0000:0000:0000:0000:0000:0000:0000:0001
[2025-07-01 00:26:37][INFO] Client disconnected. Code: 1001, Reason: 
[2025-07-01 00:26:37][INFO] Client disconnected. Code: 1001, Reason: 
[2025-07-01 00:26:37][INFO] Client connected with IP: 0000:0000:0000:0000:0000:0000:0000:0001
[2025-07-01 00:26:37][INFO] Client connected with IP: 0000:0000:0000:0000:0000:0000:0000:0001
[2025-07-01 00:37:07][INFO] Client connected with IP: 0000:0000:0000:0000:0000:0000:0000:0001
[2025-07-01 00:37:07][INFO] Client connected with IP: 0000:0000:0000:0000:0000:0000:0000:0001
[2025-07-01 00:37:11][INFO] User 'vaibz' logged in successfully
[2025-07-01 00:37:14][INFO] Client disconnected. Code: 1001, Reason: 
[2025-07-01 00:37:14][INFO] Client disconnected. Code: 1001, Reason: 
[2025-07-01 00:37:14][INFO] Client connected with IP: 0000:0000:0000:0000:0000:0000:0000:0001
[2025-07-01 00:37:14][INFO] Client connected with IP: 0000:0000:0000:0000:0000:0000:0000:0001
[2025-07-01 00:37:30][INFO] Server started...
[2025-07-01 00:37:33][INFO] Client connected with IP: 0000:0000:0000:0000:0000:0000:0000:0001
[2025-07-01 00:37:33][INFO] Client connected with IP: 0000:0000:0000:0000:0000:0000:0000:0001
[2025-07-01 00:37:38][INFO] User 'vaibz' logged in successfully
[2025-07-01 00:38:22][INFO] Client disconnected. Code: 1001, Reason: 
[2025-07-01 00:38:46][INFO] Client disconnected. Code: 1001, Reason: 
[2025-07-01 00:38:51][INFO] Client connected with IP: 0000:0000:0000:0000:0000:0000:0000:0001
[2025-07-01 00:38:51][INFO] Client connected with IP: 0000:0000:0000:0000:0000:ffff:7f00:0001
[2025-07-01 00:39:00][INFO] User 'vaibz' logged in successfully
[2025-07-01 00:39:06][INFO] Client connected with IP: 0000:0000:0000:0000:0000:0000:0000:0001
[2025-07-01 00:39:06][INFO] Client connected with IP: 0000:0000:0000:0000:0000:0000:0000:0001
[2025-07-01 00:39:11][INFO] User 'vaibz' logged in successfully
[2025-07-01 00:39:25][INFO] Client disconnected. Code: 1001, Reason: 
[2025-07-01 00:40:05][INFO] Client disconnected. Code: 1001, Reason: 
[2025-07-01 00:40:05][INFO] Client connected with IP: 0000:0000:0000:0000:0000:0000:0000:0001
[2025-07-01 00:40:05][INFO] Client connected with IP: 0000:0000:0000:0000:0000:ffff:7f00:0001
[2025-07-01 00:40:14][INFO] User 'vaibz' logged in successfully
[2025-07-01 00:40:32][INFO] Client disconnected. Code: 1001, Reason: 
[2025-07-01 00:41:01][INFO] Client disconnected. Code: 1001, Reason: 
[2025-07-01 00:41:01][INFO] Client connected with IP: 0000:0000:0000:0000:0000:0000:0000:0001
[2025-07-01 00:41:01][INFO] Client connected with IP: 0000:0000:0000:0000:0000:ffff:7f00:0001
[2025-07-01 00:41:09][INFO] User 'vaibz' logged in successfully
