[2025-06-21 00:35:37][INFO] Client disconnected. Code: 1006, Reason: Received TCP FIN before WebSocket close frame
[2025-06-21 00:53:05][INFO] Server started...
[2025-06-21 00:53:25][INFO] Server started...
[2025-06-21 00:53:41][INFO] Client connected with IP: 0000:0000:0000:0000:0000:ffff:7f00:0001
[2025-06-21 00:53:41][INFO] Client connected with IP: 0000:0000:0000:0000:0000:ffff:7f00:0001
[2025-06-21 00:54:05][INFO] User 'vaibz' logged in successfully
[2025-06-21 00:56:20][INFO] Server started...
[2025-06-21 00:57:19][INFO] Server started...
[2025-06-21 00:58:16][INFO] Server started...
[2025-06-21 00:58:23][INFO] Client connected with IP: 0000:0000:0000:0000:0000:ffff:7f00:0001
[2025-06-21 00:58:23][INFO] Client connected with IP: 0000:0000:0000:0000:0000:ffff:7f00:0001
[2025-06-21 00:59:04][INFO] Server started...
[2025-06-21 00:59:07][INFO] Client connected with IP: 0000:0000:0000:0000:0000:ffff:7f00:0001
[2025-06-21 00:59:08][INFO] Client connected with IP: 0000:0000:0000:0000:0000:ffff:7f00:0001
[2025-06-21 00:59:13][INFO] User 'vaibz' logged in successfully
[2025-06-21 00:59:22][INFO] Client connected with IP: 0000:0000:0000:0000:0000:ffff:7f00:0001
[2025-06-21 00:59:22][INFO] Client connected with IP: 0000:0000:0000:0000:0000:ffff:7f00:0001
[2025-06-21 00:59:42][INFO] User 'Rutuja' logged in successfully
[2025-06-21 00:59:57][INFO] Client connected with IP: 0000:0000:0000:0000:0000:ffff:7f00:0001
[2025-06-21 00:59:57][INFO] Client connected with IP: 0000:0000:0000:0000:0000:ffff:7f00:0001
[2025-06-21 01:00:03][INFO] User 'Harsh' logged in successfully
[2025-06-21 01:00:11][INFO] Client connected with IP: 0000:0000:0000:0000:0000:ffff:7f00:0001
[2025-06-21 01:00:11][INFO] Client connected with IP: 0000:0000:0000:0000:0000:ffff:7f00:0001
[2025-06-21 01:00:18][INFO] User 'Sakshi' logged in successfully
[2025-06-21 01:00:27][INFO] Client disconnected. Code: 1001, Reason: 
[2025-06-21 01:00:27][INFO] Client disconnected. Code: 1001, Reason: 
[2025-06-21 01:00:37][INFO] Client disconnected. Code: 1001, Reason: 
[2025-06-21 01:00:37][INFO] Client disconnected. Code: 1001, Reason: 
[2025-06-21 01:00:41][INFO] Client disconnected. Code: 1001, Reason: 
[2025-06-21 01:00:41][INFO] Client disconnected. Code: 1001, Reason: 
[2025-06-21 01:00:43][INFO] Client disconnected. Code: 1001, Reason: 
[2025-06-21 01:00:43][INFO] Client disconnected. Code: 1001, Reason: 
[2025-06-21 01:00:50][INFO] Client connected with IP: 0000:0000:0000:0000:0000:ffff:7f00:0001
[2025-06-21 01:00:50][INFO] Client connected with IP: 0000:0000:0000:0000:0000:ffff:7f00:0001
[2025-06-21 01:00:58][INFO] User 'vaibz' logged in successfully
[2025-06-21 01:10:00][INFO] Server started...
[2025-06-21 01:10:06][INFO] Client connected with IP: 0000:0000:0000:0000:0000:ffff:7f00:0001
[2025-06-21 01:10:06][INFO] Client connected with IP: 0000:0000:0000:0000:0000:ffff:7f00:0001
[2025-06-21 01:10:11][INFO] User 'vaibz' logged in successfully
