[2026-02-21 15:08:59][INFO] Server started...
[2026-02-21 15:08:59][INFO] Listening on port: 2121
[2026-02-21 15:09:10][INFO] Client connected with IP: 127.0.0.1
[2026-02-21 15:09:10][DEBUG] Message received from client {"message_type":117,"user_id":21,"auth_token":"af412c26ef4431b0c1143fdb4fb17d67"}
[2026-02-21 15:09:10][DEBUG][process] in process func: {"auth_token":"af412c26ef4431b0c1143fdb4fb17d67","message_type":117,"user_id":21}
[2026-02-21 15:09:10][DEBUG][send_user_login_payloads] {"dob":"2002-03-20","email":"vaibhav@google.com","fullname":"Vaibhav Gaikwad","gender":"Male","message_type":111,"phone":"7887401312","username":"vaibz"}
[2026-02-21 15:09:10][DEBUG][send_user_login_payloads] {"count":0,"message_type":113,"pending_friend_requests_list":[]}
[2026-02-21 15:09:10][DEBUG][send_user_login_payloads] {"count":4,"friends_list":[{"dob":"2005-01-27","fullname":"Chetana Patil","gender":"Female","user_id":1245,"username":"chetanap"},{"dob":"2025-09-03","fullname":"yashwardhan patil","gender":"Male","user_id":1274,"username":"merayashu"},{"dob":"2004-09-07","fullname":"Sakshi Chavan","gender":"Other","user_id":1244,"username":"so_sasssy"},{"dob":"2003-09-17","fullname":"Om Hanumansahay Sharma","gender":"Male","user_id":1283,"username":"omsharma6"}],"message_type":112}
[2026-02-21 15:09:10][INFO][process_reconnect_request] Reconnect successful of user id: 21
[2026-02-21 15:09:21][INFO] Client connected with IP: 127.0.0.1
[2026-02-21 15:09:31][DEBUG] Message received from client {"message_type":101,"username":"chetanap","password":"4567","timestamp":"2026-02-21T09:39:21.763Z"}
[2026-02-21 15:09:31][DEBUG][process] in process func: {"message_type":101,"password":"4567","timestamp":"2026-02-21T09:39:21.763Z","username":"chetanap"}
[2026-02-21 15:09:31][ERROR][process_login_request] Password is incorrect for user: chetanap
[2026-02-21 15:09:52][DEBUG] Message received from client {"message_type":101,"username":"chetanap","password":"5678","timestamp":"2026-02-21T09:39:49.899Z"}
[2026-02-21 15:09:52][DEBUG][process] in process func: {"message_type":101,"password":"5678","timestamp":"2026-02-21T09:39:49.899Z","username":"chetanap"}
[2026-02-21 15:09:52][INFO][process_login_request] User 'chetanap' logged in successfully
[2026-02-21 15:09:52][DEBUG][send_user_login_payloads] {"dob":"2005-01-27","email":"chetanap2005@gmail.com","fullname":"Chetana Patil","gender":"Female","message_type":111,"phone":"1234567890","username":"chetanap"}
[2026-02-21 15:09:52][DEBUG][send_user_login_payloads] {"count":0,"message_type":113,"pending_friend_requests_list":[]}
[2026-02-21 15:09:52][DEBUG][send_user_login_payloads] {"count":5,"friends_list":[{"dob":"2001-02-11","fullname":"Achal Bhamare","gender":"Female","user_id":1266,"username":"achalb11"},{"dob":"2004-05-31","fullname":"Rutuja Dabhade","gender":"Female","user_id":34,"username":"Rutuja"},{"dob":"2025-06-03","fullname":"Vaishnavi ","gender":"Female","user_id":39,"username":"vaishnavi10"},{"dob":"2017-08-26","fullname":"Anvi Dabhade","gender":"Female","user_id":1247,"username":"kuhu"},{"dob":"2002-03-20","fullname":"Vaibhav Gaikwad","gender":"Male","user_id":21,"username":"vaibz"}],"message_type":112}
[2026-02-21 15:10:04][DEBUG] Message received from client {"message_type":125,"user_id":21}
[2026-02-21 15:10:04][DEBUG][process] in process func: {"message_type":125,"user_id":21}
[2026-02-21 15:10:04][DEBUG] Message received from client {"chat_message_id":198,"message_type":124,"conversation_type":0,"sender_id":21,"receiver_id":1245,"content_type":0,"content":"hi","message_status":0,"is_reply_message":0,"replied_message_id":-1,"timestamp":"2026-02-21T09:40:02.585Z"}
[2026-02-21 15:10:04][DEBUG][process] in process func: {"chat_message_id":198,"content":"hi","content_type":0,"conversation_type":0,"is_reply_message":0,"message_status":0,"message_type":124,"receiver_id":1245,"replied_message_id":-1,"sender_id":21,"timestamp":"2026-02-21T09:40:02.585Z"}
[2026-02-21 15:10:04][DEBUG][chat_message] Inserting message_id: 198 from sender_id: 21 to receiver_id: 1245
[2026-02-21 15:10:04][DEBUG][chat_message] Message inserted successfully
[2026-02-21 15:10:09][DEBUG] Message received from client {"message_type":125,"user_id":1245}
[2026-02-21 15:10:09][DEBUG][process] in process func: {"message_type":125,"user_id":1245}
[2026-02-21 15:10:09][DEBUG] Message received from client {"chat_message_id":199,"message_type":124,"conversation_type":0,"sender_id":1245,"receiver_id":21,"content_type":0,"content":"hello","message_status":0,"is_reply_message":0,"replied_message_id":-1,"timestamp":"2026-02-21T09:40:04.883Z"}
[2026-02-21 15:10:09][DEBUG][process] in process func: {"chat_message_id":199,"content":"hello","content_type":0,"conversation_type":0,"is_reply_message":0,"message_status":0,"message_type":124,"receiver_id":21,"replied_message_id":-1,"sender_id":1245,"timestamp":"2026-02-21T09:40:04.883Z"}
[2026-02-21 15:10:09][DEBUG][chat_message] Inserting message_id: 199 from sender_id: 1245 to receiver_id: 21
[2026-02-21 15:10:09][DEBUG][chat_message] Message inserted successfully
[2026-02-21 15:11:56][DEBUG] Message received from client {"message_type":125,"user_id":21}
[2026-02-21 15:11:56][DEBUG][process] in process func: {"message_type":125,"user_id":21}
[2026-02-21 15:11:56][DEBUG] Message received from client {"chat_message_id":200,"message_type":124,"conversation_type":0,"sender_id":21,"receiver_id":1245,"content_type":0,"content":"how are you?","message_status":0,"is_reply_message":0,"replied_message_id":-1,"timestamp":"2026-02-21T09:40:09.725Z"}
[2026-02-21 15:11:56][DEBUG][process] in process func: {"chat_message_id":200,"content":"how are you?","content_type":0,"conversation_type":0,"is_reply_message":0,"message_status":0,"message_type":124,"receiver_id":1245,"replied_message_id":-1,"sender_id":21,"timestamp":"2026-02-21T09:40:09.725Z"}
[2026-02-21 15:11:56][DEBUG][chat_message] Inserting message_id: 200 from sender_id: 21 to receiver_id: 1245
[2026-02-21 15:11:56][DEBUG][chat_message] Message inserted successfully
[2026-02-21 15:12:07][DEBUG] Message received from client {"message_type":125,"user_id":21}
[2026-02-21 15:12:07][DEBUG][process] in process func: {"message_type":125,"user_id":21}
[2026-02-21 15:12:07][DEBUG] Message received from client {"chat_message_id":201,"message_type":124,"conversation_type":0,"sender_id":21,"receiver_id":1245,"content_type":0,"content":"fi9ne","message_status":0,"is_reply_message":0,"replied_message_id":-1,"timestamp":"2026-02-21T09:41:56.110Z"}
[2026-02-21 15:12:07][DEBUG][process] in process func: {"chat_message_id":201,"content":"fi9ne","content_type":0,"conversation_type":0,"is_reply_message":0,"message_status":0,"message_type":124,"receiver_id":1245,"replied_message_id":-1,"sender_id":21,"timestamp":"2026-02-21T09:41:56.110Z"}
[2026-02-21 15:12:07][DEBUG][chat_message] Inserting message_id: 201 from sender_id: 21 to receiver_id: 1245
[2026-02-21 15:12:07][DEBUG][chat_message] Message inserted successfully
[2026-02-21 15:37:01][INFO] Client disconnected. Client is going away, Reason: 
[2026-02-21 15:37:02][INFO] Client disconnected. Client is going away, Reason: 
[2026-02-21 15:37:05][INFO] Client connected with IP: 127.0.0.1
[2026-02-21 15:37:05][DEBUG] Message received from client {"message_type":117,"user_id":21,"auth_token":"af412c26ef4431b0c1143fdb4fb17d67"}
[2026-02-21 15:37:05][DEBUG][process] in process func: {"auth_token":"af412c26ef4431b0c1143fdb4fb17d67","message_type":117,"user_id":21}
[2026-02-21 15:37:05][DEBUG][send_user_login_payloads] {"dob":"2002-03-20","email":"vaibhav@google.com","fullname":"Vaibhav Gaikwad","gender":"Male","message_type":111,"phone":"7887401312","username":"vaibz"}
[2026-02-21 15:37:05][DEBUG][send_user_login_payloads] {"count":0,"message_type":113,"pending_friend_requests_list":[]}
[2026-02-21 15:37:05][DEBUG][send_user_login_payloads] {"count":4,"friends_list":[{"dob":"2005-01-27","fullname":"Chetana Patil","gender":"Female","user_id":1245,"username":"chetanap"},{"dob":"2025-09-03","fullname":"yashwardhan patil","gender":"Male","user_id":1274,"username":"merayashu"},{"dob":"2004-09-07","fullname":"Sakshi Chavan","gender":"Other","user_id":1244,"username":"so_sasssy"},{"dob":"2003-09-17","fullname":"Om Hanumansahay Sharma","gender":"Male","user_id":1283,"username":"omsharma6"}],"message_type":112}
[2026-02-21 15:37:05][INFO][process_reconnect_request] Reconnect successful of user id: 21
[2026-02-21 15:37:06][INFO] Client connected with IP: 127.0.0.1
[2026-02-21 15:37:06][DEBUG] Message received from client {"message_type":117,"user_id":1245,"auth_token":"8ee93f947109d15a3211d0f67f874646"}
[2026-02-21 15:37:06][DEBUG][process] in process func: {"auth_token":"8ee93f947109d15a3211d0f67f874646","message_type":117,"user_id":1245}
[2026-02-21 15:37:06][DEBUG][send_user_login_payloads] {"dob":"2005-01-27","email":"chetanap2005@gmail.com","fullname":"Chetana Patil","gender":"Female","message_type":111,"phone":"1234567890","username":"chetanap"}
[2026-02-21 15:37:06][DEBUG][send_user_login_payloads] {"count":0,"message_type":113,"pending_friend_requests_list":[]}
[2026-02-21 15:37:06][DEBUG][send_user_login_payloads] {"count":5,"friends_list":[{"dob":"2001-02-11","fullname":"Achal Bhamare","gender":"Female","user_id":1266,"username":"achalb11"},{"dob":"2004-05-31","fullname":"Rutuja Dabhade","gender":"Female","user_id":34,"username":"Rutuja"},{"dob":"2025-06-03","fullname":"Vaishnavi ","gender":"Female","user_id":39,"username":"vaishnavi10"},{"dob":"2017-08-26","fullname":"Anvi Dabhade","gender":"Female","user_id":1247,"username":"kuhu"},{"dob":"2002-03-20","fullname":"Vaibhav Gaikwad","gender":"Male","user_id":21,"username":"vaibz"}],"message_type":112}
[2026-02-21 15:37:06][INFO][process_reconnect_request] Reconnect successful of user id: 1245
[2026-02-21 15:40:00][DEBUG] Message received from client {"message_type":107,"username":"v","requested_by":"vaibz"}
[2026-02-21 15:40:00][DEBUG][process] in process func: {"message_type":107,"requested_by":"vaibz","username":"v"}
[2026-02-21 15:40:00][DEBUG][process_search_user_request] {"count":30,"message_type":108,"users":[{"display_name":"VIjay","friendship_status":2,"user_id":37,"username":"Vijay"},{"display_name":"VIjay","friendship_status":2,"user_id":38,"username":"vijay1234"},{"display_name":"Vaishnavi ","friendship_status":1,"user_id":39,"username":"vaishnavi10"},{"display_name":"vaibhav","friendship_status":1,"user_id":41,"username":"vaibz12"},{"display_name":"Mandar Chavan","friendship_status":1,"user_id":1042,"username":"mchavan882"},{"display_name":"Chinmay Chavan","friendship_status":1,"user_id":1046,"username":"cchavan838"},{"display_name":"Meghna Jadhav","friendship_status":2,"user_id":1047,"username":"mjadhav670"},{"display_name":"Rutuja Jadhav","friendship_status":2,"user_id":1051,"username":"rjadhav009"},{"display_name":"Vishal Pawar","friendship_status":2,"user_id":1053,"username":"vpawar008"},{"display_name":"Vaishnavi Inamdar","friendship_status":2,"user_id":1063,"username":"vinamdar778"},{"display_name":"Shraddha Chavan","friendship_status":2,"user_id":1070,"username":"schavan386"},{"display_name":"Sachin Jadhav","friendship_status":1,"user_id":1076,"username":"sjadhav205"},{"display_name":"Bhagyashree Chavan","friendship_status":2,"user_id":1081,"username":"bchavan171"},{"display_name":"Vaishnavi Apte","friendship_status":2,"user_id":1089,"username":"vapte786"},{"display_name":"Vaishnavi Jadhav","friendship_status":2,"user_id":1092,"username":"vjadhav942"},{"display_name":"Amey Chavan","friendship_status":2,"user_id":1096,"username":"achavan907"},{"display_name":"Vaishnavi Chavan","friendship_status":2,"user_id":1105,"username":"vchavan805"},{"display_name":"Omkar Jadhav","friendship_status":2,"user_id":1119,"username":"ojadhav797"},{"display_name":"Snehal Jadhav","friendship_status":2,"user_id":1130,"username":"sjadhav930"},{"display_name":"Tejas Chavan","friendship_status":2,"user_id":1132,"username":"tchavan152"},{"display_name":"Vaishnavi Kulkarni","friendship_status":2,"user_id":1135,"username":"vkulkarni090"},{"display_name":"Yogesh Chavan","friendship_status":2,"user_id":1137,"username":"ychavan506"},{"display_name":"Aditya Jadhav","friendship_status":2,"user_id":1146,"username":"ajadhav963"},{"display_name":"Amey Jadhav","friendship_status":2,"user_id":1154,"username":"ajadhav446"},{"display_name":"Vaishnavi Lokhande","friendship_status":2,"user_id":1168,"username":"vlokhande789"},{"display_name":"Anuja Chavan","friendship_status":2,"user_id":1169,"username":"achavan428"},{"display_name":"Siddhesh Jadhav","friendship_status":1,"user_id":1180,"username":"sjadhav475"},{"display_name":"Vaishnavi Shinde","friendship_status":2,"user_id":1200,"username":"vshinde770"},{"display_name":"Ruturaj Jadhav","friendship_status":2,"user_id":1207,"username":"rjadhav555"},{"display_name":"Vaishnavi Pawar","friendship_status":2,"user_id":1210,"username":"vpawar912"}]}
[2026-02-21 15:40:00][DEBUG] Message received from client {"message_type":107,"username":"va","requested_by":"vaibz"}
[2026-02-21 15:40:00][DEBUG][process] in process func: {"message_type":107,"requested_by":"vaibz","username":"va"}
[2026-02-21 15:40:00][DEBUG][process_search_user_request] {"count":30,"message_type":108,"users":[{"display_name":"Vaishnavi ","friendship_status":1,"user_id":39,"username":"vaishnavi10"},{"display_name":"vaibhav","friendship_status":1,"user_id":41,"username":"vaibz12"},{"display_name":"Mandar Chavan","friendship_status":1,"user_id":1042,"username":"mchavan882"},{"display_name":"Chinmay Chavan","friendship_status":1,"user_id":1046,"username":"cchavan838"},{"display_name":"Vaishnavi Inamdar","friendship_status":2,"user_id":1063,"username":"vinamdar778"},{"display_name":"Shraddha Chavan","friendship_status":2,"user_id":1070,"username":"schavan386"},{"display_name":"Bhagyashree Chavan","friendship_status":2,"user_id":1081,"username":"bchavan171"},{"display_name":"Vaishnavi Apte","friendship_status":2,"user_id":1089,"username":"vapte786"},{"display_name":"Vaishnavi Jadhav","friendship_status":2,"user_id":1092,"username":"vjadhav942"},{"display_name":"Amey Chavan","friendship_status":2,"user_id":1096,"username":"achavan907"},{"display_name":"Vaishnavi Chavan","friendship_status":2,"user_id":1105,"username":"vchavan805"},{"display_name":"Tejas Chavan","friendship_status":2,"user_id":1132,"username":"tchavan152"},{"display_name":"Vaishnavi Kulkarni","friendship_status":2,"user_id":1135,"username":"vkulkarni090"},{"display_name":"Yogesh Chavan","friendship_status":2,"user_id":1137,"username":"ychavan506"},{"display_name":"Vaishnavi Lokhande","friendship_status":2,"user_id":1168,"username":"vlokhande789"},{"display_name":"Anuja Chavan","friendship_status":2,"user_id":1169,"username":"achavan428"},{"display_name":"Vaishnavi Shinde","friendship_status":2,"user_id":1200,"username":"vshinde770"},{"display_name":"Vaishnavi Pawar","friendship_status":2,"user_id":1210,"username":"vpawar912"},{"display_name":"Ashwini Chavan","friendship_status":2,"user_id":1230,"username":"achavan019"},{"display_name":"Kajal Chavan","friendship_status":2,"user_id":1239,"username":"kchavan762"},{"display_name":"Vaibhav","friendship_status":1,"user_id":1242,"username":"vaibhav"},{"display_name":"Vaibhav Gaikwad","friendship_status":1,"user_id":1243,"username":"vaibz21"},{"display_name":"Sakshi Chavan","friendship_status":0,"user_id":1244,"username":"so_sasssy"},{"display_name":"om chavan","friendship_status":2,"user_id":1248,"username":"omchavan8"},{"display_name":"sakshi chavan","friendship_status":2,"user_id":1251,"username":"saucy_sakshi"},{"display_name":"Manisha Chavan","friendship_status":2,"user_id":1260,"username":"manisha9"},{"display_name":"om Chavan","friendship_status":2,"user_id":1263,"username":"omchavan"},{"display_name":"Manisha Chavan","friendship_status":2,"user_id":1268,"username":"manisha06"},{"display_name":"om chavan","friendship_status":2,"user_id":1269,"username":"omchavan96"},{"display_name":"Suyash chavan","friendship_status":2,"user_id":1270,"username":"suyashchavan"}]}
[2026-02-21 15:40:00][DEBUG] Message received from client {"message_type":107,"username":"vai","requested_by":"vaibz"}
[2026-02-21 15:40:00][DEBUG][process] in process func: {"message_type":107,"requested_by":"vaibz","username":"vai"}
[2026-02-21 15:40:00][DEBUG][process_search_user_request] {"count":12,"message_type":108,"users":[{"display_name":"Vaishnavi ","friendship_status":1,"user_id":39,"username":"vaishnavi10"},{"display_name":"vaibhav","friendship_status":1,"user_id":41,"username":"vaibz12"},{"display_name":"Vaishnavi Inamdar","friendship_status":2,"user_id":1063,"username":"vinamdar778"},{"display_name":"Vaishnavi Apte","friendship_status":2,"user_id":1089,"username":"vapte786"},{"display_name":"Vaishnavi Jadhav","friendship_status":2,"user_id":1092,"username":"vjadhav942"},{"display_name":"Vaishnavi Chavan","friendship_status":2,"user_id":1105,"username":"vchavan805"},{"display_name":"Vaishnavi Kulkarni","friendship_status":2,"user_id":1135,"username":"vkulkarni090"},{"display_name":"Vaishnavi Lokhande","friendship_status":2,"user_id":1168,"username":"vlokhande789"},{"display_name":"Vaishnavi Shinde","friendship_status":2,"user_id":1200,"username":"vshinde770"},{"display_name":"Vaishnavi Pawar","friendship_status":2,"user_id":1210,"username":"vpawar912"},{"display_name":"Vaibhav","friendship_status":1,"user_id":1242,"username":"vaibhav"},{"display_name":"Vaibhav Gaikwad","friendship_status":1,"user_id":1243,"username":"vaibz21"}]}
[2026-02-21 15:40:01][DEBUG] Message received from client {"message_type":107,"username":"vaib","requested_by":"vaibz"}
[2026-02-21 15:40:01][DEBUG][process] in process func: {"message_type":107,"requested_by":"vaibz","username":"vaib"}
[2026-02-21 15:40:01][DEBUG][process_search_user_request] {"count":3,"message_type":108,"users":[{"display_name":"vaibhav","friendship_status":1,"user_id":41,"username":"vaibz12"},{"display_name":"Vaibhav","friendship_status":1,"user_id":1242,"username":"vaibhav"},{"display_name":"Vaibhav Gaikwad","friendship_status":1,"user_id":1243,"username":"vaibz21"}]}
[2026-02-21 15:40:02][DEBUG] Message received from client {"message_type":107,"username":"vaibh","requested_by":"vaibz"}
[2026-02-21 15:40:02][DEBUG][process] in process func: {"message_type":107,"requested_by":"vaibz","username":"vaibh"}
[2026-02-21 15:40:02][DEBUG][process_search_user_request] {"count":3,"message_type":108,"users":[{"display_name":"vaibhav","friendship_status":1,"user_id":41,"username":"vaibz12"},{"display_name":"Vaibhav","friendship_status":1,"user_id":1242,"username":"vaibhav"},{"display_name":"Vaibhav Gaikwad","friendship_status":1,"user_id":1243,"username":"vaibz21"}]}
[2026-02-21 15:40:02][DEBUG] Message received from client {"message_type":107,"username":"vaibha","requested_by":"vaibz"}
[2026-02-21 15:40:02][DEBUG][process] in process func: {"message_type":107,"requested_by":"vaibz","username":"vaibha"}
[2026-02-21 15:40:02][DEBUG][process_search_user_request] {"count":3,"message_type":108,"users":[{"display_name":"vaibhav","friendship_status":1,"user_id":41,"username":"vaibz12"},{"display_name":"Vaibhav","friendship_status":1,"user_id":1242,"username":"vaibhav"},{"display_name":"Vaibhav Gaikwad","friendship_status":1,"user_id":1243,"username":"vaibz21"}]}
[2026-02-21 15:40:02][DEBUG] Message received from client {"message_type":107,"username":"vaibhav","requested_by":"vaibz"}
[2026-02-21 15:40:02][DEBUG][process] in process func: {"message_type":107,"requested_by":"vaibz","username":"vaibhav"}
[2026-02-21 15:40:02][DEBUG][process_search_user_request] {"count":3,"message_type":108,"users":[{"display_name":"vaibhav","friendship_status":1,"user_id":41,"username":"vaibz12"},{"display_name":"Vaibhav","friendship_status":1,"user_id":1242,"username":"vaibhav"},{"display_name":"Vaibhav Gaikwad","friendship_status":1,"user_id":1243,"username":"vaibz21"}]}
[2026-02-21 15:40:22][INFO] Client connected with IP: 127.0.0.1
[2026-02-21 15:40:22][DEBUG] Message received from client {"message_type":117,"user_id":21,"auth_token":"af412c26ef4431b0c1143fdb4fb17d67"}
[2026-02-21 15:40:22][DEBUG][process] in process func: {"auth_token":"af412c26ef4431b0c1143fdb4fb17d67","message_type":117,"user_id":21}
[2026-02-21 15:40:22][DEBUG][send_user_login_payloads] {"dob":"2002-03-20","email":"vaibhav@google.com","fullname":"Vaibhav Gaikwad","gender":"Male","message_type":111,"phone":"7887401312","username":"vaibz"}
[2026-02-21 15:40:22][DEBUG][send_user_login_payloads] {"count":0,"message_type":113,"pending_friend_requests_list":[]}
[2026-02-21 15:40:22][DEBUG][send_user_login_payloads] {"count":4,"friends_list":[{"dob":"2005-01-27","fullname":"Chetana Patil","gender":"Female","user_id":1245,"username":"chetanap"},{"dob":"2025-09-03","fullname":"yashwardhan patil","gender":"Male","user_id":1274,"username":"merayashu"},{"dob":"2004-09-07","fullname":"Sakshi Chavan","gender":"Other","user_id":1244,"username":"so_sasssy"},{"dob":"2003-09-17","fullname":"Om Hanumansahay Sharma","gender":"Male","user_id":1283,"username":"omsharma6"}],"message_type":112}
[2026-02-21 15:40:22][INFO][process_reconnect_request] Reconnect successful of user id: 21
[2026-02-21 15:40:40][DEBUG] Message received from client {"message_type":105,"user_id":21}
[2026-02-21 15:40:40][DEBUG][process] in process func: {"message_type":105,"user_id":21}
[2026-02-21 15:40:40][INFO] Received SIGABRT (Process aborted via abort()). Server terminated.
[2026-02-21 15:41:10][INFO] Server started...
[2026-02-21 15:41:10][INFO] Listening on port: 2121
[2026-02-21 15:41:32][INFO] Client connected with IP: 127.0.0.1
[2026-02-21 15:41:32][INFO] Client connected with IP: 127.0.0.1
[2026-02-21 15:42:43][INFO] Client connected with IP: 127.0.0.1
[2026-02-21 15:42:43][INFO] Client connected with IP: 127.0.0.1
[2026-02-21 15:45:49][DEBUG] Message received from client {"message_type":101,"username":"vaibz","password":"12345","timestamp":"2026-02-21T10:12:43.757Z"}
[2026-02-21 15:45:49][DEBUG][process] in process func: {"message_type":101,"password":"12345","timestamp":"2026-02-21T10:12:43.757Z","username":"vaibz"}
[2026-02-21 15:45:49][INFO][process_login_request] User 'vaibz' logged in successfully
[2026-02-21 15:45:49][DEBUG][send_user_login_payloads] {"dob":"2002-03-20","email":"vaibhav@google.com","fullname":"Vaibhav Gaikwad","gender":"Male","message_type":111,"phone":"7887401312","username":"vaibz"}
[2026-02-21 15:45:49][DEBUG][send_user_login_payloads] {"count":0,"message_type":113,"pending_friend_requests_list":[]}
[2026-02-21 15:45:49][DEBUG][send_user_login_payloads] {"count":4,"friends_list":[{"dob":"2005-01-27","fullname":"Chetana Patil","gender":"Female","user_id":1245,"username":"chetanap"},{"dob":"2025-09-03","fullname":"yashwardhan patil","gender":"Male","user_id":1274,"username":"merayashu"},{"dob":"2004-09-07","fullname":"Sakshi Chavan","gender":"Other","user_id":1244,"username":"so_sasssy"},{"dob":"2003-09-17","fullname":"Om Hanumansahay Sharma","gender":"Male","user_id":1283,"username":"omsharma6"}],"message_type":112}
[2026-02-21 15:46:48][DEBUG] Message received from client {"message_type":125,"user_id":21}
[2026-02-21 15:46:48][DEBUG][process] in process func: {"message_type":125,"user_id":21}
[2026-02-21 15:46:48][DEBUG] Message received from client {"chat_message_id":202,"message_type":124,"conversation_type":0,"sender_id":21,"receiver_id":1245,"content_type":0,"content":"Hello from Bingo! ","message_status":0,"is_reply_message":0,"replied_message_id":-1,"timestamp":"2026-02-21T10:16:48.325Z","isStared":false,"isPinned":false}
[2026-02-21 15:46:48][DEBUG][process] in process func: {"chat_message_id":202,"content":"Hello from Bingo! ","content_type":0,"conversation_type":0,"isPinned":false,"isStared":false,"is_reply_message":0,"message_status":0,"message_type":124,"receiver_id":1245,"replied_message_id":-1,"sender_id":21,"timestamp":"2026-02-21T10:16:48.325Z"}
[2026-02-21 15:46:48][DEBUG][chat_message] Inserting message_id: 202 from sender_id: 21 to receiver_id: 1245
[2026-02-21 15:46:48][DEBUG][chat_message] Message inserted successfully
[2026-02-21 15:47:22][INFO] Client connected with IP: 127.0.0.1
[2026-02-21 15:47:22][INFO] Client connected with IP: 127.0.0.1
[2026-02-21 15:47:30][DEBUG] Message received from client {"message_type":101,"username":"chetanap","password":"5678","timestamp":"2026-02-21T10:17:22.680Z"}
[2026-02-21 15:47:30][DEBUG][process] in process func: {"message_type":101,"password":"5678","timestamp":"2026-02-21T10:17:22.680Z","username":"chetanap"}
[2026-02-21 15:47:30][INFO][process_login_request] User 'chetanap' logged in successfully
[2026-02-21 15:47:30][DEBUG][send_user_login_payloads] {"dob":"2005-01-27","email":"chetanap2005@gmail.com","fullname":"Chetana Patil","gender":"Female","message_type":111,"phone":"1234567890","username":"chetanap"}
[2026-02-21 15:47:30][DEBUG][send_user_login_payloads] {"count":0,"message_type":113,"pending_friend_requests_list":[]}
[2026-02-21 15:47:30][DEBUG][send_user_login_payloads] {"count":5,"friends_list":[{"dob":"2001-02-11","fullname":"Achal Bhamare","gender":"Female","user_id":1266,"username":"achalb11"},{"dob":"2004-05-31","fullname":"Rutuja Dabhade","gender":"Female","user_id":34,"username":"Rutuja"},{"dob":"2025-06-03","fullname":"Vaishnavi ","gender":"Female","user_id":39,"username":"vaishnavi10"},{"dob":"2017-08-26","fullname":"Anvi Dabhade","gender":"Female","user_id":1247,"username":"kuhu"},{"dob":"2002-03-20","fullname":"Vaibhav Gaikwad","gender":"Male","user_id":21,"username":"vaibz"}],"message_type":112}
[2026-02-21 15:47:39][DEBUG] Message received from client {"message_type":125,"user_id":21}
[2026-02-21 15:47:39][DEBUG][process] in process func: {"message_type":125,"user_id":21}
[2026-02-21 15:47:39][DEBUG] Message received from client {"chat_message_id":203,"message_type":124,"conversation_type":0,"sender_id":21,"receiver_id":1245,"content_type":0,"content":"Hello","message_status":0,"is_reply_message":0,"replied_message_id":-1,"timestamp":"2026-02-21T10:17:39.490Z","isStared":false,"isPinned":false}
[2026-02-21 15:47:39][DEBUG][process] in process func: {"chat_message_id":203,"content":"Hello","content_type":0,"conversation_type":0,"isPinned":false,"isStared":false,"is_reply_message":0,"message_status":0,"message_type":124,"receiver_id":1245,"replied_message_id":-1,"sender_id":21,"timestamp":"2026-02-21T10:17:39.490Z"}
[2026-02-21 15:47:39][DEBUG][chat_message] Inserting message_id: 203 from sender_id: 21 to receiver_id: 1245
[2026-02-21 15:47:39][DEBUG][chat_message] Message inserted successfully
[2026-02-21 15:48:03][DEBUG] Message received from client {"message_type":105,"user_id":21}
[2026-02-21 15:48:03][DEBUG][process] in process func: {"message_type":105,"user_id":21}
[2026-02-21 15:48:03][INFO] Received SIGABRT (Process aborted via abort()). Server terminated.
[2026-02-21 15:48:13][INFO] Server started...
[2026-02-21 15:48:13][INFO] Listening on port: 2121
[2026-02-21 15:48:15][INFO] Client connected with IP: 127.0.0.1
[2026-02-21 15:48:15][INFO] Client connected with IP: 127.0.0.1
[2026-02-21 15:48:15][DEBUG] Message received from client {"message_type":117,"user_id":21,"auth_token":"af412c26ef4431b0c1143fdb4fb17d67"}
[2026-02-21 15:48:15][DEBUG][process] in process func: {"auth_token":"af412c26ef4431b0c1143fdb4fb17d67","message_type":117,"user_id":21}
[2026-02-21 15:48:15][DEBUG][send_user_login_payloads] {"dob":"2002-03-20","email":"vaibhav@google.com","fullname":"Vaibhav Gaikwad","gender":"Male","message_type":111,"phone":"7887401312","username":"vaibz"}
[2026-02-21 15:48:15][DEBUG][send_user_login_payloads] {"count":0,"message_type":113,"pending_friend_requests_list":[]}
[2026-02-21 15:48:15][DEBUG][send_user_login_payloads] {"count":4,"friends_list":[{"dob":"2005-01-27","fullname":"Chetana Patil","gender":"Female","user_id":1245,"username":"chetanap"},{"dob":"2025-09-03","fullname":"yashwardhan patil","gender":"Male","user_id":1274,"username":"merayashu"},{"dob":"2004-09-07","fullname":"Sakshi Chavan","gender":"Other","user_id":1244,"username":"so_sasssy"},{"dob":"2003-09-17","fullname":"Om Hanumansahay Sharma","gender":"Male","user_id":1283,"username":"omsharma6"}],"message_type":112}
[2026-02-21 15:48:15][INFO][process_reconnect_request] Reconnect successful of user id: 21
[2026-02-21 15:48:17][DEBUG] Message received from client {"message_type":105,"user_id":21}
[2026-02-21 15:48:17][DEBUG][process] in process func: {"message_type":105,"user_id":21}
[2026-02-21 15:48:17][INFO] Received SIGABRT (Process aborted via abort()). Server terminated.
[2026-02-21 15:49:20][INFO] Server started...
[2026-02-21 15:49:20][INFO] Listening on port: 2121
[2026-02-21 15:49:22][INFO] Client connected with IP: 127.0.0.1
[2026-02-21 15:49:22][INFO] Client connected with IP: 127.0.0.1
[2026-02-21 15:49:22][DEBUG] Message received from client {"message_type":117,"user_id":21,"auth_token":"af412c26ef4431b0c1143fdb4fb17d67"}
[2026-02-21 15:49:22][DEBUG][process] in process func: {"auth_token":"af412c26ef4431b0c1143fdb4fb17d67","message_type":117,"user_id":21}
[2026-02-21 15:49:22][DEBUG][send_user_login_payloads] {"dob":"2002-03-20","email":"vaibhav@google.com","fullname":"Vaibhav Gaikwad","gender":"Male","message_type":111,"phone":"7887401312","username":"vaibz"}
[2026-02-21 15:49:22][DEBUG][send_user_login_payloads] {"count":0,"message_type":113,"pending_friend_requests_list":[]}
[2026-02-21 15:49:22][DEBUG][send_user_login_payloads] {"count":4,"friends_list":[{"dob":"2005-01-27","fullname":"Chetana Patil","gender":"Female","user_id":1245,"username":"chetanap"},{"dob":"2025-09-03","fullname":"yashwardhan patil","gender":"Male","user_id":1274,"username":"merayashu"},{"dob":"2004-09-07","fullname":"Sakshi Chavan","gender":"Other","user_id":1244,"username":"so_sasssy"},{"dob":"2003-09-17","fullname":"Om Hanumansahay Sharma","gender":"Male","user_id":1283,"username":"omsharma6"}],"message_type":112}
[2026-02-21 15:49:22][INFO][process_reconnect_request] Reconnect successful of user id: 21
[2026-02-21 15:49:26][DEBUG] Message received from client {"message_type":105,"user_id":21}
[2026-02-21 15:49:26][DEBUG][process] in process func: {"message_type":105,"user_id":21}
[2026-02-21 15:49:26][INFO] Received SIGABRT (Process aborted via abort()). Server terminated.
