[2026-02-06 00:22:02][DEBUG] Message received from client {"message_type":125,"user_id":21}
[2026-02-06 00:22:02][DEBUG][process] in process func: {"message_type":125,"user_id":21}
[2026-02-06 00:22:02][DEBUG] Message received from client {"chat_message_id":64,"message_type":124,"conversation_type":0,"sender_id":21,"receiver_id":1245,"content_type":0,"content":"asdas","message_status":0,"is_reply_message":0,"replied_message_id":-1,"timestamp":"2026-02-05T18:51:40.672Z"}
[2026-02-06 00:22:02][DEBUG][process] in process func: {"chat_message_id":64,"content":"asdas","content_type":0,"conversation_type":0,"is_reply_message":0,"message_status":0,"message_type":124,"receiver_id":1245,"replied_message_id":-1,"sender_id":21,"timestamp":"2026-02-05T18:51:40.672Z"}
[2026-02-06 00:22:02][DEBUG][chat_message] Inserting message_id: 64 from sender_id: 21 to receiver_id: 1245
[2026-02-06 00:22:02][ERROR][chat_message] Database error: CDK Error: Incorrect datetime value: '2026-02-05T18:51:40.672Z' for column 'sent_timestamp' at row 1
[2026-02-06 00:22:54][INFO] Client connected with IP: 127.0.0.1
[2026-02-06 00:22:54][DEBUG] Message received from client {"message_type":117,"user_id":1267,"auth_token":"c464162af59802d82ac23ef4d3594161"}
[2026-02-06 00:22:54][DEBUG][process] in process func: {"auth_token":"c464162af59802d82ac23ef4d3594161","message_type":117,"user_id":1267}
[2026-02-06 00:22:54][DEBUG][send_user_login_payloads] {"dob":"2006-07-20","email":"omchavan@gmail.com","fullname":"Om","gender":"Male","message_type":111,"phone":"3265983265","username":"builder_om"}
[2026-02-06 00:22:54][DEBUG][send_user_login_payloads] {"count":0,"message_type":113,"pending_friend_requests_list":[]}
[2026-02-06 00:22:54][DEBUG][send_user_login_payloads] {"count":4,"friends_list":[{"dob":"2004-09-07","fullname":"Sakshi Chavan","gender":"Other","user_id":1244,"username":"so_sasssy"},{"dob":"2004-09-07","fullname":"Sakshi Chavan","gender":"Other","user_id":1244,"username":"so_sasssy"},{"dob":"2025-09-07","fullname":"kiran shirke","gender":"Female","user_id":1271,"username":"kiranshirke"},{"dob":"2004-04-15","fullname":"Siddhant jebale","gender":"Male","user_id":1286,"username":"jebsepaisalele"}],"message_type":112}
[2026-02-06 00:22:54][INFO][process_reconnect_request] Reconnect successful of user id: 1267
[2026-02-06 00:22:57][INFO] Client connected with IP: 127.0.0.1
[2026-02-06 00:22:58][DEBUG] Message received from client {"message_type":117,"user_id":34,"auth_token":"c81e037d3ad7f57c115e88e7c11deaf4"}
[2026-02-06 00:22:58][DEBUG][process] in process func: {"auth_token":"c81e037d3ad7f57c115e88e7c11deaf4","message_type":117,"user_id":34}
[2026-02-06 00:22:58][DEBUG][send_user_login_payloads] {"dob":"2004-05-31","email":"rutuja04dabhade@gmail.com","fullname":"Rutuja Dabhade","gender":"Female","message_type":111,"phone":"8668470451","username":"rutuja"}
[2026-02-06 00:22:58][DEBUG][send_user_login_payloads] {"count":1,"message_type":113,"pending_friend_requests_list":[{"name_of_receiver":"Rutuja Dabhade","name_of_sender":"Vaibhav Gaikwad","receiver":"rutuja","receiver_id":34,"request_status":"pending","sender":"vaibz","sender_id":21,"timestamp":"2026-02-06 00:05:25"}]}
[2026-02-06 00:22:58][DEBUG][send_user_login_payloads] {"count":8,"friends_list":[{"dob":"2001-02-11","fullname":"Achal Bhamare","gender":"Female","user_id":1266,"username":"achalb11"},{"dob":"2005-01-27","fullname":"Chetana Patil","gender":"Female","user_id":1245,"username":"chetanap"},{"dob":"2025-06-03","fullname":"Vaishnavi ","gender":"Female","user_id":39,"username":"vaishnavi10"},{"dob":"2017-08-26","fullname":"Anvi Dabhade","gender":"Female","user_id":1247,"username":"kuhu"},{"dob":"2006-12-10","fullname":"Harsh Dabhade","gender":"Male","user_id":1284,"username":"harsh11"},{"dob":"2004-09-07","fullname":"Sakshi chavan","gender":"Female","user_id":1285,"username":"alooparathawithlassi"},{"dob":"2025-12-28","fullname":"mansi","gender":"Female","user_id":1287,"username":"mancy"},{"dob":"2004-09-07","fullname":"Sakshi Chavan","gender":"Other","user_id":1244,"username":"so_sasssy"}],"message_type":112}
[2026-02-06 00:22:58][INFO][process_reconnect_request] Reconnect successful of user id: 34
[2026-02-06 00:23:01][DEBUG] Message received from client {"message_type":125,"user_id":1267}
[2026-02-06 00:23:01][DEBUG][process] in process func: {"message_type":125,"user_id":1267}
[2026-02-06 00:23:01][DEBUG] Message received from client {"chat_message_id":65,"message_type":124,"conversation_type":0,"sender_id":1267,"receiver_id":1244,"content_type":0,"content":"dfgdhtf","message_status":0,"is_reply_message":0,"replied_message_id":-1,"timestamp":"2026-02-05T18:52:55.410Z"}
[2026-02-06 00:23:01][DEBUG][process] in process func: {"chat_message_id":65,"content":"dfgdhtf","content_type":0,"conversation_type":0,"is_reply_message":0,"message_status":0,"message_type":124,"receiver_id":1244,"replied_message_id":-1,"sender_id":1267,"timestamp":"2026-02-05T18:52:55.410Z"}
[2026-02-06 00:23:01][DEBUG][chat_message] Inserting message_id: 65 from sender_id: 1267 to receiver_id: 1244
[2026-02-06 00:23:01][ERROR][chat_message] Database error: CDK Error: Incorrect datetime value: '2026-02-05T18:52:55.410Z' for column 'sent_timestamp' at row 1
[2026-02-06 00:23:09][DEBUG] Message received from client {"message_type":125,"user_id":1267}
[2026-02-06 00:23:09][DEBUG][process] in process func: {"message_type":125,"user_id":1267}
[2026-02-06 00:23:09][DEBUG] Message received from client {"chat_message_id":66,"message_type":124,"conversation_type":0,"sender_id":1267,"receiver_id":1244,"content_type":0,"content":"cvghjkhlkjhg","message_status":0,"is_reply_message":0,"replied_message_id":-1,"timestamp":"2026-02-05T18:52:55.410Z"}
[2026-02-06 00:23:09][DEBUG][process] in process func: {"chat_message_id":66,"content":"cvghjkhlkjhg","content_type":0,"conversation_type":0,"is_reply_message":0,"message_status":0,"message_type":124,"receiver_id":1244,"replied_message_id":-1,"sender_id":1267,"timestamp":"2026-02-05T18:52:55.410Z"}
[2026-02-06 00:23:09][DEBUG][chat_message] Inserting message_id: 66 from sender_id: 1267 to receiver_id: 1244
[2026-02-06 00:23:09][ERROR][chat_message] Database error: CDK Error: Incorrect datetime value: '2026-02-05T18:52:55.410Z' for column 'sent_timestamp' at row 1
[2026-02-06 00:23:14][DEBUG] Message received from client {"message_type":125,"user_id":1267}
[2026-02-06 00:23:14][DEBUG][process] in process func: {"message_type":125,"user_id":1267}
[2026-02-06 00:23:14][DEBUG] Message received from client {"chat_message_id":67,"message_type":124,"conversation_type":0,"sender_id":1267,"receiver_id":1244,"content_type":0,"content":"dxgsdrhftj","message_status":0,"is_reply_message":0,"replied_message_id":-1,"timestamp":"2026-02-05T18:52:55.410Z"}
[2026-02-06 00:23:14][DEBUG][process] in process func: {"chat_message_id":67,"content":"dxgsdrhftj","content_type":0,"conversation_type":0,"is_reply_message":0,"message_status":0,"message_type":124,"receiver_id":1244,"replied_message_id":-1,"sender_id":1267,"timestamp":"2026-02-05T18:52:55.410Z"}
[2026-02-06 00:23:14][DEBUG][chat_message] Inserting message_id: 67 from sender_id: 1267 to receiver_id: 1244
[2026-02-06 00:23:14][ERROR][chat_message] Database error: CDK Error: Incorrect datetime value: '2026-02-05T18:52:55.410Z' for column 'sent_timestamp' at row 1
[2026-02-06 00:23:43][DEBUG] Message received from client {"message_type":125,"user_id":1267}
[2026-02-06 00:23:43][DEBUG][process] in process func: {"message_type":125,"user_id":1267}
[2026-02-06 00:23:44][DEBUG] Message received from client {"chat_message_id":68,"message_type":124,"conversation_type":0,"sender_id":1267,"receiver_id":1244,"content_type":0,"content":"cgnghm","message_status":0,"is_reply_message":1,"timestamp":"2026-02-05T18:52:55.410Z"}
[2026-02-06 00:23:44][DEBUG][process] in process func: {"chat_message_id":68,"content":"cgnghm","content_type":0,"conversation_type":0,"is_reply_message":1,"message_status":0,"message_type":124,"receiver_id":1244,"sender_id":1267,"timestamp":"2026-02-05T18:52:55.410Z"}
[2026-02-06 00:24:19][INFO] Received SIGABRT (Process aborted via abort()). Server terminated.
[2026-02-06 00:24:32][INFO] Server started...
[2026-02-06 00:24:32][INFO] Listening on port: 2121
[2026-02-06 00:24:57][INFO] Client connected with IP: 127.0.0.1
[2026-02-06 00:24:57][DEBUG] Message received from client {"message_type":117,"user_id":34,"auth_token":"c81e037d3ad7f57c115e88e7c11deaf4"}
[2026-02-06 00:24:57][DEBUG][process] in process func: {"auth_token":"c81e037d3ad7f57c115e88e7c11deaf4","message_type":117,"user_id":34}
[2026-02-06 00:24:57][DEBUG][send_user_login_payloads] {"dob":"2004-05-31","email":"rutuja04dabhade@gmail.com","fullname":"Rutuja Dabhade","gender":"Female","message_type":111,"phone":"8668470451","username":"rutuja"}
[2026-02-06 00:24:57][DEBUG][send_user_login_payloads] {"count":1,"message_type":113,"pending_friend_requests_list":[{"name_of_receiver":"Rutuja Dabhade","name_of_sender":"Vaibhav Gaikwad","receiver":"rutuja","receiver_id":34,"request_status":"pending","sender":"vaibz","sender_id":21,"timestamp":"2026-02-06 00:05:25"}]}
[2026-02-06 00:24:57][DEBUG][send_user_login_payloads] {"count":8,"friends_list":[{"dob":"2001-02-11","fullname":"Achal Bhamare","gender":"Female","user_id":1266,"username":"achalb11"},{"dob":"2005-01-27","fullname":"Chetana Patil","gender":"Female","user_id":1245,"username":"chetanap"},{"dob":"2025-06-03","fullname":"Vaishnavi ","gender":"Female","user_id":39,"username":"vaishnavi10"},{"dob":"2017-08-26","fullname":"Anvi Dabhade","gender":"Female","user_id":1247,"username":"kuhu"},{"dob":"2006-12-10","fullname":"Harsh Dabhade","gender":"Male","user_id":1284,"username":"harsh11"},{"dob":"2004-09-07","fullname":"Sakshi chavan","gender":"Female","user_id":1285,"username":"alooparathawithlassi"},{"dob":"2025-12-28","fullname":"mansi","gender":"Female","user_id":1287,"username":"mancy"},{"dob":"2004-09-07","fullname":"Sakshi Chavan","gender":"Other","user_id":1244,"username":"so_sasssy"}],"message_type":112}
[2026-02-06 00:24:57][INFO][process_reconnect_request] Reconnect successful of user id: 34
[2026-02-06 00:25:01][DEBUG] Message received from client {"message_type":125,"user_id":34}
[2026-02-06 00:25:01][DEBUG][process] in process func: {"message_type":125,"user_id":34}
[2026-02-06 00:25:01][DEBUG] Message received from client {"chat_message_id":69,"message_type":124,"conversation_type":0,"sender_id":34,"receiver_id":1245,"content_type":0,"content":"hello","message_status":0,"is_reply_message":0,"replied_message_id":-1,"timestamp":"2026-02-05T18:54:59.132Z"}
[2026-02-06 00:25:01][DEBUG][process] in process func: {"chat_message_id":69,"content":"hello","content_type":0,"conversation_type":0,"is_reply_message":0,"message_status":0,"message_type":124,"receiver_id":1245,"replied_message_id":-1,"sender_id":34,"timestamp":"2026-02-05T18:54:59.132Z"}
[2026-02-06 00:25:01][DEBUG][chat_message] Inserting message_id: 69 from sender_id: 34 to receiver_id: 1245
[2026-02-06 00:25:01][ERROR][chat_message] Database error: CDK Error: Incorrect datetime value: '' for column 'delivered_timestamp' at row 1
[2026-02-06 00:25:15][DEBUG] Message received from client {"message_type":125,"user_id":34}
[2026-02-06 00:25:15][DEBUG][process] in process func: {"message_type":125,"user_id":34}
[2026-02-06 00:25:15][DEBUG] Message received from client {"chat_message_id":70,"message_type":124,"conversation_type":0,"sender_id":34,"receiver_id":1245,"content_type":0,"content":"guhg","message_status":0,"is_reply_message":1,"replied_message_id":5,"timestamp":"2026-02-05T18:54:59.132Z"}
[2026-02-06 00:25:15][DEBUG][process] in process func: {"chat_message_id":70,"content":"guhg","content_type":0,"conversation_type":0,"is_reply_message":1,"message_status":0,"message_type":124,"receiver_id":1245,"replied_message_id":5,"sender_id":34,"timestamp":"2026-02-05T18:54:59.132Z"}
[2026-02-06 00:25:15][DEBUG][chat_message] Inserting message_id: 70 from sender_id: 34 to receiver_id: 1245
[2026-02-06 00:25:15][ERROR][chat_message] Database error: CDK Error: Incorrect datetime value: '' for column 'delivered_timestamp' at row 1
[2026-02-06 00:26:00][DEBUG] Message received from client {"message_type":125,"user_id":34}
[2026-02-06 00:26:00][DEBUG][process] in process func: {"message_type":125,"user_id":34}
[2026-02-06 00:26:00][DEBUG] Message received from client {"chat_message_id":71,"message_type":124,"conversation_type":0,"sender_id":34,"receiver_id":1245,"content_type":0,"content":"hello","message_status":0,"is_reply_message":0,"replied_message_id":-1,"timestamp":"2026-02-05T18:54:59.132Z"}
[2026-02-06 00:26:00][DEBUG][process] in process func: {"chat_message_id":71,"content":"hello","content_type":0,"conversation_type":0,"is_reply_message":0,"message_status":0,"message_type":124,"receiver_id":1245,"replied_message_id":-1,"sender_id":34,"timestamp":"2026-02-05T18:54:59.132Z"}
[2026-02-06 00:26:00][DEBUG][chat_message] Inserting message_id: 71 from sender_id: 34 to receiver_id: 1245
[2026-02-06 00:26:00][ERROR][chat_message] Database error: CDK Error: Incorrect datetime value: '' for column 'delivered_timestamp' at row 1
[2026-02-06 00:26:13][DEBUG] Message received from client {"message_type":125,"user_id":34}
[2026-02-06 00:26:13][DEBUG][process] in process func: {"message_type":125,"user_id":34}
[2026-02-06 00:26:13][DEBUG] Message received from client {"chat_message_id":72,"message_type":124,"conversation_type":0,"sender_id":34,"receiver_id":1245,"content_type":0,"content":"reply kr chetana","message_status":0,"is_reply_message":0,"replied_message_id":-1,"timestamp":"2026-02-05T18:54:59.132Z"}
[2026-02-06 00:26:13][DEBUG][process] in process func: {"chat_message_id":72,"content":"reply kr chetana","content_type":0,"conversation_type":0,"is_reply_message":0,"message_status":0,"message_type":124,"receiver_id":1245,"replied_message_id":-1,"sender_id":34,"timestamp":"2026-02-05T18:54:59.132Z"}
[2026-02-06 00:26:13][DEBUG][chat_message] Inserting message_id: 72 from sender_id: 34 to receiver_id: 1245
[2026-02-06 00:26:13][ERROR][chat_message] Database error: CDK Error: Incorrect datetime value: '' for column 'delivered_timestamp' at row 1
[2026-02-06 00:26:27][DEBUG] Message received from client {"message_type":125,"user_id":34}
[2026-02-06 00:26:27][DEBUG][process] in process func: {"message_type":125,"user_id":34}
[2026-02-06 00:26:27][DEBUG] Message received from client {"chat_message_id":73,"message_type":124,"conversation_type":0,"sender_id":34,"receiver_id":1245,"content_type":0,"content":"why are you crashing the server","message_status":0,"is_reply_message":0,"replied_message_id":-1,"timestamp":"2026-02-05T18:54:59.132Z"}
[2026-02-06 00:26:27][DEBUG][process] in process func: {"chat_message_id":73,"content":"why are you crashing the server","content_type":0,"conversation_type":0,"is_reply_message":0,"message_status":0,"message_type":124,"receiver_id":1245,"replied_message_id":-1,"sender_id":34,"timestamp":"2026-02-05T18:54:59.132Z"}
[2026-02-06 00:26:27][DEBUG][chat_message] Inserting message_id: 73 from sender_id: 34 to receiver_id: 1245
[2026-02-06 00:26:27][ERROR][chat_message] Database error: CDK Error: Incorrect datetime value: '' for column 'delivered_timestamp' at row 1
[2026-02-06 00:29:22][INFO] Received SIGTERM (Termination request, e.g. 'kill' command). Server terminated.
[2026-02-06 00:29:22][INFO] Server started...
[2026-02-06 00:29:22][INFO] Listening on port: 2121
[2026-02-06 00:35:02][INFO] Client connected with IP: 127.0.0.1
[2026-02-06 00:35:02][DEBUG] Message received from client {"message_type":117,"user_id":1267,"auth_token":"c464162af59802d82ac23ef4d3594161"}
[2026-02-06 00:35:02][DEBUG][process] in process func: {"auth_token":"c464162af59802d82ac23ef4d3594161","message_type":117,"user_id":1267}
[2026-02-06 00:35:02][DEBUG][send_user_login_payloads] {"dob":"2006-07-20","email":"omchavan@gmail.com","fullname":"Om","gender":"Male","message_type":111,"phone":"3265983265","username":"builder_om"}
[2026-02-06 00:35:02][DEBUG][send_user_login_payloads] {"count":0,"message_type":113,"pending_friend_requests_list":[]}
[2026-02-06 00:35:02][DEBUG][send_user_login_payloads] {"count":4,"friends_list":[{"dob":"2004-09-07","fullname":"Sakshi Chavan","gender":"Other","user_id":1244,"username":"so_sasssy"},{"dob":"2004-09-07","fullname":"Sakshi Chavan","gender":"Other","user_id":1244,"username":"so_sasssy"},{"dob":"2025-09-07","fullname":"kiran shirke","gender":"Female","user_id":1271,"username":"kiranshirke"},{"dob":"2004-04-15","fullname":"Siddhant jebale","gender":"Male","user_id":1286,"username":"jebsepaisalele"}],"message_type":112}
[2026-02-06 00:35:02][INFO][process_reconnect_request] Reconnect successful of user id: 1267
[2026-02-06 00:35:11][DEBUG] Message received from client {"message_type":125,"user_id":1267}
[2026-02-06 00:35:11][DEBUG][process] in process func: {"message_type":125,"user_id":1267}
[2026-02-06 00:35:11][DEBUG] Message received from client {"chat_message_id":74,"message_type":124,"conversation_type":0,"sender_id":1267,"receiver_id":1271,"content_type":0,"content":"iohguyftugj","message_status":0,"is_reply_message":0,"replied_message_id":-1,"timestamp":"2026-02-05T19:05:03.592Z"}
[2026-02-06 00:35:11][DEBUG][process] in process func: {"chat_message_id":74,"content":"iohguyftugj","content_type":0,"conversation_type":0,"is_reply_message":0,"message_status":0,"message_type":124,"receiver_id":1271,"replied_message_id":-1,"sender_id":1267,"timestamp":"2026-02-05T19:05:03.592Z"}
[2026-02-06 00:35:11][DEBUG][chat_message] Inserting message_id: 74 from sender_id: 1267 to receiver_id: 1271
[2026-02-06 00:35:11][ERROR][chat_message] Database error: CDK Error: Incorrect datetime value: '' for column 'delivered_timestamp' at row 1
[2026-02-06 00:35:20][DEBUG] Message received from client {"message_type":125,"user_id":1267}
[2026-02-06 00:35:20][DEBUG][process] in process func: {"message_type":125,"user_id":1267}
[2026-02-06 00:35:20][DEBUG] Message received from client {"chat_message_id":75,"message_type":124,"conversation_type":0,"sender_id":1267,"receiver_id":1271,"content_type":0,"content":"iohguyftugj","message_status":0,"is_reply_message":0,"replied_message_id":-1,"timestamp":"2026-02-05T19:05:03.592Z"}
[2026-02-06 00:35:20][DEBUG][process] in process func: {"chat_message_id":75,"content":"iohguyftugj","content_type":0,"conversation_type":0,"is_reply_message":0,"message_status":0,"message_type":124,"receiver_id":1271,"replied_message_id":-1,"sender_id":1267,"timestamp":"2026-02-05T19:05:03.592Z"}
[2026-02-06 00:35:20][DEBUG][chat_message] Inserting message_id: 75 from sender_id: 1267 to receiver_id: 1271
[2026-02-06 00:35:20][ERROR][chat_message] Database error: CDK Error: Incorrect datetime value: '' for column 'delivered_timestamp' at row 1
[2026-02-06 00:35:28][INFO] Client connected with IP: 127.0.0.1
[2026-02-06 00:35:41][DEBUG] Message received from client {"message_type":125,"user_id":1267}
[2026-02-06 00:35:41][DEBUG][process] in process func: {"message_type":125,"user_id":1267}
[2026-02-06 00:35:41][DEBUG] Message received from client {"chat_message_id":76,"message_type":124,"conversation_type":0,"sender_id":1267,"receiver_id":1271,"content_type":0,"content":".l,mkjnhuygtfcv ","message_status":0,"is_reply_message":0,"replied_message_id":-1,"timestamp":"2026-02-05T19:05:03.592Z"}
[2026-02-06 00:35:41][DEBUG][process] in process func: {"chat_message_id":76,"content":".l,mkjnhuygtfcv ","content_type":0,"conversation_type":0,"is_reply_message":0,"message_status":0,"message_type":124,"receiver_id":1271,"replied_message_id":-1,"sender_id":1267,"timestamp":"2026-02-05T19:05:03.592Z"}
[2026-02-06 00:35:41][DEBUG][chat_message] Inserting message_id: 76 from sender_id: 1267 to receiver_id: 1271
[2026-02-06 00:35:41][ERROR][chat_message] Database error: CDK Error: Incorrect datetime value: '' for column 'delivered_timestamp' at row 1
[2026-02-06 00:36:08][DEBUG] Message received from client {"message_type":125,"user_id":1267}
[2026-02-06 00:36:08][DEBUG][process] in process func: {"message_type":125,"user_id":1267}
[2026-02-06 00:36:08][DEBUG] Message received from client {"chat_message_id":77,"message_type":124,"conversation_type":0,"sender_id":1267,"receiver_id":1271,"content_type":0,"content":". ,nkjbhvyfgtcxdfcv bnm,.l,mkjnhuygtfcv ","message_status":0,"is_reply_message":0,"replied_message_id":-1,"timestamp":"2026-02-05T19:05:03.592Z"}
[2026-02-06 00:36:08][DEBUG][process] in process func: {"chat_message_id":77,"content":". ,nkjbhvyfgtcxdfcv bnm,.l,mkjnhuygtfcv ","content_type":0,"conversation_type":0,"is_reply_message":0,"message_status":0,"message_type":124,"receiver_id":1271,"replied_message_id":-1,"sender_id":1267,"timestamp":"2026-02-05T19:05:03.592Z"}
[2026-02-06 00:36:08][DEBUG][chat_message] Inserting message_id: 77 from sender_id: 1267 to receiver_id: 1271
[2026-02-06 00:36:08][ERROR][chat_message] Database error: CDK Error: Table 'bingo_server_db.chat_history' doesn't exist
[2026-02-06 00:37:36][INFO] Received SIGTERM (Termination request, e.g. 'kill' command). Server terminated.
[2026-02-06 00:37:37][INFO] Server started...
[2026-02-06 00:37:37][INFO] Listening on port: 2121
[2026-02-06 00:37:43][INFO] Client connected with IP: 127.0.0.1
[2026-02-06 00:37:43][DEBUG] Message received from client {"message_type":117,"user_id":21,"auth_token":"af412c26ef4431b0c1143fdb4fb17d67"}
[2026-02-06 00:37:43][DEBUG][process] in process func: {"auth_token":"af412c26ef4431b0c1143fdb4fb17d67","message_type":117,"user_id":21}
[2026-02-06 00:37:43][DEBUG][send_user_login_payloads] {"dob":"2002-03-20","email":"vaibhav@google.com","fullname":"Vaibhav Gaikwad","gender":"Male","message_type":111,"phone":"7887401312","username":"vaibz"}
[2026-02-06 00:37:43][DEBUG][send_user_login_payloads] {"count":0,"message_type":113,"pending_friend_requests_list":[]}
[2026-02-06 00:37:43][DEBUG][send_user_login_payloads] {"count":4,"friends_list":[{"dob":"2005-01-27","fullname":"Chetana Patil","gender":"Female","user_id":1245,"username":"chetanap"},{"dob":"2025-09-03","fullname":"yashwardhan patil","gender":"Male","user_id":1274,"username":"merayashu"},{"dob":"2004-09-07","fullname":"Sakshi Chavan","gender":"Other","user_id":1244,"username":"so_sasssy"},{"dob":"2003-09-17","fullname":"Om Hanumansahay Sharma","gender":"Male","user_id":1283,"username":"omsharma6"}],"message_type":112}
[2026-02-06 00:37:43][INFO][process_reconnect_request] Reconnect successful of user id: 21
[2026-02-06 00:37:46][DEBUG] Message received from client {"message_type":125,"user_id":21}
[2026-02-06 00:37:46][DEBUG][process] in process func: {"message_type":125,"user_id":21}
[2026-02-06 00:37:46][DEBUG] Message received from client {"chat_message_id":78,"message_type":124,"conversation_type":0,"sender_id":21,"receiver_id":1245,"content_type":0,"content":"sdas","message_status":0,"is_reply_message":0,"replied_message_id":-1,"timestamp":"2026-02-05T19:07:44.356Z"}
[2026-02-06 00:37:46][DEBUG][process] in process func: {"chat_message_id":78,"content":"sdas","content_type":0,"conversation_type":0,"is_reply_message":0,"message_status":0,"message_type":124,"receiver_id":1245,"replied_message_id":-1,"sender_id":21,"timestamp":"2026-02-05T19:07:44.356Z"}
[2026-02-06 00:37:46][DEBUG][chat_message] Inserting message_id: 78 from sender_id: 21 to receiver_id: 1245
[2026-02-06 00:37:46][DEBUG][chat_message] Message inserted successfully
[2026-02-06 00:38:45][INFO] Client connected with IP: 127.0.0.1
[2026-02-06 00:38:45][DEBUG] Message received from client {"message_type":117,"user_id":1267,"auth_token":"c464162af59802d82ac23ef4d3594161"}
[2026-02-06 00:38:45][DEBUG][process] in process func: {"auth_token":"c464162af59802d82ac23ef4d3594161","message_type":117,"user_id":1267}
[2026-02-06 00:38:45][DEBUG][send_user_login_payloads] {"dob":"2006-07-20","email":"omchavan@gmail.com","fullname":"Om","gender":"Male","message_type":111,"phone":"3265983265","username":"builder_om"}
[2026-02-06 00:38:45][DEBUG][send_user_login_payloads] {"count":0,"message_type":113,"pending_friend_requests_list":[]}
[2026-02-06 00:38:45][DEBUG][send_user_login_payloads] {"count":4,"friends_list":[{"dob":"2004-09-07","fullname":"Sakshi Chavan","gender":"Other","user_id":1244,"username":"so_sasssy"},{"dob":"2004-09-07","fullname":"Sakshi Chavan","gender":"Other","user_id":1244,"username":"so_sasssy"},{"dob":"2025-09-07","fullname":"kiran shirke","gender":"Female","user_id":1271,"username":"kiranshirke"},{"dob":"2004-04-15","fullname":"Siddhant jebale","gender":"Male","user_id":1286,"username":"jebsepaisalele"}],"message_type":112}
[2026-02-06 00:38:45][INFO][process_reconnect_request] Reconnect successful of user id: 1267
[2026-02-06 00:39:32][DEBUG] Message received from client {"message_type":125,"user_id":21}
[2026-02-06 00:39:32][DEBUG][process] in process func: {"message_type":125,"user_id":21}
[2026-02-06 00:39:32][DEBUG] Message received from client {"chat_message_id":79,"message_type":124,"conversation_type":0,"sender_id":21,"receiver_id":1245,"content_type":0,"content":"sadasd","message_status":0,"is_reply_message":0,"replied_message_id":-1,"timestamp":"2026-02-05T19:07:44.356Z"}
[2026-02-06 00:39:32][DEBUG][process] in process func: {"chat_message_id":79,"content":"sadasd","content_type":0,"conversation_type":0,"is_reply_message":0,"message_status":0,"message_type":124,"receiver_id":1245,"replied_message_id":-1,"sender_id":21,"timestamp":"2026-02-05T19:07:44.356Z"}
[2026-02-06 00:39:32][DEBUG][chat_message] Inserting message_id: 79 from sender_id: 21 to receiver_id: 1245
[2026-02-06 00:39:32][DEBUG][chat_message] Message inserted successfully
[2026-02-06 00:39:34][DEBUG] Message received from client {"message_type":125,"user_id":21}
[2026-02-06 00:39:34][DEBUG][process] in process func: {"message_type":125,"user_id":21}
[2026-02-06 00:39:34][DEBUG] Message received from client {"chat_message_id":80,"message_type":124,"conversation_type":0,"sender_id":21,"receiver_id":1245,"content_type":0,"content":"das","message_status":0,"is_reply_message":0,"replied_message_id":-1,"timestamp":"2026-02-05T19:07:44.356Z"}
[2026-02-06 00:39:34][DEBUG][process] in process func: {"chat_message_id":80,"content":"das","content_type":0,"conversation_type":0,"is_reply_message":0,"message_status":0,"message_type":124,"receiver_id":1245,"replied_message_id":-1,"sender_id":21,"timestamp":"2026-02-05T19:07:44.356Z"}
[2026-02-06 00:39:34][DEBUG][chat_message] Inserting message_id: 80 from sender_id: 21 to receiver_id: 1245
[2026-02-06 00:39:34][DEBUG][chat_message] Message inserted successfully
[2026-02-06 00:39:34][DEBUG] Message received from client {"message_type":125,"user_id":21}
[2026-02-06 00:39:34][DEBUG][process] in process func: {"message_type":125,"user_id":21}
[2026-02-06 00:39:34][DEBUG] Message received from client {"chat_message_id":81,"message_type":124,"conversation_type":0,"sender_id":21,"receiver_id":1245,"content_type":0,"content":"asdas","message_status":0,"is_reply_message":0,"replied_message_id":-1,"timestamp":"2026-02-05T19:07:44.356Z"}
[2026-02-06 00:39:34][DEBUG][process] in process func: {"chat_message_id":81,"content":"asdas","content_type":0,"conversation_type":0,"is_reply_message":0,"message_status":0,"message_type":124,"receiver_id":1245,"replied_message_id":-1,"sender_id":21,"timestamp":"2026-02-05T19:07:44.356Z"}
[2026-02-06 00:39:34][DEBUG][chat_message] Inserting message_id: 81 from sender_id: 21 to receiver_id: 1245
[2026-02-06 00:39:34][DEBUG][chat_message] Message inserted successfully
[2026-02-06 00:39:34][DEBUG] Message received from client {"message_type":125,"user_id":21}
[2026-02-06 00:39:34][DEBUG][process] in process func: {"message_type":125,"user_id":21}
[2026-02-06 00:39:34][DEBUG] Message received from client {"chat_message_id":82,"message_type":124,"conversation_type":0,"sender_id":21,"receiver_id":1245,"content_type":0,"content":"as","message_status":0,"is_reply_message":0,"replied_message_id":-1,"timestamp":"2026-02-05T19:07:44.356Z"}
[2026-02-06 00:39:34][DEBUG][process] in process func: {"chat_message_id":82,"content":"as","content_type":0,"conversation_type":0,"is_reply_message":0,"message_status":0,"message_type":124,"receiver_id":1245,"replied_message_id":-1,"sender_id":21,"timestamp":"2026-02-05T19:07:44.356Z"}
[2026-02-06 00:39:34][DEBUG][chat_message] Inserting message_id: 82 from sender_id: 21 to receiver_id: 1245
[2026-02-06 00:39:34][DEBUG][chat_message] Message inserted successfully
[2026-02-06 00:39:35][DEBUG] Message received from client {"message_type":125,"user_id":21}
[2026-02-06 00:39:35][DEBUG][process] in process func: {"message_type":125,"user_id":21}
[2026-02-06 00:39:35][DEBUG] Message received from client {"chat_message_id":83,"message_type":124,"conversation_type":0,"sender_id":21,"receiver_id":1245,"content_type":0,"content":"d","message_status":0,"is_reply_message":0,"replied_message_id":-1,"timestamp":"2026-02-05T19:07:44.356Z"}
[2026-02-06 00:39:35][DEBUG][process] in process func: {"chat_message_id":83,"content":"d","content_type":0,"conversation_type":0,"is_reply_message":0,"message_status":0,"message_type":124,"receiver_id":1245,"replied_message_id":-1,"sender_id":21,"timestamp":"2026-02-05T19:07:44.356Z"}
[2026-02-06 00:39:35][DEBUG][chat_message] Inserting message_id: 83 from sender_id: 21 to receiver_id: 1245
[2026-02-06 00:39:35][DEBUG][chat_message] Message inserted successfully
[2026-02-06 00:39:35][DEBUG] Message received from client {"message_type":125,"user_id":21}
[2026-02-06 00:39:35][DEBUG][process] in process func: {"message_type":125,"user_id":21}
[2026-02-06 00:39:35][DEBUG] Message received from client {"chat_message_id":84,"message_type":124,"conversation_type":0,"sender_id":21,"receiver_id":1245,"content_type":0,"content":"sd","message_status":0,"is_reply_message":0,"replied_message_id":-1,"timestamp":"2026-02-05T19:07:44.356Z"}
[2026-02-06 00:39:35][DEBUG][process] in process func: {"chat_message_id":84,"content":"sd","content_type":0,"conversation_type":0,"is_reply_message":0,"message_status":0,"message_type":124,"receiver_id":1245,"replied_message_id":-1,"sender_id":21,"timestamp":"2026-02-05T19:07:44.356Z"}
[2026-02-06 00:39:35][DEBUG][chat_message] Inserting message_id: 84 from sender_id: 21 to receiver_id: 1245
[2026-02-06 00:39:35][DEBUG][chat_message] Message inserted successfully
[2026-02-06 00:39:35][DEBUG] Message received from client {"message_type":125,"user_id":21}
[2026-02-06 00:39:35][DEBUG][process] in process func: {"message_type":125,"user_id":21}
[2026-02-06 00:39:35][DEBUG] Message received from client {"chat_message_id":85,"message_type":124,"conversation_type":0,"sender_id":21,"receiver_id":1245,"content_type":0,"content":"as","message_status":0,"is_reply_message":0,"replied_message_id":-1,"timestamp":"2026-02-05T19:07:44.356Z"}
[2026-02-06 00:39:35][DEBUG][process] in process func: {"chat_message_id":85,"content":"as","content_type":0,"conversation_type":0,"is_reply_message":0,"message_status":0,"message_type":124,"receiver_id":1245,"replied_message_id":-1,"sender_id":21,"timestamp":"2026-02-05T19:07:44.356Z"}
[2026-02-06 00:39:35][DEBUG][chat_message] Inserting message_id: 85 from sender_id: 21 to receiver_id: 1245
[2026-02-06 00:39:35][DEBUG][chat_message] Message inserted successfully
[2026-02-06 00:39:35][DEBUG] Message received from client {"message_type":125,"user_id":21}
[2026-02-06 00:39:35][DEBUG][process] in process func: {"message_type":125,"user_id":21}
[2026-02-06 00:39:35][DEBUG] Message received from client {"chat_message_id":86,"message_type":124,"conversation_type":0,"sender_id":21,"receiver_id":1245,"content_type":0,"content":"d","message_status":0,"is_reply_message":0,"replied_message_id":-1,"timestamp":"2026-02-05T19:07:44.356Z"}
[2026-02-06 00:39:35][DEBUG][process] in process func: {"chat_message_id":86,"content":"d","content_type":0,"conversation_type":0,"is_reply_message":0,"message_status":0,"message_type":124,"receiver_id":1245,"replied_message_id":-1,"sender_id":21,"timestamp":"2026-02-05T19:07:44.356Z"}
[2026-02-06 00:39:35][DEBUG][chat_message] Inserting message_id: 86 from sender_id: 21 to receiver_id: 1245
[2026-02-06 00:39:35][DEBUG][chat_message] Message inserted successfully
[2026-02-06 00:39:35][DEBUG] Message received from client {"message_type":125,"user_id":21}
[2026-02-06 00:39:35][DEBUG][process] in process func: {"message_type":125,"user_id":21}
[2026-02-06 00:39:35][DEBUG] Message received from client {"chat_message_id":87,"message_type":124,"conversation_type":0,"sender_id":21,"receiver_id":1245,"content_type":0,"content":"asd","message_status":0,"is_reply_message":0,"replied_message_id":-1,"timestamp":"2026-02-05T19:07:44.356Z"}
[2026-02-06 00:39:35][DEBUG][process] in process func: {"chat_message_id":87,"content":"asd","content_type":0,"conversation_type":0,"is_reply_message":0,"message_status":0,"message_type":124,"receiver_id":1245,"replied_message_id":-1,"sender_id":21,"timestamp":"2026-02-05T19:07:44.356Z"}
[2026-02-06 00:39:35][DEBUG][chat_message] Inserting message_id: 87 from sender_id: 21 to receiver_id: 1245
[2026-02-06 00:39:35][DEBUG][chat_message] Message inserted successfully
[2026-02-06 00:43:07][DEBUG] Message received from client {"message_type":125,"user_id":21}
[2026-02-06 00:43:07][DEBUG][process] in process func: {"message_type":125,"user_id":21}
[2026-02-06 00:43:07][DEBUG] Message received from client {"chat_message_id":88,"message_type":124,"conversation_type":0,"sender_id":21,"receiver_id":1274,"content_type":0,"content":"dasdas","message_status":0,"is_reply_message":0,"replied_message_id":-1,"timestamp":"2026-02-05T19:13:04.862Z"}
[2026-02-06 00:43:07][DEBUG][process] in process func: {"chat_message_id":88,"content":"dasdas","content_type":0,"conversation_type":0,"is_reply_message":0,"message_status":0,"message_type":124,"receiver_id":1274,"replied_message_id":-1,"sender_id":21,"timestamp":"2026-02-05T19:13:04.862Z"}
[2026-02-06 00:43:07][DEBUG][chat_message] Inserting message_id: 88 from sender_id: 21 to receiver_id: 1274
[2026-02-06 00:43:07][DEBUG][chat_message] Message inserted successfully
[2026-02-06 00:43:13][DEBUG] Message received from client {"message_type":125,"user_id":21}
[2026-02-06 00:43:13][DEBUG][process] in process func: {"message_type":125,"user_id":21}
[2026-02-06 00:43:13][DEBUG] Message received from client {"chat_message_id":89,"message_type":124,"conversation_type":0,"sender_id":21,"receiver_id":1274,"content_type":0,"content":"sdasdasd","message_status":0,"is_reply_message":0,"replied_message_id":-1,"timestamp":"2026-02-05T19:13:11.078Z"}
[2026-02-06 00:43:13][DEBUG][process] in process func: {"chat_message_id":89,"content":"sdasdasd","content_type":0,"conversation_type":0,"is_reply_message":0,"message_status":0,"message_type":124,"receiver_id":1274,"replied_message_id":-1,"sender_id":21,"timestamp":"2026-02-05T19:13:11.078Z"}
[2026-02-06 00:43:13][DEBUG][chat_message] Inserting message_id: 89 from sender_id: 21 to receiver_id: 1274
[2026-02-06 00:43:13][DEBUG][chat_message] Message inserted successfully
[2026-02-06 00:43:16][DEBUG] Message received from client {"message_type":125,"user_id":21}
[2026-02-06 00:43:16][DEBUG][process] in process func: {"message_type":125,"user_id":21}
[2026-02-06 00:43:16][DEBUG] Message received from client {"chat_message_id":90,"message_type":124,"conversation_type":0,"sender_id":21,"receiver_id":1244,"content_type":0,"content":"dasdasd","message_status":0,"is_reply_message":0,"replied_message_id":-1,"timestamp":"2026-02-05T19:13:14.638Z"}
[2026-02-06 00:43:16][DEBUG][process] in process func: {"chat_message_id":90,"content":"dasdasd","content_type":0,"conversation_type":0,"is_reply_message":0,"message_status":0,"message_type":124,"receiver_id":1244,"replied_message_id":-1,"sender_id":21,"timestamp":"2026-02-05T19:13:14.638Z"}
[2026-02-06 00:43:16][DEBUG][chat_message] Inserting message_id: 90 from sender_id: 21 to receiver_id: 1244
[2026-02-06 00:43:17][DEBUG][chat_message] Message inserted successfully
[2026-02-06 00:46:37][INFO] Client connected with IP: 127.0.0.1
[2026-02-06 00:46:37][DEBUG] Message received from client {"message_type":117,"user_id":1286,"auth_token":"bd2fcaf276f105bbf143c0b3c765d786"}
[2026-02-06 00:46:37][DEBUG][process] in process func: {"auth_token":"bd2fcaf276f105bbf143c0b3c765d786","message_type":117,"user_id":1286}
[2026-02-06 00:46:37][DEBUG][send_user_login_payloads] {"dob":"2004-04-15","email":"siddhantjebale@gmail.com","fullname":"Siddhant jebale","gender":"Male","message_type":111,"phone":"8582828585","username":"jebsepaisalele"}
[2026-02-06 00:46:37][DEBUG][send_user_login_payloads] {"count":0,"message_type":113,"pending_friend_requests_list":[]}
[2026-02-06 00:46:37][DEBUG][send_user_login_payloads] {"count":5,"friends_list":[{"dob":"2025-09-01","fullname":"shlok shirke","gender":"Male","user_id":1273,"username":"shlokshirke"},{"dob":"2025-09-01","fullname":"shlok shirke","gender":"Male","user_id":1273,"username":"shlokshirke"},{"dob":"2004-09-07","fullname":"Sakshi Chavan","gender":"Other","user_id":1244,"username":"so_sasssy"},{"dob":"2004-09-07","fullname":"Sakshi chavan","gender":"Female","user_id":1285,"username":"alooparathawithlassi"},{"dob":"2006-07-20","fullname":"Om","gender":"Male","user_id":1267,"username":"builder_om"}],"message_type":112}
[2026-02-06 00:46:37][INFO][process_reconnect_request] Reconnect successful of user id: 1286
[2026-02-06 00:48:57][INFO] Client disconnected. Client is going away, Reason: 
[2026-02-06 00:48:57][INFO] Client connected with IP: 127.0.0.1
[2026-02-06 00:48:58][DEBUG] Message received from client {"message_type":117,"user_id":1286,"auth_token":"bd2fcaf276f105bbf143c0b3c765d786"}
[2026-02-06 00:48:58][DEBUG][process] in process func: {"auth_token":"bd2fcaf276f105bbf143c0b3c765d786","message_type":117,"user_id":1286}
[2026-02-06 00:48:58][DEBUG][send_user_login_payloads] {"dob":"2004-04-15","email":"siddhantjebale@gmail.com","fullname":"Siddhant jebale","gender":"Male","message_type":111,"phone":"8582828585","username":"jebsepaisalele"}
[2026-02-06 00:48:58][DEBUG][send_user_login_payloads] {"count":0,"message_type":113,"pending_friend_requests_list":[]}
[2026-02-06 00:48:58][DEBUG][send_user_login_payloads] {"count":5,"friends_list":[{"dob":"2025-09-01","fullname":"shlok shirke","gender":"Male","user_id":1273,"username":"shlokshirke"},{"dob":"2025-09-01","fullname":"shlok shirke","gender":"Male","user_id":1273,"username":"shlokshirke"},{"dob":"2004-09-07","fullname":"Sakshi Chavan","gender":"Other","user_id":1244,"username":"so_sasssy"},{"dob":"2004-09-07","fullname":"Sakshi chavan","gender":"Female","user_id":1285,"username":"alooparathawithlassi"},{"dob":"2006-07-20","fullname":"Om","gender":"Male","user_id":1267,"username":"builder_om"}],"message_type":112}
[2026-02-06 00:48:58][INFO][process_reconnect_request] Reconnect successful of user id: 1286
[2026-02-06 00:50:45][DEBUG] Message received from client {"message_type":125,"user_id":21}
[2026-02-06 00:50:45][DEBUG][process] in process func: {"message_type":125,"user_id":21}
[2026-02-06 00:50:45][DEBUG] Message received from client {"chat_message_id":91,"message_type":124,"conversation_type":0,"sender_id":21,"receiver_id":1244,"content_type":0,"content":"dasda","message_status":0,"is_reply_message":0,"replied_message_id":-1,"timestamp":"2026-02-05T19:13:14.638Z"}
[2026-02-06 00:50:45][DEBUG][process] in process func: {"chat_message_id":91,"content":"dasda","content_type":0,"conversation_type":0,"is_reply_message":0,"message_status":0,"message_type":124,"receiver_id":1244,"replied_message_id":-1,"sender_id":21,"timestamp":"2026-02-05T19:13:14.638Z"}
[2026-02-06 00:50:45][DEBUG][chat_message] Inserting message_id: 91 from sender_id: 21 to receiver_id: 1244
[2026-02-06 00:50:45][DEBUG][chat_message] Message inserted successfully
[2026-02-06 00:50:50][DEBUG] Message received from client {"message_type":125,"user_id":21}
[2026-02-06 00:50:50][DEBUG][process] in process func: {"message_type":125,"user_id":21}
[2026-02-06 00:50:50][DEBUG] Message received from client {"chat_message_id":92,"message_type":124,"conversation_type":0,"sender_id":21,"receiver_id":1244,"content_type":0,"content":"sdawd","message_status":0,"is_reply_message":0,"replied_message_id":-1,"timestamp":"2026-02-05T19:13:14.638Z"}
[2026-02-06 00:50:50][DEBUG][process] in process func: {"chat_message_id":92,"content":"sdawd","content_type":0,"conversation_type":0,"is_reply_message":0,"message_status":0,"message_type":124,"receiver_id":1244,"replied_message_id":-1,"sender_id":21,"timestamp":"2026-02-05T19:13:14.638Z"}
[2026-02-06 00:50:50][DEBUG][chat_message] Inserting message_id: 92 from sender_id: 21 to receiver_id: 1244
[2026-02-06 00:50:50][DEBUG][chat_message] Message inserted successfully
[2026-02-06 00:58:10][DEBUG] Message received from client {"message_type":125,"user_id":1286}
[2026-02-06 00:58:10][DEBUG][process] in process func: {"message_type":125,"user_id":1286}
[2026-02-06 00:58:10][DEBUG] Message received from client {"chat_message_id":93,"message_type":124,"conversation_type":0,"sender_id":1286,"receiver_id":1273,"content_type":0,"content":"jhyftdszxgfchgvjhbkjlk;l';'","message_status":0,"is_reply_message":0,"replied_message_id":-1,"timestamp":"2026-02-05T19:28:04.612Z"}
[2026-02-06 00:58:10][DEBUG][process] in process func: {"chat_message_id":93,"content":"jhyftdszxgfchgvjhbkjlk;l';'","content_type":0,"conversation_type":0,"is_reply_message":0,"message_status":0,"message_type":124,"receiver_id":1273,"replied_message_id":-1,"sender_id":1286,"timestamp":"2026-02-05T19:28:04.612Z"}
[2026-02-06 00:58:10][DEBUG][chat_message] Inserting message_id: 93 from sender_id: 1286 to receiver_id: 1273
[2026-02-06 00:58:10][DEBUG][chat_message] Message inserted successfully
[2026-02-06 00:58:15][DEBUG] Message received from client {"message_type":125,"user_id":1286}
[2026-02-06 00:58:15][DEBUG][process] in process func: {"message_type":125,"user_id":1286}
[2026-02-06 00:58:16][DEBUG] Message received from client {"chat_message_id":94,"message_type":124,"conversation_type":0,"sender_id":1286,"receiver_id":1273,"content_type":0,"content":".kjuyhtfdzxcv bn m,.","message_status":0,"is_reply_message":0,"replied_message_id":-1,"timestamp":"2026-02-05T19:28:04.612Z"}
[2026-02-06 00:58:16][DEBUG][process] in process func: {"chat_message_id":94,"content":".kjuyhtfdzxcv bn m,.","content_type":0,"conversation_type":0,"is_reply_message":0,"message_status":0,"message_type":124,"receiver_id":1273,"replied_message_id":-1,"sender_id":1286,"timestamp":"2026-02-05T19:28:04.612Z"}
[2026-02-06 00:58:16][DEBUG][chat_message] Inserting message_id: 94 from sender_id: 1286 to receiver_id: 1273
[2026-02-06 00:58:16][DEBUG][chat_message] Message inserted successfully
[2026-02-06 00:58:26][DEBUG] Message received from client {"message_type":125,"user_id":1286}
[2026-02-06 00:58:26][DEBUG][process] in process func: {"message_type":125,"user_id":1286}
[2026-02-06 00:58:26][DEBUG] Message received from client {"chat_message_id":95,"message_type":124,"conversation_type":0,"sender_id":1286,"receiver_id":1267,"content_type":0,"content":"0        loiuytretrsadszxc ","message_status":0,"is_reply_message":0,"replied_message_id":-1,"timestamp":"2026-02-05T19:28:19.105Z"}
[2026-02-06 00:58:26][DEBUG][process] in process func: {"chat_message_id":95,"content":"0        loiuytretrsadszxc ","content_type":0,"conversation_type":0,"is_reply_message":0,"message_status":0,"message_type":124,"receiver_id":1267,"replied_message_id":-1,"sender_id":1286,"timestamp":"2026-02-05T19:28:19.105Z"}
[2026-02-06 00:58:26][DEBUG][chat_message] Inserting message_id: 95 from sender_id: 1286 to receiver_id: 1267
[2026-02-06 00:58:26][DEBUG][chat_message] Message inserted successfully
[2026-02-06 00:58:33][DEBUG] Message received from client {"message_type":125,"user_id":1286}
[2026-02-06 00:58:33][DEBUG][process] in process func: {"message_type":125,"user_id":1286}
[2026-02-06 00:58:33][DEBUG] Message received from client {"chat_message_id":96,"message_type":124,"conversation_type":0,"sender_id":1286,"receiver_id":1267,"content_type":0,"content":"0","message_status":0,"is_reply_message":0,"replied_message_id":-1,"timestamp":"2026-02-05T19:28:19.105Z"}
[2026-02-06 00:58:33][DEBUG][process] in process func: {"chat_message_id":96,"content":"0","content_type":0,"conversation_type":0,"is_reply_message":0,"message_status":0,"message_type":124,"receiver_id":1267,"replied_message_id":-1,"sender_id":1286,"timestamp":"2026-02-05T19:28:19.105Z"}
[2026-02-06 00:58:33][DEBUG][chat_message] Inserting message_id: 96 from sender_id: 1286 to receiver_id: 1267
[2026-02-06 00:58:33][DEBUG][chat_message] Message inserted successfully
[2026-02-06 00:58:46][DEBUG] Message received from client {"message_type":125,"user_id":1286}
[2026-02-06 00:58:46][DEBUG][process] in process func: {"message_type":125,"user_id":1286}
[2026-02-06 00:58:46][DEBUG] Message received from client {"chat_message_id":97,"message_type":124,"conversation_type":0,"sender_id":1286,"receiver_id":1267,"content_type":0,"content":" n n                     n","message_status":0,"is_reply_message":0,"replied_message_id":-1,"timestamp":"2026-02-05T19:28:19.105Z"}
[2026-02-06 00:58:46][DEBUG][process] in process func: {"chat_message_id":97,"content":" n n                     n","content_type":0,"conversation_type":0,"is_reply_message":0,"message_status":0,"message_type":124,"receiver_id":1267,"replied_message_id":-1,"sender_id":1286,"timestamp":"2026-02-05T19:28:19.105Z"}
[2026-02-06 00:58:46][DEBUG][chat_message] Inserting message_id: 97 from sender_id: 1286 to receiver_id: 1267
[2026-02-06 00:58:46][DEBUG][chat_message] Message inserted successfully
[2026-02-06 00:59:02][DEBUG] Message received from client {"message_type":125,"user_id":1286}
[2026-02-06 00:59:02][DEBUG][process] in process func: {"message_type":125,"user_id":1286}
[2026-02-06 00:59:02][DEBUG] Message received from client {"chat_message_id":98,"message_type":124,"conversation_type":0,"sender_id":1286,"receiver_id":1267,"content_type":0,"content":";loiuyt6r5esdfghjkilo;p'[","message_status":0,"is_reply_message":0,"replied_message_id":-1,"timestamp":"2026-02-05T19:28:19.105Z"}
[2026-02-06 00:59:02][DEBUG][process] in process func: {"chat_message_id":98,"content":";loiuyt6r5esdfghjkilo;p'[","content_type":0,"conversation_type":0,"is_reply_message":0,"message_status":0,"message_type":124,"receiver_id":1267,"replied_message_id":-1,"sender_id":1286,"timestamp":"2026-02-05T19:28:19.105Z"}
[2026-02-06 00:59:02][DEBUG][chat_message] Inserting message_id: 98 from sender_id: 1286 to receiver_id: 1267
[2026-02-06 00:59:02][DEBUG][chat_message] Message inserted successfully
[2026-02-06 01:00:01][DEBUG] Message received from client {"message_type":125,"user_id":21}
[2026-02-06 01:00:01][DEBUG][process] in process func: {"message_type":125,"user_id":21}
[2026-02-06 01:00:01][DEBUG] Message received from client {"chat_message_id":99,"message_type":124,"conversation_type":0,"sender_id":21,"receiver_id":1244,"content_type":0,"content":"fsdfsds sdfsdf      sdfsdf sdf sd     fsdfsdf sdf      dfsdfsd","message_status":0,"is_reply_message":0,"replied_message_id":-1,"timestamp":"2026-02-05T19:13:14.638Z"}
[2026-02-06 01:00:01][DEBUG][process] in process func: {"chat_message_id":99,"content":"fsdfsds sdfsdf      sdfsdf sdf sd     fsdfsdf sdf      dfsdfsd","content_type":0,"conversation_type":0,"is_reply_message":0,"message_status":0,"message_type":124,"receiver_id":1244,"replied_message_id":-1,"sender_id":21,"timestamp":"2026-02-05T19:13:14.638Z"}
[2026-02-06 01:00:01][DEBUG][chat_message] Inserting message_id: 99 from sender_id: 21 to receiver_id: 1244
[2026-02-06 01:00:01][DEBUG][chat_message] Message inserted successfully
[2026-02-06 01:00:10][INFO] Client disconnected. Client is going away, Reason: 
[2026-02-06 01:00:10][INFO] Client connected with IP: 127.0.0.1
[2026-02-06 01:00:10][DEBUG] Message received from client {"message_type":117,"user_id":1286,"auth_token":"bd2fcaf276f105bbf143c0b3c765d786"}
[2026-02-06 01:00:10][DEBUG][process] in process func: {"auth_token":"bd2fcaf276f105bbf143c0b3c765d786","message_type":117,"user_id":1286}
[2026-02-06 01:00:10][DEBUG][send_user_login_payloads] {"dob":"2004-04-15","email":"siddhantjebale@gmail.com","fullname":"Siddhant jebale","gender":"Male","message_type":111,"phone":"8582828585","username":"jebsepaisalele"}
[2026-02-06 01:00:10][DEBUG][send_user_login_payloads] {"count":0,"message_type":113,"pending_friend_requests_list":[]}
[2026-02-06 01:00:10][DEBUG][send_user_login_payloads] {"count":5,"friends_list":[{"dob":"2025-09-01","fullname":"shlok shirke","gender":"Male","user_id":1273,"username":"shlokshirke"},{"dob":"2025-09-01","fullname":"shlok shirke","gender":"Male","user_id":1273,"username":"shlokshirke"},{"dob":"2004-09-07","fullname":"Sakshi Chavan","gender":"Other","user_id":1244,"username":"so_sasssy"},{"dob":"2004-09-07","fullname":"Sakshi chavan","gender":"Female","user_id":1285,"username":"alooparathawithlassi"},{"dob":"2006-07-20","fullname":"Om","gender":"Male","user_id":1267,"username":"builder_om"}],"message_type":112}
[2026-02-06 01:00:10][INFO][process_reconnect_request] Reconnect successful of user id: 1286
[2026-02-06 01:01:48][DEBUG] Message received from client {"message_type":125,"user_id":1286}
[2026-02-06 01:01:48][DEBUG][process] in process func: {"message_type":125,"user_id":1286}
[2026-02-06 01:01:48][DEBUG] Message received from client {"chat_message_id":100,"message_type":124,"conversation_type":0,"sender_id":1286,"receiver_id":1244,"content_type":0,"content":"njnjhnjuh                        iujoi             mii","message_status":0,"is_reply_message":0,"replied_message_id":-1,"timestamp":"2026-02-05T19:31:14.619Z"}
[2026-02-06 01:01:48][DEBUG][process] in process func: {"chat_message_id":100,"content":"njnjhnjuh                        iujoi             mii","content_type":0,"conversation_type":0,"is_reply_message":0,"message_status":0,"message_type":124,"receiver_id":1244,"replied_message_id":-1,"sender_id":1286,"timestamp":"2026-02-05T19:31:14.619Z"}
[2026-02-06 01:01:48][DEBUG][chat_message] Inserting message_id: 100 from sender_id: 1286 to receiver_id: 1244
[2026-02-06 01:01:48][DEBUG][chat_message] Message inserted successfully
[2026-02-06 01:02:18][DEBUG] Message received from client {"message_type":125,"user_id":21}
[2026-02-06 01:02:18][DEBUG][process] in process func: {"message_type":125,"user_id":21}
[2026-02-06 01:02:18][DEBUG] Message received from client {"chat_message_id":101,"message_type":124,"conversation_type":0,"sender_id":21,"receiver_id":1244,"content_type":0,"content":"asdmnab jasd d       dasdas da s d           asdasdas d as da sd  asd         sd","message_status":0,"is_reply_message":0,"replied_message_id":-1,"timestamp":"2026-02-05T19:13:14.638Z"}
[2026-02-06 01:02:18][DEBUG][process] in process func: {"chat_message_id":101,"content":"asdmnab jasd d       dasdas da s d           asdasdas d as da sd  asd         sd","content_type":0,"conversation_type":0,"is_reply_message":0,"message_status":0,"message_type":124,"receiver_id":1244,"replied_message_id":-1,"sender_id":21,"timestamp":"2026-02-05T19:13:14.638Z"}
[2026-02-06 01:02:18][DEBUG][chat_message] Inserting message_id: 101 from sender_id: 21 to receiver_id: 1244
[2026-02-06 01:02:18][DEBUG][chat_message] Message inserted successfully
[2026-02-06 01:02:21][DEBUG] Message received from client {"message_type":125,"user_id":1286}
[2026-02-06 01:02:21][DEBUG][process] in process func: {"message_type":125,"user_id":1286}
[2026-02-06 01:02:21][DEBUG] Message received from client {"chat_message_id":102,"message_type":124,"conversation_type":0,"sender_id":1286,"receiver_id":1244,"content_type":0,"content":"ihum       ojuiui          juihjuijihyuyhu","message_status":0,"is_reply_message":0,"replied_message_id":-1,"timestamp":"2026-02-05T19:31:14.619Z"}
[2026-02-06 01:02:21][DEBUG][process] in process func: {"chat_message_id":102,"content":"ihum       ojuiui          juihjuijihyuyhu","content_type":0,"conversation_type":0,"is_reply_message":0,"message_status":0,"message_type":124,"receiver_id":1244,"replied_message_id":-1,"sender_id":1286,"timestamp":"2026-02-05T19:31:14.619Z"}
[2026-02-06 01:02:21][DEBUG][chat_message] Inserting message_id: 102 from sender_id: 1286 to receiver_id: 1244
[2026-02-06 01:02:21][DEBUG][chat_message] Message inserted successfully
