[2026-01-18 11:12:23][INFO] Server started...
[2026-01-18 11:12:23][INFO] Listening on port: 2121
[2026-01-18 11:12:27][INFO] Client connected with IP: 127.0.0.1
[2026-01-18 11:12:27][DEBUG] Message received from client {"message_type":117,"user_id":21,"auth_token":"af412c26ef4431b0c1143fdb4fb17d67"}
[2026-01-18 11:12:27][DEBUG][process] in process func: {"auth_token":"af412c26ef4431b0c1143fdb4fb17d67","message_type":117,"user_id":21}
[2026-01-18 11:12:27][DEBUG][send_user_login_payloads] {"dob":"2002-03-20","email":"vaibhav@google.com","fullname":"Vaibhav Gaikwad","gender":"Male","message_type":111,"phone":"7887401312","username":"vaibz"}
[2026-01-18 11:12:27][DEBUG][send_user_login_payloads] {"count":0,"message_type":113,"pending_friend_requests_list":[]}
[2026-01-18 11:12:27][DEBUG][send_user_login_payloads] {"count":4,"friends_list":[{"dob":"2005-01-27","fullname":"Chetana Patil","gender":"Female","user_id":1245,"username":"chetanap"},{"dob":"2025-09-03","fullname":"yashwardhan patil","gender":"Male","user_id":1274,"username":"merayashu"},{"dob":"2004-09-07","fullname":"Sakshi Chavan","gender":"Other","user_id":1244,"username":"so_sasssy"},{"dob":"2003-09-17","fullname":"Om Hanumansahay Sharma","gender":"Male","user_id":1283,"username":"omsharma6"}],"message_type":112}
[2026-01-18 11:12:27][INFO][process_reconnect_request] Reconnect successful of user id: 21
[2026-01-18 11:12:39][DEBUG] Message received from client {"message_type":124,"conversation_type":0,"sender_id":21,"receiver_id":1245,"content_type":0,"content":"Hey","message_status":0,"is_reply_message":0,"replied_message_id":-1,"timestamp":"2026-01-18T05:42:34.003Z"}
[2026-01-18 11:12:39][DEBUG][process] in process func: {"content":"Hey","content_type":0,"conversation_type":0,"is_reply_message":0,"message_status":0,"message_type":124,"receiver_id":1245,"replied_message_id":-1,"sender_id":21,"timestamp":"2026-01-18T05:42:34.003Z"}
[2026-01-18 11:12:47][INFO] Received SIGTERM (Termination request, e.g. 'kill' command). Server terminated.
[2026-01-18 11:12:53][INFO] Server started...
[2026-01-18 11:12:53][INFO] Listening on port: 2121
[2026-01-18 11:13:55][INFO] Received SIGTERM (Termination request, e.g. 'kill' command). Server terminated.
[2026-01-18 11:17:00][INFO] Server started...
[2026-01-18 11:17:00][INFO] Listening on port: 2121
[2026-01-18 11:17:05][INFO] Client connected with IP: 127.0.0.1
[2026-01-18 11:17:05][DEBUG] Message received from client {"message_type":117,"user_id":21,"auth_token":"af412c26ef4431b0c1143fdb4fb17d67"}
[2026-01-18 11:17:05][DEBUG][process] in process func: {"auth_token":"af412c26ef4431b0c1143fdb4fb17d67","message_type":117,"user_id":21}
[2026-01-18 11:17:05][DEBUG][send_user_login_payloads] {"dob":"2002-03-20","email":"vaibhav@google.com","fullname":"Vaibhav Gaikwad","gender":"Male","message_type":111,"phone":"7887401312","username":"vaibz"}
[2026-01-18 11:17:05][DEBUG][send_user_login_payloads] {"count":0,"message_type":113,"pending_friend_requests_list":[]}
[2026-01-18 11:17:05][DEBUG][send_user_login_payloads] {"count":4,"friends_list":[{"dob":"2005-01-27","fullname":"Chetana Patil","gender":"Female","user_id":1245,"username":"chetanap"},{"dob":"2025-09-03","fullname":"yashwardhan patil","gender":"Male","user_id":1274,"username":"merayashu"},{"dob":"2004-09-07","fullname":"Sakshi Chavan","gender":"Other","user_id":1244,"username":"so_sasssy"},{"dob":"2003-09-17","fullname":"Om Hanumansahay Sharma","gender":"Male","user_id":1283,"username":"omsharma6"}],"message_type":112}
[2026-01-18 11:17:05][INFO][process_reconnect_request] Reconnect successful of user id: 21
[2026-01-18 11:17:10][DEBUG] Message received from client {"message_type":124,"conversation_type":0,"sender_id":21,"receiver_id":1245,"content_type":0,"content":"hi","message_status":0,"is_reply_message":0,"replied_message_id":-1,"timestamp":"2026-01-18T05:47:06.555Z"}
[2026-01-18 11:17:10][DEBUG][process] in process func: {"content":"hi","content_type":0,"conversation_type":0,"is_reply_message":0,"message_status":0,"message_type":124,"receiver_id":1245,"replied_message_id":-1,"sender_id":21,"timestamp":"2026-01-18T05:47:06.555Z"}
[2026-01-18 11:21:20][INFO] Received SIGTERM (Termination request, e.g. 'kill' command). Server terminated.
