[2026-01-31 12:08:23][INFO] Server started...
[2026-01-31 12:08:23][INFO] Listening on port: 2121
[2026-01-31 12:10:53][INFO] Client connected with IP: 127.0.0.1
[2026-01-31 12:10:53][DEBUG] Message received from client {"message_type":117,"user_id":21,"auth_token":"af412c26ef4431b0c1143fdb4fb17d67"}
[2026-01-31 12:10:53][DEBUG][process] in process func: {"auth_token":"af412c26ef4431b0c1143fdb4fb17d67","message_type":117,"user_id":21}
[2026-01-31 12:10:53][DEBUG][send_user_login_payloads] {"dob":"2002-03-20","email":"vaibhav@google.com","fullname":"Vaibhav Gaikwad","gender":"Male","message_type":111,"phone":"7887401312","username":"vaibz"}
[2026-01-31 12:10:53][DEBUG][send_user_login_payloads] {"count":0,"message_type":113,"pending_friend_requests_list":[]}
[2026-01-31 12:10:53][DEBUG][send_user_login_payloads] {"count":4,"friends_list":[{"dob":"2005-01-27","fullname":"Chetana Patil","gender":"Female","user_id":1245,"username":"chetanap"},{"dob":"2025-09-03","fullname":"yashwardhan patil","gender":"Male","user_id":1274,"username":"merayashu"},{"dob":"2004-09-07","fullname":"Sakshi Chavan","gender":"Other","user_id":1244,"username":"so_sasssy"},{"dob":"2003-09-17","fullname":"Om Hanumansahay Sharma","gender":"Male","user_id":1283,"username":"omsharma6"}],"message_type":112}
[2026-01-31 12:10:53][INFO][process_reconnect_request] Reconnect successful of user id: 21
[2026-01-31 12:10:58][DEBUG] Message received from client {"message_type":105,"user_id":21,"username":"vaibz"}
[2026-01-31 12:10:58][DEBUG][process] in process func: {"message_type":105,"user_id":21,"username":"vaibz"}
[2026-01-31 12:10:58][INFO][process_logout_request] User 'vaibz' failed to logged out. Session not found.
[2026-01-31 12:11:02][DEBUG] Message received from client {"message_type":105,"user_id":21,"username":"vaibz"}
[2026-01-31 12:11:02][DEBUG][process] in process func: {"message_type":105,"user_id":21,"username":"vaibz"}
[2026-01-31 12:11:02][ERROR][process_logout_request] Failed to log out user 'vaibz'
[2026-01-31 12:11:02][DEBUG][process_logout_request] {"message_type":106,"status":1}
[2026-01-31 12:11:13][DEBUG] Message received from client {"message_type":105,"user_id":21,"username":"vaibz"}
[2026-01-31 12:11:13][DEBUG][process] in process func: {"message_type":105,"user_id":21,"username":"vaibz"}
[2026-01-31 12:11:13][ERROR][process_logout_request] Failed to log out user 'vaibz'
[2026-01-31 12:11:13][DEBUG][process_logout_request] {"message_type":106,"status":1}
[2026-01-31 12:11:20][DEBUG] Message received from client {"message_type":105,"user_id":21,"username":"vaibz"}
[2026-01-31 12:11:20][DEBUG][process] in process func: {"message_type":105,"user_id":21,"username":"vaibz"}
[2026-01-31 12:11:20][ERROR][process_logout_request] Failed to log out user 'vaibz'
[2026-01-31 12:11:20][DEBUG][process_logout_request] {"message_type":106,"status":1}
[2026-01-31 12:11:23][INFO] Client connected with IP: 127.0.0.1
[2026-01-31 12:11:23][DEBUG] Message received from client {"message_type":117,"user_id":21,"auth_token":"af412c26ef4431b0c1143fdb4fb17d67"}
[2026-01-31 12:11:23][DEBUG][process] in process func: {"auth_token":"af412c26ef4431b0c1143fdb4fb17d67","message_type":117,"user_id":21}
[2026-01-31 12:11:23][DEBUG][send_user_login_payloads] {"dob":"2002-03-20","email":"vaibhav@google.com","fullname":"Vaibhav Gaikwad","gender":"Male","message_type":111,"phone":"7887401312","username":"vaibz"}
[2026-01-31 12:11:23][DEBUG][send_user_login_payloads] {"count":0,"message_type":113,"pending_friend_requests_list":[]}
[2026-01-31 12:11:23][DEBUG][send_user_login_payloads] {"count":4,"friends_list":[{"dob":"2005-01-27","fullname":"Chetana Patil","gender":"Female","user_id":1245,"username":"chetanap"},{"dob":"2025-09-03","fullname":"yashwardhan patil","gender":"Male","user_id":1274,"username":"merayashu"},{"dob":"2004-09-07","fullname":"Sakshi Chavan","gender":"Other","user_id":1244,"username":"so_sasssy"},{"dob":"2003-09-17","fullname":"Om Hanumansahay Sharma","gender":"Male","user_id":1283,"username":"omsharma6"}],"message_type":112}
[2026-01-31 12:11:23][INFO][process_reconnect_request] Reconnect successful of user id: 21
[2026-01-31 12:11:23][INFO] Client disconnected. Client is going away, Reason: 
[2026-01-31 12:11:23][INFO] Client connected with IP: 127.0.0.1
[2026-01-31 12:11:23][DEBUG] Message received from client {"message_type":117,"user_id":21,"auth_token":"af412c26ef4431b0c1143fdb4fb17d67"}
[2026-01-31 12:11:23][DEBUG][process] in process func: {"auth_token":"af412c26ef4431b0c1143fdb4fb17d67","message_type":117,"user_id":21}
[2026-01-31 12:11:23][DEBUG][send_user_login_payloads] {"dob":"2002-03-20","email":"vaibhav@google.com","fullname":"Vaibhav Gaikwad","gender":"Male","message_type":111,"phone":"7887401312","username":"vaibz"}
[2026-01-31 12:11:23][DEBUG][send_user_login_payloads] {"count":0,"message_type":113,"pending_friend_requests_list":[]}
[2026-01-31 12:11:23][DEBUG][send_user_login_payloads] {"count":4,"friends_list":[{"dob":"2005-01-27","fullname":"Chetana Patil","gender":"Female","user_id":1245,"username":"chetanap"},{"dob":"2025-09-03","fullname":"yashwardhan patil","gender":"Male","user_id":1274,"username":"merayashu"},{"dob":"2004-09-07","fullname":"Sakshi Chavan","gender":"Other","user_id":1244,"username":"so_sasssy"},{"dob":"2003-09-17","fullname":"Om Hanumansahay Sharma","gender":"Male","user_id":1283,"username":"omsharma6"}],"message_type":112}
[2026-01-31 12:11:23][INFO][process_reconnect_request] Reconnect successful of user id: 21
[2026-01-31 12:11:26][DEBUG] Message received from client {"message_type":105,"user_id":21,"username":"vaibz"}
[2026-01-31 12:11:26][DEBUG][process] in process func: {"message_type":105,"user_id":21,"username":"vaibz"}
[2026-01-31 12:11:26][INFO][process_logout_request] User 'vaibz' failed to logged out. Session not found.
[2026-01-31 12:13:31][INFO] Received SIGTERM (Termination request, e.g. 'kill' command). Server terminated.
[2026-01-31 12:13:36][INFO] Server started...
[2026-01-31 12:13:36][INFO] Listening on port: 2121
[2026-01-31 12:13:57][INFO] Client connected with IP: 127.0.0.1
[2026-01-31 12:13:57][DEBUG] Message received from client {"message_type":117,"user_id":21,"auth_token":"af412c26ef4431b0c1143fdb4fb17d67"}
[2026-01-31 12:13:57][DEBUG][process] in process func: {"auth_token":"af412c26ef4431b0c1143fdb4fb17d67","message_type":117,"user_id":21}
[2026-01-31 12:13:57][DEBUG][send_user_login_payloads] {"dob":"2002-03-20","email":"vaibhav@google.com","fullname":"Vaibhav Gaikwad","gender":"Male","message_type":111,"phone":"7887401312","username":"vaibz"}
[2026-01-31 12:13:57][DEBUG][send_user_login_payloads] {"count":0,"message_type":113,"pending_friend_requests_list":[]}
[2026-01-31 12:13:57][DEBUG][send_user_login_payloads] {"count":4,"friends_list":[{"dob":"2005-01-27","fullname":"Chetana Patil","gender":"Female","user_id":1245,"username":"chetanap"},{"dob":"2025-09-03","fullname":"yashwardhan patil","gender":"Male","user_id":1274,"username":"merayashu"},{"dob":"2004-09-07","fullname":"Sakshi Chavan","gender":"Other","user_id":1244,"username":"so_sasssy"},{"dob":"2003-09-17","fullname":"Om Hanumansahay Sharma","gender":"Male","user_id":1283,"username":"omsharma6"}],"message_type":112}
[2026-01-31 12:13:57][INFO][process_reconnect_request] Reconnect successful of user id: 21
[2026-01-31 12:14:01][DEBUG] Message received from client {"message_type":105,"user_id":21,"username":"vaibz"}
[2026-01-31 12:14:01][DEBUG][process] in process func: {"message_type":105,"user_id":21,"username":"vaibz"}
[2026-01-31 12:14:26][INFO][process_logout_request] User 'vaibz' failed to logged out. Session not found.
[2026-01-31 12:17:07][INFO] Client connected with IP: 127.0.0.1
[2026-01-31 12:17:07][DEBUG] Message received from client {"message_type":117,"user_id":21,"auth_token":"af412c26ef4431b0c1143fdb4fb17d67"}
[2026-01-31 12:17:07][DEBUG][process] in process func: {"auth_token":"af412c26ef4431b0c1143fdb4fb17d67","message_type":117,"user_id":21}
[2026-01-31 12:17:56][DEBUG][send_user_login_payloads] {"dob":"2002-03-20","email":"vaibhav@google.com","fullname":"Vaibhav Gaikwad","gender":"Male","message_type":111,"phone":"7887401312","username":"vaibz"}
[2026-01-31 12:17:56][DEBUG][send_user_login_payloads] {"count":0,"message_type":113,"pending_friend_requests_list":[]}
[2026-01-31 12:17:56][DEBUG][send_user_login_payloads] {"count":4,"friends_list":[{"dob":"2005-01-27","fullname":"Chetana Patil","gender":"Female","user_id":1245,"username":"chetanap"},{"dob":"2025-09-03","fullname":"yashwardhan patil","gender":"Male","user_id":1274,"username":"merayashu"},{"dob":"2004-09-07","fullname":"Sakshi Chavan","gender":"Other","user_id":1244,"username":"so_sasssy"},{"dob":"2003-09-17","fullname":"Om Hanumansahay Sharma","gender":"Male","user_id":1283,"username":"omsharma6"}],"message_type":112}
[2026-01-31 12:17:56][INFO][process_reconnect_request] Reconnect successful of user id: 21
[2026-01-31 12:18:03][DEBUG] Message received from client {"message_type":105,"user_id":21,"username":"vaibz"}
[2026-01-31 12:18:03][DEBUG][process] in process func: {"message_type":105,"user_id":21,"username":"vaibz"}
[2026-01-31 12:19:43][INFO][process_logout_request] User 'vaibz' failed to logged out. Session not found.
[2026-01-31 12:19:52][INFO] Client connected with IP: 127.0.0.1
[2026-01-31 12:19:52][DEBUG] Message received from client {"message_type":117,"user_id":21,"auth_token":"af412c26ef4431b0c1143fdb4fb17d67"}
[2026-01-31 12:19:52][DEBUG][process] in process func: {"auth_token":"af412c26ef4431b0c1143fdb4fb17d67","message_type":117,"user_id":21}
[2026-01-31 12:20:08][DEBUG][send_user_login_payloads] {"dob":"2002-03-20","email":"vaibhav@google.com","fullname":"Vaibhav Gaikwad","gender":"Male","message_type":111,"phone":"7887401312","username":"vaibz"}
[2026-01-31 12:20:08][DEBUG][send_user_login_payloads] {"count":0,"message_type":113,"pending_friend_requests_list":[]}
[2026-01-31 12:20:08][DEBUG][send_user_login_payloads] {"count":4,"friends_list":[{"dob":"2005-01-27","fullname":"Chetana Patil","gender":"Female","user_id":1245,"username":"chetanap"},{"dob":"2025-09-03","fullname":"yashwardhan patil","gender":"Male","user_id":1274,"username":"merayashu"},{"dob":"2004-09-07","fullname":"Sakshi Chavan","gender":"Other","user_id":1244,"username":"so_sasssy"},{"dob":"2003-09-17","fullname":"Om Hanumansahay Sharma","gender":"Male","user_id":1283,"username":"omsharma6"}],"message_type":112}
[2026-01-31 12:20:08][INFO][process_reconnect_request] Reconnect successful of user id: 21
[2026-01-31 12:21:10][INFO] Client disconnected. Client is going away, Reason: 
[2026-01-31 12:21:10][INFO] Client connected with IP: 127.0.0.1
[2026-01-31 12:21:10][DEBUG] Message received from client {"message_type":117,"user_id":21,"auth_token":"af412c26ef4431b0c1143fdb4fb17d67"}
[2026-01-31 12:21:10][DEBUG][process] in process func: {"auth_token":"af412c26ef4431b0c1143fdb4fb17d67","message_type":117,"user_id":21}
[2026-01-31 12:21:22][DEBUG][send_user_login_payloads] {"dob":"2002-03-20","email":"vaibhav@google.com","fullname":"Vaibhav Gaikwad","gender":"Male","message_type":111,"phone":"7887401312","username":"vaibz"}
[2026-01-31 12:21:22][DEBUG][send_user_login_payloads] {"count":0,"message_type":113,"pending_friend_requests_list":[]}
[2026-01-31 12:21:22][DEBUG][send_user_login_payloads] {"count":4,"friends_list":[{"dob":"2005-01-27","fullname":"Chetana Patil","gender":"Female","user_id":1245,"username":"chetanap"},{"dob":"2025-09-03","fullname":"yashwardhan patil","gender":"Male","user_id":1274,"username":"merayashu"},{"dob":"2004-09-07","fullname":"Sakshi Chavan","gender":"Other","user_id":1244,"username":"so_sasssy"},{"dob":"2003-09-17","fullname":"Om Hanumansahay Sharma","gender":"Male","user_id":1283,"username":"omsharma6"}],"message_type":112}
[2026-01-31 12:21:22][INFO][process_reconnect_request] Reconnect successful of user id: 21
[2026-01-31 12:21:30][DEBUG] Message received from client {"message_type":105,"user_id":21,"username":"vaibz"}
[2026-01-31 12:21:30][DEBUG][process] in process func: {"message_type":105,"user_id":21,"username":"vaibz"}
[2026-01-31 12:22:39][INFO][process_logout_request] User 'vaibz' failed to logged out. Session not found.
[2026-01-31 12:22:49][INFO] Client connected with IP: 127.0.0.1
[2026-01-31 12:22:49][DEBUG] Message received from client {"message_type":117,"user_id":21,"auth_token":"af412c26ef4431b0c1143fdb4fb17d67"}
[2026-01-31 12:22:49][DEBUG][process] in process func: {"auth_token":"af412c26ef4431b0c1143fdb4fb17d67","message_type":117,"user_id":21}
[2026-01-31 12:22:54][DEBUG][send_user_login_payloads] {"dob":"2002-03-20","email":"vaibhav@google.com","fullname":"Vaibhav Gaikwad","gender":"Male","message_type":111,"phone":"7887401312","username":"vaibz"}
[2026-01-31 12:22:54][DEBUG][send_user_login_payloads] {"count":0,"message_type":113,"pending_friend_requests_list":[]}
[2026-01-31 12:22:54][DEBUG][send_user_login_payloads] {"count":4,"friends_list":[{"dob":"2005-01-27","fullname":"Chetana Patil","gender":"Female","user_id":1245,"username":"chetanap"},{"dob":"2025-09-03","fullname":"yashwardhan patil","gender":"Male","user_id":1274,"username":"merayashu"},{"dob":"2004-09-07","fullname":"Sakshi Chavan","gender":"Other","user_id":1244,"username":"so_sasssy"},{"dob":"2003-09-17","fullname":"Om Hanumansahay Sharma","gender":"Male","user_id":1283,"username":"omsharma6"}],"message_type":112}
[2026-01-31 12:22:54][INFO][process_reconnect_request] Reconnect successful of user id: 21
[2026-01-31 12:23:01][DEBUG] Message received from client {"message_type":105,"user_id":21,"username":"vaibz"}
[2026-01-31 12:23:01][DEBUG][process] in process func: {"message_type":105,"user_id":21,"username":"vaibz"}
[2026-01-31 12:29:16][INFO] Server started...
[2026-01-31 12:29:16][INFO] Listening on port: 2121
[2026-01-31 12:29:23][INFO] Client connected with IP: 127.0.0.1
[2026-01-31 12:29:23][DEBUG] Message received from client {"message_type":117,"user_id":21,"auth_token":"af412c26ef4431b0c1143fdb4fb17d67"}
[2026-01-31 12:29:23][DEBUG][process] in process func: {"auth_token":"af412c26ef4431b0c1143fdb4fb17d67","message_type":117,"user_id":21}
[2026-01-31 12:29:26][DEBUG][send_user_login_payloads] {"dob":"2002-03-20","email":"vaibhav@google.com","fullname":"Vaibhav Gaikwad","gender":"Male","message_type":111,"phone":"7887401312","username":"vaibz"}
[2026-01-31 12:29:26][DEBUG][send_user_login_payloads] {"count":0,"message_type":113,"pending_friend_requests_list":[]}
[2026-01-31 12:29:26][DEBUG][send_user_login_payloads] {"count":4,"friends_list":[{"dob":"2005-01-27","fullname":"Chetana Patil","gender":"Female","user_id":1245,"username":"chetanap"},{"dob":"2025-09-03","fullname":"yashwardhan patil","gender":"Male","user_id":1274,"username":"merayashu"},{"dob":"2004-09-07","fullname":"Sakshi Chavan","gender":"Other","user_id":1244,"username":"so_sasssy"},{"dob":"2003-09-17","fullname":"Om Hanumansahay Sharma","gender":"Male","user_id":1283,"username":"omsharma6"}],"message_type":112}
[2026-01-31 12:29:26][INFO][process_reconnect_request] Reconnect successful of user id: 21
[2026-01-31 12:29:31][DEBUG] Message received from client {"message_type":105,"user_id":21,"username":"vaibz"}
[2026-01-31 12:29:31][DEBUG][process] in process func: {"message_type":105,"user_id":21,"username":"vaibz"}
[2026-01-31 12:29:46][INFO][process_logout_request] User 'vaibz' logged out successfully
[2026-01-31 12:29:48][DEBUG][process_logout_request] {"message_type":106,"status":0}
[2026-01-31 12:30:04][DEBUG] Message received from client {"message_type":101,"username":"vaibz","password":"12345","timestamp":"2026-01-31T06:59:49.187Z"}
[2026-01-31 12:30:04][DEBUG][process] in process func: {"message_type":101,"password":"12345","timestamp":"2026-01-31T06:59:49.187Z","username":"vaibz"}
[2026-01-31 12:30:07][INFO][process_login_request] User 'vaibz' logged in successfully
[2026-01-31 12:30:07][DEBUG][send_user_login_payloads] {"dob":"2002-03-20","email":"vaibhav@google.com","fullname":"Vaibhav Gaikwad","gender":"Male","message_type":111,"phone":"7887401312","username":"vaibz"}
[2026-01-31 12:30:07][DEBUG][send_user_login_payloads] {"count":0,"message_type":113,"pending_friend_requests_list":[]}
[2026-01-31 12:30:07][DEBUG][send_user_login_payloads] {"count":4,"friends_list":[{"dob":"2005-01-27","fullname":"Chetana Patil","gender":"Female","user_id":1245,"username":"chetanap"},{"dob":"2025-09-03","fullname":"yashwardhan patil","gender":"Male","user_id":1274,"username":"merayashu"},{"dob":"2004-09-07","fullname":"Sakshi Chavan","gender":"Other","user_id":1244,"username":"so_sasssy"},{"dob":"2003-09-17","fullname":"Om Hanumansahay Sharma","gender":"Male","user_id":1283,"username":"omsharma6"}],"message_type":112}
[2026-01-31 12:30:23][INFO] Client disconnected. Client is going away, Reason: 
